\BOOKMARK [0][-]{section*.2}{\376\377\000T\000h\000e\000\040\000C\000h\000i\000r\000a\000l\000i\000t\000y\000\040\000W\000a\000l\000l\000:\000\040\000A\000\040\000T\000h\000r\000e\000e\000-\000P\000i\000l\000l\000a\000r\000\040\000F\000o\000r\000m\000a\000l\000\040\000V\000e\000r\000i\000f\000i\000c\000a\000t\000i\000o\000n\000\040\000S\000u\000r\000v\000e\000y\000\040\000\040\000i\000n\000\040\000L\000e\000a\000n\000\040\0004}{}% 2
\BOOKMARK [1][-]{section*.1}{\376\377\000A\000b\000s\000t\000r\000a\000c\000t}{section*.2}% 1
\BOOKMARK [1][-]{section*.3}{\376\377\000I\000n\000t\000r\000o\000d\000u\000c\000t\000i\000o\000n}{section*.2}% 3
\BOOKMARK [1][-]{section*.4}{\376\377\000P\000i\000l\000l\000a\000r\000\040\0001\000:\000\040\000T\000h\000e\000\040\000G\000o\000l\000t\000e\000r\000m\000a\000n\000-\000S\000h\000a\000m\000i\000r\000\040\000N\000o\000-\000G\000o}{section*.2}% 4
\BOOKMARK [2][-]{section*.5}{\376\377\000T\000h\000e\000\040\000n\000i\000n\000e\000\040\000c\000o\000n\000d\000i\000t\000i\000o\000n\000s}{section*.4}% 5
\BOOKMARK [2][-]{section*.6}{\376\377\000T\000P\000F\000\040\000e\000v\000a\000s\000i\000o\000n}{section*.4}% 6
\BOOKMARK [1][-]{section*.7}{\376\377\000P\000i\000l\000l\000a\000r\000\040\0002\000:\000\040\000T\000h\000e\000\040\000G\000i\000o\000i\000a\000-\000T\000h\000o\000r\000n\000g\000r\000e\000n\000\040\000C\000o\000n\000s\000t\000r\000u\000c\000t\000i\000o\000n}{section*.2}% 7
\BOOKMARK [2][-]{section*.8}{\376\377\000B\000d\000G\000\040\000H\000a\000m\000i\000l\000t\000o\000n\000i\000a\000n\000\040\000o\000n\000\040\000t\000h\000e\000\040\000l\000a\000t\000t\000i\000c\000e}{section*.7}% 8
\BOOKMARK [2][-]{section*.9}{\376\377\000W\000i\000l\000s\000o\000n\000\040\000m\000a\000s\000s\000\040\000a\000n\000d\000\040\000s\000i\000n\000g\000l\000e\000\040\000W\000e\000y\000l\000\040\000n\000o\000d\000e}{section*.7}% 9
\BOOKMARK [2][-]{section*.10}{\376\377\000C\000h\000i\000r\000a\000l\000\040\000c\000h\000a\000r\000g\000e\000\040\000a\000n\000d\000\040\000e\000x\000a\000c\000t\000\040\000s\000y\000m\000m\000e\000t\000r\000y}{section*.7}% 10
\BOOKMARK [2][-]{section*.11}{\376\377\000T\000h\000e\000\040\000c\000e\000n\000t\000r\000a\000l\000\040\000t\000h\000e\000o\000r\000e\000m\000:\000\040\000[\000H\000,\000Q\000A\000]\000=\0000}{section*.7}% 11
\BOOKMARK [2][-]{section*.12}{\376\377\000P\000a\000u\000l\000i\000\040\000m\000a\000t\000r\000i\000x\000\040\000i\000n\000f\000r\000a\000s\000t\000r\000u\000c\000t\000u\000r\000e}{section*.7}% 12
\BOOKMARK [1][-]{section*.13}{\376\377\000P\000i\000l\000l\000a\000r\000\040\0003\000:\000\040\000A\000n\000o\000m\000a\000l\000y\000\040\000C\000l\000a\000s\000s\000i\000f\000i\000c\000a\000t\000i\000o\000n}{section*.2}% 13
\BOOKMARK [2][-]{section*.14}{\376\377\000O\000n\000s\000a\000g\000e\000r\000\040\000a\000l\000g\000e\000b\000r\000a}{section*.13}% 14
\BOOKMARK [2][-]{section*.15}{\376\377\000C\000o\000n\000t\000r\000a\000c\000t\000i\000o\000n\000\040\000t\000o\000\040\000s\000u\000\050\0002\000\051}{section*.13}% 15
\BOOKMARK [2][-]{section*.16}{\376\377\000Z\0001\0006\000\040\000c\000l\000a\000s\000s\000i\000f\000i\000c\000a\000t\000i\000o\000n}{section*.13}% 16
\BOOKMARK [2][-]{section*.17}{\376\377\000W\000i\000t\000t\000e\000n\000\040\000a\000n\000o\000m\000a\000l\000y\000\040\000c\000o\000n\000n\000e\000c\000t\000i\000o\000n}{section*.13}% 17
\BOOKMARK [1][-]{section*.18}{\376\377\000B\000r\000i\000d\000g\000e\000\040\000T\000h\000e\000o\000r\000e\000m\000s}{section*.2}% 18
\BOOKMARK [1][-]{section*.19}{\376\377\000M\000a\000s\000t\000e\000r\000\040\000S\000y\000n\000t\000h\000e\000s\000i\000s}{section*.2}% 19
\BOOKMARK [1][-]{section*.20}{\376\377\000D\000i\000s\000c\000u\000s\000s\000i\000o\000n}{section*.2}% 20
\BOOKMARK [1][-]{section*.21}{\376\377\000C\000o\000n\000c\000l\000u\000s\000i\000o\000n}{section*.2}% 21
\BOOKMARK [1][-]{section*.22}{\376\377\000R\000e\000f\000e\000r\000e\000n\000c\000e\000s}{section*.2}% 22
