This is pdfTeX, Version 3.141592653-2.6-1.40.29 (TeX Live 2026) (preloaded format=pdflatex 2026.3.22)  6 MAY 2026 12:12
entering extended mode
 restricted \write18 enabled.
 %&-line parsing enabled.
**paper_draft.tex
(./paper_draft.tex
LaTeX2e <2025-11-01>
L3 programming layer <2026-01-19>
(/usr/local/texlive/2026/texmf-dist/tex/latex/revtex/revtex4-2.cls
Document Class: revtex4-2 2022/06/05 4.2f (https://journals.aps.org/revtex/ for
 documentation)
 Copyright (c) 2019 American Physical Society.
 mailto:revtex@aps.org
 Licensed under the LPPL:
http://www.ctan.org/tex-archive/macros/latex/base/lppl.txt
 Arthur Ogawa <arthur_ogawa at sbcglobal dot net>
 Based on work by David Carlisle <david at dcarlisle.demon.co.uk>
 Version (4.2d--4.2f): Modified by Mark Doyle and Phelype Oleinik
 .
ltxutil[2022/06/05 4.2f utilities package (portions licensed from W. E. Baxter 
web at superscript.com)]
LaTeX Info: Redefining \@centercr on input line 356.
Class revtex4-2 Info: Repairing hyperref-unfriendly LaTeX definition of \mpfoot
note on input line 492.
Class revtex4-2 Info: Repairing broken LateX \@sect on input line 814.
\intertabularlinepenalty=\count275
\@tbpen=\count276
\@arstrutbox@hline=\box53
Class revtex4-2 Info: Repairing broken LaTeX \@xbitor on input line 1845.
Class revtex4-2 Info: Making \typeout \long on input line 2110.
ltxfront[2022/06/05 4.2f frontmatter package (AO,DPC,MD)]
\c@affil=\count277
\c@collab=\count278
\absbox=\box54
ltxgrid[2022/06/05 4.2f page grid package (portions licensed from W. E. Baxter 
web at superscript.com)]
\c@linecount=\count279
\output@latex=\toks17
\box@size@1=\box55
\box@size@2=\box56
\@protection@box=\box57
\@topmark@saved=\toks18
\footins@saved=\box58
\footins@recovered=\box59
\column@recovered=\box60
\pagesofar=\box61
\footsofar=\box62
\pagegrid@col=\count280
Class revtex4-2 Info: Overriding \@vspace, \@vspacer, \@no@pgbk, \@newline, and
 \\  on input line 5676.
\c@part=\count281
\c@section=\count282
\c@subsection=\count283
\c@subsubsection=\count284
\c@paragraph=\count285
\c@subparagraph=\count286
\abovecaptionskip=\skip49
\belowcaptionskip=\skip50
\c@figure=\count287
\fbox@1=\box63
\c@table=\count288
\fbox@2=\box64
\c@video=\count289
\fbox@4=\box65
\@bibdataout=\write3
\widetext@top=\box66
\widetext@bot=\box67
Class revtex4-2 Info: Selecting society aps on input line 7669.
(/usr/local/texlive/2026/texmf-dist/tex/latex/revtex/aps4-2.rtx
File: aps4-2 2022/06/05 4.2f (https://journals.aps.org/revtex/ for documentatio
n)
Class revtex4-2 Info: RevTeX society APS selected on input line 40.
)
Class revtex4-2 Info: Selecting journal prl on input line 7671.
Class revtex4-2 Info: APS journal PRL selected on input line 7672.

(/usr/local/texlive/2026/texmf-dist/tex/latex/revtex/aps10pt4-2.rtx
File: aps10pt4-2 2022/06/05 4.2f (https://journals.aps.org/revtex/ for document
ation)
Class revtex4-2 Info: RevTeX pointsize 10pt selected on input line 39.
)
(/usr/local/texlive/2026/texmf-dist/tex/latex/textcase/textcase.sty
Package: textcase 2025/02/16 v1.05 Text only upper/lower case changing (DPC)
Package textcase Info: Defining Legacy names on input line 20.
)
(/usr/local/texlive/2026/texmf-dist/tex/latex/url/url.sty
\Urlmuskip=\muskip17
Package: url 2013/09/16  ver 3.4  Verb mode for urls, etc.
)
(/usr/local/texlive/2026/texmf-dist/tex/latex/natbib/natbib.sty
Package: natbib 2010/09/13 8.31b (PWD, AO)
\bibhang=\skip51
\bibsep=\skip52
LaTeX Info: Redefining \cite on input line 694.
\c@NAT@ctr=\count290
)
Class revtex4-2 Info: Repairing natbib's \BibitemShut on input line 7676.

(/usr/local/texlive/2026/texmf-dist/tex/latex/revtex/revsymb4-2.sty
Package: revsymb4-2 2022/06/05 4.2f (https://journals.aps.org/revtex/ for docum
entation)
LaTeX Info: Redefining \REV@mathfrak on input line 128.
))
(/usr/local/texlive/2026/texmf-dist/tex/latex/graphics/graphicx.sty
Package: graphicx 2024/12/31 v1.2e Enhanced LaTeX Graphics (DPC,SPQR)

(/usr/local/texlive/2026/texmf-dist/tex/latex/graphics/keyval.sty
Package: keyval 2022/05/29 v1.15 key=value parser (DPC)
\KV@toks@=\toks19
)
(/usr/local/texlive/2026/texmf-dist/tex/latex/graphics/graphics.sty
Package: graphics 2024/08/06 v1.4g Standard LaTeX Graphics (DPC,SPQR)

(/usr/local/texlive/2026/texmf-dist/tex/latex/graphics/trig.sty
Package: trig 2023/12/02 v1.11 sin cos tan (DPC)
)
(/usr/local/texlive/2026/texmf-dist/tex/latex/graphics-cfg/graphics.cfg
File: graphics.cfg 2016/06/04 v1.11 sample graphics configuration
)
Package graphics Info: Driver file: pdftex.def on input line 106.

(/usr/local/texlive/2026/texmf-dist/tex/latex/graphics-def/pdftex.def
File: pdftex.def 2025/09/29 v1.2d Graphics/color driver for pdftex
))
\Gin@req@height=\dimen148
\Gin@req@width=\dimen149
)
(/usr/local/texlive/2026/texmf-dist/tex/latex/hyperref/hyperref.sty
Package: hyperref 2026-01-29 v7.01p Hypertext links for LaTeX

(/usr/local/texlive/2026/texmf-dist/tex/generic/iftex/iftex.sty
Package: iftex 2024/12/12 v1.0g TeX engine tests
)
(/usr/local/texlive/2026/texmf-dist/tex/latex/kvsetkeys/kvsetkeys.sty
Package: kvsetkeys 2022-10-05 v1.19 Key value parser (HO)
)
(/usr/local/texlive/2026/texmf-dist/tex/generic/kvdefinekeys/kvdefinekeys.sty
Package: kvdefinekeys 2019-12-19 v1.6 Define keys (HO)
)
(/usr/local/texlive/2026/texmf-dist/tex/generic/pdfescape/pdfescape.sty
Package: pdfescape 2019/12/09 v1.15 Implements pdfTeX's escape features (HO)

(/usr/local/texlive/2026/texmf-dist/tex/generic/ltxcmds/ltxcmds.sty
Package: ltxcmds 2023-12-04 v1.26 LaTeX kernel commands for general use (HO)
)
(/usr/local/texlive/2026/texmf-dist/tex/generic/pdftexcmds/pdftexcmds.sty
Package: pdftexcmds 2020-06-27 v0.33 Utility functions of pdfTeX for LuaTeX (HO
)

(/usr/local/texlive/2026/texmf-dist/tex/generic/infwarerr/infwarerr.sty
Package: infwarerr 2019/12/03 v1.5 Providing info/warning/error messages (HO)
)
Package pdftexcmds Info: \pdf@primitive is available.
Package pdftexcmds Info: \pdf@ifprimitive is available.
Package pdftexcmds Info: \pdfdraftmode found.
))
(/usr/local/texlive/2026/texmf-dist/tex/latex/hycolor/hycolor.sty
Package: hycolor 2020-01-27 v1.10 Color options for hyperref/bookmark (HO)
)
(/usr/local/texlive/2026/texmf-dist/tex/latex/hyperref/nameref.sty
Package: nameref 2026-01-29 v2.58 Cross-referencing by name of section

(/usr/local/texlive/2026/texmf-dist/tex/latex/refcount/refcount.sty
Package: refcount 2019/12/15 v3.6 Data extraction from label references (HO)
)
(/usr/local/texlive/2026/texmf-dist/tex/generic/gettitlestring/gettitlestring.s
ty
Package: gettitlestring 2019/12/15 v1.6 Cleanup title references (HO)
 (/usr/local/texlive/2026/texmf-dist/tex/latex/kvoptions/kvoptions.sty
Package: kvoptions 2022-06-15 v3.15 Key value format for package options (HO)
))

Package nameref Warning: The definition of \label has changed! 
(nameref)                Check your packages! 
(nameref)                Replacing it with the kernel definition on input line 
161.

\c@section@level=\count291
) (/usr/local/texlive/2026/texmf-dist/tex/latex/etoolbox/etoolbox.sty
Package: etoolbox 2025/10/02 v2.5m e-TeX tools for LaTeX (JAW)
\etb@tempcnta=\count292
)
(/usr/local/texlive/2026/texmf-dist/tex/generic/stringenc/stringenc.sty
Package: stringenc 2019/11/29 v1.12 Convert strings between diff. encodings (HO
)
)
\@linkdim=\dimen150
\Hy@linkcounter=\count293
\Hy@pagecounter=\count294

(/usr/local/texlive/2026/texmf-dist/tex/latex/hyperref/pd1enc.def
File: pd1enc.def 2026-01-29 v7.01p Hyperref: PDFDocEncoding definition (HO)
Now handling font encoding PD1 ...
... no UTF-8 mapping file for font encoding PD1
)
(/usr/local/texlive/2026/texmf-dist/tex/generic/intcalc/intcalc.sty
Package: intcalc 2019/12/15 v1.3 Expandable calculations with integers (HO)
)
\Hy@SavedSpaceFactor=\count295

(/usr/local/texlive/2026/texmf-dist/tex/latex/hyperref/puenc.def
File: puenc.def 2026-01-29 v7.01p Hyperref: PDF Unicode definition (HO)
Now handling font encoding PU ...
... no UTF-8 mapping file for font encoding PU
)
Package hyperref Info: Hyper figures OFF on input line 4201.
Package hyperref Info: Link nesting OFF on input line 4206.
Package hyperref Info: Hyper index ON on input line 4209.
Package hyperref Info: Plain pages OFF on input line 4216.
Package hyperref Info: Backreferencing OFF on input line 4221.
Package hyperref Info: Implicit mode ON; LaTeX internals redefined.
Package hyperref Info: Bookmarks ON on input line 4468.
LaTeX Info: Redefining \href on input line 4718.
\c@Hy@tempcnt=\count296
LaTeX Info: Redefining \url on input line 4807.
\XeTeXLinkMargin=\dimen151

(/usr/local/texlive/2026/texmf-dist/tex/generic/bitset/bitset.sty
Package: bitset 2019/12/09 v1.3 Handle bit-vector datatype (HO)

(/usr/local/texlive/2026/texmf-dist/tex/generic/bigintcalc/bigintcalc.sty
Package: bigintcalc 2019/12/15 v1.5 Expandable calculations on big integers (HO
)
))
\Fld@menulength=\count297
\Field@Width=\dimen152
\Fld@charsize=\dimen153
Package hyperref Info: Hyper figures OFF on input line 6084.
Package hyperref Info: Link nesting OFF on input line 6089.
Package hyperref Info: Hyper index ON on input line 6092.
Package hyperref Info: backreferencing OFF on input line 6099.
Package hyperref Info: Link coloring OFF on input line 6104.
Package hyperref Info: Link coloring with OCG OFF on input line 6109.
Package hyperref Info: PDF/A mode OFF on input line 6114.
\Hy@abspage=\count298
\c@Item=\count299
\c@Hfootnote=\count300
)
Package hyperref Info: Driver (autodetected): hpdftex.

(/usr/local/texlive/2026/texmf-dist/tex/latex/hyperref/hpdftex.def
File: hpdftex.def 2026-01-29 v7.01p Hyperref driver for pdfTeX
\Fld@listcount=\count301
\c@bookmark@seq@number=\count302

(/usr/local/texlive/2026/texmf-dist/tex/latex/rerunfilecheck/rerunfilecheck.sty
Package: rerunfilecheck 2025-06-21 v1.11 Rerun checks for auxiliary files (HO)

(/usr/local/texlive/2026/texmf-dist/tex/generic/uniquecounter/uniquecounter.sty
Package: uniquecounter 2019/12/15 v1.4 Provide unlimited unique counter (HO)
)
Package uniquecounter Info: New unique counter `rerunfilecheck' on input line 2
84.
)
\Hy@SectionHShift=\skip53
) (/usr/local/texlive/2026/texmf-dist/tex/latex/amsmath/amsmath.sty
Package: amsmath 2025/07/09 v2.17z AMS math features
\@mathmargin=\skip54

For additional information on amsmath, use the `?' option.
(/usr/local/texlive/2026/texmf-dist/tex/latex/amsmath/amstext.sty
Package: amstext 2024/11/17 v2.01 AMS text

(/usr/local/texlive/2026/texmf-dist/tex/latex/amsmath/amsgen.sty
File: amsgen.sty 1999/11/30 v2.0 generic functions
\@emptytoks=\toks20
\ex@=\dimen154
)
LaTeX Info: Redefining \text on input line 28.
)
(/usr/local/texlive/2026/texmf-dist/tex/latex/amsmath/amsbsy.sty
Package: amsbsy 1999/11/29 v1.2d Bold Symbols
\pmbraise@=\dimen155
)
(/usr/local/texlive/2026/texmf-dist/tex/latex/amsmath/amsopn.sty
Package: amsopn 2022/04/08 v2.04 operator names
)
\inf@bad=\count303
LaTeX Info: Redefining \frac on input line 233.
\uproot@=\count304
\leftroot@=\count305
LaTeX Info: Redefining \overline on input line 398.
LaTeX Info: Redefining \colon on input line 409.
\classnum@=\count306
\DOTSCASE@=\count307
LaTeX Info: Redefining \ldots on input line 495.
LaTeX Info: Redefining \dots on input line 498.
LaTeX Info: Redefining \cdots on input line 619.
\Mathstrutbox@=\box68
\strutbox@=\box69
LaTeX Info: Redefining \big on input line 721.
LaTeX Info: Redefining \Big on input line 722.
LaTeX Info: Redefining \bigg on input line 723.
LaTeX Info: Redefining \Bigg on input line 724.
\big@size=\dimen156
LaTeX Font Info:    Redeclaring font encoding OML on input line 742.
LaTeX Font Info:    Redeclaring font encoding OMS on input line 743.
\macc@depth=\count308
LaTeX Info: Redefining \bmod on input line 904.
LaTeX Info: Redefining \pmod on input line 909.
LaTeX Info: Redefining \smash on input line 939.
LaTeX Info: Redefining \relbar on input line 969.
LaTeX Info: Redefining \Relbar on input line 970.
\c@MaxMatrixCols=\count309
\dotsspace@=\muskip18
\c@parentequation=\count310
\dspbrk@lvl=\count311
\tag@help=\toks21
\row@=\count312
\column@=\count313
\maxfields@=\count314
\andhelp@=\toks22
\eqnshift@=\dimen157
\alignsep@=\dimen158
\tagshift@=\dimen159
\tagwidth@=\dimen160
\totwidth@=\dimen161
\lineht@=\dimen162
\@envbody=\toks23
\multlinegap=\skip55
\multlinetaggap=\skip56
\mathdisplay@stack=\toks24
LaTeX Info: Redefining \[ on input line 2950.
LaTeX Info: Redefining \] on input line 2951.
)
(/usr/local/texlive/2026/texmf-dist/tex/latex/amsfonts/amssymb.sty
Package: amssymb 2013/01/14 v3.01 AMS font symbols

(/usr/local/texlive/2026/texmf-dist/tex/latex/amsfonts/amsfonts.sty
Package: amsfonts 2013/01/14 v3.01 Basic AMSFonts support
\symAMSa=\mathgroup4
\symAMSb=\mathgroup5
LaTeX Font Info:    Redeclaring math symbol \hbar on input line 98.
LaTeX Font Info:    Overwriting math alphabet `\mathfrak' in version `bold'
(Font)                  U/euf/m/n --> U/euf/b/n on input line 106.
LaTeX Info: Redefining \frak on input line 111.
LaTeX Info: Redefining \Bbb on input line 113.
))
(/usr/local/texlive/2026/texmf-dist/tex/latex/booktabs/booktabs.sty
Package: booktabs 2020/01/12 v1.61803398 Publication quality tables
\heavyrulewidth=\dimen163
\lightrulewidth=\dimen164
\cmidrulewidth=\dimen165
\belowrulesep=\dimen166
\belowbottomsep=\dimen167
\aboverulesep=\dimen168
\abovetopsep=\dimen169
\cmidrulesep=\dimen170
\cmidrulekern=\dimen171
\defaultaddspace=\dimen172
\@cmidla=\count315
\@cmidlb=\count316
\@aboverulesep=\dimen173
\@belowrulesep=\dimen174
\@thisruleclass=\count317
\@lastruleclass=\count318
\@thisrulewidth=\dimen175
)
(/usr/local/texlive/2026/texmf-dist/tex/latex/siunitx/siunitx.sty
Package: siunitx 2025-07-09 v3.4.14 A comprehensive (SI) units package
\l__siunitx_number_uncert_offset_int=\count319
\l__siunitx_number_exponent_fixed_int=\count320
\l__siunitx_number_min_decimal_int=\count321
\l__siunitx_number_min_integer_int=\count322
\l__siunitx_number_round_precision_int=\count323
\l__siunitx_number_lower_threshold_int=\count324
\l__siunitx_number_upper_threshold_int=\count325
\l__siunitx_number_group_first_int=\count326
\l__siunitx_number_group_size_int=\count327
\l__siunitx_number_group_minimum_int=\count328
\l__siunitx_angle_tmp_dim=\dimen176
\l__siunitx_angle_marker_box=\box70
\l__siunitx_angle_unit_box=\box71
\l__siunitx_compound_count_int=\count329

(/usr/local/texlive/2026/texmf-dist/tex/latex/translations/translations.sty
Package: translations 2022/02/05 v1.12 internationalization of LaTeX2e packages
 (CN)
)
\l__siunitx_table_tmp_box=\box72
\l__siunitx_table_tmp_dim=\dimen177
\l__siunitx_table_column_width_dim=\dimen178
\l__siunitx_table_integer_box=\box73
\l__siunitx_table_decimal_box=\box74
\l__siunitx_table_uncert_box=\box75
\l__siunitx_table_before_box=\box76
\l__siunitx_table_after_box=\box77
\l__siunitx_table_before_dim=\dimen179
\l__siunitx_table_carry_dim=\dimen180
\l__siunitx_unit_tmp_int=\count330
\l__siunitx_unit_position_int=\count331
\l__siunitx_unit_total_int=\count332

(/usr/local/texlive/2026/texmf-dist/tex/latex/tools/array.sty
Package: array 2025/09/25 v2.6n Tabular extension package (FMi)
\col@sep=\dimen181
\ar@mcellbox=\box78
\extrarowheight=\dimen182
\NC@list=\toks25
\extratabsurround=\skip57
\backup@length=\skip58
\ar@cellbox=\box79
))
(../../docs/counts.tex)
Class revtex4-2 Info: Unrecognized array package. Please update this document c
lass! (Proceeding with fingers crossed.) on input line 22.
Class revtex4-2 Info: cite was not loaded (OK!) on input line 22.
Class revtex4-2 Info: mcite was not loaded (OK!) on input line 22.
Class revtex4-2 Info: multicol was not loaded (OK!) on input line 22.
Package translations Info: No language package found. I am going to use `englis
h' as default language. on input line 22.

(/usr/local/texlive/2026/texmf-dist/tex/latex/graphics/color.sty
Package: color 2025/01/14 v1.3e Standard LaTeX Color (DPC)

(/usr/local/texlive/2026/texmf-dist/tex/latex/graphics-cfg/color.cfg
File: color.cfg 2016/01/02 v1.6 sample color configuration
)
Package color Info: Driver file: pdftex.def on input line 149.

(/usr/local/texlive/2026/texmf-dist/tex/latex/graphics/mathcolor.ltx))
(/usr/local/texlive/2026/texmf-dist/tex/latex/l3backend/l3backend-pdftex.def
File: l3backend-pdftex.def 2025-10-09 L3 backend support: PDF output (pdfTeX)
\l__color_backend_stack_int=\count333
)
(./paper_draft.aux)
\openout1 = `paper_draft.aux'.

LaTeX Font Info:    Checking defaults for OML/cmm/m/it on input line 22.
LaTeX Font Info:    ... okay on input line 22.
LaTeX Font Info:    Checking defaults for OMS/cmsy/m/n on input line 22.
LaTeX Font Info:    ... okay on input line 22.
LaTeX Font Info:    Checking defaults for OT1/cmr/m/n on input line 22.
LaTeX Font Info:    ... okay on input line 22.
LaTeX Font Info:    Checking defaults for T1/cmr/m/n on input line 22.
LaTeX Font Info:    ... okay on input line 22.
LaTeX Font Info:    Checking defaults for TS1/cmr/m/n on input line 22.
LaTeX Font Info:    ... okay on input line 22.
LaTeX Font Info:    Checking defaults for OMX/cmex/m/n on input line 22.
LaTeX Font Info:    ... okay on input line 22.
LaTeX Font Info:    Checking defaults for U/cmr/m/n on input line 22.
LaTeX Font Info:    ... okay on input line 22.
LaTeX Font Info:    Checking defaults for PD1/pdf/m/n on input line 22.
LaTeX Font Info:    ... okay on input line 22.
LaTeX Font Info:    Checking defaults for PU/pdf/m/n on input line 22.
LaTeX Font Info:    ... okay on input line 22.

(/usr/local/texlive/2026/texmf-dist/tex/context/base/mkii/supp-pdf.mkii
[Loading MPS to PDF converter (version 2006.09.02).]
\scratchcounter=\count334
\scratchdimen=\dimen183
\scratchbox=\box80
\nofMPsegments=\count335
\nofMParguments=\count336
\everyMPshowfont=\toks26
\MPscratchCnt=\count337
\MPscratchDim=\dimen184
\MPnumerator=\count338
\makeMPintoPDFobject=\count339
\everyMPtoPDFconversion=\toks27
) (/usr/local/texlive/2026/texmf-dist/tex/latex/epstopdf-pkg/epstopdf-base.sty
Package: epstopdf-base 2020-01-24 v2.11 Base part for package epstopdf
Package epstopdf-base Info: Redefining graphics rule for `.eps' on input line 4
85.

(/usr/local/texlive/2026/texmf-dist/tex/latex/latexconfig/epstopdf-sys.cfg
File: epstopdf-sys.cfg 2010/07/13 v1.3 Configuration of (r)epstopdf for TeX Liv
e
))
Package hyperref Info: Link coloring OFF on input line 22.

(./paper_draft.out) (./paper_draft.out)
\@outlinefile=\write4
\openout4 = `paper_draft.out'.


(/usr/local/texlive/2026/texmf-dist/tex/latex/translations/translations-basic-d
ictionary-english.trsl
File: translations-basic-dictionary-english.trsl (english translation file `tra
nslations-basic-dictionary')
)
Package translations Info: loading dictionary `translations-basic-dictionary' f
or `english'. on input line 22.
Class revtex4-2 Info: Taking \maketitle back from hyperref on input line 22.
\openout3 = `paper_draftNotes.bib'.

LaTeX Font Info:    Trying to load font information for U+msa on input line 37.


(/usr/local/texlive/2026/texmf-dist/tex/latex/amsfonts/umsa.fd
File: umsa.fd 2013/01/14 v3.01 AMS symbols A
)
LaTeX Font Info:    Trying to load font information for U+msb on input line 37.


(/usr/local/texlive/2026/texmf-dist/tex/latex/amsfonts/umsb.fd
File: umsb.fd 2013/01/14 v3.01 AMS symbols B
)

Package hyperref Warning: Token not allowed in a PDF string (Unicode):
(hyperref)                removing `math shift' on input line 65.


Package hyperref Warning: Token not allowed in a PDF string (Unicode):
(hyperref)                removing `subscript' on input line 65.


Package hyperref Warning: Token not allowed in a PDF string (Unicode):
(hyperref)                removing `math shift' on input line 65.


Package hyperref Warning: Token not allowed in a PDF string (Unicode):
(hyperref)                removing `\\' on input line 65.


Underfull \hbox (badness 1189) in paragraph at lines 102--114
\OT1/cmr/m/n/10 bearing correctness-push the-o-rem. We do \OT1/cmr/m/it/10 not 
\OT1/cmr/m/n/10 at-
 []


Underfull \hbox (badness 10000) in paragraph at lines 120--127
\OT1/cmr/m/n/10 ti-ties; \OT1/cmtt/m/n/10 ADWParams \OT1/cmr/m/n/10 bun-dles su
b-strate pa-ram-e-ters
 []


Underfull \hbox (badness 10000) in paragraph at lines 139--143
\OT1/cmr/m/n/10 The clas-si-fier ad-mits three iff-theorems
 []


Underfull \hbox (badness 5771) in paragraph at lines 139--143
\OT1/cmr/m/n/10 (\OT1/cmtt/m/n/10 classify[]*[]iff\OT1/cmr/m/n/10 ); pos-i-tiv-
ity of $\OML/cmm/m/it/10 M[]$ \OT1/cmr/m/n/10 fol-lows from
 []


Underfull \hbox (badness 7291) in paragraph at lines 145--152
\OT1/cmr/m/n/10 and \OT1/cmtt/m/n/10 T[]H[]schwarzschild[]strict[]decreasing \O
T1/cmr/m/n/10 for-mal-
 []


Underfull \hbox (badness 1137) in paragraph at lines 145--152
\OML/cmm/m/it/10 dM=dt < \OT1/cmr/m/n/10 0$, this es-tab-lishes $\OML/cmm/m/it/
10 dT[]=dt > \OT1/cmr/m/n/10 0$ in the
 []

[1{/usr/local/texlive/2026/texmf-var/fonts/map/pdftex/updmap/pdftex.map}]
Underfull \hbox (badness 10000) in paragraph at lines 162--177
\OT1/cmr/m/n/10 which matches the project's Python an-chor
 []


Underfull \hbox (badness 2103) in paragraph at lines 162--177
\OT1/cmtt/m/n/10 src/wkb/backreaction.py \OT1/cmr/m/n/10 (line 449) | note that

 []


Underfull \hbox (badness 2096) in paragraph at lines 162--177
\OT1/cmr/m/n/10 pur-poses. We prove \OT1/cmtt/m/n/10 T[]H[]acoustic[]evolution[
]pos\OT1/cmr/m/n/10 ,
 []


Underfull \hbox (badness 10000) in paragraph at lines 162--177
\OT1/cmtt/m/n/10 T[]H[]acoustic[]evolution[]strict[]decreasing\OT1/cmr/m/n/10 :
 for
 []

<figures/fig_T_H_evolution_regime_partition.png, id=75, 1104.125pt x 602.25pt>
File: figures/fig_T_H_evolution_regime_partition.png Graphic file (type png)
<use figures/fig_T_H_evolution_regime_partition.png>
Package pdftex.def Info: figures/fig_T_H_evolution_regime_partition.png  used o
n input line 180.
(pdftex.def)             Requested size: 236.16165pt x 128.81038pt.

Overfull \hbox (99.67435pt too wide) detected at line 209
[]
 []


Underfull \hbox (badness 5119) in paragraph at lines 209--226
\OT1/cmr/m/n/10 The bun-dle is gen-uinely non-trivial: four fal-si-
 []


Underfull \hbox (badness 4328) in paragraph at lines 209--226
\OT1/cmr/m/n/10 fier the-o-rems wit-ness the four in-de-pen-dent ways
 []


Underfull \hbox (badness 3168) in paragraph at lines 209--226
\OT1/cmr/m/n/10 the bun-dle's sub-stan-tive con-tent can be vi-o-lated.
 []


Underfull \hbox (badness 2538) in paragraph at lines 209--226
[][]\OT1/cmtt/m/n/10 falsifier_acoustic_decay_form []\OT1/cmr/m/n/10 (the BEC-a
coustic
 []


Underfull \hbox (badness 10000) in paragraph at lines 209--226
[]\OT1/cmr/m/n/10 (the regime-partition bun-dle's third- law slot
 []


Underfull \hbox (badness 4739) in paragraph at lines 209--226
\OT1/cmr/m/n/10 is not vacuous-true; $\OML/cmm/m/it/10 t \OMS/cmsy/m/n/10 ! 1$ 
\OT1/cmr/m/n/10 ap-proach is re-
 []


Underfull \hbox (badness 10000) in paragraph at lines 209--226
\OT1/cmr/m/n/10 quired); [][]\OT1/cmtt/m/n/10 falsifier_alpha_ADW_dependence []
\OT1/cmr/m/n/10 (the
 []


Underfull \hbox (badness 10000) in paragraph at lines 209--226
\OT1/cmr/m/n/10 substrate-response co-ef-fi-cient $\OML/cmm/m/it/10 ^^N$ \OT1/c
mr/m/n/10 must de-pend
 []


Underfull \hbox (badness 10000) in paragraph at lines 209--226
\OT1/cmr/m/n/10 on $\OML/cmm/m/it/10 []$ \OT1/cmr/m/n/10 via the Wave-9 ansatz
, not be a
 []


Underfull \hbox (badness 6316) in paragraph at lines 209--226
\OT1/cmr/m/n/10 free pa-ram-e-ter). The correctness-push the-o-rem
 []


Underfull \hbox (badness 10000) in paragraph at lines 227--249
 []\OT1/cmr/m/it/10 Four laws by regime.[] \OT1/cmr/m/n/10 The four-laws bun-dl
e
 []


Underfull \hbox (badness 6542) in paragraph at lines 227--249
\OML/cmm/m/it/10 H[]\OT1/cmr/m/n/10 (\OML/cmm/m/it/10 p; b\OT1/cmr/m/n/10 )$ pa
r-ti-tions across regimes. The ze-
 []


Underfull \hbox (badness 3646) in paragraph at lines 227--249
\OT1/cmr/m/n/10 in-vok-ing point-wise NEC; this is the load-bearing
 []


Underfull \hbox (badness 1354) in paragraph at lines 227--249
\OT1/cmr/m/n/10 (Bal-binot 2005 $\OML/cmm/m/it/10 t \OMS/cmsy/m/n/10 ^^X \OT1/c
mr/m/n/10 1\OML/cmm/m/it/10 =T[]$ \OT1/cmr/m/n/10 ex-trap-o-la-tion), and the
 []

[2 <./figures/fig_T_H_evolution_regime_partition.png>]
Underfull \hbox (badness 1077) in paragraph at lines 273--283
\OT1/cmr/m/n/10 domain-wall ana-log in $[]$He-A stud-ied by Jacobson--
 []


Underfull \hbox (badness 10000) in paragraph at lines 284--318
 []\OT1/cmr/m/it/10 Substrate-class con-text.[] \OT1/cmr/m/n/10 The $[]$He-A ce
ll and
 []


Underfull \hbox (badness 10000) in paragraph at lines 284--318
\OT1/cmr/m/n/10 the BEC-acoustic sub-strate are mem-bers of
 []


Underfull \hbox (badness 10000) in paragraph at lines 284--318
\OT1/cmr/m/n/10 com-ple-men-tary Sakharov-criterion classes. The
 []


Underfull \hbox (badness 10000) in paragraph at lines 284--318
\OT1/cmr/m/n/10 Volovik--Jannes for-mal-i-sa-tion in the pro-gram's
 []


Overfull \hbox (11.24776pt too wide) in paragraph at lines 284--318
\OT1/cmtt/m/n/10 lean/SKEFTHawking/JacobsonThermoGRDarkEnergy.lean
 []


Underfull \hbox (badness 3826) in paragraph at lines 284--318
\OT1/cmr/m/n/10 (Phase 6m Track C) shows that $[]$He-A sat-is-fies
 []


Underfull \hbox (badness 1430) in paragraph at lines 284--318
\OT1/cmr/m/n/10 all four Sakharov con-di-tions (\OT1/cmtt/m/n/10 JTGR7\OT1/cmr/
m/n/10 : emer-gent IR
 []


Underfull \hbox (badness 3189) in paragraph at lines 284--318
\OT1/cmr/m/n/10 Lorentz, uni-ver-sal cou-pling, in-duced New-ton con-
 []


Underfull \hbox (badness 1515) in paragraph at lines 284--318
\OT1/cmr/m/n/10 stant, and the $^^C[] = ^^C[]$ equi-lib-rium iden-tity),
 []


Underfull \hbox (badness 10000) in paragraph at lines 284--318
\OT1/cmr/m/n/10 while the Finazzi--Liberati--Sindoni acoustic-BEC
 []


Underfull \hbox (badness 3291) in paragraph at lines 284--318
\OT1/cmr/m/n/10 sector atoms do not prop-a-gate on the BEC ef-
 []


Underfull \hbox (badness 1342) in paragraph at lines 284--318
\OT1/cmr/m/n/10 fec-tive met-ric; \OT1/cmtt/m/n/10 JTGR8\OT1/cmr/m/n/10 ). The 
Phase 6n uni-fi-ca-tion
 []


Overfull \hbox (97.77487pt too wide) in paragraph at lines 284--318
\OT1/cmr/m/n/10 (\OT1/cmtt/m/n/10 lean/SKEFTHawking/CrooksAnalogHawking/Sakharo
vHorizonCrooks.lean\OT1/cmr/m/n/10 )
 []


Underfull \hbox (badness 3364) in paragraph at lines 284--318
\OT1/cmr/m/n/10 shows that the four Sakharov con-di-tions are bi-
 []


Underfull \hbox (badness 10000) in paragraph at lines 284--318
\OT1/cmr/m/n/10 con-di-tional with the horizon-Crooks detailed-
 []


Underfull \hbox (badness 10000) in paragraph at lines 284--318
\OT1/cmr/m/n/10 balance iden-tity at the lo-cal Rindler hori-zon
 []


Underfull \hbox (badness 10000) in paragraph at lines 284--318
\OT1/cmr/m/n/10 (\OT1/cmtt/m/n/10 horizonCrooks[]substrate[]partition\OT1/cmr/m
/n/10 ; the com-
 []


Underfull \hbox (badness 3240) in paragraph at lines 284--318
\OT1/cmr/m/n/10 The regime par-ti-tion for-malised here (sign-flip of
 []


Underfull \hbox (badness 1112) in paragraph at lines 284--318
\OT1/cmr/m/n/10 regime per-sists \OT1/cmr/m/it/10 de-spite \OT1/cmr/m/n/10 Sakh
arov-criterion fail-ure on
 []


Underfull \hbox (badness 3590) in paragraph at lines 284--318
\OT1/cmr/m/n/10 thermodynamic-evolution claim about $\OML/cmm/m/it/10 T[]\OT1/c
mr/m/n/10 (\OML/cmm/m/it/10 t\OT1/cmr/m/n/10 )$ rather
 []


Underfull \hbox (badness 2269) in paragraph at lines 284--318
\OT1/cmr/m/n/10 than a substrate-induced-gravity claim. The two
 []


Underfull \hbox (badness 2376) in paragraph at lines 284--318
\OT1/cmr/m/n/10 Ja-cob-son 1995 equilibrium-Clausius read-ing [[]] of
 []


Underfull \hbox (badness 10000) in paragraph at lines 319--329
 []\OT1/cmr/m/it/10 Reproducibility.[] \OT1/cmr/m/n/10 The re-sult is re-pro-
 []


Underfull \hbox (badness 10000) in paragraph at lines 319--329
\OT1/cmr/m/n/10 ducible in two lay-ers. The Lean layer is
 []


Underfull \hbox (badness 10000) in paragraph at lines 319--329
\OT1/cmtt/m/n/10 BHThermodynamicsFourLaws.lean \OT1/cmr/m/n/10 (20 the-o-
 []


Underfull \hbox (badness 10000) in paragraph at lines 319--329
\OT1/cmr/m/n/10 rems and lem-mas, zero \OT1/cmtt/m/n/10 sorry\OT1/cmr/m/n/10 , 
zero new ax-
 []


Underfull \hbox (badness 10000) in paragraph at lines 319--329
\OT1/cmr/m/n/10 ioms, zero \OT1/cmtt/m/n/10 maxHeartbeats \OT1/cmr/m/n/10 over-
rides) at the
 []


Underfull \hbox (badness 3088) in paragraph at lines 319--329
\OT1/cmr/m/n/10 project's pinned Math-lib4 com-mit. The Python
 []


Underfull \hbox (badness 10000) in paragraph at lines 319--329
\OT1/cmr/m/n/10 layer is \OT1/cmtt/m/n/10 src/wkb/backreaction.py \OT1/cmr/m/n/
10 (the BEC-
 []


Underfull \hbox (badness 10000) in paragraph at lines 319--329
\OT1/cmr/m/n/10 acoustic ODE evo-lu-tion at line 449) and the
 []


Overfull \hbox (66.8972pt too wide) in paragraph at lines 319--329
\OT1/cmtt/m/n/10 src/core/visualizations.py:fig[]T[]H[]evolution[]regime[]parti
tion
 []


Underfull \hbox (badness 10000) in paragraph at lines 341--344
 \OT1/cmr/m/n/9 Com-mun. Math. Phys. \OT1/cmr/bx/n/9 43\OT1/cmr/m/n/9 , 199 (19
75); DOI:
 []


Underfull \hbox (badness 1057) in paragraph at lines 377--379
 \OT1/cmr/m/n/9 mo-dy-nam-ics from sym-me-try and uni-tar-ity,'' (2018);
 []


Underfull \hbox (badness 2142) in paragraph at lines 381--384
 []\OT1/cmr/m/n/9 M. Cross-ley, P. Glo-rioso, H. Liu, ``Ef-fec-tive field
 []


Underfull \hbox (badness 4779) in paragraph at lines 392--394
 \OT1/cmr/m/n/9 ge-bras and the gen-er-al-ized sec-ond law,'' (2024);
 []

[3]
No file paper_draft.bbl.
[4] (./paper_draft.aux)
 ***********
LaTeX2e <2025-11-01>
L3 programming layer <2026-01-19>
 ***********
Package rerunfilecheck Info: File `paper_draft.out' has not changed.
(rerunfilecheck)             Checksum: 9FD686F07C9E23B07D930653BE1EF37E;1378.
 ) 
Here is how much of TeX's memory you used:
 15775 strings out of 467525
 298861 string characters out of 5418982
 705372 words of memory out of 5000000
 44494 multiletter control sequences out of 15000+600000
 638634 words of font info for 83 fonts, out of 8000000 for 9000
 1141 hyphenation exceptions out of 8191
 75i,13n,79p,922b,1207s stack positions out of 10000i,1000n,20000p,200000b,200000s
</usr/local/texlive/2026/texmf-dist/fonts/type1/public/amsfonts/cm/cmbx12.pfb
></usr/local/texlive/2026/texmf-dist/fonts/type1/public/amsfonts/cm/cmbx9.pfb><
/usr/local/texlive/2026/texmf-dist/fonts/type1/public/amsfonts/cm/cmex10.pfb></
usr/local/texlive/2026/texmf-dist/fonts/type1/public/amsfonts/cm/cmmi10.pfb></u
sr/local/texlive/2026/texmf-dist/fonts/type1/public/amsfonts/cm/cmmi12.pfb></us
r/local/texlive/2026/texmf-dist/fonts/type1/public/amsfonts/cm/cmmi6.pfb></usr/
local/texlive/2026/texmf-dist/fonts/type1/public/amsfonts/cm/cmmi7.pfb></usr/lo
cal/texlive/2026/texmf-dist/fonts/type1/public/amsfonts/cm/cmmi9.pfb></usr/loca
l/texlive/2026/texmf-dist/fonts/type1/public/amsfonts/cm/cmr10.pfb></usr/local/
texlive/2026/texmf-dist/fonts/type1/public/amsfonts/cm/cmr6.pfb></usr/local/tex
live/2026/texmf-dist/fonts/type1/public/amsfonts/cm/cmr7.pfb></usr/local/texliv
e/2026/texmf-dist/fonts/type1/public/amsfonts/cm/cmr8.pfb></usr/local/texlive/2
026/texmf-dist/fonts/type1/public/amsfonts/cm/cmr9.pfb></usr/local/texlive/2026
/texmf-dist/fonts/type1/public/amsfonts/cm/cmsy10.pfb></usr/local/texlive/2026/
texmf-dist/fonts/type1/public/amsfonts/cm/cmsy7.pfb></usr/local/texlive/2026/te
xmf-dist/fonts/type1/public/amsfonts/cm/cmsy9.pfb></usr/local/texlive/2026/texm
f-dist/fonts/type1/public/amsfonts/cm/cmti10.pfb></usr/local/texlive/2026/texmf
-dist/fonts/type1/public/amsfonts/cm/cmti9.pfb></usr/local/texlive/2026/texmf-d
ist/fonts/type1/public/amsfonts/cm/cmtt10.pfb></usr/local/texlive/2026/texmf-di
st/fonts/type1/public/amsfonts/cm/cmtt9.pfb></usr/local/texlive/2026/texmf-dist
/fonts/type1/public/amsfonts/symbols/msbm10.pfb>
Output written on paper_draft.pdf (4 pages, 339517 bytes).
PDF statistics:
 228 PDF objects out of 1000 (max. 8388607)
 172 compressed objects within 2 object streams
 38 named destinations out of 1000 (max. 500000)
 54 words of extra memory for PDF output out of 10000 (max. 10000000)

