This is pdfTeX, Version 3.141592653-2.6-1.40.29 (TeX Live 2026) (preloaded format=pdflatex 2026.3.22)  30 APR 2026 11:13
entering extended mode
 restricted \write18 enabled.
 %&-line parsing enabled.
**paper_draft.tex
(./paper_draft.tex
LaTeX2e <2025-11-01>
L3 programming layer <2026-01-19>
(/usr/local/texlive/2026/texmf-dist/tex/latex/revtex/revtex4-2.cls
Document Class: revtex4-2 2022/06/05 4.2f (https://journals.aps.org/revtex/ for
 documentation)
 Copyright (c) 2019 American Physical Society.
 mailto:revtex@aps.org
 Licensed under the LPPL:
http://www.ctan.org/tex-archive/macros/latex/base/lppl.txt
 Arthur Ogawa <arthur_ogawa at sbcglobal dot net>
 Based on work by David Carlisle <david at dcarlisle.demon.co.uk>
 Version (4.2d--4.2f): Modified by Mark Doyle and Phelype Oleinik
 .
ltxutil[2022/06/05 4.2f utilities package (portions licensed from W. E. Baxter 
web at superscript.com)]
LaTeX Info: Redefining \@centercr on input line 356.
Class revtex4-2 Info: Repairing hyperref-unfriendly LaTeX definition of \mpfoot
note on input line 492.
Class revtex4-2 Info: Repairing broken LateX \@sect on input line 814.
\intertabularlinepenalty=\count275
\@tbpen=\count276
\@arstrutbox@hline=\box53
Class revtex4-2 Info: Repairing broken LaTeX \@xbitor on input line 1845.
Class revtex4-2 Info: Making \typeout \long on input line 2110.
ltxfront[2022/06/05 4.2f frontmatter package (AO,DPC,MD)]
\c@affil=\count277
\c@collab=\count278
\absbox=\box54
ltxgrid[2022/06/05 4.2f page grid package (portions licensed from W. E. Baxter 
web at superscript.com)]
\c@linecount=\count279
\output@latex=\toks17
\box@size@1=\box55
\box@size@2=\box56
\@protection@box=\box57
\@topmark@saved=\toks18
\footins@saved=\box58
\footins@recovered=\box59
\column@recovered=\box60
\pagesofar=\box61
\footsofar=\box62
\pagegrid@col=\count280
Class revtex4-2 Info: Overriding \@vspace, \@vspacer, \@no@pgbk, \@newline, and
 \\  on input line 5676.
\c@part=\count281
\c@section=\count282
\c@subsection=\count283
\c@subsubsection=\count284
\c@paragraph=\count285
\c@subparagraph=\count286
\abovecaptionskip=\skip49
\belowcaptionskip=\skip50
\c@figure=\count287
\fbox@1=\box63
\c@table=\count288
\fbox@2=\box64
\c@video=\count289
\fbox@4=\box65
\@bibdataout=\write3
\widetext@top=\box66
\widetext@bot=\box67

Class revtex4-2 Warning: No Society specified, using default society aps.

(/usr/local/texlive/2026/texmf-dist/tex/latex/revtex/aps4-2.rtx
File: aps4-2 2022/06/05 4.2f (https://journals.aps.org/revtex/ for documentatio
n)
Class revtex4-2 Info: RevTeX society APS selected on input line 40.
)

Class revtex4-2 Warning: No journal specified, using default pra.

Class revtex4-2 Info: APS journal PRA selected on input line 7672.

Class revtex4-2 Warning: No type size specified, using default 10.

(/usr/local/texlive/2026/texmf-dist/tex/latex/revtex/aps10pt4-2.rtx
File: aps10pt4-2 2022/06/05 4.2f (https://journals.aps.org/revtex/ for document
ation)
Class revtex4-2 Info: RevTeX pointsize 10pt selected on input line 39.
)
(/usr/local/texlive/2026/texmf-dist/tex/latex/textcase/textcase.sty
Package: textcase 2025/02/16 v1.05 Text only upper/lower case changing (DPC)
Package textcase Info: Defining Legacy names on input line 20.
)
(/usr/local/texlive/2026/texmf-dist/tex/latex/url/url.sty
\Urlmuskip=\muskip17
Package: url 2013/09/16  ver 3.4  Verb mode for urls, etc.
)
(/usr/local/texlive/2026/texmf-dist/tex/latex/natbib/natbib.sty
Package: natbib 2010/09/13 8.31b (PWD, AO)
\bibhang=\skip51
\bibsep=\skip52
LaTeX Info: Redefining \cite on input line 694.
\c@NAT@ctr=\count290
)
Class revtex4-2 Info: Repairing natbib's \BibitemShut on input line 7676.

(/usr/local/texlive/2026/texmf-dist/tex/latex/revtex/revsymb4-2.sty
Package: revsymb4-2 2022/06/05 4.2f (https://journals.aps.org/revtex/ for docum
entation)
LaTeX Info: Redefining \REV@mathfrak on input line 128.
))
(/usr/local/texlive/2026/texmf-dist/tex/latex/amsmath/amsmath.sty
Package: amsmath 2025/07/09 v2.17z AMS math features
\@mathmargin=\skip53

For additional information on amsmath, use the `?' option.
(/usr/local/texlive/2026/texmf-dist/tex/latex/amsmath/amstext.sty
Package: amstext 2024/11/17 v2.01 AMS text

(/usr/local/texlive/2026/texmf-dist/tex/latex/amsmath/amsgen.sty
File: amsgen.sty 1999/11/30 v2.0 generic functions
\@emptytoks=\toks19
\ex@=\dimen148
)
LaTeX Info: Redefining \text on input line 28.
)
(/usr/local/texlive/2026/texmf-dist/tex/latex/amsmath/amsbsy.sty
Package: amsbsy 1999/11/29 v1.2d Bold Symbols
\pmbraise@=\dimen149
)
(/usr/local/texlive/2026/texmf-dist/tex/latex/amsmath/amsopn.sty
Package: amsopn 2022/04/08 v2.04 operator names
)
\inf@bad=\count291
LaTeX Info: Redefining \frac on input line 233.
\uproot@=\count292
\leftroot@=\count293
LaTeX Info: Redefining \overline on input line 398.
LaTeX Info: Redefining \colon on input line 409.
\classnum@=\count294
\DOTSCASE@=\count295
LaTeX Info: Redefining \ldots on input line 495.
LaTeX Info: Redefining \dots on input line 498.
LaTeX Info: Redefining \cdots on input line 619.
\Mathstrutbox@=\box68
\strutbox@=\box69
LaTeX Info: Redefining \big on input line 721.
LaTeX Info: Redefining \Big on input line 722.
LaTeX Info: Redefining \bigg on input line 723.
LaTeX Info: Redefining \Bigg on input line 724.
\big@size=\dimen150
LaTeX Font Info:    Redeclaring font encoding OML on input line 742.
LaTeX Font Info:    Redeclaring font encoding OMS on input line 743.
\macc@depth=\count296
LaTeX Info: Redefining \bmod on input line 904.
LaTeX Info: Redefining \pmod on input line 909.
LaTeX Info: Redefining \smash on input line 939.
LaTeX Info: Redefining \relbar on input line 969.
LaTeX Info: Redefining \Relbar on input line 970.
\c@MaxMatrixCols=\count297
\dotsspace@=\muskip18
\c@parentequation=\count298
\dspbrk@lvl=\count299
\tag@help=\toks20
\row@=\count300
\column@=\count301
\maxfields@=\count302
\andhelp@=\toks21
\eqnshift@=\dimen151
\alignsep@=\dimen152
\tagshift@=\dimen153
\tagwidth@=\dimen154
\totwidth@=\dimen155
\lineht@=\dimen156
\@envbody=\toks22
\multlinegap=\skip54
\multlinetaggap=\skip55
\mathdisplay@stack=\toks23
LaTeX Info: Redefining \[ on input line 2950.
LaTeX Info: Redefining \] on input line 2951.
)
(/usr/local/texlive/2026/texmf-dist/tex/latex/amsfonts/amssymb.sty
Package: amssymb 2013/01/14 v3.01 AMS font symbols

(/usr/local/texlive/2026/texmf-dist/tex/latex/amsfonts/amsfonts.sty
Package: amsfonts 2013/01/14 v3.01 Basic AMSFonts support
\symAMSa=\mathgroup4
\symAMSb=\mathgroup5
LaTeX Font Info:    Redeclaring math symbol \hbar on input line 98.
LaTeX Font Info:    Overwriting math alphabet `\mathfrak' in version `bold'
(Font)                  U/euf/m/n --> U/euf/b/n on input line 106.
LaTeX Info: Redefining \frak on input line 111.
LaTeX Info: Redefining \Bbb on input line 113.
))
(/usr/local/texlive/2026/texmf-dist/tex/latex/amscls/amsthm.sty
Package: amsthm 2020/05/29 v2.20.6
\thm@style=\toks24
\thm@bodyfont=\toks25
\thm@headfont=\toks26
\thm@notefont=\toks27
\thm@headpunct=\toks28
\thm@preskip=\skip56
\thm@postskip=\skip57
\thm@headsep=\skip58
\dth@everypar=\toks29
)
(/usr/local/texlive/2026/texmf-dist/tex/latex/graphics/graphicx.sty
Package: graphicx 2024/12/31 v1.2e Enhanced LaTeX Graphics (DPC,SPQR)

(/usr/local/texlive/2026/texmf-dist/tex/latex/graphics/keyval.sty
Package: keyval 2022/05/29 v1.15 key=value parser (DPC)
\KV@toks@=\toks30
)
(/usr/local/texlive/2026/texmf-dist/tex/latex/graphics/graphics.sty
Package: graphics 2024/08/06 v1.4g Standard LaTeX Graphics (DPC,SPQR)

(/usr/local/texlive/2026/texmf-dist/tex/latex/graphics/trig.sty
Package: trig 2023/12/02 v1.11 sin cos tan (DPC)
)
(/usr/local/texlive/2026/texmf-dist/tex/latex/graphics-cfg/graphics.cfg
File: graphics.cfg 2016/06/04 v1.11 sample graphics configuration
)
Package graphics Info: Driver file: pdftex.def on input line 106.

(/usr/local/texlive/2026/texmf-dist/tex/latex/graphics-def/pdftex.def
File: pdftex.def 2025/09/29 v1.2d Graphics/color driver for pdftex
))
\Gin@req@height=\dimen157
\Gin@req@width=\dimen158
)
(/usr/local/texlive/2026/texmf-dist/tex/latex/booktabs/booktabs.sty
Package: booktabs 2020/01/12 v1.61803398 Publication quality tables
\heavyrulewidth=\dimen159
\lightrulewidth=\dimen160
\cmidrulewidth=\dimen161
\belowrulesep=\dimen162
\belowbottomsep=\dimen163
\aboverulesep=\dimen164
\abovetopsep=\dimen165
\cmidrulesep=\dimen166
\cmidrulekern=\dimen167
\defaultaddspace=\dimen168
\@cmidla=\count303
\@cmidlb=\count304
\@aboverulesep=\dimen169
\@belowrulesep=\dimen170
\@thisruleclass=\count305
\@lastruleclass=\count306
\@thisrulewidth=\dimen171
)
(/usr/local/texlive/2026/texmf-dist/tex/latex/xcolor/xcolor.sty
Package: xcolor 2024/09/29 v3.02 LaTeX color extensions (UK)

(/usr/local/texlive/2026/texmf-dist/tex/latex/graphics-cfg/color.cfg
File: color.cfg 2016/01/02 v1.6 sample color configuration
)
Package xcolor Info: Driver file: pdftex.def on input line 274.

(/usr/local/texlive/2026/texmf-dist/tex/latex/graphics/mathcolor.ltx)
Package xcolor Info: Model `cmy' substituted by `cmy0' on input line 1349.
Package xcolor Info: Model `hsb' substituted by `rgb' on input line 1353.
Package xcolor Info: Model `RGB' extended on input line 1365.
Package xcolor Info: Model `HTML' substituted by `rgb' on input line 1367.
Package xcolor Info: Model `Hsb' substituted by `hsb' on input line 1368.
Package xcolor Info: Model `tHsb' substituted by `hsb' on input line 1369.
Package xcolor Info: Model `HSB' substituted by `hsb' on input line 1370.
Package xcolor Info: Model `Gray' substituted by `gray' on input line 1371.
Package xcolor Info: Model `wave' substituted by `hsb' on input line 1372.
)
(/usr/local/texlive/2026/texmf-dist/tex/latex/hyperref/hyperref.sty
Package: hyperref 2026-01-29 v7.01p Hypertext links for LaTeX

(/usr/local/texlive/2026/texmf-dist/tex/generic/iftex/iftex.sty
Package: iftex 2024/12/12 v1.0g TeX engine tests
)
(/usr/local/texlive/2026/texmf-dist/tex/latex/kvsetkeys/kvsetkeys.sty
Package: kvsetkeys 2022-10-05 v1.19 Key value parser (HO)
)
(/usr/local/texlive/2026/texmf-dist/tex/generic/kvdefinekeys/kvdefinekeys.sty
Package: kvdefinekeys 2019-12-19 v1.6 Define keys (HO)
)
(/usr/local/texlive/2026/texmf-dist/tex/generic/pdfescape/pdfescape.sty
Package: pdfescape 2019/12/09 v1.15 Implements pdfTeX's escape features (HO)

(/usr/local/texlive/2026/texmf-dist/tex/generic/ltxcmds/ltxcmds.sty
Package: ltxcmds 2023-12-04 v1.26 LaTeX kernel commands for general use (HO)
)
(/usr/local/texlive/2026/texmf-dist/tex/generic/pdftexcmds/pdftexcmds.sty
Package: pdftexcmds 2020-06-27 v0.33 Utility functions of pdfTeX for LuaTeX (HO
)

(/usr/local/texlive/2026/texmf-dist/tex/generic/infwarerr/infwarerr.sty
Package: infwarerr 2019/12/03 v1.5 Providing info/warning/error messages (HO)
)
Package pdftexcmds Info: \pdf@primitive is available.
Package pdftexcmds Info: \pdf@ifprimitive is available.
Package pdftexcmds Info: \pdfdraftmode found.
))
(/usr/local/texlive/2026/texmf-dist/tex/latex/hycolor/hycolor.sty
Package: hycolor 2020-01-27 v1.10 Color options for hyperref/bookmark (HO)
)
(/usr/local/texlive/2026/texmf-dist/tex/latex/hyperref/nameref.sty
Package: nameref 2026-01-29 v2.58 Cross-referencing by name of section

(/usr/local/texlive/2026/texmf-dist/tex/latex/refcount/refcount.sty
Package: refcount 2019/12/15 v3.6 Data extraction from label references (HO)
)
(/usr/local/texlive/2026/texmf-dist/tex/generic/gettitlestring/gettitlestring.s
ty
Package: gettitlestring 2019/12/15 v1.6 Cleanup title references (HO)
 (/usr/local/texlive/2026/texmf-dist/tex/latex/kvoptions/kvoptions.sty
Package: kvoptions 2022-06-15 v3.15 Key value format for package options (HO)
))

Package nameref Warning: The definition of \label has changed! 
(nameref)                Check your packages! 
(nameref)                Replacing it with the kernel definition on input line 
161.

\c@section@level=\count307
) (/usr/local/texlive/2026/texmf-dist/tex/latex/etoolbox/etoolbox.sty
Package: etoolbox 2025/10/02 v2.5m e-TeX tools for LaTeX (JAW)
\etb@tempcnta=\count308
)
(/usr/local/texlive/2026/texmf-dist/tex/generic/stringenc/stringenc.sty
Package: stringenc 2019/11/29 v1.12 Convert strings between diff. encodings (HO
)
)
\@linkdim=\dimen172
\Hy@linkcounter=\count309
\Hy@pagecounter=\count310

(/usr/local/texlive/2026/texmf-dist/tex/latex/hyperref/pd1enc.def
File: pd1enc.def 2026-01-29 v7.01p Hyperref: PDFDocEncoding definition (HO)
Now handling font encoding PD1 ...
... no UTF-8 mapping file for font encoding PD1
)
(/usr/local/texlive/2026/texmf-dist/tex/generic/intcalc/intcalc.sty
Package: intcalc 2019/12/15 v1.3 Expandable calculations with integers (HO)
)
\Hy@SavedSpaceFactor=\count311

(/usr/local/texlive/2026/texmf-dist/tex/latex/hyperref/puenc.def
File: puenc.def 2026-01-29 v7.01p Hyperref: PDF Unicode definition (HO)
Now handling font encoding PU ...
... no UTF-8 mapping file for font encoding PU
)
Package hyperref Info: Hyper figures OFF on input line 4201.
Package hyperref Info: Link nesting OFF on input line 4206.
Package hyperref Info: Hyper index ON on input line 4209.
Package hyperref Info: Plain pages OFF on input line 4216.
Package hyperref Info: Backreferencing OFF on input line 4221.
Package hyperref Info: Implicit mode ON; LaTeX internals redefined.
Package hyperref Info: Bookmarks ON on input line 4468.
LaTeX Info: Redefining \href on input line 4718.
\c@Hy@tempcnt=\count312
LaTeX Info: Redefining \url on input line 4807.
\XeTeXLinkMargin=\dimen173

(/usr/local/texlive/2026/texmf-dist/tex/generic/bitset/bitset.sty
Package: bitset 2019/12/09 v1.3 Handle bit-vector datatype (HO)

(/usr/local/texlive/2026/texmf-dist/tex/generic/bigintcalc/bigintcalc.sty
Package: bigintcalc 2019/12/15 v1.5 Expandable calculations on big integers (HO
)
))
\Fld@menulength=\count313
\Field@Width=\dimen174
\Fld@charsize=\dimen175
Package hyperref Info: Hyper figures OFF on input line 6084.
Package hyperref Info: Link nesting OFF on input line 6089.
Package hyperref Info: Hyper index ON on input line 6092.
Package hyperref Info: backreferencing OFF on input line 6099.
Package hyperref Info: Link coloring OFF on input line 6104.
Package hyperref Info: Link coloring with OCG OFF on input line 6109.
Package hyperref Info: PDF/A mode OFF on input line 6114.
\Hy@abspage=\count314
\c@Item=\count315
\c@Hfootnote=\count316
)
Package hyperref Info: Driver (autodetected): hpdftex.

(/usr/local/texlive/2026/texmf-dist/tex/latex/hyperref/hpdftex.def
File: hpdftex.def 2026-01-29 v7.01p Hyperref driver for pdfTeX
\Fld@listcount=\count317
\c@bookmark@seq@number=\count318

(/usr/local/texlive/2026/texmf-dist/tex/latex/rerunfilecheck/rerunfilecheck.sty
Package: rerunfilecheck 2025-06-21 v1.11 Rerun checks for auxiliary files (HO)

(/usr/local/texlive/2026/texmf-dist/tex/generic/uniquecounter/uniquecounter.sty
Package: uniquecounter 2019/12/15 v1.4 Provide unlimited unique counter (HO)
)
Package uniquecounter Info: New unique counter `rerunfilecheck' on input line 2
84.
)
\Hy@SectionHShift=\skip59
)
\c@theorem=\count319
\c@lemma=\count320
\c@definition=\count321
 (../../docs/counts.tex)
Class revtex4-2 Info: Unrecognized LaTeX tabular. Please update this document c
lass! (Proceeding with fingers crossed.) on input line 21.
Class revtex4-2 Info: cite was not loaded (OK!) on input line 21.
Class revtex4-2 Info: mcite was not loaded (OK!) on input line 21.
Class revtex4-2 Info: multicol was not loaded (OK!) on input line 21.

(/usr/local/texlive/2026/texmf-dist/tex/latex/l3backend/l3backend-pdftex.def
File: l3backend-pdftex.def 2025-10-09 L3 backend support: PDF output (pdfTeX)
\l__color_backend_stack_int=\count322
)
(./paper_draft.aux)
\openout1 = `paper_draft.aux'.

LaTeX Font Info:    Checking defaults for OML/cmm/m/it on input line 21.
LaTeX Font Info:    ... okay on input line 21.
LaTeX Font Info:    Checking defaults for OMS/cmsy/m/n on input line 21.
LaTeX Font Info:    ... okay on input line 21.
LaTeX Font Info:    Checking defaults for OT1/cmr/m/n on input line 21.
LaTeX Font Info:    ... okay on input line 21.
LaTeX Font Info:    Checking defaults for T1/cmr/m/n on input line 21.
LaTeX Font Info:    ... okay on input line 21.
LaTeX Font Info:    Checking defaults for TS1/cmr/m/n on input line 21.
LaTeX Font Info:    ... okay on input line 21.
LaTeX Font Info:    Checking defaults for OMX/cmex/m/n on input line 21.
LaTeX Font Info:    ... okay on input line 21.
LaTeX Font Info:    Checking defaults for U/cmr/m/n on input line 21.
LaTeX Font Info:    ... okay on input line 21.
LaTeX Font Info:    Checking defaults for PD1/pdf/m/n on input line 21.
LaTeX Font Info:    ... okay on input line 21.
LaTeX Font Info:    Checking defaults for PU/pdf/m/n on input line 21.
LaTeX Font Info:    ... okay on input line 21.

(/usr/local/texlive/2026/texmf-dist/tex/context/base/mkii/supp-pdf.mkii
[Loading MPS to PDF converter (version 2006.09.02).]
\scratchcounter=\count323
\scratchdimen=\dimen176
\scratchbox=\box70
\nofMPsegments=\count324
\nofMParguments=\count325
\everyMPshowfont=\toks31
\MPscratchCnt=\count326
\MPscratchDim=\dimen177
\MPnumerator=\count327
\makeMPintoPDFobject=\count328
\everyMPtoPDFconversion=\toks32
) (/usr/local/texlive/2026/texmf-dist/tex/latex/epstopdf-pkg/epstopdf-base.sty
Package: epstopdf-base 2020-01-24 v2.11 Base part for package epstopdf
Package epstopdf-base Info: Redefining graphics rule for `.eps' on input line 4
85.

(/usr/local/texlive/2026/texmf-dist/tex/latex/latexconfig/epstopdf-sys.cfg
File: epstopdf-sys.cfg 2010/07/13 v1.3 Configuration of (r)epstopdf for TeX Liv
e
))
Package hyperref Info: Link coloring OFF on input line 21.

(./paper_draft.out) (./paper_draft.out)
\@outlinefile=\write4
\openout4 = `paper_draft.out'.

Class revtex4-2 Info: Taking \maketitle back from hyperref on input line 21.
\openout3 = `paper_draftNotes.bib'.

LaTeX Font Info:    Trying to load font information for U+msa on input line 39.


(/usr/local/texlive/2026/texmf-dist/tex/latex/amsfonts/umsa.fd
File: umsa.fd 2013/01/14 v3.01 AMS symbols A
)
LaTeX Font Info:    Trying to load font information for U+msb on input line 39.


(/usr/local/texlive/2026/texmf-dist/tex/latex/amsfonts/umsb.fd
File: umsb.fd 2013/01/14 v3.01 AMS symbols B
)
Overfull \hbox (119.83432pt too wide) in paragraph at lines 32--103
 [][][][]\OT1/cmr/m/n/9 The Massot-Rothgang-Macbeth covariant-derivative API (\
OT1/cmtt/m/n/9 Mathlib.Geometry.Manifold.VectorBundle.CovariantDerivative\OT1/c
mr/m/n/9 ) 
 []


Underfull \hbox (badness 1874) in paragraph at lines 32--103
 \OT1/cmr/m/n/9 continuous-linearity of the $[] \OML/cmm/m/it/9 ^^[ x$ \OT1/cmr
/m/n/9 slot), plus a commuting-vector-fields spe-cial-i-sa-tion and 
 []


Underfull \hbox (badness 1715) in paragraph at lines 32--103
 \OT1/cmtt/m/n/9 BundleRiemann.lean \OT1/cmr/m/n/9 ships point-wise cyclic Ja-c
obi for $[]$ (Math-lib has only the 
 []


Underfull \hbox (badness 2245) in paragraph at lines 32--103
 \OT1/cmr/m/n/9 from Bonn; and \OT1/cmtt/m/n/9 LeviCivita.lean \OT1/cmr/m/n/9 s
hips the sub-stan-tive bundle-level Levi-Civita unique- 
 []


Underfull \hbox (badness 10000) in paragraph at lines 109--118
[]\OT1/cmr/m/n/10 The 2025 Massot-Rothgang-Macbeth covariant-
 []


Underfull \hbox (badness 1565) in paragraph at lines 109--118
\OT1/cmr/m/n/10 derivative li-brary landed in Math-lib in early 2026
 []


Underfull \hbox (badness 10000) in paragraph at lines 109--118
\OT1/cmr/m/n/10 and \OT1/cmtt/m/n/10 IsContinuousRiemannianBundle \OT1/cmr/m/n/
10 are positive-
 []


Underfull \hbox (badness 1917) in paragraph at lines 119--136
[]\OT1/cmr/m/n/10 For a classical-GR for-mal-iza-tion that is pseudo-
 []

[1{/usr/local/texlive/2026/texmf-var/fonts/map/pdftex/updmap/pdftex.map}{/usr/l
ocal/texlive/2026/texmf-dist/fonts/enc/dvips/cm-super/cm-super-ts1.enc}]
Underfull \hbox (badness 4765) in paragraph at lines 163--186
[]\OT1/cmr/m/n/10 As of W8 Ses-sions 5 + 5b (Sec-tion []X[]) we
 []


Underfull \hbox (badness 2409) in paragraph at lines 163--186
\OT1/cmr/m/n/10 now claim the sub-stan-tive bundle-level Levi-Civita
 []


Underfull \hbox (badness 10000) in paragraph at lines 201--204
[][]\OT1/cmr/bx/n/10 Theorem 1 \OT1/cmr/m/n/10 (Rie-man-ni-an-Lorentzian fal-si
-
 []


Underfull \hbox (badness 10000) in paragraph at lines 201--204
\OT1/cmr/m/n/10 fier)\OT1/cmr/bx/n/10 . []\OT1/cmr/m/it/10 No met-ric ma-trix s
i-mul-ta-ne-ously sat-is-fies
 []


Underfull \hbox (badness 5862) in paragraph at lines 223--233
[]\OT1/cmr/m/n/10 A fam-ily $\OML/cmm/m/it/10 g \OT1/cmr/m/n/10 : \OML/cmm/m/it
/10 B \OMS/cmsy/m/n/10 ! []$ \OT1/cmr/m/n/10 over a
 []


Underfull \hbox (badness 2418) in paragraph at lines 223--233
\OT1/cmr/m/n/10 base type $\OML/cmm/m/it/10 B$ \OT1/cmr/m/n/10 is \OT1/cmr/m/it
/10 con-tin-u-ously Lorentzian \OT1/cmr/m/n/10 (no-ta-tion:
 []


Underfull \hbox (badness 1831) in paragraph at lines 223--233
\OT1/cmr/m/n/10 mir-rors Gou^^?ezel's \OT1/cmtt/m/n/10 IsContinuousRiemannianBu
ndle F
 []

[2]
Underfull \hbox (badness 1642) in paragraph at lines 255--259
[][]\OT1/cmr/bx/n/10 Theorem 2 \OT1/cmr/m/n/10 (Christof-fel-quadratic an-ti-sy
m-me-try in
 []


Underfull \hbox (badness 2126) in paragraph at lines 261--267
[]\OT1/cmr/m/n/10 The proof is a sin-gle \OT1/cmtt/m/n/10 ring \OT1/cmr/m/n/10 
dis-charge af-ter un-
 []


Underfull \hbox (badness 6559) in paragraph at lines 261--267
\OT1/cmr/m/n/10 fold-ing: the defin-ing ex-pres-sion $\OML/cmm/m/it/10 A \OMS/c
msy/m/n/10 ^^@ \OML/cmm/m/it/10 B$ \OT1/cmr/m/n/10 swaps
 []


Underfull \hbox (badness 4366) in paragraph at lines 261--267
\OT1/cmr/m/n/10 to $\OML/cmm/m/it/10 B \OMS/cmsy/m/n/10 ^^@ \OML/cmm/m/it/10 A$
 \OT1/cmr/m/n/10 on $(\OML/cmm/m/it/10 ^^V; ^^W\OT1/cmr/m/n/10 )$ ex-change. Th
is con-nects
 []


Underfull \hbox (badness 10000) in paragraph at lines 261--267
\OT1/cmtt/m/n/10 leviCivitaRiemannQuadratic[]AntisymLastTwo \OT1/cmr/m/n/10 con
-
 []


Underfull \hbox (badness 10000) in paragraph at lines 282--287
[]\OT1/cmr/m/n/10 We en-code [] as \OT1/cmtt/m/n/10 christoffelKoszul gInv
 []


Underfull \hbox (badness 10000) in paragraph at lines 282--287
\OT1/cmtt/m/n/10 dg : Christoffel\OT1/cmr/m/n/10 , a non-com-putable func-tion
 []


Underfull \hbox (badness 7116) in paragraph at lines 282--287
\OT1/cmr/m/n/10 (the $1\OML/cmm/m/it/10 =\OT1/cmr/m/n/10 2$ fac-tor de-pends on
 the non-com-putable
 []


Underfull \hbox (badness 1231) in paragraph at lines 282--287
\OT1/cmtt/m/n/10 Real.instDivInvMonoid\OT1/cmr/m/n/10 ). The sub-stan-tive con-
tent
 []


Underfull \hbox (badness 3209) in paragraph at lines 304--335
\OT1/cmr/m/n/10 ge-om-e-try [[], []] reads: ev-ery torsion-free metric-
 []


Underfull \hbox (badness 6608) in paragraph at lines 304--335
\OT1/cmr/m/n/10 scope a tempt-ing but \OT1/cmr/m/it/10 triv-ial \OT1/cmr/m/n/10
 en-cod-ing ships a
 []


Underfull \hbox (badness 10000) in paragraph at lines 342--345
[][]\OT1/cmr/bx/n/10 Theorem 4 \OT1/cmr/m/n/10 (Con-stan-t--met-ric van-ish-ing
 cur-va-
 []


Underfull \hbox (badness 10000) in paragraph at lines 342--345
\OT1/cmr/m/n/10 ture)\OT1/cmr/bx/n/10 . []\OT1/cmr/m/it/10 If \OT1/cmtt/m/it/10
 MetricPartialZero dg \OT1/cmr/m/it/10 (all com-po-nents
 []


Underfull \hbox (badness 7869) in paragraph at lines 342--345
\OT1/cmr/m/it/10 van-ish), then the Levi-Civita quadratic Rie-mann
 []

[3]

Package hyperref Warning: Token not allowed in a PDF string (Unicode):
(hyperref)                removing `math shift' on input line 369.


Package hyperref Warning: Token not allowed in a PDF string (Unicode):
(hyperref)                removing `\partial' on input line 369.


Package hyperref Warning: Token not allowed in a PDF string (Unicode):
(hyperref)                removing `\Gamma' on input line 369.


Package hyperref Warning: Token not allowed in a PDF string (Unicode):
(hyperref)                removing `math shift' on input line 369.


Underfull \hbox (badness 7722) in paragraph at lines 400--404
[][]\OT1/cmr/bx/n/10 Theorem 5 \OT1/cmr/m/n/10 (Lin-ear--piece first Bianchi)\O
T1/cmr/bx/n/10 . []\OT1/cmr/m/it/10 Un-der
 []


Underfull \hbox (badness 10000) in paragraph at lines 400--404
\OT1/cmtt/m/it/10 ChristoffelPartialTorsionFree \OT1/cmr/m/it/10 ($\OML/cmm/m/i
t/10 d\OT1/cmr/m/n/10 ^^@ \OML/cmm/m/it/10 ^^V ^^Z ^^W ^^[ \OT1/cmr/m/n/10 =
 []


Underfull \hbox (badness 1688) in paragraph at lines 400--404
\OML/cmm/m/it/10 d\OT1/cmr/m/n/10 ^^@ \OML/cmm/m/it/10 ^^V ^^Z ^^[ ^^W$ \OT1/cm
r/m/it/10 for all $\OML/cmm/m/it/10 ^^V; ^^Z; ^^W; ^^[$\OT1/cmr/m/it/10 ), the 
cyclic sum of []
 []


Underfull \hbox (badness 10000) in paragraph at lines 406--409
[]\OT1/cmr/m/n/10 The proof \OT1/cmtt/m/n/10 linear[]combination\OT1/cmr/m/n/10
 -discharges three
 []


Underfull \hbox (badness 10000) in paragraph at lines 406--409
\OT1/cmr/m/n/10 torsion-free swap equa-tions weighted with signs
 []


Underfull \hbox (badness 1221) in paragraph at lines 411--414
[][]\OT1/cmr/bx/n/10 Theorem 6 \OT1/cmr/m/n/10 (Quadrat-ic--piece first Bianchi
)\OT1/cmr/bx/n/10 . []\OT1/cmr/m/it/10 Un-der
 []


Underfull \hbox (badness 10000) in paragraph at lines 431--434
[][]\OT1/cmr/bx/n/10 Theorem 7 \OT1/cmr/m/n/10 (Ful-l-Rie-mann al-ge-braic firs
t
 []


Underfull \hbox (badness 10000) in paragraph at lines 431--434
\OT1/cmr/m/n/10 Bianchi)\OT1/cmr/bx/n/10 . []\OT1/cmr/m/it/10 Un-der \OT1/cmtt/
m/it/10 IsTorsionFree \OT1/cmr/m/it/10 on $\OT1/cmr/m/n/10 ^^@$ \OT1/cmr/m/it/1
0 and
 []


Underfull \hbox (badness 1735) in paragraph at lines 431--434
\OT1/cmtt/m/it/10 ChristoffelPartialTorsionFree \OT1/cmr/m/it/10 on $\OML/cmm/m
/it/10 d\OT1/cmr/m/n/10 ^^@$\OT1/cmr/m/it/10 , the cyclic
 []


Underfull \hbox (badness 10000) in paragraph at lines 436--445
[]\OT1/cmr/m/n/10 This is the wave-headline classical-GR al-ge-
 []


Underfull \hbox (badness 1184) in paragraph at lines 436--445
\OT1/cmr/m/n/10 braic iden-tity. By $^^@^^@ + (\OML/cmm/m/it/10 @\OT1/cmr/m/n/1
0 ^^@)$ lin-ear-ity, it fol-lows
 []


Underfull \hbox (badness 2486) in paragraph at lines 436--445
\OT1/cmr/m/n/10 iden-tity on the low-ered $(0\OML/cmm/m/it/10 ; \OT1/cmr/m/n/10
 4)$-tensor via SK-EFT-
 []


Underfull \hbox (badness 10000) in paragraph at lines 436--445
\OT1/cmr/m/n/10 Hawking's \OT1/cmtt/m/n/10 Curvature.firstBianchi[]lift \OT1/cm
r/m/n/10 and
 []


Underfull \hbox (badness 10000) in paragraph at lines 436--445
\OT1/cmr/m/n/10 com-bines with the metric-compatible-connection
 []


Underfull \hbox (badness 3861) in paragraph at lines 447--467
\OT1/cmr/m/n/10 lands). Ses-sion 3 ships \OT1/cmtt/m/n/10 BundleRiemannAux.lean

 []


Underfull \hbox (badness 10000) in paragraph at lines 447--467
\OT1/cmr/m/n/10 con-sum-ing $[]$ +
 []


Underfull \hbox (badness 10000) in paragraph at lines 447--467
[]$\OT1/cmr/m/n/10 . Ses-sions 4a + 4b
 []


Underfull \hbox (badness 6477) in paragraph at lines 447--467
\OT1/cmr/m/n/10 ship \OT1/cmtt/m/n/10 BundleRiemann.lean \OT1/cmr/m/n/10 with c
yclic Ja-cobi for
 []


Underfull \hbox (badness 10000) in paragraph at lines 447--467
\OT1/cmr/m/n/10 + root-namespace $[]$
 []


Underfull \hbox (badness 1158) in paragraph at lines 447--467
\OT1/cmr/m/n/10 / $[]$ Bonn-API helpers. Ses-sions 5 + 5b ship
 []


Underfull \hbox (badness 2343) in paragraph at lines 447--467
\OT1/cmtt/m/n/10 LeviCivita.lean \OT1/cmr/m/n/10 with the sub-stan-tive bundle-
level
 []


Underfull \hbox (badness 2846) in paragraph at lines 447--467
\OT1/cmr/m/n/10 Levi-Civita unique-ness via the Koszul-bilinear-form
 []


Underfull \hbox (badness 1681) in paragraph at lines 447--467
[][]$ \OT1/cmr/m/n/10 for the three-argument $\OML/cmm/m/it/10 R\OT1/cmr/m/n/10
 (\OML/cmm/m/it/10 X; Y; Z\OT1/cmr/m/n/10 )$ and the
 []


Package hyperref Warning: Token not allowed in a PDF string (Unicode):
(hyperref)                removing `math shift' on input line 481.


Package hyperref Warning: Token not allowed in a PDF string (Unicode):
(hyperref)                removing `\partial' on input line 481.


Package hyperref Warning: Token not allowed in a PDF string (Unicode):
(hyperref)                removing `superscript' on input line 481.


Package hyperref Warning: Token not allowed in a PDF string (Unicode):
(hyperref)                removing `\Gamma' on input line 481.


Package hyperref Warning: Token not allowed in a PDF string (Unicode):
(hyperref)                removing `math shift' on input line 481.

[4]
Overfull \hbox (74.54189pt too wide) detected at line 512
[][][]\OMS/cmsy/m/n/10 r[]\OML/cmm/m/it/10 T[][][] \OT1/cmr/m/n/10 = \OML/cmm/m
/it/10 @[]T[][][] \OT1/cmr/m/n/10 + ^^@[][][]\OML/cmm/m/it/10 T[][][] \OMS/cmsy
/m/n/10 ^^@ \OT1/cmr/m/n/10 ^^@[][][]\OML/cmm/m/it/10 T[][][] \OMS/cmsy/m/n/10 
^^@ \OT1/cmr/m/n/10 ^^@[][][]\OML/cmm/m/it/10 T[][][] \OMS/cmsy/m/n/10 ^^@ \OT1
/cmr/m/n/10 ^^@[][][]\OML/cmm/m/it/10 T[][][]:
 []


Underfull \hbox (badness 1038) in paragraph at lines 512--518
\OT1/cmr/m/n/10 to-gether with its par-tial $\OML/cmm/m/it/10 @T \OT1/cmr/m/n/1
0 : []$ as
 []


Overfull \hbox (61.89171pt too wide) detected at line 544
[][][]\OML/cmm/m/it/10 @[][]@[]\OT1/cmr/m/n/10 ^^@[][][] \OMS/cmsy/m/n/10 ^^@ \
OML/cmm/m/it/10 @[]\OT1/cmr/m/n/10 ^^@[][][][] + \OML/cmm/m/it/10 @[][]@[]\OT1/
cmr/m/n/10 ^^@[][][] \OMS/cmsy/m/n/10 ^^@ \OML/cmm/m/it/10 @[]\OT1/cmr/m/n/10 ^
^@[][][][] + \OML/cmm/m/it/10 @[][]@[]\OT1/cmr/m/n/10 ^^@[][][] \OMS/cmsy/m/n/1
0 ^^@ \OML/cmm/m/it/10 @[]\OT1/cmr/m/n/10 ^^@[][][][] = 0\OML/cmm/m/it/10 :
 []


Overfull \hbox (51.1791pt too wide) detected at line 646
[]
 []

[5]

Package hyperref Warning: Token not allowed in a PDF string (Unicode):
(hyperref)                removing `math shift' on input line 648.


Package hyperref Warning: Token not allowed in a PDF string (Unicode):
(hyperref)                removing `math shift' on input line 648.


Package hyperref Warning: Token not allowed in a PDF string (Unicode):
(hyperref)                removing `math shift' on input line 648.


Package hyperref Warning: Token not allowed in a PDF string (Unicode):
(hyperref)                removing `math shift' on input line 648.


Underfull \hbox (badness 1735) in paragraph at lines 650--658
[]\OT1/cmr/m/n/10 The two wave-headlines of Ses-sion 3 are purely
 []


Underfull \hbox (badness 10000) in paragraph at lines 650--658
\OT1/cmr/m/n/10 al-ge-braic con-se-quences of (a) the man-i-fold Lie
 []


Underfull \hbox (badness 10000) in paragraph at lines 650--658
\OT1/cmr/m/n/10 bracket lem-mas $[]$
 []


Underfull \hbox (badness 10000) in paragraph at lines 650--658
\OT1/cmr/m/n/10 and $[]$ in
 []


Underfull \hbox (badness 1968) in paragraph at lines 650--658
\OT1/cmr/m/n/10 [[]], and (b) the type-level continuous-linearity of
 []


Underfull \hbox (badness 2057) in paragraph at lines 660--663
[][]\OT1/cmr/bx/n/10 Theorem 10 \OT1/cmr/m/n/10 ($\OML/cmm/m/it/10 R\OT1/cmr/m/
n/10 (\OML/cmm/m/it/10 X; X\OT1/cmr/m/n/10 )\OML/cmm/m/it/10 Z \OT1/cmr/m/n/10 
= 0$)\OT1/cmr/bx/n/10 . []\OT1/cmr/m/it/10 For any $[] \OT1/cmr/m/n/10 :
 []


Underfull \hbox (badness 2035) in paragraph at lines 660--663
\OT1/cmr/m/it/10 vec-tor field $\OML/cmm/m/it/10 X$\OT1/cmr/m/it/10 , any sec-t
ion $\OML/cmm/m/it/10 Z$\OT1/cmr/m/it/10 , and any point $\OML/cmm/m/it/10 x$\O
T1/cmr/m/it/10 ,
 []


Underfull \hbox (badness 2521) in paragraph at lines 665--670
[]\OT1/cmr/m/n/10 The proof un-folds the def-i-ni-tion; the first two
 []


Underfull \hbox (badness 1325) in paragraph at lines 665--670
\OT1/cmr/m/n/10 sum-mands can-cel im-me-di-ately ($\OML/cmm/m/it/10 A \OMS/cmsy
/m/n/10 ^^@ \OML/cmm/m/it/10 A \OT1/cmr/m/n/10 = 0$); the
 []


Underfull \hbox (badness 3803) in paragraph at lines 665--670
\OT1/cmr/m/n/10 third sum-mand van-ishes via $[] :
 []


Underfull \hbox (badness 2990) in paragraph at lines 672--676
\OT1/cmr/m/it/10 any $[]$, any vec-tor fields $\OML/cmm/m/it/10 X; Y$\OT1/cmr/m
/it/10 , any sec-tion $\OML/cmm/m/it/10 Z$\OT1/cmr/m/it/10 ,
 []


Underfull \hbox (badness 1308) in paragraph at lines 672--676
\OT1/cmr/m/it/10 and any point $\OML/cmm/m/it/10 x$\OT1/cmr/m/it/10 , $[] [] \O
ML/cmm/m/it/10 X Y Z x \OT1/cmr/m/n/10 =
 []


Underfull \hbox (badness 10000) in paragraph at lines 678--687
[]\OT1/cmr/m/n/10 The proof rewrites the bracket via
 []


Underfull \hbox (badness 3954) in paragraph at lines 678--687
[] \OT1/cmr/m/n/10 : [] \OML/cmm/m/it/10 I X Y x \OT1/cmr/m/n/10 =
 []


Underfull \hbox (badness 4217) in paragraph at lines 678--687
\OT1/cmr/m/n/10 com-pan-ion $[]$ is shipped via
 []


Underfull \hbox (badness 7595) in paragraph at lines 695--699
[][]\OT1/cmr/bx/n/10 Theorem 12 \OT1/cmr/m/n/10 (Com-mut-ing-vec-tor--fields sp
e-cial-i-sa-
 []


Underfull \hbox (badness 10000) in paragraph at lines 695--699
[] [] \OML/cmm/m/it/10 X Y Z x \OT1/cmr/m/n/10 = []( \OML/cmm/m/it/10 y \OMS/cm
sy/m/n/10 7!
 []

LaTeX Font Info:    Font shape `OT1/cmtt/bx/n' in size <9> not available
(Font)              Font shape `OT1/cmtt/m/n' tried instead on input line 708.

Underfull \hbox (badness 10000) in paragraph at lines 710--715
\OT1/cmr/m/n/10 poth-e-sis $[] \OML/cmm/m/it/10 F [] []$
 []


Underfull \hbox (badness 10000) in paragraph at lines 710--715
\OT1/cmr/m/n/10 and the type-class $[[] \U/msb/m/n/10 K \OML/cmm/m/it/10 F V\OT
1/cmr/m/n/10 ]$,
 []


Underfull \hbox (badness 6792) in paragraph at lines 710--715
\OT1/cmr/m/n/10 which to-gether sup-ply $[] 0 = 0$ via Bonn's
 []


Underfull \hbox (badness 10000) in paragraph at lines 717--722
[][]\OT1/cmr/bx/n/10 Theorem 13 \OT1/cmr/m/n/10 ($\OML/cmm/m/it/10 R\OT1/cmr/m/
n/10 (\OML/cmm/m/it/10 X; Y\OT1/cmr/m/n/10 ) 0 = 0$)\OT1/cmr/bx/n/10 .
 []


Underfull \hbox (badness 4316) in paragraph at lines 717--722
[]$[] [] \OML/cmm/m/it/10 X Y \OT1/cmr/m/n/10 (0 : ^^E \OML/cmm/m/it/10 x; V x\
OT1/cmr/m/n/10 ) \OML/cmm/m/it/10 x \OT1/cmr/m/n/10 = 0$\OT1/cmr/m/it/10 ,
 []


Underfull \hbox (badness 10000) in paragraph at lines 725--732
[][]\OT1/cmr/bx/n/10 Theorem 14 \OT1/cmr/m/n/10 ($\OML/cmm/m/it/10 R\OT1/cmr/m/
n/10 (0\OML/cmm/m/it/10 ; Y\OT1/cmr/m/n/10 ) \OML/cmm/m/it/10 Z \OT1/cmr/m/n/10
 = 0$)\OT1/cmr/bx/n/10 .
 []


Underfull \hbox (badness 10000) in paragraph at lines 725--732
\OT1/cmr/m/n/10 0$ \OT1/cmr/m/it/10 fol-lowed by $[]$;
 []


Underfull \hbox (badness 2012) in paragraph at lines 751--766
\OT1/cmr/m/n/10 build + bun-dled $[]$ +
 []


Underfull \hbox (badness 1077) in paragraph at lines 751--766
\OT1/cmr/m/n/10 ten-so-ri-al-ity + spe-cial-i-sa-tion to co-or-di-nate scope on

 []


Underfull \hbox (badness 1490) in paragraph at lines 751--766
\OT1/cmr/m/n/10 ti-ties to-gether with the load-bearing $\OMS/cmsy/m/n/10 r[]\O
ML/cmm/m/it/10 G[] \OT1/cmr/m/n/10 = 0$
 []


Underfull \hbox (badness 1924) in paragraph at lines 751--766
\OT1/cmr/m/n/10 dis-charge for \OT1/cmtt/m/n/10 EinsteinTensor.lean\OT1/cmr/m/n
/10 ) is de-ferred as
 []

[6]
Underfull \hbox (badness 1253) in paragraph at lines 770--778
[]\OT1/cmtt/m/n/10 BundleRiemann.lean \OT1/cmr/m/n/10 ex-tends the Ses-sion 3 b
are-
 []


Underfull \hbox (badness 1365) in paragraph at lines 770--778
\OT1/cmr/m/n/10 function $[]$ with the al-ge-braic first
 []


Underfull \hbox (badness 2990) in paragraph at lines 770--778
\OT1/cmr/m/n/10 dle is the tan-gent bun-dle (so the cyclic per-mu-
 []


Underfull \hbox (badness 2495) in paragraph at lines 770--778
\OT1/cmr/m/n/10 ta-tion $\OML/cmm/m/it/10 R\OT1/cmr/m/n/10 (\OML/cmm/m/it/10 X;
 Y\OT1/cmr/m/n/10 )\OML/cmm/m/it/10 Z \OT1/cmr/m/n/10 + \OML/cmm/m/it/10 R\OT1/
cmr/m/n/10 (\OML/cmm/m/it/10 Y; Z\OT1/cmr/m/n/10 )\OML/cmm/m/it/10 X \OT1/cmr/m
/n/10 + \OML/cmm/m/it/10 R\OT1/cmr/m/n/10 (\OML/cmm/m/it/10 Z; X\OT1/cmr/m/n/10
 )\OML/cmm/m/it/10 Y$ \OT1/cmr/m/n/10 is well-
 []


Underfull \hbox (badness 1320) in paragraph at lines 770--778
\OT1/cmr/m/n/10 stract layer (Ses-sion 4a) pa-ram-e-terised by ab-stract
 []


Underfull \hbox (badness 3780) in paragraph at lines 770--778
\OT1/cmr/m/n/10 Bonn-API-discharged layer (Ses-sion 4b) con-sum-ing
 []


Package hyperref Warning: Token not allowed in a PDF string (Unicode):
(hyperref)                removing `math shift' on input line 779.


Package hyperref Warning: Token not allowed in a PDF string (Unicode):
(hyperref)                removing `math shift' on input line 779.


Underfull \hbox (badness 10000) in paragraph at lines 785--800
\OT1/cmr/m/n/10 [\OML/cmm/m/it/10 V; \OT1/cmr/m/n/10 [\OML/cmm/m/it/10 U; W\OT1
/cmr/m/n/10 ]][]$ (\OT1/cmtt/m/n/10 leibniz[]identity[]mlieBracket[]apply\OT1/c
mr/m/n/10 ).
 []


Underfull \hbox (badness 10000) in paragraph at lines 785--800
\OT1/cmr/m/n/10 and inner-negation dis-tri-bu-tion $[\OML/cmm/m/it/10 Y; \OMS/c
msy/m/n/10 ^^@\OT1/cmr/m/n/10 [\OML/cmm/m/it/10 Z; X\OT1/cmr/m/n/10 ]][] =
 []


Underfull \hbox (badness 4752) in paragraph at lines 785--800
\OT1/cmr/m/n/10 (which Math-lib also lacks at \OT1/cmtt/m/n/10 8850ed93\OT1/cmr
/m/n/10 ). The
 []


Underfull \hbox (badness 10000) in paragraph at lines 785--800
\OT1/cmr/m/n/10 negation-distribution lemma is it-self de-rived in
 []


Underfull \hbox (badness 2042) in paragraph at lines 785--800
\OMS/cmsy/m/n/10 ^^X \OT1/cmr/m/n/10 5$ lines from $[]$ at
 []


Underfull \hbox (badness 1584) in paragraph at lines 785--800
\OT1/cmtt/m/n/10 mlieBracket[]neg[]left[]apply \OT1/cmr/m/n/10 ships in par-al-
lel as a
 []


Overfull \hbox (202.47632pt too wide) detected at line 816
[] [] \OML/cmm/m/it/10 X Y Z x \OT1/cmr/m/n/10 + [] [] \OML/cmm/m/it/10 Y Z X x
 \OT1/cmr/m/n/10 + [] [] \OML/cmm/m/it/10 Z X Y x \OT1/cmr/m/n/10 = 0\OML/cmm/m
/it/10 :
 []


Package hyperref Warning: Token not allowed in a PDF string (Unicode):
(hyperref)                removing `math shift' on input line 827.


Package hyperref Warning: Token not allowed in a PDF string (Unicode):
(hyperref)                removing `math shift' on input line 827.


Underfull \hbox (badness 10000) in paragraph at lines 829--841
[]\OT1/cmtt/m/n/10 root[].ContMDiffAt.mlieBracket[]vectorField\OT1/cmr/m/n/10 )
:
 []


Underfull \hbox (badness 1661) in paragraph at lines 829--841
[]\OT1/cmtt/m/n/10 root[].IsCovariantDerivativeOn.neg \OT1/cmr/m/n/10 (de-rived
 from
 []


Underfull \hbox (badness 10000) in paragraph at lines 829--841
\OT1/cmr/m/n/10 and []\OT1/cmtt/m/n/10 root[].IsCovariantDerivativeOn.sub
 []


Underfull \hbox (badness 10000) in paragraph at lines 829--841
\OT1/cmr/m/n/10 (de-rived from $[]$ + $[]$ + section-level
 []


Overfull \hbox (108.89684pt too wide) detected at line 847
[]
 []


Underfull \hbox (badness 2173) in paragraph at lines 847--857
\OT1/cmr/m/n/10 re-expresses the ab-stract first Bianchi by con-sum-
 []


Underfull \hbox (badness 3849) in paragraph at lines 847--857
\OT1/cmr/m/n/10 universally-quantified ab-stract section-additivity hy-
 []

[7]
Underfull \hbox (badness 4913) in paragraph at lines 875--885
\OT1/cmr/m/n/10 Nomizu Thm IV.2.2): ev-ery torsion-free metric-
 []


Underfull \hbox (badness 1371) in paragraph at lines 875--885
\OT1/cmr/m/n/10 equal-ity fol-lows from the Koszul-bilinear-form iden-
 []


Underfull \hbox (badness 1348) in paragraph at lines 898--907
\OT1/cmr/m/n/10 point-wise. The proof routes via bi-lin-ear-ity of $\OML/cmm/m/
it/10 g[]$
 []


Package hyperref Warning: Token not allowed in a PDF string (Unicode):
(hyperref)                removing `math shift' on input line 908.


Package hyperref Warning: Token not allowed in a PDF string (Unicode):
(hyperref)                removing `math shift' on input line 908.


Underfull \hbox (badness 10000) in paragraph at lines 913--915
 []$[]$\OT1/cmr/m/n/10 : $[]$ is a co-vari-ant deriva-tive
 []


Underfull \hbox (badness 2035) in paragraph at lines 915--918
 []$[]$\OT1/cmr/m/n/10 : $[] \OML/cmm/m/it/10 W x \OT1/cmr/m/n/10 (\OML/cmm/m/i
t/10 V x\OT1/cmr/m/n/10 ) \OMS/cmsy/m/n/10 ^^@ [] \OML/cmm/m/it/10 V x \OT1/cmr
/m/n/10 (\OML/cmm/m/it/10 W x\OT1/cmr/m/n/10 ) =
 []


Overfull \hbox (136.13602pt too wide) detected at line 923
[] \OT1/cmr/m/n/10 (\OML/cmm/m/it/10 y \OMS/cmsy/m/n/10 7! \OML/cmm/m/it/10 g[]
\OT1/cmr/m/n/10 (\OML/cmm/m/it/10 Y y; Z y\OT1/cmr/m/n/10 )) \OML/cmm/m/it/10 x
 \OT1/cmr/m/n/10 (\OML/cmm/m/it/10 X x\OT1/cmr/m/n/10 ) = \OML/cmm/m/it/10 g[]\
OT1/cmr/m/n/10 ([] \OML/cmm/m/it/10 Y x \OT1/cmr/m/n/10 (\OML/cmm/m/it/10 X x\O
T1/cmr/m/n/10 )\OML/cmm/m/it/10 ; Z x\OT1/cmr/m/n/10 ) + \OML/cmm/m/it/10 g[]\O
T1/cmr/m/n/10 (\OML/cmm/m/it/10 Y x; [] Z x \OT1/cmr/m/n/10 (\OML/cmm/m/it/10 X
 x\OT1/cmr/m/n/10 ))\OML/cmm/m/it/10 :
 []


Underfull \hbox (badness 10000) in paragraph at lines 925--930
\OT1/cmr/m/n/10 The metric-compat con-di-tion uses Math-lib's
 []


Underfull \hbox (badness 7344) in paragraph at lines 925--930
[] \OMS/cmsy/m/n/10 I\OT1/cmr/m/n/10 (\U/msb/m/n/10 K\OML/cmm/m/it/10 ; \U/msb/
m/n/10 K\OT1/cmr/m/n/10 ) \OML/cmm/m/it/10 v$ \OT1/cmr/m/n/10 type-elaboration 
fric-tion at
 []


Package hyperref Warning: Token not allowed in a PDF string (Unicode):
(hyperref)                removing `math shift' on input line 937.


Package hyperref Warning: Token not allowed in a PDF string (Unicode):
(hyperref)                removing `math shift' on input line 937.


Underfull \hbox (badness 10000) in paragraph at lines 942--944
\OT1/cmr/m/n/10 derives the Koszul bilinear-form iden-tity from
 []


Overfull \hbox (120.75145pt too wide) detected at line 950
[]
 []


Underfull \hbox (badness 1365) in paragraph at lines 950--964
\OT1/cmr/m/n/10 symmetry in-stances; and sub-sti-tutes torsion-free at
 []

[8]
Underfull \hbox (badness 1629) in paragraph at lines 981--989
[]\OT1/cmr/m/n/10 This is the sub-stan-tive Wald \TS1/cmr/m/n/10 §\OT1/cmr/m/n/
10 3.1 / Kobayashi-
 []


Underfull \hbox (badness 10000) in paragraph at lines 992--1002
[]\OT1/cmr/m/n/10 The section-level $[]$ the-o-rem
 []


Underfull \hbox (badness 1466) in paragraph at lines 992--1002
\OT1/cmr/m/n/10 con-sumer; per au-dit dis-ci-pline, cut and re-add at
 []


Underfull \hbox (badness 3302) in paragraph at lines 1014--1034
 []\OT1/cmr/bx/n/10 6f.2 sec-ond Bianchi. $\OMS/cmsy/m/n/10 r[]\OML/cmm/m/it/10
 G[] \OT1/cmr/m/n/10 = 0$ re-
 []


Underfull \hbox (badness 2181) in paragraph at lines 1014--1034
 \OT1/cmr/m/n/10 quires a covariant-divergence op-er-a-tor on the
 []


Underfull \hbox (badness 1337) in paragraph at lines 1014--1034
 \OT1/cmr/m/n/10 hand and the al-ge-braic first Bianchi shipped,
 []


Underfull \hbox (badness 1931) in paragraph at lines 1014--1034
 \OT1/cmr/m/n/10 the di-ver-gence can be ex-pressed as an al-ge-
 []


Underfull \hbox (badness 2735) in paragraph at lines 1014--1034
 \OT1/cmr/m/n/10 braic iden-tity in $(\OML/cmm/m/it/10 g; @g; @[]g\OT1/cmr/m/n/
10 )$ and the sec-ond
 []


Underfull \hbox (badness 1337) in paragraph at lines 1014--1034
 \OML/cmm/m/it/10 @[]\OT1/cmr/m/n/10 ^^@$ car-rier with the Schwarz hy-poth-e-s
is, the
 []


Underfull \hbox (badness 5460) in paragraph at lines 1034--1045
 []\OT1/cmr/bx/n/10 6f.4 Schwarzschild vacuum-Ricci. \OT1/cmr/m/n/10 The
 []


Underfull \hbox (badness 1009) in paragraph at lines 1045--1051
 \OT1/cmr/m/n/10 to the spa-tial con-nec-tion and reuse the same
 []


Underfull \hbox (badness 1910) in paragraph at lines 1062--1069
 \OT1/cmr/m/n/10 These de-fer-rals are blocked on a Lorentzian-
 []


Underfull \hbox (badness 1019) in paragraph at lines 1074--1084
\OT1/cmr/m/n/10 tent on 2026-04-30, end-to-end, im-me-di-ately fol-low-
 []

[9]

LaTeX Warning: Reference `sec:bundle-leviCivita' on page 10 undefined on input 
line 1090.


Underfull \hbox (badness 10000) in paragraph at lines 1085--1094
 []\OT1/cmr/bx/n/10 LorentzianBundle.lean \OT1/cmr/m/n/10 (5 sub-stan-tive
 []


Underfull \hbox (badness 10000) in paragraph at lines 1085--1094
 \OT1/cmr/m/n/10 the-o-rems + 2 struc-tures): bundle-level
 []


Underfull \hbox (badness 10000) in paragraph at lines 1085--1094
 \OT1/cmr/m/n/10 (sym-met-ric + non-degenerate fiber bi-lin-
 []


Underfull \hbox (badness 10000) in paragraph at lines 1085--1094
 \OT1/cmr/m/n/10 ear form) with the wave-headline bridge
 []


Underfull \hbox (badness 10000) in paragraph at lines 1085--1094
 \OT1/cmtt/m/n/10 leviCivita[]unique[]for[]lorentzianBundle
 []


Underfull \hbox (badness 1117) in paragraph at lines 1085--1094
 \OT1/cmr/m/n/10 com-pos-ing this pa-per's \TS1/cmr/m/n/10 § [] \OT1/cmr/m/n/10
 com-po-si-tion the-
 []


Underfull \hbox (badness 10000) in paragraph at lines 1085--1094
 \OT1/cmr/m/n/10 o-rem \OT1/cmtt/m/n/10 leviCivita[]unique[]of[]isLeviCivita\OT
1/cmr/m/n/10 ;
 []


Underfull \hbox (badness 10000) in paragraph at lines 1085--1094
 \OT1/cmr/m/n/10 bundle-level Riemannian-vs-Lorentzian fal-si-fier
 []


Overfull \hbox (108.95485pt too wide) in paragraph at lines 1085--1094
 \OT1/cmtt/m/n/10 riemannianBundle[]not[]lorentzianBundle[]with[]negative[]self
[]pairing\OT1/cmr/m/n/10 . 
 []


LaTeX Warning: Reference `sec:bundle-leviCivita' on page 10 undefined on input 
line 1099.


Underfull \hbox (badness 10000) in paragraph at lines 1094--1101
 []\OT1/cmr/bx/n/10 NullGeodesic.lean \OT1/cmr/m/n/10 (4 sub-stan-tive the-o-re
ms
 []


Underfull \hbox (badness 5050) in paragraph at lines 1094--1101
 \OT1/cmr/m/n/10 + 1 struc-ture + 1 def): vector-field-level
 []


Underfull \hbox (badness 10000) in paragraph at lines 1094--1101
 \OT1/cmr/m/n/10 null auto-parallel con-gru-ence with sub-stan-
 []


Underfull \hbox (badness 10000) in paragraph at lines 1094--1101
 \OT1/cmr/m/n/10 tive metric-compatibility-driven preser-va-
 []


Underfull \hbox (badness 3803) in paragraph at lines 1094--1101
 \OT1/cmr/m/n/10 tion of the null self-pairing along the flow
 []


Overfull \hbox (15.56679pt too wide) in paragraph at lines 1094--1101
 \OT1/cmr/m/n/10 (\OT1/cmtt/m/n/10 autoparallel[]self[]metric[]compat[]dir[]der
iv[]zero
 []


Overfull \hbox (4.9442pt too wide) in paragraph at lines 1094--1101
 \OT1/cmr/m/n/10 con-sumes \TS1/cmr/m/n/10 § []\OT1/cmr/m/n/10 's \OT1/cmtt/m/n
/10 IsLeviCivita.metric[]compatible
 []


Underfull \hbox (badness 10000) in paragraph at lines 1101--1107
 []\OT1/cmr/bx/n/10 RaychaudhuriEquation.lean \OT1/cmr/m/n/10 (5 sub-stan-tive
 []


Underfull \hbox (badness 6078) in paragraph at lines 1101--1107
 \OT1/cmr/m/n/10 hypersurface-orthogonal + non-negative shear
 []


Underfull \hbox (badness 10000) in paragraph at lines 1107--1114
 []\OT1/cmr/bx/n/10 FocalPoint.lean \OT1/cmr/m/n/10 (6 sub-stan-tive the-
 []


Underfull \hbox (badness 10000) in paragraph at lines 1107--1114
 \OT1/cmr/m/n/10 o-rems + 1 def): focal-configuration
 []


Underfull \hbox (badness 10000) in paragraph at lines 1107--1114
 \OT1/cmr/m/n/10 pred-i-cate \OT1/cmtt/m/n/10 IsFocalConfigurationFor \OT1/cmr/
m/n/10 +
 []


Underfull \hbox (badness 10000) in paragraph at lines 1107--1114
 \OT1/cmr/m/n/10 Riccati-comparison bridge to the 6g.2
 []


Underfull \hbox (badness 10000) in paragraph at lines 1107--1114
 \TS1/cmr/m/n/10 §\OT1/cmr/m/n/10 1 closed-form \OT1/cmtt/m/n/10 riccatiSolutio
n[]neg \OT1/cmr/m/n/10 /
 []


Underfull \hbox (badness 10000) in paragraph at lines 1114--1120
 []\OT1/cmr/bx/n/10 PenroseSingularityCurveTheoretic.lean
 []


Underfull \hbox (badness 10000) in paragraph at lines 1114--1120
 \OT1/cmr/m/n/10 (5 sub-stan-tive the-o-rems + 1 struc-ture):
 []


Underfull \hbox (badness 10000) in paragraph at lines 1114--1120
 \OT1/cmr/m/n/10 the wave-completion com-po-si-tion the-o-rem
 []


Underfull \hbox (badness 10000) in paragraph at lines 1114--1120
 \OT1/cmtt/m/n/10 penrose[]singularity[]curve[]theoretic
 []


Underfull \hbox (badness 10000) in paragraph at lines 1114--1120
 \OT1/cmr/m/n/10 pro-duc-ing geodesic-incompleteness wit-
 []


Underfull \hbox (badness 10000) in paragraph at lines 1114--1120
 \OT1/cmr/m/n/10 ness + strict-negativity-throughout-window
 []


Underfull \hbox (badness 10000) in paragraph at lines 1114--1120
 \OT1/cmr/m/n/10 from the 3-conjunct hy-poth-e-sis bun-dle
 []


Underfull \hbox (badness 10000) in paragraph at lines 1122--1134
\OT1/cmr/m/n/10 only: \OT1/cmtt/m/n/10 lorentzianBundle[]symm[]apply
 []


Underfull \hbox (badness 10000) in paragraph at lines 1122--1134
\OT1/cmr/m/n/10 P7 lift-without-consumer +
 []


Underfull \hbox (badness 10000) in paragraph at lines 1122--1134
\OT1/cmtt/m/n/10 riemannianBundle[]implies[]lorentzian[]pairing[]pos
 []


Underfull \hbox (badness 1552) in paragraph at lines 1122--1134
\OT1/cmr/m/n/10 at \OT1/cmr/m/it/10 two par-al-lel sub-stan-tive scopes \OT1/cm
r/m/n/10 --- manifold-level
 []


Underfull \hbox (badness 1721) in paragraph at lines 1137--1166
\OT1/cmr/m/n/10 mod-ule \OT1/cmtt/m/n/10 BundleRiemannAux.lean \OT1/cmr/m/n/10 
ad-di-tion-ally adopts
 []


Underfull \hbox (badness 1178) in paragraph at lines 1137--1166
\OT1/cmr/m/n/10 do not con-sume $[\OMS/cmsy/m/n/10 8\OML/cmm/m/it/10 x; [] \OT1
/cmr/m/n/10 (\OML/cmm/m/it/10 V x\OT1/cmr/m/n/10 )]$ /
 []


Underfull \hbox (badness 10000) in paragraph at lines 1137--1166
\OT1/cmr/m/n/10 style id-iom (cf. \OT1/cmtt/m/n/10 Mathlib.Geometry.Manifold.-
 []


Underfull \hbox (badness 10000) in paragraph at lines 1137--1166
\OT1/cmtt/m/n/10 ContMDiff.Atlas \OT1/cmr/m/n/10 for par-al-lel \OT1/cmtt/m/n/1
0 omit \OT1/cmr/m/n/10 us-age), and
 []


Underfull \hbox (badness 1571) in paragraph at lines 1137--1166
\OT1/cmr/m/n/10 opens \OT1/cmtt/m/n/10 VectorField \OT1/cmr/m/n/10 so that \OT1
/cmtt/m/n/10 mlieBracket[]self \OT1/cmr/m/n/10 and
 []


Underfull \hbox (badness 10000) in paragraph at lines 1137--1166
\OT1/cmtt/m/n/10 mlieBracket[]swap[]apply \OT1/cmr/m/n/10 re-solve di-rectly wi
th-out
 []


Underfull \hbox (badness 2961) in paragraph at lines 1137--1166
\OT1/cmr/m/n/10 fully-qualified names. Cross-module bridges from
 []


Underfull \hbox (badness 2961) in paragraph at lines 1137--1166
\OT1/cmr/m/n/10 the \OT1/cmtt/m/n/10 LorentzianMetric \OT1/cmr/m/n/10 mod-ule r
each into ex-ist-ing
 []


Underfull \hbox (badness 3838) in paragraph at lines 1137--1166
\OT1/cmtt/m/n/10 LinearizedEFE.$\OML/cmm/m/it/10 ^^Q$[]\OT1/cmtt/m/n/10 symm\OT
1/cmr/m/n/10 ; the \OT1/cmtt/m/n/10 RiemannianConnection
 []


Underfull \hbox (badness 10000) in paragraph at lines 1137--1166
\OT1/cmr/m/n/10 mod-ule reaches into \OT1/cmtt/m/n/10 Curvature.AntisymLastTwo\
OT1/cmr/m/n/10 ;
 []


Underfull \hbox (badness 10000) in paragraph at lines 1137--1166
\OT1/cmr/m/n/10 the \OT1/cmtt/m/n/10 RiemannCoordinate \OT1/cmr/m/n/10 mod-ule 
reaches into
 []


Underfull \hbox (badness 10000) in paragraph at lines 1137--1166
\OT1/cmr/m/n/10 both \OT1/cmtt/m/n/10 Curvature.FirstBianchi \OT1/cmr/m/n/10 (t
he wave-
 []


Underfull \hbox (badness 10000) in paragraph at lines 1137--1166
\OT1/cmr/m/n/10 headline first-Bianchi pred-i-cate con-sumer) and
 []


Underfull \hbox (badness 10000) in paragraph at lines 1137--1166
\OT1/cmr/m/n/10 W7's \OT1/cmtt/m/n/10 RiemannianConnection.IsTorsionFree \OT1/c
mr/m/n/10 +
 []


Underfull \hbox (badness 1237) in paragraph at lines 1137--1166
\OT1/cmr/m/n/10 cross-module calls are SK-EFT-internal and sur-vive
 []


Underfull \hbox (badness 6125) in paragraph at lines 1137--1166
\OT1/cmtt/m/n/10 IsContinuousLorentzianBundle \OT1/cmr/m/n/10 type-class and th
e
 []


Underfull \hbox (badness 10000) in paragraph at lines 1167--1173
[]\OT1/cmr/m/n/10 The li-brary passes the project's preemptive-
 []


Underfull \hbox (badness 10000) in paragraph at lines 1177--1181
 []\OT1/cmr/m/it/10 a. W7 first-pass cut.[] \OT1/cmr/m/n/10 The W7 wave ap-
 []


Underfull \hbox (badness 2181) in paragraph at lines 1177--1181
\OT1/cmr/m/n/10 plied a sin-gle retroac-tive cut at first-pass re-view:
 []

[10]
Underfull \hbox (badness 10000) in paragraph at lines 1193--1209
 []\OT1/cmtt/m/n/10 IsLeviCivitaForKoszul \OT1/cmr/m/n/10 pred-i-cate def +
 []


Underfull \hbox (badness 10000) in paragraph at lines 1193--1209
 \OT1/cmtt/m/n/10 leviCivita[]unique[]at[]koszul \OT1/cmr/m/n/10 the-o-rem, bot
h
 []


Underfull \hbox (badness 2608) in paragraph at lines 1193--1209
 \OT1/cmr/m/n/10 in \OT1/cmtt/m/n/10 RiemannianConnection.lean\OT1/cmr/m/n/10 .
 The pred-i-
 []


Underfull \hbox (badness 1325) in paragraph at lines 1193--1209
 \OT1/cmr/m/n/10 "$^^@$ equals the closed-form Koszul Christof-fel".
 []


Underfull \hbox (badness 2469) in paragraph at lines 1193--1209
 \OT1/cmr/m/n/10 The "unique-ness" the-o-rem proof was \OT1/cmtt/m/n/10 rw [h,
 []


Underfull \hbox (badness 2653) in paragraph at lines 1193--1209
 \OT1/cmtt/m/n/10 h'] \OT1/cmr/m/n/10 | pure tran-si-tiv-ity of equal-ity throu
gh
 []


Underfull \hbox (badness 1303) in paragraph at lines 1193--1209
 \OT1/cmr/m/n/10 on a def-as-equality pred-i-cate. The sub-stan-
 []


Underfull \hbox (badness 1546) in paragraph at lines 1193--1209
 \OT1/cmr/m/n/10 tive Levi-Civita unique-ness | the Wald \TS1/cmr/m/n/10 §\OT1/
cmr/m/n/10 3.1
 []


Underfull \hbox (badness 2020) in paragraph at lines 1193--1209
 \OT1/cmr/m/n/10 / Kobayashi-Nomizu Thm IV.2.2 fun-da-men-tal
 []


Underfull \hbox (badness 2285) in paragraph at lines 1193--1209
 \OT1/cmr/m/n/10 the bundle-level Koszul-bilinear-form ar-gu-ment
 []


Underfull \hbox (badness 10000) in paragraph at lines 1209--1219
 []\OT1/cmtt/m/n/10 lorentzian[]metric[]nonzero \OT1/cmr/m/n/10 the-o-rem in
 []


Underfull \hbox (badness 4492) in paragraph at lines 1209--1219
 \OT1/cmr/m/n/10 0$" fol-lows from the \OT1/cmtt/m/n/10 IsLorentzianSignature
 []


Underfull \hbox (badness 5050) in paragraph at lines 1209--1219
 \OT1/cmr/m/n/10 sub-stan-tive non-vacuity con-tent lives in the
 []


Underfull \hbox (badness 10000) in paragraph at lines 1209--1219
 \OT1/cmtt/m/n/10 IsLorentzianSignature \OT1/cmr/m/n/10 pred-i-cate def-i-ni-ti
on
 []


Underfull \hbox (badness 5217) in paragraph at lines 1221--1229
[]\OT1/cmr/m/n/10 Both cuts re-tired predicate-level trivial-trans /
 []


Underfull \hbox (badness 4569) in paragraph at lines 1221--1229
\OT1/cmr/m/n/10 corol-lary pat-terns that had no down-stream con-
 []


Underfull \hbox (badness 3989) in paragraph at lines 1221--1229
\OT1/cmr/m/n/10 sumers and whose sub-stan-tive con-tent lives else-
 []


Underfull \hbox (badness 10000) in paragraph at lines 1221--1229
\OT1/cmr/m/n/10 in \OT1/cmtt/m/n/10 feedback[]post[]wave[]strengthening[]audit.
md\OT1/cmr/m/n/10 :
 []


Underfull \hbox (badness 1484) in paragraph at lines 1221--1229
\OT1/cmr/m/n/10 com-pan-ion "unique-ness" the-o-rems at the algebraic-
 []


Underfull \hbox (badness 4927) in paragraph at lines 1221--1229
\OT1/cmr/m/n/10 bundle-level wave where the Koszul bilinear-form
 []


Underfull \hbox (badness 10000) in paragraph at lines 1239--1244
 []$[]$ \OT1/cmr/m/n/10 (Bund-leRie-mann.lean
 []


Underfull \hbox (badness 10000) in paragraph at lines 1239--1244
 \TS1/cmr/m/n/10 §\OT1/cmr/m/n/10 1) | 1-line $[] \OML/cmm/m/it/10 x\OT1/cmr/m/
n/10 ;  [] \OML/cmm/m/it/10 :::[][] \OT1/cmr/m/n/10 (\OML/cmm/m/it/10 h x\OT1/c
mr/m/n/10 )$ lift
 []


Underfull \hbox (badness 7326) in paragraph at lines 1239--1244
 \OT1/cmr/m/n/10 of the point-wise ver-sion. The point-wise
 []


Underfull \hbox (badness 5847) in paragraph at lines 1239--1244
 []$ \OT1/cmr/m/n/10 is the in-ter-nal
 []


Underfull \hbox (badness 10000) in paragraph at lines 1245--1249
 []$[]$ \OT1/cmr/m/n/10 (Bund-leRie-
 []


Underfull \hbox (badness 4429) in paragraph at lines 1245--1249
 \OT1/cmr/m/n/10 mann.lean \TS1/cmr/m/n/10 §\OT1/cmr/m/n/10 2) | 2-line section
-level lift of
 []


Underfull \hbox (badness 10000) in paragraph at lines 1249--1257
 []$[]$ \OT1/cmr/m/n/10 (Levi-Civita.lean \TS1/cmr/m/n/10 §\OT1/cmr/m/n/10 3) |

 []


Underfull \hbox (badness 5637) in paragraph at lines 1249--1257
 []$ \OT1/cmr/m/n/10 lift from the point-wise
 []


Underfull \hbox (badness 1400) in paragraph at lines 1249--1257
 \OT1/cmr/m/n/10 X-form ker-nel ("sec-tion $\OML/cmm/m/it/10 X$ \OT1/cmr/m/n/10
 with $\OML/cmm/m/it/10 X x \OT1/cmr/m/n/10 = \OML/cmm/m/it/10 w$\OT1/cmr/m/n/1
0 ")
 []


Underfull \hbox (badness 10000) in paragraph at lines 1249--1257
 \OT1/cmr/m/n/10 to the V-form ("ar-bi-trary tan-gent vec-tor
 []


Underfull \hbox (badness 2042) in paragraph at lines 1249--1257
 \OML/cmm/m/it/10 V \OMS/cmsy/m/n/10 2 \OML/cmm/m/it/10 T[]M$\OT1/cmr/m/n/10 ")
. Sub-stan-tive con-tent lives in
 []


Underfull \hbox (badness 10000) in paragraph at lines 1249--1257
 []$
 []


Underfull \hbox (badness 10000) in paragraph at lines 1249--1257
 \OT1/cmr/m/n/10 (X-form ker-nel) and
 []


Underfull \hbox (badness 10000) in paragraph at lines 1249--1257
 []$ \OT1/cmr/m/n/10 (com-
 []


Underfull \hbox (badness 4353) in paragraph at lines 1249--1257
 \OT1/cmr/m/n/10 po-si-tion the-o-rem, which routes through the
 []


Underfull \hbox (badness 10000) in paragraph at lines 1259--1271
[]\OT1/cmr/m/n/10 After the cuts the li-brary ships \OT1/cmr/bx/n/10 forty-four

 []


Underfull \hbox (badness 10000) in paragraph at lines 1259--1271
\OT1/cmr/bx/n/10 sub-stan-tive the-o-rems across seven mod-
 []


Underfull \hbox (badness 10000) in paragraph at lines 1259--1271
\OT1/cmr/bx/n/10 ules\OT1/cmr/m/n/10 , zero \OT1/cmtt/m/n/10 sorry\OT1/cmr/m/n/
10 , zero new project ax-ioms;
 []


Underfull \hbox (badness 10000) in paragraph at lines 1259--1271
\OT1/cmr/m/n/10 the sub-stan-tive dec-la-ra-tion count in-cludes
 []


Underfull \hbox (badness 10000) in paragraph at lines 1259--1271
[]$ \OT1/cmr/m/n/10 / $[]$
 []


Underfull \hbox (badness 10000) in paragraph at lines 1275--1288
[]\OT1/cmr/m/n/10 The nat-u-ral upstream-port tar-
 []


Underfull \hbox (badness 10000) in paragraph at lines 1275--1288
\OT1/cmr/m/n/10 get is a \OT1/cmtt/m/n/10 Curvature.lean \OT1/cmr/m/n/10 file u
n-der
 []


Overfull \hbox (58.49734pt too wide) in paragraph at lines 1275--1288
\OT1/cmtt/m/n/10 Mathlib.Geometry.Manifold.VectorBundle.CovariantDerivative
 []


Underfull \hbox (badness 1681) in paragraph at lines 1275--1288
\OT1/cmr/m/n/10 that de-fines the Rie-mann cur-va-ture on a bun-dled
 []


Underfull \hbox (badness 2653) in paragraph at lines 1275--1288
\OT1/cmr/m/n/10 func-tion $\OML/cmm/m/it/10 R\OT1/cmr/m/n/10 (\OML/cmm/m/it/10 
X; Y\OT1/cmr/m/n/10 )\OML/cmm/m/it/10 Z \OT1/cmr/m/n/10 := \OMS/cmsy/m/n/10 r[]
\OT1/cmr/m/n/10 (\OMS/cmsy/m/n/10 r[]\OML/cmm/m/it/10 Z\OT1/cmr/m/n/10 ) \OMS/c
msy/m/n/10 ^^@ r[]\OT1/cmr/m/n/10 (\OMS/cmsy/m/n/10 r[]\OML/cmm/m/it/10 Z\OT1/c
mr/m/n/10 ) \OMS/cmsy/m/n/10 ^^@
 []


Underfull \hbox (badness 10000) in paragraph at lines 1275--1288
\OMS/cmsy/m/n/10 r[]\OML/cmm/m/it/10 Z$\OT1/cmr/m/n/10 , proves antisymmetry-in
-$(\OML/cmm/m/it/10 X; Y\OT1/cmr/m/n/10 )$ via the
 []


Underfull \hbox (badness 10000) in paragraph at lines 1275--1288
\OT1/cmtt/m/n/10 TensorialAt.mkHom$[]$ \OT1/cmr/m/n/10 ma-chin-ery al-ready use
d in
 []


Underfull \hbox (badness 10000) in paragraph at lines 1275--1288
\OT1/cmtt/m/n/10 IsCovariantDerivativeOn.torsion\OT1/cmr/m/n/10 , then de-rives

 []


Underfull \hbox (badness 2846) in paragraph at lines 1275--1288
\OT1/cmr/m/n/10 Levi-Civita unique-ness via the Koszul-bilinear-form
 []

[11]
Underfull \hbox (badness 10000) in paragraph at lines 1289--1293
[]\OT1/cmr/m/n/10 A par-al-lel \OT1/cmtt/m/n/10 Lorentzian.lean \OT1/cmr/m/n/10
 sib-ling of
 []


Underfull \hbox (badness 6893) in paragraph at lines 1289--1293
\OT1/cmtt/m/n/10 Mathlib.Topology.VectorBundle.Riemannian \OT1/cmr/m/n/10 would

 []


Underfull \hbox (badness 1173) in paragraph at lines 1295--1302
[]\OT1/cmr/m/n/10 We are un-aware of a Levi-Civita Christof-fel for-
 []


Underfull \hbox (badness 2846) in paragraph at lines 1295--1302
\OT1/cmr/m/n/10 mal-iza-tion in any proof as-sis-tant. HOL Light's
 []


Underfull \hbox (badness 1127) in paragraph at lines 1304--1340
\OT1/cmr/m/n/10 all ship the con-tent re-ported in this pa-per. Ses-
 []


Underfull \hbox (badness 10000) in paragraph at lines 1304--1340
\OT1/cmr/m/n/10 sion 2 adds \OT1/cmtt/m/n/10 RiemannDifferentialBianchi.lean
 []


Underfull \hbox (badness 8170) in paragraph at lines 1304--1340
\OT1/cmr/m/n/10 with $\OML/cmm/m/it/10 @[]\OT1/cmr/m/n/10 ^^@$ + Schwarz sym-me
-try + the linear-
 []


Underfull \hbox (badness 10000) in paragraph at lines 1304--1340
\OT1/cmr/m/n/10 piece dif-fer-en-tial sec-ond Bianchi iden-tity
 []


Underfull \hbox (badness 1314) in paragraph at lines 1304--1340
\OT1/cmr/m/n/10 bun-dle scope: the bare-function \OT1/cmtt/m/n/10 bundleRiemann
Aux
 []


Underfull \hbox (badness 10000) in paragraph at lines 1304--1340
\OT1/cmr/m/n/10 con-sum-ing Bonn \OT1/cmtt/m/n/10 IsCovariantDerivativeOn \OT1/
cmr/m/n/10 and
 []


Underfull \hbox (badness 1365) in paragraph at lines 1304--1340
\OT1/cmtt/m/n/10 VectorField.mlieBracket \OT1/cmr/m/n/10 (an-ti-sym-met-ric in 
$(\OML/cmm/m/it/10 X; Y\OT1/cmr/m/n/10 )$
 []


Underfull \hbox (badness 3849) in paragraph at lines 1304--1340
\OT1/cmr/m/n/10 from $[]$ an-ti-sym-me-try, van-ish-ing on the
 []


Underfull \hbox (badness 10000) in paragraph at lines 1304--1340
\OT1/cmr/m/n/10 vector-fields spe-cial-i-sa-tion and the section/X-slot
 []


Underfull \hbox (badness 1755) in paragraph at lines 1304--1340
[]$\OT1/cmr/m/n/10 , the ab-stract bundle-level first Bianchi
 []


Underfull \hbox (badness 1137) in paragraph at lines 1304--1340
\OT1/cmr/m/n/10 for $\OML/cmm/m/it/10 V \OT1/cmr/m/n/10 := [] \OML/cmm/m/it/10 
I$ \OT1/cmr/m/n/10 (a $\OMS/cmsy/m/n/10 ^^X$\OT1/cmr/m/n/10 50-line proof close
d
 []


Underfull \hbox (badness 1281) in paragraph at lines 1304--1340
\OT1/cmr/m/n/10 via $[] ([] := [])$), and the
 []


Underfull \hbox (badness 3601) in paragraph at lines 1304--1340
\OT1/cmr/m/n/10 sum-ing $[]$ di-rectly through
 []


Underfull \hbox (badness 10000) in paragraph at lines 1304--1340
\OT1/cmr/m/n/10 ker-nel ($[]$),
 []


Underfull \hbox (badness 2961) in paragraph at lines 1304--1340
\OT1/cmr/m/n/10 the sub-stan-tive 4-conjunct $[]$ pred-i-cate
 []


Underfull \hbox (badness 10000) in paragraph at lines 1304--1340
\OT1/cmr/m/n/10 us-ing Math-lib's $[]$, the wave-headline
 []


Underfull \hbox (badness 3769) in paragraph at lines 1304--1340
[]$ \OT1/cmr/m/n/10 deriva-tion closed
 []


Underfull \hbox (badness 3579) in paragraph at lines 1341--1361
[]\OT1/cmr/bx/n/10 Session 4c (de-ferred). \OT1/cmr/m/n/10 A Mathlib-PR-track
 []


Underfull \hbox (badness 1242) in paragraph at lines 1341--1361
\OT1/cmr/m/n/10 follow-on builds $[][]$ (from ex-ist-ing
 []


Underfull \hbox (badness 1389) in paragraph at lines 1341--1361
\OT1/cmr/m/n/10 a three-line Ja-cobi con-se-quence, and spe-cialises on
 []


Underfull \hbox (badness 2103) in paragraph at lines 1341--1361
[] \U/msb/m/n/10 R \OT1/cmr/m/n/10 ([] 4)$ to de-liver the coordinate-
 []


Underfull \hbox (badness 2626) in paragraph at lines 1341--1361
\OMS/cmsy/m/n/10 r[]\OML/cmm/m/it/10 G[] \OT1/cmr/m/n/10 = 0$ dis-charge for $[
]$.
 []


Underfull \hbox (badness 4699) in paragraph at lines 1341--1361
\OT1/cmr/m/n/10 Ses-sion 4c is not block-ing the SK-EFT physics
 []


Underfull \hbox (badness 1107) in paragraph at lines 1341--1361
\OT1/cmr/m/n/10 pipeline (the Ses-sion 4b $[]$-
 []


Underfull \hbox (badness 2980) in paragraph at lines 1341--1361
\OT1/cmr/m/n/10 Bonn's API at con-sumer sites); it is parked as
 []


Underfull \hbox (badness 1762) in paragraph at lines 1341--1361
\OT1/cmr/m/n/10 Mathlib-PR-track in-fras-truc-ture. Fol-low-ing Ses-sion
 []


Underfull \hbox (badness 10000) in paragraph at lines 1341--1361
\OT1/cmtt/m/n/10 phase6f1[]curvature[]architecture[]decision.md
 []


Underfull \hbox (badness 2158) in paragraph at lines 1370--1377
\OT1/cmr/m/n/10 preemptive-strengthening dis-ci-pline for catch-ing the
 []

LaTeX Font Info:    Trying to load font information for OMS+cmtt on input line 
1385.
LaTeX Font Info:    No file OMScmtt.fd. on input line 1385.

LaTeX Font Warning: Font shape `OMS/cmtt/m/n' undefined
(Font)              using `OMS/cmsy/m/n' instead
(Font)              for symbol `textbraceleft' on input line 1385.


Underfull \hbox (badness 10000) in paragraph at lines 1382--1386
 []\OT1/cmr/m/n/9 P. Mas-sot, M. Roth-gang, H. Mac-beth.
 []


Underfull \hbox (badness 10000) in paragraph at lines 1382--1386
 \OT1/cmr/m/n/9 Math-lib4 co-vari-ant deriva-tives li-brary.
 []


Underfull \hbox (badness 10000) in paragraph at lines 1382--1386
 \OT1/cmr/m/it/9 Math-lib4 com-mit 8850ed93\OT1/cmr/m/n/9 , April 2026.
 []


Overfull \hbox (124.4042pt too wide) in paragraph at lines 1382--1386
 \OT1/cmtt/m/n/9 Mathlib.Geometry.Manifold.VectorBundle.CovariantDerivative.\OM
S/cmtt/m/n/9 f\OT1/cmtt/m/n/9 Basic,Torsion\OMS/cmtt/m/n/9 g\OT1/cmr/m/n/9 . 
 []


Overfull \vbox (5.1023pt too high) has occurred while \output is active []


Overfull \vbox (5.1023pt too high) has occurred while \output is active []


[12]
Underfull \hbox (badness 1337) in paragraph at lines 1388--1393
 []\OT1/cmr/m/n/9 S. Gou^^?ezel.  Rie-man-nian vec-tor bun-dles in Math-
 []


Underfull \hbox (badness 5970) in paragraph at lines 1388--1393
 \OT1/cmr/m/n/9 lib4.  \OT1/cmr/m/it/9 Math-lib4 com-mit 8850ed93\OT1/cmr/m/n/9
 , March 2026.
 []


Underfull \hbox (badness 10000) in paragraph at lines 1388--1393
 \OT1/cmtt/m/n/9 Mathlib.Topology.VectorBundle.Riemannian\OT1/cmr/m/n/9 ;
 []


Overfull \hbox (6.48053pt too wide) in paragraph at lines 1388--1393
 \OT1/cmtt/m/n/9 Mathlib.Geometry.Manifold.VectorBundle.Riemannian\OT1/cmr/m/n/
9 . 
 []


Underfull \hbox (badness 10000) in paragraph at lines 1440--1447
 \OT1/cmtt/m/n/9 Mathlib.Geometry.Manifold.VectorField.LieBracket
 []


Underfull \hbox (badness 10000) in paragraph at lines 1440--1447
 \OT1/cmr/m/n/9 (\OT1/cmtt/m/n/9 mlieBracket\OT1/cmr/m/n/9 , \OT1/cmtt/m/n/9 ml
ieBracket[]self\OT1/cmr/m/n/9 ,
 []


Underfull \hbox (badness 10000) in paragraph at lines 1440--1447
 \OT1/cmtt/m/n/9 mlieBracket[]swap[]apply\OT1/cmr/m/n/9 , \OT1/cmtt/m/n/9 mlieB
racket[]zero[]left\OT1/cmr/m/n/9 ,
 []

No file paper_draft.bbl.
[13] (./paper_draft.aux)
 ***********
LaTeX2e <2025-11-01>
L3 programming layer <2026-01-19>
 ***********


LaTeX Font Warning: Some font shapes were not available, defaults substituted.


LaTeX Warning: There were undefined references.


LaTeX Warning: Label(s) may have changed. Rerun to get cross-references right.


Package rerunfilecheck Warning: File `paper_draft.out' has changed.
(rerunfilecheck)                Rerun to get outlines right
(rerunfilecheck)                or use package `bookmark'.

Package rerunfilecheck Info: Checksums for `paper_draft.out':
(rerunfilecheck)             Before: A1EA95506FF2533BE6DF71EBB5412559;13117
(rerunfilecheck)             After:  F43A17179AC7A448626B24D379D61023;13575.
 ) 
Here is how much of TeX's memory you used:
 12533 strings out of 467525
 185558 string characters out of 5418982
 635432 words of memory out of 5000000
 41190 multiletter control sequences out of 15000+600000
 637660 words of font info for 79 fonts, out of 8000000 for 9000
 1141 hyphenation exceptions out of 8191
 75i,9n,79p,887b,592s stack positions out of 10000i,1000n,20000p,200000b,200000s
</usr/local/texlive/2026/texmf-dist/fonts/type1/public/amsfonts/cm/cmbx10.pfb
></usr/local/texlive/2026/texmf-dist/fonts/type1/public/amsfonts/cm/cmbx12.pfb>
</usr/local/texlive/2026/texmf-dist/fonts/type1/public/amsfonts/cm/cmbx9.pfb></
usr/local/texlive/2026/texmf-dist/fonts/type1/public/amsfonts/cm/cmex10.pfb></u
sr/local/texlive/2026/texmf-dist/fonts/type1/public/amsfonts/cm/cmitt10.pfb></u
sr/local/texlive/2026/texmf-dist/fonts/type1/public/amsfonts/cm/cmmi10.pfb></us
r/local/texlive/2026/texmf-dist/fonts/type1/public/amsfonts/cm/cmmi6.pfb></usr/
local/texlive/2026/texmf-dist/fonts/type1/public/amsfonts/cm/cmmi7.pfb></usr/lo
cal/texlive/2026/texmf-dist/fonts/type1/public/amsfonts/cm/cmmi9.pfb></usr/loca
l/texlive/2026/texmf-dist/fonts/type1/public/amsfonts/cm/cmr10.pfb></usr/local/
texlive/2026/texmf-dist/fonts/type1/public/amsfonts/cm/cmr6.pfb></usr/local/tex
live/2026/texmf-dist/fonts/type1/public/amsfonts/cm/cmr7.pfb></usr/local/texliv
e/2026/texmf-dist/fonts/type1/public/amsfonts/cm/cmr9.pfb></usr/local/texlive/2
026/texmf-dist/fonts/type1/public/amsfonts/cm/cmsy10.pfb></usr/local/texlive/20
26/texmf-dist/fonts/type1/public/amsfonts/cm/cmsy7.pfb></usr/local/texlive/2026
/texmf-dist/fonts/type1/public/amsfonts/cm/cmsy9.pfb></usr/local/texlive/2026/t
exmf-dist/fonts/type1/public/amsfonts/cm/cmti10.pfb></usr/local/texlive/2026/te
xmf-dist/fonts/type1/public/amsfonts/cm/cmti9.pfb></usr/local/texlive/2026/texm
f-dist/fonts/type1/public/amsfonts/cm/cmtt10.pfb></usr/local/texlive/2026/texmf
-dist/fonts/type1/public/amsfonts/cm/cmtt8.pfb></usr/local/texlive/2026/texmf-d
ist/fonts/type1/public/amsfonts/cm/cmtt9.pfb></usr/local/texlive/2026/texmf-dis
t/fonts/type1/public/amsfonts/symbols/msbm10.pfb></usr/local/texlive/2026/texmf
-dist/fonts/type1/public/cm-super/sfbx0900.pfb></usr/local/texlive/2026/texmf-d
ist/fonts/type1/public/cm-super/sfbx1000.pfb></usr/local/texlive/2026/texmf-dis
t/fonts/type1/public/cm-super/sfrm0900.pfb></usr/local/texlive/2026/texmf-dist/
fonts/type1/public/cm-super/sfrm1000.pfb>
Output written on paper_draft.pdf (13 pages, 410505 bytes).
PDF statistics:
 498 PDF objects out of 1000 (max. 8388607)
 425 compressed objects within 5 object streams
 107 named destinations out of 1000 (max. 500000)
 377 words of extra memory for PDF output out of 10000 (max. 10000000)

