\BOOKMARK [0][-]{section*.2}{\376\377\000I\000n\000d\000e\000f\000i\000n\000i\000t\000e\000-\000s\000i\000g\000n\000a\000t\000u\000r\000e\000\040\000m\000e\000t\000r\000i\000c\000s\000\040\000a\000n\000d\000\040\000L\000e\000v\000i\000-\000C\000i\000v\000i\000t\000a\000\040\000C\000h\000r\000i\000s\000t\000o\000f\000f\000e\000l\000\040\000u\000n\000i\000q\000u\000e\000n\000e\000s\000s\000:\000\040\000a\000\040\000L\000e\000a\000n\000\040\000l\000i\000b\000r\000a\000r\000y\000\040\000c\000l\000o\000s\000i\000n\000g\000\040\000t\000h\000e\000\040\000c\000u\000r\000v\000a\000t\000u\000r\000e\000\040\000g\000a\000p\000\040\000a\000b\000o\000v\000e\000\040\000t\000h\000e\000\040\000B\000o\000n\000n\000\040\000c\000o\000v\000a\000r\000i\000a\000n\000t\000-\000d\000e\000r\000i\000v\000a\000t\000i\000v\000e\000\040\000A\000P\000I}{}% 2
\BOOKMARK [1][-]{section*.1}{\376\377\000A\000b\000s\000t\000r\000a\000c\000t}{section*.2}% 1
\BOOKMARK [1][-]{section*.3}{\376\377\000I\000n\000t\000r\000o\000d\000u\000c\000t\000i\000o\000n}{section*.2}% 3
\BOOKMARK [1][-]{section*.4}{\376\377\000L\000o\000r\000e\000n\000t\000z\000i\000a\000n\000\040\000m\000e\000t\000r\000i\000c}{section*.2}% 4
\BOOKMARK [2][-]{section*.5}{\376\377\000A\000l\000g\000e\000b\000r\000a\000i\000c\000-\000p\000r\000e\000c\000e\000d\000e\000n\000t\000\040\000s\000i\000g\000n\000a\000t\000u\000r\000e\000\040\000p\000r\000e\000d\000i\000c\000a\000t\000e}{section*.4}% 5
\BOOKMARK [2][-]{section*.6}{\376\377\000B\000u\000n\000d\000l\000e\000\040\000s\000t\000r\000u\000c\000t\000u\000r\000e}{section*.4}% 6
\BOOKMARK [2][-]{section*.7}{\376\377\000M\000a\000t\000h\000l\000i\000b\000-\000s\000t\000y\000l\000e\000\040\000t\000y\000p\000e\000c\000l\000a\000s\000s\000\040\000s\000h\000a\000p\000e}{section*.4}% 7
\BOOKMARK [1][-]{section*.8}{\376\377\000C\000h\000r\000i\000s\000t\000o\000f\000f\000e\000l\000-\000q\000u\000a\000d\000r\000a\000t\000i\000c\000\040\000R\000i\000e\000m\000a\000n\000n}{section*.2}% 8
\BOOKMARK [1][-]{section*.9}{\376\377\000K\000o\000s\000z\000u\000l\000\040\000f\000o\000r\000m\000u\000l\000a}{section*.2}% 9
\BOOKMARK [1][-]{section*.11}{\376\377\000C\000r\000o\000s\000s\000-\000b\000r\000i\000d\000g\000e\000:\000\040\000f\000l\000a\000t\000\040\000s\000p\000a\000c\000e\000\040\000h\000a\000s\000\040\000z\000e\000r\000o\000\040\000q\000u\000a\000d\000r\000a\000t\000i\000c\000\040\000c\000u\000r\000v\000a\000t\000u\000r\000e}{section*.2}% 10
\BOOKMARK [1][-]{section*.12}{\376\377\000F\000u\000l\000l\000\040\000c\000o\000o\000r\000d\000i\000n\000a\000t\000e\000\040\000R\000i\000e\000m\000a\000n\000n\000\040\000t\000e\000n\000s\000o\000r\000\040\000a\000n\000d\000\040\000a\000l\000g\000e\000b\000r\000a\000i\000c\000\040\000f\000i\000r\000s\000t\000\040\000B\000i\000a\000n\000c\000h\000i}{section*.2}% 11
\BOOKMARK [2][-]{section*.13}{\376\377\000L\000i\000n\000e\000a\000r\000-\000i\000n\000-\000\040\000p\000i\000e\000c\000e}{section*.12}% 12
\BOOKMARK [2][-]{section*.14}{\376\377\000A\000l\000g\000e\000b\000r\000a\000i\000c\000\040\000f\000i\000r\000s\000t\000\040\000B\000i\000a\000n\000c\000h\000i}{section*.12}% 13
\BOOKMARK [2][-]{section*.15}{\376\377\000M\000u\000l\000t\000i\000-\000s\000e\000s\000s\000i\000o\000n\000\040\000p\000l\000a\000n}{section*.12}% 14
\BOOKMARK [1][-]{section*.16}{\376\377\000D\000i\000f\000f\000e\000r\000e\000n\000t\000i\000a\000l\000\040\000s\000e\000c\000o\000n\000d\000\040\000B\000i\000a\000n\000c\000h\000i\000\040\000m\000a\000c\000h\000i\000n\000e\000r\000y}{section*.2}% 15
\BOOKMARK [2][-]{section*.17}{\376\377\0002\000\040\000c\000a\000r\000r\000i\000e\000r\000\040\000a\000n\000d\000\040\000S\000c\000h\000w\000a\000r\000z\000\040\000h\000y\000p\000o\000t\000h\000e\000s\000i\000s}{section*.16}% 16
\BOOKMARK [2][-]{section*.18}{\376\377\000C\000o\000v\000a\000r\000i\000a\000n\000t\000\040\000d\000e\000r\000i\000v\000a\000t\000i\000v\000e\000\040\000o\000n\000\040\000a\000\040\000g\000e\000n\000e\000r\000i\000c\000\040\000R\000i\000e\000m\000a\000n\000n\000\040\000t\000e\000n\000s\000o\000r}{section*.16}% 17
\BOOKMARK [2][-]{section*.19}{\376\377\000L\000i\000n\000e\000a\000r\000-\000p\000i\000e\000c\000e\000\040\000d\000i\000f\000f\000e\000r\000e\000n\000t\000i\000a\000l\000\040\000s\000e\000c\000o\000n\000d\000\040\000B\000i\000a\000n\000c\000h\000i\000\040\000\050\000w\000a\000v\000e\000\040\000h\000e\000a\000d\000l\000i\000n\000e\000\051}{section*.16}% 18
\BOOKMARK [2][-]{section*.20}{\376\377\000G\000r\000o\000u\000p\000\040\000C\000+\000D\000\040\000q\000u\000a\000d\000r\000a\000t\000i\000c\000\040\000c\000a\000n\000c\000e\000l\000l\000a\000t\000i\000o\000n}{section*.16}% 19
\BOOKMARK [2][-]{section*.21}{\376\377\000S\000t\000r\000a\000t\000e\000g\000i\000c\000\040\000d\000e\000f\000e\000r\000r\000a\000l\000\040\000o\000f\000\040\000t\000h\000e\000\040\000f\000u\000l\000l\000\040\000d\000i\000s\000c\000h\000a\000r\000g\000e\000\040\000t\000o\000\040\000S\000e\000s\000s\000i\000o\000n\000\040\0004}{section*.16}% 20
\BOOKMARK [1][-]{section*.22}{\376\377\000B\000u\000n\000d\000l\000e\000-\000l\000e\000v\000e\000l\000\040\000R\000i\000e\000m\000a\000n\000n\000\040\000c\000u\000r\000v\000a\000t\000u\000r\000e\000\040\000o\000n\000\040\000t\000h\000e\000\040\000B\000o\000n\000n\000\040\000A\000P\000I}{section*.2}% 21
\BOOKMARK [2][-]{section*.23}{\376\377\000W\000a\000v\000e\000-\000h\000e\000a\000d\000l\000i\000n\000e\000s\000:\000\040\000R\000\050\000X\000,\000\040\000X\000\051\000Z\000\040\000=\000\040\0000\000\040\000a\000n\000d\000\040\000a\000n\000t\000i\000s\000y\000m\000m\000e\000t\000r\000y\000-\000\050\000X\000,\000\040\000Y\000\051}{section*.22}% 22
\BOOKMARK [2][-]{section*.24}{\376\377\000C\000o\000m\000m\000u\000t\000i\000n\000g\000-\000v\000e\000c\000t\000o\000r\000-\000f\000i\000e\000l\000d\000s\000\040\000s\000p\000e\000c\000i\000a\000l\000i\000s\000a\000t\000i\000o\000n}{section*.22}% 23
\BOOKMARK [2][-]{section*.25}{\376\377\000Z\000e\000r\000o\000-\000d\000e\000g\000e\000n\000e\000r\000a\000c\000i\000e\000s\000\040\000o\000n\000\040\000B\000o\000n\000n\000'\000s\000\040\000I\000s\000C\000o\000v\000a\000r\000i\000a\000n\000t\000D\000e\000r\000i\000v\000a\000t\000i\000v\000e\000O\000n}{section*.22}% 24
\BOOKMARK [2][-]{section*.26}{\376\377\000W\000h\000y\000\040\000b\000u\000n\000d\000l\000e\000\040\000s\000c\000o\000p\000e\000\040\000\050\000a\000n\000d\000\040\000w\000h\000a\000t\000\040\000i\000s\000\040\000i\000n\000t\000e\000n\000t\000i\000o\000n\000a\000l\000l\000y\000\040\000d\000e\000f\000e\000r\000r\000e\000d\000\040\000t\000o\000\040\000S\000e\000s\000s\000i\000o\000n\000\040\0004\000\051}{section*.22}% 25
\BOOKMARK [1][-]{section*.27}{\376\377\000B\000u\000n\000d\000l\000e\000-\000l\000e\000v\000e\000l\000\040\000c\000y\000c\000l\000i\000c\000\040\000J\000a\000c\000o\000b\000i\000\040\000a\000n\000d\000\040\000a\000b\000s\000t\000r\000a\000c\000t\000\040\000f\000i\000r\000s\000t\000\040\000B\000i\000a\000n\000c\000h\000i\000\040\000\050\000S\000e\000s\000s\000i\000o\000n\000s\000\040\0004\000a\000\040\000+\000\040\0004\000b\000\051}{section*.2}% 26
\BOOKMARK [2][-]{section*.28}{\376\377\000P\000o\000i\000n\000t\000w\000i\000s\000e\000\040\000c\000y\000c\000l\000i\000c\000\040\000J\000a\000c\000o\000b\000i\000\040\000f\000o\000r\000\040\000m\000l\000i\000e\000B\000r\000a\000c\000k\000e\000t\000\040\000\050\000S\000e\000s\000s\000i\000o\000n\000\040\0004\000a\000\051}{section*.27}% 27
\BOOKMARK [2][-]{section*.29}{\376\377\000A\000b\000s\000t\000r\000a\000c\000t\000\040\000b\000u\000n\000d\000l\000e\000\040\000f\000i\000r\000s\000t\000\040\000B\000i\000a\000n\000c\000h\000i\000\040\000\050\000S\000e\000s\000s\000i\000o\000n\000\040\0004\000a\000\051}{section*.27}% 28
\BOOKMARK [2][-]{section*.30}{\376\377\000R\000o\000o\000t\000-\000n\000a\000m\000e\000s\000p\000a\000c\000e\000\040\000I\000s\000C\000o\000v\000a\000r\000i\000a\000n\000t\000D\000e\000r\000i\000v\000a\000t\000i\000v\000e\000O\000n\000\040\000h\000e\000l\000p\000e\000r\000s\000\040\000\050\000S\000e\000s\000s\000i\000o\000n\000\040\0004\000b\000\051}{section*.27}% 29
\BOOKMARK [2][-]{section*.31}{\376\377\000B\000o\000n\000n\000-\000A\000P\000I\000-\000d\000i\000s\000c\000h\000a\000r\000g\000e\000d\000\040\000b\000u\000n\000d\000l\000e\000\040\000f\000i\000r\000s\000t\000\040\000B\000i\000a\000n\000c\000h\000i\000\040\000\050\000S\000e\000s\000s\000i\000o\000n\000\040\0004\000b\000\051}{section*.27}% 30
\BOOKMARK [2][-]{section*.32}{\376\377\000S\000t\000r\000e\000n\000g\000t\000h\000e\000n\000i\000n\000g\000\040\000c\000u\000t\000s\000\040\000\050\000S\000e\000s\000s\000i\000o\000n\000\040\0004\000a\000\040\000+\000\040\0004\000b\000\040\000r\000u\000t\000h\000l\000e\000s\000s\000\040\000a\000u\000d\000i\000t\000\051}{section*.27}% 31
\BOOKMARK [1][-]{section*.33}{\376\377\000B\000u\000n\000d\000l\000e\000-\000l\000e\000v\000e\000l\000\040\000L\000e\000v\000i\000-\000C\000i\000v\000i\000t\000a\000\040\000u\000n\000i\000q\000u\000e\000n\000e\000s\000s\000\040\000v\000i\000a\000\040\000t\000h\000e\000\040\000K\000o\000s\000z\000u\000l\000\040\000b\000i\000l\000i\000n\000e\000a\000r\000-\000f\000o\000r\000m\000\040\000a\000r\000g\000u\000m\000e\000n\000t\000\040\000\050\000S\000e\000s\000s\000i\000o\000n\000s\000\040\0005\000\040\000+\000\040\0005\000b\000\051}{section*.2}% 32
\BOOKMARK [2][-]{section*.34}{\376\377\000A\000l\000g\000e\000b\000r\000a\000i\000c\000\040\000u\000n\000i\000q\000u\000e\000n\000e\000s\000s\000\040\000k\000e\000r\000n\000e\000l\000\040\000\050\000S\000e\000s\000s\000i\000o\000n\000\040\0005\000\051}{section*.33}% 33
\BOOKMARK [2][-]{section*.35}{\376\377\000S\000u\000b\000s\000t\000a\000n\000t\000i\000v\000e\000\040\000I\000s\000L\000e\000v\000i\000C\000i\000v\000i\000t\000a\000\040\000p\000r\000e\000d\000i\000c\000a\000t\000e\000\040\000\050\000S\000e\000s\000s\000i\000o\000n\000\040\0005\000b\000\051}{section*.33}% 34
\BOOKMARK [2][-]{section*.36}{\376\377\000K\000o\000s\000z\000u\000l\000\040\000i\000d\000e\000n\000t\000i\000t\000y\000\040\000f\000r\000o\000m\000\040\000I\000s\000L\000e\000v\000i\000C\000i\000v\000i\000t\000a\000\040\000\050\000W\000a\000l\000d\000\040\000\247\0003\000.\0001\000\040\000d\000e\000r\000i\000v\000a\000t\000i\000o\000n\000\051}{section*.33}% 35
\BOOKMARK [2][-]{section*.37}{\376\377\000C\000o\000m\000p\000o\000s\000i\000t\000i\000o\000n\000\040\000u\000n\000i\000q\000u\000e\000n\000e\000s\000s\000\040\000t\000h\000e\000o\000r\000e\000m\000\040\000\050\000S\000e\000s\000s\000i\000o\000n\000\040\0005\000b\000\051}{section*.33}% 36
\BOOKMARK [2][-]{section*.38}{\376\377\000S\000t\000r\000e\000n\000g\000t\000h\000e\000n\000i\000n\000g\000\040\000c\000u\000t\000\040\000\050\000S\000e\000s\000s\000i\000o\000n\000\040\0005\000\040\000+\000\040\0005\000b\000\040\000r\000u\000t\000h\000l\000e\000s\000s\000\040\000a\000u\000d\000i\000t\000\051}{section*.33}% 37
\BOOKMARK [1][-]{section*.39}{\376\377\000W\000h\000a\000t\000\040\000t\000h\000i\000s\000\040\000u\000n\000b\000l\000o\000c\000k\000s}{section*.2}% 38
\BOOKMARK [2][-]{section*.40}{\376\377\0002\0000\0002\0006\000-\0000\0004\000-\0003\0000\000\040\000f\000o\000l\000l\000o\000w\000-\000o\000n\000:\000\040\000P\000h\000a\000s\000e\000\040\0006\000g\000.\0002\000\040\000s\000u\000b\000s\000t\000a\000n\000t\000i\000v\000e\000\040\000c\000u\000r\000v\000e\000-\000t\000h\000e\000o\000r\000e\000t\000i\000c\000\040\000P\000e\000n\000r\000o\000s\000e\000\040\000s\000h\000i\000p\000p\000e\000d}{section*.39}% 39
\BOOKMARK [1][-]{section*.42}{\376\377\000C\000o\000n\000v\000e\000n\000t\000i\000o\000n\000s\000\040\000a\000n\000d\000\040\000c\000o\000n\000f\000o\000r\000m\000a\000n\000c\000e}{section*.2}% 40
\BOOKMARK [2][-]{section*.43}{\376\377\000S\000t\000r\000e\000n\000g\000t\000h\000e\000n\000i\000n\000g\000\040\000c\000u\000t\000s}{section*.42}% 41
\BOOKMARK [2][-]{section*.47}{\376\377\0002\0000\0002\0006\000-\0000\0004\000-\0003\0000\000\040\000r\000u\000t\000h\000l\000e\000s\000s\000\040\000a\000u\000d\000i\000t\000\040\000\050\000S\000e\000s\000s\000i\000o\000n\000s\000\040\0004\000a\000\040\000/\000\040\0004\000b\000\040\000/\000\040\0005\000\040\000/\000\040\0005\000b\000\051\000\040\000s\000e\000c\000t\000i\000o\000n\000-\000l\000e\000v\000e\000l\000\040\000l\000i\000f\000t\000\040\000c\000l\000e\000a\000n\000u\000p}{section*.42}% 42
\BOOKMARK [1][-]{section*.48}{\376\377\000D\000i\000s\000c\000u\000s\000s\000i\000o\000n\000\040\000a\000n\000d\000\040\000f\000o\000l\000l\000o\000w\000-\000u\000p}{section*.2}% 43
\BOOKMARK [2][-]{section*.49}{\376\377\000B\000u\000n\000d\000l\000e\000-\000l\000e\000v\000e\000l\000\040\000M\000a\000t\000h\000l\000i\000b\000\040\000u\000p\000s\000t\000r\000e\000a\000m\000\040\000p\000o\000r\000t}{section*.48}% 44
\BOOKMARK [2][-]{section*.50}{\376\377\000C\000o\000m\000p\000a\000r\000i\000s\000o\000n\000\040\000w\000i\000t\000h\000\040\000H\000o\000T\000T\000\040\000/\000\040\000H\000O\000L\000\040\000L\000i\000g\000h\000t\000\040\000/\000\040\000C\000o\000q\000\040\000p\000r\000i\000o\000r\000\040\000a\000r\000t}{section*.48}% 45
\BOOKMARK [2][-]{section*.51}{\376\377\000M\000u\000l\000t\000i\000-\000s\000e\000s\000s\000i\000o\000n\000\040\000p\000l\000a\000n\000\040\000a\000n\000d\000\040\000o\000p\000e\000n\000\040\000w\000o\000r\000k}{section*.48}% 46
\BOOKMARK [1][-]{section*.52}{\376\377\000A\000c\000k\000n\000o\000w\000l\000e\000d\000g\000m\000e\000n\000t\000s}{section*.2}% 47
\BOOKMARK [1][-]{section*.53}{\376\377\000R\000e\000f\000e\000r\000e\000n\000c\000e\000s}{section*.2}% 48
