This is pdfTeX, Version 3.141592653-2.6-1.40.29 (TeX Live 2026) (preloaded format=pdflatex 2026.3.22)  26 APR 2026 13:34
entering extended mode
 restricted \write18 enabled.
 %&-line parsing enabled.
**paper_draft.tex
(./paper_draft.tex
LaTeX2e <2025-11-01>
L3 programming layer <2026-01-19>
(/usr/local/texlive/2026/texmf-dist/tex/latex/revtex/revtex4-2.cls
Document Class: revtex4-2 2022/06/05 4.2f (https://journals.aps.org/revtex/ for
 documentation)
 Copyright (c) 2019 American Physical Society.
 mailto:revtex@aps.org
 Licensed under the LPPL:
http://www.ctan.org/tex-archive/macros/latex/base/lppl.txt
 Arthur Ogawa <arthur_ogawa at sbcglobal dot net>
 Based on work by David Carlisle <david at dcarlisle.demon.co.uk>
 Version (4.2d--4.2f): Modified by Mark Doyle and Phelype Oleinik
 .
ltxutil[2022/06/05 4.2f utilities package (portions licensed from W. E. Baxter 
web at superscript.com)]
LaTeX Info: Redefining \@centercr on input line 356.
Class revtex4-2 Info: Repairing hyperref-unfriendly LaTeX definition of \mpfoot
note on input line 492.
Class revtex4-2 Info: Repairing broken LateX \@sect on input line 814.
\intertabularlinepenalty=\count275
\@tbpen=\count276
\@arstrutbox@hline=\box53
Class revtex4-2 Info: Repairing broken LaTeX \@xbitor on input line 1845.
Class revtex4-2 Info: Making \typeout \long on input line 2110.
ltxfront[2022/06/05 4.2f frontmatter package (AO,DPC,MD)]
\c@affil=\count277
\c@collab=\count278
\absbox=\box54
ltxgrid[2022/06/05 4.2f page grid package (portions licensed from W. E. Baxter 
web at superscript.com)]
\c@linecount=\count279
\output@latex=\toks17
\box@size@1=\box55
\box@size@2=\box56
\@protection@box=\box57
\@topmark@saved=\toks18
\footins@saved=\box58
\footins@recovered=\box59
\column@recovered=\box60
\pagesofar=\box61
\footsofar=\box62
\pagegrid@col=\count280
Class revtex4-2 Info: Overriding \@vspace, \@vspacer, \@no@pgbk, \@newline, and
 \\  on input line 5676.
\c@part=\count281
\c@section=\count282
\c@subsection=\count283
\c@subsubsection=\count284
\c@paragraph=\count285
\c@subparagraph=\count286
\abovecaptionskip=\skip49
\belowcaptionskip=\skip50
\c@figure=\count287
\fbox@1=\box63
\c@table=\count288
\fbox@2=\box64
\c@video=\count289
\fbox@4=\box65
\@bibdataout=\write3
\widetext@top=\box66
\widetext@bot=\box67
Class revtex4-2 Info: Selecting society aps on input line 7669.
(/usr/local/texlive/2026/texmf-dist/tex/latex/revtex/aps4-2.rtx
File: aps4-2 2022/06/05 4.2f (https://journals.aps.org/revtex/ for documentatio
n)
Class revtex4-2 Info: RevTeX society APS selected on input line 40.
)
Class revtex4-2 Info: Selecting journal prd on input line 7671.
Class revtex4-2 Info: APS journal PRD selected on input line 7672.


Class revtex4-2 Warning: No type size specified, using default 10.

(/usr/local/texlive/2026/texmf-dist/tex/latex/revtex/aps10pt4-2.rtx
File: aps10pt4-2 2022/06/05 4.2f (https://journals.aps.org/revtex/ for document
ation)
Class revtex4-2 Info: RevTeX pointsize 10pt selected on input line 39.
)
(/usr/local/texlive/2026/texmf-dist/tex/latex/textcase/textcase.sty
Package: textcase 2025/02/16 v1.05 Text only upper/lower case changing (DPC)
Package textcase Info: Defining Legacy names on input line 20.
)
(/usr/local/texlive/2026/texmf-dist/tex/latex/url/url.sty
\Urlmuskip=\muskip17
Package: url 2013/09/16  ver 3.4  Verb mode for urls, etc.
)
(/usr/local/texlive/2026/texmf-dist/tex/latex/natbib/natbib.sty
Package: natbib 2010/09/13 8.31b (PWD, AO)
\bibhang=\skip51
\bibsep=\skip52
LaTeX Info: Redefining \cite on input line 694.
\c@NAT@ctr=\count290
)
Class revtex4-2 Info: Repairing natbib's \BibitemShut on input line 7676.

(/usr/local/texlive/2026/texmf-dist/tex/latex/revtex/revsymb4-2.sty
Package: revsymb4-2 2022/06/05 4.2f (https://journals.aps.org/revtex/ for docum
entation)
LaTeX Info: Redefining \REV@mathfrak on input line 128.
))
(/usr/local/texlive/2026/texmf-dist/tex/latex/amsmath/amsmath.sty
Package: amsmath 2025/07/09 v2.17z AMS math features
\@mathmargin=\skip53

For additional information on amsmath, use the `?' option.
(/usr/local/texlive/2026/texmf-dist/tex/latex/amsmath/amstext.sty
Package: amstext 2024/11/17 v2.01 AMS text

(/usr/local/texlive/2026/texmf-dist/tex/latex/amsmath/amsgen.sty
File: amsgen.sty 1999/11/30 v2.0 generic functions
\@emptytoks=\toks19
\ex@=\dimen148
)
LaTeX Info: Redefining \text on input line 28.
)
(/usr/local/texlive/2026/texmf-dist/tex/latex/amsmath/amsbsy.sty
Package: amsbsy 1999/11/29 v1.2d Bold Symbols
\pmbraise@=\dimen149
)
(/usr/local/texlive/2026/texmf-dist/tex/latex/amsmath/amsopn.sty
Package: amsopn 2022/04/08 v2.04 operator names
)
\inf@bad=\count291
LaTeX Info: Redefining \frac on input line 233.
\uproot@=\count292
\leftroot@=\count293
LaTeX Info: Redefining \overline on input line 398.
LaTeX Info: Redefining \colon on input line 409.
\classnum@=\count294
\DOTSCASE@=\count295
LaTeX Info: Redefining \ldots on input line 495.
LaTeX Info: Redefining \dots on input line 498.
LaTeX Info: Redefining \cdots on input line 619.
\Mathstrutbox@=\box68
\strutbox@=\box69
LaTeX Info: Redefining \big on input line 721.
LaTeX Info: Redefining \Big on input line 722.
LaTeX Info: Redefining \bigg on input line 723.
LaTeX Info: Redefining \Bigg on input line 724.
\big@size=\dimen150
LaTeX Font Info:    Redeclaring font encoding OML on input line 742.
LaTeX Font Info:    Redeclaring font encoding OMS on input line 743.
\macc@depth=\count296
LaTeX Info: Redefining \bmod on input line 904.
LaTeX Info: Redefining \pmod on input line 909.
LaTeX Info: Redefining \smash on input line 939.
LaTeX Info: Redefining \relbar on input line 969.
LaTeX Info: Redefining \Relbar on input line 970.
\c@MaxMatrixCols=\count297
\dotsspace@=\muskip18
\c@parentequation=\count298
\dspbrk@lvl=\count299
\tag@help=\toks20
\row@=\count300
\column@=\count301
\maxfields@=\count302
\andhelp@=\toks21
\eqnshift@=\dimen151
\alignsep@=\dimen152
\tagshift@=\dimen153
\tagwidth@=\dimen154
\totwidth@=\dimen155
\lineht@=\dimen156
\@envbody=\toks22
\multlinegap=\skip54
\multlinetaggap=\skip55
\mathdisplay@stack=\toks23
LaTeX Info: Redefining \[ on input line 2950.
LaTeX Info: Redefining \] on input line 2951.
)
(/usr/local/texlive/2026/texmf-dist/tex/latex/amsfonts/amssymb.sty
Package: amssymb 2013/01/14 v3.01 AMS font symbols

(/usr/local/texlive/2026/texmf-dist/tex/latex/amsfonts/amsfonts.sty
Package: amsfonts 2013/01/14 v3.01 Basic AMSFonts support
\symAMSa=\mathgroup4
\symAMSb=\mathgroup5
LaTeX Font Info:    Redeclaring math symbol \hbar on input line 98.
LaTeX Font Info:    Overwriting math alphabet `\mathfrak' in version `bold'
(Font)                  U/euf/m/n --> U/euf/b/n on input line 106.
LaTeX Info: Redefining \frak on input line 111.
LaTeX Info: Redefining \Bbb on input line 113.
))
(/usr/local/texlive/2026/texmf-dist/tex/latex/graphics/graphicx.sty
Package: graphicx 2024/12/31 v1.2e Enhanced LaTeX Graphics (DPC,SPQR)

(/usr/local/texlive/2026/texmf-dist/tex/latex/graphics/keyval.sty
Package: keyval 2022/05/29 v1.15 key=value parser (DPC)
\KV@toks@=\toks24
)
(/usr/local/texlive/2026/texmf-dist/tex/latex/graphics/graphics.sty
Package: graphics 2024/08/06 v1.4g Standard LaTeX Graphics (DPC,SPQR)

(/usr/local/texlive/2026/texmf-dist/tex/latex/graphics/trig.sty
Package: trig 2023/12/02 v1.11 sin cos tan (DPC)
)
(/usr/local/texlive/2026/texmf-dist/tex/latex/graphics-cfg/graphics.cfg
File: graphics.cfg 2016/06/04 v1.11 sample graphics configuration
)
Package graphics Info: Driver file: pdftex.def on input line 106.

(/usr/local/texlive/2026/texmf-dist/tex/latex/graphics-def/pdftex.def
File: pdftex.def 2025/09/29 v1.2d Graphics/color driver for pdftex
))
\Gin@req@height=\dimen157
\Gin@req@width=\dimen158
)
(/usr/local/texlive/2026/texmf-dist/tex/latex/booktabs/booktabs.sty
Package: booktabs 2020/01/12 v1.61803398 Publication quality tables
\heavyrulewidth=\dimen159
\lightrulewidth=\dimen160
\cmidrulewidth=\dimen161
\belowrulesep=\dimen162
\belowbottomsep=\dimen163
\aboverulesep=\dimen164
\abovetopsep=\dimen165
\cmidrulesep=\dimen166
\cmidrulekern=\dimen167
\defaultaddspace=\dimen168
\@cmidla=\count303
\@cmidlb=\count304
\@aboverulesep=\dimen169
\@belowrulesep=\dimen170
\@thisruleclass=\count305
\@lastruleclass=\count306
\@thisrulewidth=\dimen171
)
(/usr/local/texlive/2026/texmf-dist/tex/latex/xcolor/xcolor.sty
Package: xcolor 2024/09/29 v3.02 LaTeX color extensions (UK)

(/usr/local/texlive/2026/texmf-dist/tex/latex/graphics-cfg/color.cfg
File: color.cfg 2016/01/02 v1.6 sample color configuration
)
Package xcolor Info: Driver file: pdftex.def on input line 274.

(/usr/local/texlive/2026/texmf-dist/tex/latex/graphics/mathcolor.ltx)
Package xcolor Info: Model `cmy' substituted by `cmy0' on input line 1349.
Package xcolor Info: Model `hsb' substituted by `rgb' on input line 1353.
Package xcolor Info: Model `RGB' extended on input line 1365.
Package xcolor Info: Model `HTML' substituted by `rgb' on input line 1367.
Package xcolor Info: Model `Hsb' substituted by `hsb' on input line 1368.
Package xcolor Info: Model `tHsb' substituted by `hsb' on input line 1369.
Package xcolor Info: Model `HSB' substituted by `hsb' on input line 1370.
Package xcolor Info: Model `Gray' substituted by `gray' on input line 1371.
Package xcolor Info: Model `wave' substituted by `hsb' on input line 1372.
)
(/usr/local/texlive/2026/texmf-dist/tex/latex/hyperref/hyperref.sty
Package: hyperref 2026-01-29 v7.01p Hypertext links for LaTeX

(/usr/local/texlive/2026/texmf-dist/tex/generic/iftex/iftex.sty
Package: iftex 2024/12/12 v1.0g TeX engine tests
)
(/usr/local/texlive/2026/texmf-dist/tex/latex/kvsetkeys/kvsetkeys.sty
Package: kvsetkeys 2022-10-05 v1.19 Key value parser (HO)
)
(/usr/local/texlive/2026/texmf-dist/tex/generic/kvdefinekeys/kvdefinekeys.sty
Package: kvdefinekeys 2019-12-19 v1.6 Define keys (HO)
)
(/usr/local/texlive/2026/texmf-dist/tex/generic/pdfescape/pdfescape.sty
Package: pdfescape 2019/12/09 v1.15 Implements pdfTeX's escape features (HO)

(/usr/local/texlive/2026/texmf-dist/tex/generic/ltxcmds/ltxcmds.sty
Package: ltxcmds 2023-12-04 v1.26 LaTeX kernel commands for general use (HO)
)
(/usr/local/texlive/2026/texmf-dist/tex/generic/pdftexcmds/pdftexcmds.sty
Package: pdftexcmds 2020-06-27 v0.33 Utility functions of pdfTeX for LuaTeX (HO
)

(/usr/local/texlive/2026/texmf-dist/tex/generic/infwarerr/infwarerr.sty
Package: infwarerr 2019/12/03 v1.5 Providing info/warning/error messages (HO)
)
Package pdftexcmds Info: \pdf@primitive is available.
Package pdftexcmds Info: \pdf@ifprimitive is available.
Package pdftexcmds Info: \pdfdraftmode found.
))
(/usr/local/texlive/2026/texmf-dist/tex/latex/hycolor/hycolor.sty
Package: hycolor 2020-01-27 v1.10 Color options for hyperref/bookmark (HO)
)
(/usr/local/texlive/2026/texmf-dist/tex/latex/hyperref/nameref.sty
Package: nameref 2026-01-29 v2.58 Cross-referencing by name of section

(/usr/local/texlive/2026/texmf-dist/tex/latex/refcount/refcount.sty
Package: refcount 2019/12/15 v3.6 Data extraction from label references (HO)
)
(/usr/local/texlive/2026/texmf-dist/tex/generic/gettitlestring/gettitlestring.s
ty
Package: gettitlestring 2019/12/15 v1.6 Cleanup title references (HO)
 (/usr/local/texlive/2026/texmf-dist/tex/latex/kvoptions/kvoptions.sty
Package: kvoptions 2022-06-15 v3.15 Key value format for package options (HO)
))

Package nameref Warning: The definition of \label has changed! 
(nameref)                Check your packages! 
(nameref)                Replacing it with the kernel definition on input line 
161.

\c@section@level=\count307
) (/usr/local/texlive/2026/texmf-dist/tex/latex/etoolbox/etoolbox.sty
Package: etoolbox 2025/10/02 v2.5m e-TeX tools for LaTeX (JAW)
\etb@tempcnta=\count308
)
(/usr/local/texlive/2026/texmf-dist/tex/generic/stringenc/stringenc.sty
Package: stringenc 2019/11/29 v1.12 Convert strings between diff. encodings (HO
)
)
\@linkdim=\dimen172
\Hy@linkcounter=\count309
\Hy@pagecounter=\count310

(/usr/local/texlive/2026/texmf-dist/tex/latex/hyperref/pd1enc.def
File: pd1enc.def 2026-01-29 v7.01p Hyperref: PDFDocEncoding definition (HO)
Now handling font encoding PD1 ...
... no UTF-8 mapping file for font encoding PD1
)
(/usr/local/texlive/2026/texmf-dist/tex/generic/intcalc/intcalc.sty
Package: intcalc 2019/12/15 v1.3 Expandable calculations with integers (HO)
)
\Hy@SavedSpaceFactor=\count311

(/usr/local/texlive/2026/texmf-dist/tex/latex/hyperref/puenc.def
File: puenc.def 2026-01-29 v7.01p Hyperref: PDF Unicode definition (HO)
Now handling font encoding PU ...
... no UTF-8 mapping file for font encoding PU
)
Package hyperref Info: Hyper figures OFF on input line 4201.
Package hyperref Info: Link nesting OFF on input line 4206.
Package hyperref Info: Hyper index ON on input line 4209.
Package hyperref Info: Plain pages OFF on input line 4216.
Package hyperref Info: Backreferencing OFF on input line 4221.
Package hyperref Info: Implicit mode ON; LaTeX internals redefined.
Package hyperref Info: Bookmarks ON on input line 4468.
LaTeX Info: Redefining \href on input line 4718.
\c@Hy@tempcnt=\count312
LaTeX Info: Redefining \url on input line 4807.
\XeTeXLinkMargin=\dimen173

(/usr/local/texlive/2026/texmf-dist/tex/generic/bitset/bitset.sty
Package: bitset 2019/12/09 v1.3 Handle bit-vector datatype (HO)

(/usr/local/texlive/2026/texmf-dist/tex/generic/bigintcalc/bigintcalc.sty
Package: bigintcalc 2019/12/15 v1.5 Expandable calculations on big integers (HO
)
))
\Fld@menulength=\count313
\Field@Width=\dimen174
\Fld@charsize=\dimen175
Package hyperref Info: Hyper figures OFF on input line 6084.
Package hyperref Info: Link nesting OFF on input line 6089.
Package hyperref Info: Hyper index ON on input line 6092.
Package hyperref Info: backreferencing OFF on input line 6099.
Package hyperref Info: Link coloring OFF on input line 6104.
Package hyperref Info: Link coloring with OCG OFF on input line 6109.
Package hyperref Info: PDF/A mode OFF on input line 6114.
\Hy@abspage=\count314
\c@Item=\count315
\c@Hfootnote=\count316
)
Package hyperref Info: Driver (autodetected): hpdftex.

(/usr/local/texlive/2026/texmf-dist/tex/latex/hyperref/hpdftex.def
File: hpdftex.def 2026-01-29 v7.01p Hyperref driver for pdfTeX
\Fld@listcount=\count317
\c@bookmark@seq@number=\count318

(/usr/local/texlive/2026/texmf-dist/tex/latex/rerunfilecheck/rerunfilecheck.sty
Package: rerunfilecheck 2025-06-21 v1.11 Rerun checks for auxiliary files (HO)

(/usr/local/texlive/2026/texmf-dist/tex/generic/uniquecounter/uniquecounter.sty
Package: uniquecounter 2019/12/15 v1.4 Provide unlimited unique counter (HO)
)
Package uniquecounter Info: New unique counter `rerunfilecheck' on input line 2
84.
)
\Hy@SectionHShift=\skip56
) (../../docs/counts.tex)
Class revtex4-2 Info: Unrecognized LaTeX tabular. Please update this document c
lass! (Proceeding with fingers crossed.) on input line 20.
Class revtex4-2 Info: cite was not loaded (OK!) on input line 20.
Class revtex4-2 Info: mcite was not loaded (OK!) on input line 20.
Class revtex4-2 Info: multicol was not loaded (OK!) on input line 20.

(/usr/local/texlive/2026/texmf-dist/tex/latex/l3backend/l3backend-pdftex.def
File: l3backend-pdftex.def 2025-10-09 L3 backend support: PDF output (pdfTeX)
\l__color_backend_stack_int=\count319
)
(./paper_draft.aux)
\openout1 = `paper_draft.aux'.

LaTeX Font Info:    Checking defaults for OML/cmm/m/it on input line 20.
LaTeX Font Info:    ... okay on input line 20.
LaTeX Font Info:    Checking defaults for OMS/cmsy/m/n on input line 20.
LaTeX Font Info:    ... okay on input line 20.
LaTeX Font Info:    Checking defaults for OT1/cmr/m/n on input line 20.
LaTeX Font Info:    ... okay on input line 20.
LaTeX Font Info:    Checking defaults for T1/cmr/m/n on input line 20.
LaTeX Font Info:    ... okay on input line 20.
LaTeX Font Info:    Checking defaults for TS1/cmr/m/n on input line 20.
LaTeX Font Info:    ... okay on input line 20.
LaTeX Font Info:    Checking defaults for OMX/cmex/m/n on input line 20.
LaTeX Font Info:    ... okay on input line 20.
LaTeX Font Info:    Checking defaults for U/cmr/m/n on input line 20.
LaTeX Font Info:    ... okay on input line 20.
LaTeX Font Info:    Checking defaults for PD1/pdf/m/n on input line 20.
LaTeX Font Info:    ... okay on input line 20.
LaTeX Font Info:    Checking defaults for PU/pdf/m/n on input line 20.
LaTeX Font Info:    ... okay on input line 20.

(/usr/local/texlive/2026/texmf-dist/tex/context/base/mkii/supp-pdf.mkii
[Loading MPS to PDF converter (version 2006.09.02).]
\scratchcounter=\count320
\scratchdimen=\dimen176
\scratchbox=\box70
\nofMPsegments=\count321
\nofMParguments=\count322
\everyMPshowfont=\toks25
\MPscratchCnt=\count323
\MPscratchDim=\dimen177
\MPnumerator=\count324
\makeMPintoPDFobject=\count325
\everyMPtoPDFconversion=\toks26
) (/usr/local/texlive/2026/texmf-dist/tex/latex/epstopdf-pkg/epstopdf-base.sty
Package: epstopdf-base 2020-01-24 v2.11 Base part for package epstopdf
Package epstopdf-base Info: Redefining graphics rule for `.eps' on input line 4
85.

(/usr/local/texlive/2026/texmf-dist/tex/latex/latexconfig/epstopdf-sys.cfg
File: epstopdf-sys.cfg 2010/07/13 v1.3 Configuration of (r)epstopdf for TeX Liv
e
))
Package hyperref Info: Link coloring OFF on input line 20.

(./paper_draft.out) (./paper_draft.out)
\@outlinefile=\write4
\openout4 = `paper_draft.out'.

Class revtex4-2 Info: Taking \maketitle back from hyperref on input line 20.
\openout3 = `paper_draftNotes.bib'.

LaTeX Font Info:    Trying to load font information for U+msa on input line 34.


(/usr/local/texlive/2026/texmf-dist/tex/latex/amsfonts/umsa.fd
File: umsa.fd 2013/01/14 v3.01 AMS symbols A
)
LaTeX Font Info:    Trying to load font information for U+msb on input line 34.


(/usr/local/texlive/2026/texmf-dist/tex/latex/amsfonts/umsb.fd
File: umsb.fd 2013/01/14 v3.01 AMS symbols B
)

Package hyperref Warning: Token not allowed in a PDF string (Unicode):
(hyperref)                removing `math shift' on input line 62.


Package hyperref Warning: Token not allowed in a PDF string (Unicode):
(hyperref)                removing `subscript' on input line 62.


Package hyperref Warning: Token not allowed in a PDF string (Unicode):
(hyperref)                removing `math shift' on input line 62.


Underfull \hbox (badness 1132) in paragraph at lines 113--126
[]\OT1/cmr/m/n/10 The re-main-der of the pa-per is or-ga-nized as fol-
 []

LaTeX Font Info:    Font shape `OT1/cmtt/bx/n' in size <9> not available
(Font)              Font shape `OT1/cmtt/m/n' tried instead on input line 127.

Underfull \hbox (badness 2253) in paragraph at lines 130--137
\OT1/cmr/m/n/10 the MTC struc-ture for the hori-zon Hilbert space
 []


Underfull \hbox (badness 1502) in paragraph at lines 130--137
\OT1/cmr/m/n/10 is sup-plied sep-a-rately via Wave 3's \OT1/cmtt/m/n/10 Horizon
MTCBC\OT1/cmr/m/n/10 .
 []

[1{/usr/local/texlive/2026/texmf-var/fonts/map/pdftex/updmap/pdftex.map}]
Underfull \hbox (badness 1097) in paragraph at lines 160--167
\OT1/cmr/m/n/10 it is ours and is ex-plic-itly flagged as such in the
 []


Underfull \hbox (badness 10000) in paragraph at lines 168--173
[]\OT1/cmr/m/n/10 The clas-si-fier ad-mits three iff-theorems
 []


Package hyperref Warning: Token not allowed in a PDF string (Unicode):
(hyperref)                removing `math shift' on input line 174.


Package hyperref Warning: Token not allowed in a PDF string (Unicode):
(hyperref)                removing `subscript' on input line 174.


Package hyperref Warning: Token not allowed in a PDF string (Unicode):
(hyperref)                removing `math shift' on input line 174.


Underfull \hbox (badness 10000) in paragraph at lines 209--223
\OT1/cmr/m/n/10 matches the project's ex-ist-ing Python an-chor
 []


Underfull \hbox (badness 10000) in paragraph at lines 209--223
\OT1/cmtt/m/n/10 src/wkb/backreaction.py \OT1/cmr/m/n/10 (line 449), which
 []


Underfull \hbox (badness 4543) in paragraph at lines 209--223
\OT1/cmr/m/n/10 evolves the full coupled-ODE sys-tem of [[]] but
 []


Underfull \hbox (badness 2080) in paragraph at lines 209--223
\OT1/cmr/m/n/10 prove \OT1/cmtt/m/n/10 T[]H[]acoustic[]evolution[]pos \OT1/cmr/
m/n/10 ($\OML/cmm/m/it/10 T[] > \OT1/cmr/m/n/10 0 \OMS/cmsy/m/n/10 )
 []


Underfull \hbox (badness 1881) in paragraph at lines 209--223
\OML/cmm/m/it/10 T[]\OT1/cmr/m/n/10 (\OML/cmm/m/it/10 t\OT1/cmr/m/n/10 ) \OML/c
mm/m/it/10 > \OT1/cmr/m/n/10 0$), \OT1/cmtt/m/n/10 T[]H[]acoustic[]evolution[]a
t[]zero
 []


Underfull \hbox (badness 10000) in paragraph at lines 209--223
\OT1/cmr/m/n/10 ($\OML/cmm/m/it/10 T[]\OT1/cmr/m/n/10 (0) = \OML/cmm/m/it/10 T[
]$\OT1/cmr/m/n/10 ), and the load-bearing
 []


Underfull \hbox (badness 10000) in paragraph at lines 209--223
\OT1/cmtt/m/n/10 T[]H[]acoustic[]evolution[]strict[]decreasing
 []

<figures/fig_T_H_evolution_regime_partition.png, id=136, 1104.125pt x 602.25pt>

File: figures/fig_T_H_evolution_regime_partition.png Graphic file (type png)
<use figures/fig_T_H_evolution_regime_partition.png>
Package pdftex.def Info: figures/fig_T_H_evolution_regime_partition.png  used o
n input line 245.
(pdftex.def)             Requested size: 408.00156pt x 222.54413pt.

Package hyperref Warning: Token not allowed in a PDF string (Unicode):
(hyperref)                removing `math shift' on input line 259.


Package hyperref Warning: Token not allowed in a PDF string (Unicode):
(hyperref)                removing `subscript' on input line 259.


Package hyperref Warning: Token not allowed in a PDF string (Unicode):
(hyperref)                removing `math shift' on input line 259.

LaTeX Font Info:    Font shape `OT1/cmtt/bx/n' in size <10> not available
(Font)              Font shape `OT1/cmtt/m/n' tried instead on input line 268.
[2]
Underfull \hbox (badness 10000) in paragraph at lines 290--293
[]\OT1/cmr/m/n/10 The correctness-push the-o-rem
 []


Underfull \hbox (badness 10000) in paragraph at lines 303--307
[]\OT1/cmr/m/n/10 The sub-stan-tive corol-lary
 []


Underfull \hbox (badness 10000) in paragraph at lines 303--307
\OT1/cmtt/m/n/10 delta[]ADW[]nonzero[]iff[]alpha[]ADW[]ne[]one \OT1/cmr/m/n/10 
es-tab-
 []


Underfull \hbox (badness 6725) in paragraph at lines 311--319
[]\OT1/cmr/m/n/10 We pack-age the Wave-5-formalizable sub-set of
 []


Underfull \hbox (badness 2134) in paragraph at lines 311--319
\OT1/cmr/m/n/10 the four laws in two struc-tures, one per regime.
 []


Underfull \hbox (badness 10000) in paragraph at lines 311--319
\OT1/cmtt/m/n/10 FourLaws[]Schwarzschild \OT1/cmr/m/n/10 car-ries \OT1/cmr/m/it
/10 three sub-stan-
 []


Underfull \hbox (badness 3536) in paragraph at lines 311--319
\OT1/cmr/m/it/10 tive fields\OT1/cmr/m/n/10 : \OT1/cmtt/m/n/10 firstLaw[]smarr 
\OT1/cmr/m/n/10 (pos-i-tiv-ity of $\OML/cmm/m/it/10 G[]$
 []


Underfull \hbox (badness 6016) in paragraph at lines 311--319
\OT1/cmr/m/n/10 for the Smarr-identity cou-pling), \OT1/cmtt/m/n/10 secondLaw[]
Schw
 []


Underfull \hbox (badness 10000) in paragraph at lines 320--327
[]\OT1/cmtt/m/n/10 FourLaws[]ADWExtremality \OT1/cmr/m/n/10 car-ries the par-al
-lel
 []


Underfull \hbox (badness 10000) in paragraph at lines 340--351
[]\OT1/cmr/m/n/10 The Wave 5 \OT1/cmr/m/it/10 gat-ing the-o-rem
 []


Underfull \hbox (badness 10000) in paragraph at lines 340--351
\OT1/cmtt/m/n/10 four[]laws[]consistent[]with[]acoustic[]regime \OT1/cmr/m/n/10
 com-
 []

[3{/usr/local/texlive/2026/texmf-dist/fonts/enc/dvips/cm-super/cm-super-ts1.enc
} <./figures/fig_T_H_evolution_regime_partition.png>]
Underfull \hbox (badness 1412) in paragraph at lines 396--414
\OT1/cmr/m/n/10 pre-serves Israel-strong, while charged-matter sec-tors
 []


Underfull \hbox (badness 1048) in paragraph at lines 396--414
\OT1/cmr/m/n/10 di-tion. The two non-tautological fal-si-fier the-o-rems
 []


Underfull \hbox (badness 10000) in paragraph at lines 429--437
 []\OT1/cmr/bx/n/10 Acoustic-decay form fal-si-fier
 []


Underfull \hbox (badness 1275) in paragraph at lines 429--437
 \OT1/cmr/m/n/10 at time $\OML/cmm/m/it/10 t[]$ \OT1/cmr/m/n/10 AND fails to st
rictly de-crease by
 []


Underfull \hbox (badness 10000) in paragraph at lines 437--443
 []\OT1/cmr/bx/n/10 Schwarzschild-heating sign fal-si-fier
 []


Underfull \hbox (badness 10000) in paragraph at lines 437--443
 \OT1/cmr/m/n/10 (\OT1/cmtt/m/n/10 falsifier[]schwarzschild[]heating\OT1/cmr/m/
n/10 ): given
 []


Underfull \hbox (badness 2027) in paragraph at lines 437--443
 \OT1/cmr/m/n/10 regime clas-si-fi-ca-tion, an ob-served non-positive
 []


Underfull \hbox (badness 10000) in paragraph at lines 443--451
 []\OT1/cmr/bx/n/10 Third-law-form fal-si-fier
 []


Underfull \hbox (badness 2435) in paragraph at lines 443--451
 \OT1/cmr/m/n/10 (\OT1/cmtt/m/n/10 falsifier[]third[]law[]form\OT1/cmr/m/n/10 )
: given a strong-
 []


Underfull \hbox (badness 1430) in paragraph at lines 443--451
 \OT1/cmr/m/n/10 Israel pred-i-cate (ap-proach time un-bounded as
 []


Underfull \hbox (badness 10000) in paragraph at lines 451--459
 []$\OML/cmm/m/it/10 []$\OT1/cmr/bx/n/10 -dependence fal-si-fier
 []


Underfull \hbox (badness 10000) in paragraph at lines 451--459
 \OT1/cmr/m/n/10 (\OT1/cmtt/m/n/10 falsifier[]alpha[]ADW[]dependence\OT1/cmr/m/
n/10 ; re-
 []


Underfull \hbox (badness 10000) in paragraph at lines 451--459
 \OT1/cmr/m/n/10 named from the initial-ship name
 []


Underfull \hbox (badness 1173) in paragraph at lines 451--459
 \OML/cmm/m/it/10 ^^N[] \OT1/cmr/m/n/10 = (\OML/cmm/m/it/10 [] \OMS/cmsy/m/n/1
0 ^^@ \OT1/cmr/m/n/10 1)^^C[]$ de-pends on $\OML/cmm/m/it/10 []$
 []

[4]
Overfull \hbox (64.35905pt too wide) in paragraph at lines 464--475
[]\OT1/cmr/m/n/10 The mod-ule \OT1/cmtt/m/n/10 lean/SKEFTHawking/BHThermodynami
csFourLaws.lean
 []


Underfull \hbox (badness 1325) in paragraph at lines 464--475
\OT1/cmr/m/n/10 ships 20 the-o-rems, 0 sorry, 0 new ax-ioms. Ver-
 []


Underfull \hbox (badness 10000) in paragraph at lines 464--475
\OT1/cmr/m/n/10 i-fi-ca-tion via \OT1/cmtt/m/n/10 #print axioms \OT1/cmr/m/n/10
 on six sub-stan-
 []


Underfull \hbox (badness 10000) in paragraph at lines 464--475
\OT1/cmr/m/n/10 tive the-o-rems (\OT1/cmtt/m/n/10 regime[]partition[]criterion\
OT1/cmr/m/n/10 ,
 []


Underfull \hbox (badness 10000) in paragraph at lines 464--475
\OT1/cmtt/m/n/10 four[]laws[]consistent[]with[]acoustic[]regime\OT1/cmr/m/n/10 
,
 []


Underfull \hbox (badness 10000) in paragraph at lines 464--475
\OT1/cmtt/m/n/10 falsifier[]acoustic[]decay[]form\OT1/cmr/m/n/10 ,
 []


Underfull \hbox (badness 10000) in paragraph at lines 464--475
\OT1/cmtt/m/n/10 falsifier[]schwarzschild[]heating\OT1/cmr/m/n/10 ,
 []


Underfull \hbox (badness 10000) in paragraph at lines 464--475
\OT1/cmtt/m/n/10 falsifier[]third[]law[]form\OT1/cmr/m/n/10 ,
 []


Underfull \hbox (badness 10000) in paragraph at lines 464--475
\OT1/cmtt/m/n/10 wave3[]bridge[]kaul[]majumdar[]at[]e[]squared[]anchor\OT1/cmr/
m/n/10 )
 []


Underfull \hbox (badness 10000) in paragraph at lines 464--475
\OT1/cmr/m/n/10 shows de-pen-dency only on $\OMS/cmsy/m/n/10 f$\OT1/cmtt/m/n/10
 propext\OT1/cmr/m/n/10 ,
 []


Underfull \hbox (badness 4341) in paragraph at lines 476--491
\OT1/cmr/m/n/10 mod-ule ($\OMS/cmsy/m/n/10 9$\OT1/cmr/m/it/10 -absorption\OT1/c
mr/m/n/10 , \OT1/cmr/m/it/10 re-dun-dant bun-dle con-juncts\OT1/cmr/m/n/10 ,
 []


Underfull \hbox (badness 1558) in paragraph at lines 476--491
\OT1/cmr/m/n/10 holder fields (\OT1/cmtt/m/n/10 zerothLaw[]* \OT1/cmr/m/n/10 an
d \OT1/cmtt/m/n/10 thirdLaw[]Israel[]*\OT1/cmr/m/n/10 )
 []


Underfull \hbox (badness 3449) in paragraph at lines 505--522
[]\OT1/cmr/bx/n/10 Wave 3 \OT1/cmr/m/n/10 (\OT1/cmtt/m/n/10 HorizonMTCBC \OT1/c
mr/m/n/10 + \OT1/cmtt/m/n/10 kaulMajumdarS\OT1/cmr/m/n/10 ): in
 []


Underfull \hbox (badness 2035) in paragraph at lines 505--522
\OT1/cmr/m/n/10 tot-i-cally; the hori-zon en-tropy from Wave 3 stays
 []


Underfull \hbox (badness 10000) in paragraph at lines 505--522
\OT1/cmtt/m/n/10 wave3[]bridge[]kaul[]majumdar[]at[]e[]squared[]anchor\OT1/cmr/
m/n/10 ,
 []


Underfull \hbox (badness 1783) in paragraph at lines 505--522
\OT1/cmr/m/n/10 and calls Wave 3's \OT1/cmtt/m/n/10 kaulMajumdarS \OT1/cmr/m/n/
10 at the SU(2)$[]$
 []


Underfull \hbox (badness 6188) in paragraph at lines 505--522
\OT1/cmr/m/n/10 an-chor area $\OML/cmm/m/it/10 A \OT1/cmr/m/n/10 = 4 \OML/cmm/m
/it/10 G[] e[]$\OT1/cmr/m/n/10 , giv-ing a non-zero
 []


Underfull \hbox (badness 2781) in paragraph at lines 505--522
\OT1/cmr/m/n/10 en-tropy $\OML/cmm/m/it/10 S \OT1/cmr/m/n/10 = \OML/cmm/m/it/10
 e[] \OMS/cmsy/m/n/10 ^^@ \OT1/cmr/m/n/10 3 \OML/cmm/m/it/10 > \OT1/cmr/m/n/10 
0$ at the asymptotic-
 []


Underfull \hbox (badness 1635) in paragraph at lines 505--522
\OT1/cmr/m/n/10 extremality limit (the same wit-ness used in Wave
 []


Underfull \hbox (badness 10000) in paragraph at lines 505--522
\OT1/cmr/m/n/10 3's \OT1/cmtt/m/n/10 kaulMajumdar[]S[]pos[]at[]e[]squared\OT1/c
mr/m/n/10 ). The
 []


Underfull \hbox (badness 10000) in paragraph at lines 505--522
\OT1/cmr/m/n/10 pre-vi-ous generic-positivity-propagation the-o-rem
 []


Overfull \hbox (21.95757pt too wide) in paragraph at lines 505--522
\OT1/cmtt/m/n/10 wave3[]bridge[]weak[]nernst[]holds[]strong[]nernst[]violated
 []


Underfull \hbox (badness 10000) in paragraph at lines 528--531
 []\OT1/cmr/m/n/10 The ADW-substrate-specific crit-i-cal mass
 []


Underfull \hbox (badness 6125) in paragraph at lines 528--531
 \OML/cmm/m/it/10 M[]\OT1/cmr/m/n/10 (\OML/cmm/m/it/10 []; \OT1/cmr/m/n/10 ^^C
[]\OML/cmm/m/it/10 ; N[]\OT1/cmr/m/n/10 ) = (\OML/cmm/m/it/10 N[]\OT1/cmr/m/n/1
0 ^^C[])\OML/cmm/m/it/10 =\OT1/cmr/m/n/10 (12\OML/cmm/m/it/10 ^^Y[]\OT1/cmr/m/
n/10 )$
 []


Underfull \hbox (badness 10000) in paragraph at lines 542--544
 []\OT1/cmr/m/n/10 BEC-acoustic branch: Bal-binot et
 []


Underfull \hbox (badness 10000) in paragraph at lines 542--544
 \OT1/cmr/m/n/10 al. [[]] Eq. (Tsonic), mir-rored by
 []

[5]
Underfull \hbox (badness 4531) in paragraph at lines 578--588
 []\OT1/cmr/m/it/10 Acknowledgments.[] \OT1/cmr/m/n/10 TeX sources of the prima
ry-
 []


Overfull \hbox (211.58597pt too wide) in paragraph at lines 578--588
\OT1/cmtt/m/n/10 papers/AutomatedReviews/2026-04-26-2230-wave5-process/deep[]re
search[]analog[]conflation.md
 []


Underfull \hbox (badness 2941) in paragraph at lines 592--596
 []\OT1/cmr/m/n/9 S. W. Hawk-ing, \OT1/cmr/m/it/9 Par-ti-cle cre-ation by black
 holes\OT1/cmr/m/n/9 ,
 []


Underfull \hbox (badness 10000) in paragraph at lines 592--596
 \OT1/cmr/m/n/9 Com-mun. Math. Phys. \OT1/cmr/bx/n/9 43\OT1/cmr/m/n/9 , 199 (19
75). DOI:
 []


Underfull \hbox (badness 1609) in paragraph at lines 623--627
 \OT1/cmr/m/it/9 su-per-sym-met-ric black holes and a quasi-local mass-
 []


Underfull \hbox (badness 3449) in paragraph at lines 634--637
 []\OT1/cmr/m/n/9 M. Cross-ley, P. Glo-rioso, H. Liu, \OT1/cmr/m/it/9 Ef-fec-ti
ve field
 []


Underfull \hbox (badness 1546) in paragraph at lines 634--637
 \OT1/cmr/m/it/9 the-ory of dis-si-pa-tive flu-ids\OT1/cmr/m/n/9 , JHEP \OT1/cm
r/bx/n/9 09\OT1/cmr/m/n/9 , 095 (2017).
 []

No file paper_draft.bbl.
[6] (./paper_draft.aux

Package natbib Warning: Citation(s) may have changed.
(natbib)                Rerun to get citations correct.

)
 ***********
LaTeX2e <2025-11-01>
L3 programming layer <2026-01-19>
 ***********


LaTeX Warning: Label(s) may have changed. Rerun to get cross-references right.

Package rerunfilecheck Info: File `paper_draft.out' has not changed.
(rerunfilecheck)             Checksum: 4054E69856C1E759079667EAF0871906;4450.
 ) 
Here is how much of TeX's memory you used:
 12287 strings out of 467525
 182381 string characters out of 5418982
 633460 words of memory out of 5000000
 41008 multiletter control sequences out of 15000+600000
 638230 words of font info for 82 fonts, out of 8000000 for 9000
 1141 hyphenation exceptions out of 8191
 75i,10n,79p,918b,547s stack positions out of 10000i,1000n,20000p,200000b,200000s
</usr/local/texlive/2026/texmf-dist/fonts/type1/public/amsfonts/cm/cmbx10.pfb
></usr/local/texlive/2026/texmf-dist/fonts/type1/public/amsfonts/cm/cmbx12.pfb>
</usr/local/texlive/2026/texmf-dist/fonts/type1/public/amsfonts/cm/cmbx9.pfb></
usr/local/texlive/2026/texmf-dist/fonts/type1/public/amsfonts/cm/cmex10.pfb></u
sr/local/texlive/2026/texmf-dist/fonts/type1/public/amsfonts/cm/cmmi10.pfb></us
r/local/texlive/2026/texmf-dist/fonts/type1/public/amsfonts/cm/cmmi12.pfb></usr
/local/texlive/2026/texmf-dist/fonts/type1/public/amsfonts/cm/cmmi6.pfb></usr/l
ocal/texlive/2026/texmf-dist/fonts/type1/public/amsfonts/cm/cmmi7.pfb></usr/loc
al/texlive/2026/texmf-dist/fonts/type1/public/amsfonts/cm/cmmi8.pfb></usr/local
/texlive/2026/texmf-dist/fonts/type1/public/amsfonts/cm/cmmi9.pfb></usr/local/t
exlive/2026/texmf-dist/fonts/type1/public/amsfonts/cm/cmr10.pfb></usr/local/tex
live/2026/texmf-dist/fonts/type1/public/amsfonts/cm/cmr6.pfb></usr/local/texliv
e/2026/texmf-dist/fonts/type1/public/amsfonts/cm/cmr7.pfb></usr/local/texlive/2
026/texmf-dist/fonts/type1/public/amsfonts/cm/cmr9.pfb></usr/local/texlive/2026
/texmf-dist/fonts/type1/public/amsfonts/cm/cmsy10.pfb></usr/local/texlive/2026/
texmf-dist/fonts/type1/public/amsfonts/cm/cmsy7.pfb></usr/local/texlive/2026/te
xmf-dist/fonts/type1/public/amsfonts/cm/cmsy9.pfb></usr/local/texlive/2026/texm
f-dist/fonts/type1/public/amsfonts/cm/cmti10.pfb></usr/local/texlive/2026/texmf
-dist/fonts/type1/public/amsfonts/cm/cmti9.pfb></usr/local/texlive/2026/texmf-d
ist/fonts/type1/public/amsfonts/cm/cmtt10.pfb></usr/local/texlive/2026/texmf-di
st/fonts/type1/public/amsfonts/cm/cmtt9.pfb></usr/local/texlive/2026/texmf-dist
/fonts/type1/public/amsfonts/symbols/msbm10.pfb></usr/local/texlive/2026/texmf-
dist/fonts/type1/public/cm-super/sfrm1000.pfb>
Output written on paper_draft.pdf (6 pages, 395227 bytes).
PDF statistics:
 320 PDF objects out of 1000 (max. 8388607)
 257 compressed objects within 3 object streams
 47 named destinations out of 1000 (max. 500000)
 150 words of extra memory for PDF output out of 10000 (max. 10000000)

