This is pdfTeX, Version 3.141592653-2.6-1.40.29 (TeX Live 2026) (preloaded format=pdflatex 2026.3.22)  11 MAY 2026 11:03
entering extended mode
 restricted \write18 enabled.
 %&-line parsing enabled.
**paper_draft.tex
(./paper_draft.tex
LaTeX2e <2025-11-01>
L3 programming layer <2026-01-19>
(/usr/local/texlive/2026/texmf-dist/tex/latex/revtex/revtex4-2.cls
Document Class: revtex4-2 2022/06/05 4.2f (https://journals.aps.org/revtex/ for
 documentation)
 Copyright (c) 2019 American Physical Society.
 mailto:revtex@aps.org
 Licensed under the LPPL:
http://www.ctan.org/tex-archive/macros/latex/base/lppl.txt
 Arthur Ogawa <arthur_ogawa at sbcglobal dot net>
 Based on work by David Carlisle <david at dcarlisle.demon.co.uk>
 Version (4.2d--4.2f): Modified by Mark Doyle and Phelype Oleinik
 .
ltxutil[2022/06/05 4.2f utilities package (portions licensed from W. E. Baxter 
web at superscript.com)]
LaTeX Info: Redefining \@centercr on input line 356.
Class revtex4-2 Info: Repairing hyperref-unfriendly LaTeX definition of \mpfoot
note on input line 492.
Class revtex4-2 Info: Repairing broken LateX \@sect on input line 814.
\intertabularlinepenalty=\count275
\@tbpen=\count276
\@arstrutbox@hline=\box53
Class revtex4-2 Info: Repairing broken LaTeX \@xbitor on input line 1845.
Class revtex4-2 Info: Making \typeout \long on input line 2110.
ltxfront[2022/06/05 4.2f frontmatter package (AO,DPC,MD)]
\c@affil=\count277
\c@collab=\count278
\absbox=\box54
ltxgrid[2022/06/05 4.2f page grid package (portions licensed from W. E. Baxter 
web at superscript.com)]
\c@linecount=\count279
\output@latex=\toks17
\box@size@1=\box55
\box@size@2=\box56
\@protection@box=\box57
\@topmark@saved=\toks18
\footins@saved=\box58
\footins@recovered=\box59
\column@recovered=\box60
\pagesofar=\box61
\footsofar=\box62
\pagegrid@col=\count280
Class revtex4-2 Info: Overriding \@vspace, \@vspacer, \@no@pgbk, \@newline, and
 \\  on input line 5676.
\c@part=\count281
\c@section=\count282
\c@subsection=\count283
\c@subsubsection=\count284
\c@paragraph=\count285
\c@subparagraph=\count286
\abovecaptionskip=\skip49
\belowcaptionskip=\skip50
\c@figure=\count287
\fbox@1=\box63
\c@table=\count288
\fbox@2=\box64
\c@video=\count289
\fbox@4=\box65
\@bibdataout=\write3
\widetext@top=\box66
\widetext@bot=\box67
Class revtex4-2 Info: Selecting society aps on input line 7669.
(/usr/local/texlive/2026/texmf-dist/tex/latex/revtex/aps4-2.rtx
File: aps4-2 2022/06/05 4.2f (https://journals.aps.org/revtex/ for documentatio
n)
Class revtex4-2 Info: RevTeX society APS selected on input line 40.
)
Class revtex4-2 Info: Selecting journal prl on input line 7671.
Class revtex4-2 Info: APS journal PRL selected on input line 7672.

(/usr/local/texlive/2026/texmf-dist/tex/latex/revtex/aps10pt4-2.rtx
File: aps10pt4-2 2022/06/05 4.2f (https://journals.aps.org/revtex/ for document
ation)
Class revtex4-2 Info: RevTeX pointsize 10pt selected on input line 39.
)
(/usr/local/texlive/2026/texmf-dist/tex/latex/textcase/textcase.sty
Package: textcase 2025/02/16 v1.05 Text only upper/lower case changing (DPC)
Package textcase Info: Defining Legacy names on input line 20.
)
(/usr/local/texlive/2026/texmf-dist/tex/latex/url/url.sty
\Urlmuskip=\muskip17
Package: url 2013/09/16  ver 3.4  Verb mode for urls, etc.
)
(/usr/local/texlive/2026/texmf-dist/tex/latex/natbib/natbib.sty
Package: natbib 2010/09/13 8.31b (PWD, AO)
\bibhang=\skip51
\bibsep=\skip52
LaTeX Info: Redefining \cite on input line 694.
\c@NAT@ctr=\count290
)
Class revtex4-2 Info: Repairing natbib's \BibitemShut on input line 7676.

(/usr/local/texlive/2026/texmf-dist/tex/latex/revtex/revsymb4-2.sty
Package: revsymb4-2 2022/06/05 4.2f (https://journals.aps.org/revtex/ for docum
entation)
LaTeX Info: Redefining \REV@mathfrak on input line 128.
))
(/usr/local/texlive/2026/texmf-dist/tex/latex/graphics/graphicx.sty
Package: graphicx 2024/12/31 v1.2e Enhanced LaTeX Graphics (DPC,SPQR)

(/usr/local/texlive/2026/texmf-dist/tex/latex/graphics/keyval.sty
Package: keyval 2022/05/29 v1.15 key=value parser (DPC)
\KV@toks@=\toks19
)
(/usr/local/texlive/2026/texmf-dist/tex/latex/graphics/graphics.sty
Package: graphics 2024/08/06 v1.4g Standard LaTeX Graphics (DPC,SPQR)

(/usr/local/texlive/2026/texmf-dist/tex/latex/graphics/trig.sty
Package: trig 2023/12/02 v1.11 sin cos tan (DPC)
)
(/usr/local/texlive/2026/texmf-dist/tex/latex/graphics-cfg/graphics.cfg
File: graphics.cfg 2016/06/04 v1.11 sample graphics configuration
)
Package graphics Info: Driver file: pdftex.def on input line 106.

(/usr/local/texlive/2026/texmf-dist/tex/latex/graphics-def/pdftex.def
File: pdftex.def 2025/09/29 v1.2d Graphics/color driver for pdftex
))
\Gin@req@height=\dimen148
\Gin@req@width=\dimen149
)
(/usr/local/texlive/2026/texmf-dist/tex/latex/hyperref/hyperref.sty
Package: hyperref 2026-01-29 v7.01p Hypertext links for LaTeX

(/usr/local/texlive/2026/texmf-dist/tex/generic/iftex/iftex.sty
Package: iftex 2024/12/12 v1.0g TeX engine tests
)
(/usr/local/texlive/2026/texmf-dist/tex/latex/kvsetkeys/kvsetkeys.sty
Package: kvsetkeys 2022-10-05 v1.19 Key value parser (HO)
)
(/usr/local/texlive/2026/texmf-dist/tex/generic/kvdefinekeys/kvdefinekeys.sty
Package: kvdefinekeys 2019-12-19 v1.6 Define keys (HO)
)
(/usr/local/texlive/2026/texmf-dist/tex/generic/pdfescape/pdfescape.sty
Package: pdfescape 2019/12/09 v1.15 Implements pdfTeX's escape features (HO)

(/usr/local/texlive/2026/texmf-dist/tex/generic/ltxcmds/ltxcmds.sty
Package: ltxcmds 2023-12-04 v1.26 LaTeX kernel commands for general use (HO)
)
(/usr/local/texlive/2026/texmf-dist/tex/generic/pdftexcmds/pdftexcmds.sty
Package: pdftexcmds 2020-06-27 v0.33 Utility functions of pdfTeX for LuaTeX (HO
)

(/usr/local/texlive/2026/texmf-dist/tex/generic/infwarerr/infwarerr.sty
Package: infwarerr 2019/12/03 v1.5 Providing info/warning/error messages (HO)
)
Package pdftexcmds Info: \pdf@primitive is available.
Package pdftexcmds Info: \pdf@ifprimitive is available.
Package pdftexcmds Info: \pdfdraftmode found.
))
(/usr/local/texlive/2026/texmf-dist/tex/latex/hycolor/hycolor.sty
Package: hycolor 2020-01-27 v1.10 Color options for hyperref/bookmark (HO)
)
(/usr/local/texlive/2026/texmf-dist/tex/latex/hyperref/nameref.sty
Package: nameref 2026-01-29 v2.58 Cross-referencing by name of section

(/usr/local/texlive/2026/texmf-dist/tex/latex/refcount/refcount.sty
Package: refcount 2019/12/15 v3.6 Data extraction from label references (HO)
)
(/usr/local/texlive/2026/texmf-dist/tex/generic/gettitlestring/gettitlestring.s
ty
Package: gettitlestring 2019/12/15 v1.6 Cleanup title references (HO)
 (/usr/local/texlive/2026/texmf-dist/tex/latex/kvoptions/kvoptions.sty
Package: kvoptions 2022-06-15 v3.15 Key value format for package options (HO)
))

Package nameref Warning: The definition of \label has changed! 
(nameref)                Check your packages! 
(nameref)                Replacing it with the kernel definition on input line 
161.

\c@section@level=\count291
) (/usr/local/texlive/2026/texmf-dist/tex/latex/etoolbox/etoolbox.sty
Package: etoolbox 2025/10/02 v2.5m e-TeX tools for LaTeX (JAW)
\etb@tempcnta=\count292
)
(/usr/local/texlive/2026/texmf-dist/tex/generic/stringenc/stringenc.sty
Package: stringenc 2019/11/29 v1.12 Convert strings between diff. encodings (HO
)
)
\@linkdim=\dimen150
\Hy@linkcounter=\count293
\Hy@pagecounter=\count294

(/usr/local/texlive/2026/texmf-dist/tex/latex/hyperref/pd1enc.def
File: pd1enc.def 2026-01-29 v7.01p Hyperref: PDFDocEncoding definition (HO)
Now handling font encoding PD1 ...
... no UTF-8 mapping file for font encoding PD1
)
(/usr/local/texlive/2026/texmf-dist/tex/generic/intcalc/intcalc.sty
Package: intcalc 2019/12/15 v1.3 Expandable calculations with integers (HO)
)
\Hy@SavedSpaceFactor=\count295

(/usr/local/texlive/2026/texmf-dist/tex/latex/hyperref/puenc.def
File: puenc.def 2026-01-29 v7.01p Hyperref: PDF Unicode definition (HO)
Now handling font encoding PU ...
... no UTF-8 mapping file for font encoding PU
)
Package hyperref Info: Hyper figures OFF on input line 4201.
Package hyperref Info: Link nesting OFF on input line 4206.
Package hyperref Info: Hyper index ON on input line 4209.
Package hyperref Info: Plain pages OFF on input line 4216.
Package hyperref Info: Backreferencing OFF on input line 4221.
Package hyperref Info: Implicit mode ON; LaTeX internals redefined.
Package hyperref Info: Bookmarks ON on input line 4468.
LaTeX Info: Redefining \href on input line 4718.
\c@Hy@tempcnt=\count296
LaTeX Info: Redefining \url on input line 4807.
\XeTeXLinkMargin=\dimen151

(/usr/local/texlive/2026/texmf-dist/tex/generic/bitset/bitset.sty
Package: bitset 2019/12/09 v1.3 Handle bit-vector datatype (HO)

(/usr/local/texlive/2026/texmf-dist/tex/generic/bigintcalc/bigintcalc.sty
Package: bigintcalc 2019/12/15 v1.5 Expandable calculations on big integers (HO
)
))
\Fld@menulength=\count297
\Field@Width=\dimen152
\Fld@charsize=\dimen153
Package hyperref Info: Hyper figures OFF on input line 6084.
Package hyperref Info: Link nesting OFF on input line 6089.
Package hyperref Info: Hyper index ON on input line 6092.
Package hyperref Info: backreferencing OFF on input line 6099.
Package hyperref Info: Link coloring OFF on input line 6104.
Package hyperref Info: Link coloring with OCG OFF on input line 6109.
Package hyperref Info: PDF/A mode OFF on input line 6114.
\Hy@abspage=\count298
\c@Item=\count299
\c@Hfootnote=\count300
)
Package hyperref Info: Driver (autodetected): hpdftex.

(/usr/local/texlive/2026/texmf-dist/tex/latex/hyperref/hpdftex.def
File: hpdftex.def 2026-01-29 v7.01p Hyperref driver for pdfTeX
\Fld@listcount=\count301
\c@bookmark@seq@number=\count302

(/usr/local/texlive/2026/texmf-dist/tex/latex/rerunfilecheck/rerunfilecheck.sty
Package: rerunfilecheck 2025-06-21 v1.11 Rerun checks for auxiliary files (HO)

(/usr/local/texlive/2026/texmf-dist/tex/generic/uniquecounter/uniquecounter.sty
Package: uniquecounter 2019/12/15 v1.4 Provide unlimited unique counter (HO)
)
Package uniquecounter Info: New unique counter `rerunfilecheck' on input line 2
84.
)
\Hy@SectionHShift=\skip53
) (/usr/local/texlive/2026/texmf-dist/tex/latex/amsmath/amsmath.sty
Package: amsmath 2025/07/09 v2.17z AMS math features
\@mathmargin=\skip54

For additional information on amsmath, use the `?' option.
(/usr/local/texlive/2026/texmf-dist/tex/latex/amsmath/amstext.sty
Package: amstext 2024/11/17 v2.01 AMS text

(/usr/local/texlive/2026/texmf-dist/tex/latex/amsmath/amsgen.sty
File: amsgen.sty 1999/11/30 v2.0 generic functions
\@emptytoks=\toks20
\ex@=\dimen154
)
LaTeX Info: Redefining \text on input line 28.
)
(/usr/local/texlive/2026/texmf-dist/tex/latex/amsmath/amsbsy.sty
Package: amsbsy 1999/11/29 v1.2d Bold Symbols
\pmbraise@=\dimen155
)
(/usr/local/texlive/2026/texmf-dist/tex/latex/amsmath/amsopn.sty
Package: amsopn 2022/04/08 v2.04 operator names
)
\inf@bad=\count303
LaTeX Info: Redefining \frac on input line 233.
\uproot@=\count304
\leftroot@=\count305
LaTeX Info: Redefining \overline on input line 398.
LaTeX Info: Redefining \colon on input line 409.
\classnum@=\count306
\DOTSCASE@=\count307
LaTeX Info: Redefining \ldots on input line 495.
LaTeX Info: Redefining \dots on input line 498.
LaTeX Info: Redefining \cdots on input line 619.
\Mathstrutbox@=\box68
\strutbox@=\box69
LaTeX Info: Redefining \big on input line 721.
LaTeX Info: Redefining \Big on input line 722.
LaTeX Info: Redefining \bigg on input line 723.
LaTeX Info: Redefining \Bigg on input line 724.
\big@size=\dimen156
LaTeX Font Info:    Redeclaring font encoding OML on input line 742.
LaTeX Font Info:    Redeclaring font encoding OMS on input line 743.
\macc@depth=\count308
LaTeX Info: Redefining \bmod on input line 904.
LaTeX Info: Redefining \pmod on input line 909.
LaTeX Info: Redefining \smash on input line 939.
LaTeX Info: Redefining \relbar on input line 969.
LaTeX Info: Redefining \Relbar on input line 970.
\c@MaxMatrixCols=\count309
\dotsspace@=\muskip18
\c@parentequation=\count310
\dspbrk@lvl=\count311
\tag@help=\toks21
\row@=\count312
\column@=\count313
\maxfields@=\count314
\andhelp@=\toks22
\eqnshift@=\dimen157
\alignsep@=\dimen158
\tagshift@=\dimen159
\tagwidth@=\dimen160
\totwidth@=\dimen161
\lineht@=\dimen162
\@envbody=\toks23
\multlinegap=\skip55
\multlinetaggap=\skip56
\mathdisplay@stack=\toks24
LaTeX Info: Redefining \[ on input line 2950.
LaTeX Info: Redefining \] on input line 2951.
)
(/usr/local/texlive/2026/texmf-dist/tex/latex/amsfonts/amssymb.sty
Package: amssymb 2013/01/14 v3.01 AMS font symbols

(/usr/local/texlive/2026/texmf-dist/tex/latex/amsfonts/amsfonts.sty
Package: amsfonts 2013/01/14 v3.01 Basic AMSFonts support
\symAMSa=\mathgroup4
\symAMSb=\mathgroup5
LaTeX Font Info:    Redeclaring math symbol \hbar on input line 98.
LaTeX Font Info:    Overwriting math alphabet `\mathfrak' in version `bold'
(Font)                  U/euf/m/n --> U/euf/b/n on input line 106.
LaTeX Info: Redefining \frak on input line 111.
LaTeX Info: Redefining \Bbb on input line 113.
))
(/usr/local/texlive/2026/texmf-dist/tex/latex/amscls/amsthm.sty
Package: amsthm 2020/05/29 v2.20.6
\thm@style=\toks25
\thm@bodyfont=\toks26
\thm@headfont=\toks27
\thm@notefont=\toks28
\thm@headpunct=\toks29
\thm@preskip=\skip57
\thm@postskip=\skip58
\thm@headsep=\skip59
\dth@everypar=\toks30
)
(/usr/local/texlive/2026/texmf-dist/tex/latex/booktabs/booktabs.sty
Package: booktabs 2020/01/12 v1.61803398 Publication quality tables
\heavyrulewidth=\dimen163
\lightrulewidth=\dimen164
\cmidrulewidth=\dimen165
\belowrulesep=\dimen166
\belowbottomsep=\dimen167
\aboverulesep=\dimen168
\abovetopsep=\dimen169
\cmidrulesep=\dimen170
\cmidrulekern=\dimen171
\defaultaddspace=\dimen172
\@cmidla=\count315
\@cmidlb=\count316
\@aboverulesep=\dimen173
\@belowrulesep=\dimen174
\@thisruleclass=\count317
\@lastruleclass=\count318
\@thisrulewidth=\dimen175
)
(/usr/local/texlive/2026/texmf-dist/tex/latex/siunitx/siunitx.sty
Package: siunitx 2025-07-09 v3.4.14 A comprehensive (SI) units package
\l__siunitx_number_uncert_offset_int=\count319
\l__siunitx_number_exponent_fixed_int=\count320
\l__siunitx_number_min_decimal_int=\count321
\l__siunitx_number_min_integer_int=\count322
\l__siunitx_number_round_precision_int=\count323
\l__siunitx_number_lower_threshold_int=\count324
\l__siunitx_number_upper_threshold_int=\count325
\l__siunitx_number_group_first_int=\count326
\l__siunitx_number_group_size_int=\count327
\l__siunitx_number_group_minimum_int=\count328
\l__siunitx_angle_tmp_dim=\dimen176
\l__siunitx_angle_marker_box=\box70
\l__siunitx_angle_unit_box=\box71
\l__siunitx_compound_count_int=\count329

(/usr/local/texlive/2026/texmf-dist/tex/latex/translations/translations.sty
Package: translations 2022/02/05 v1.12 internationalization of LaTeX2e packages
 (CN)
)
\l__siunitx_table_tmp_box=\box72
\l__siunitx_table_tmp_dim=\dimen177
\l__siunitx_table_column_width_dim=\dimen178
\l__siunitx_table_integer_box=\box73
\l__siunitx_table_decimal_box=\box74
\l__siunitx_table_uncert_box=\box75
\l__siunitx_table_before_box=\box76
\l__siunitx_table_after_box=\box77
\l__siunitx_table_before_dim=\dimen179
\l__siunitx_table_carry_dim=\dimen180
\l__siunitx_unit_tmp_int=\count330
\l__siunitx_unit_position_int=\count331
\l__siunitx_unit_total_int=\count332

(/usr/local/texlive/2026/texmf-dist/tex/latex/tools/array.sty
Package: array 2025/09/25 v2.6n Tabular extension package (FMi)
\col@sep=\dimen181
\ar@mcellbox=\box78
\extrarowheight=\dimen182
\NC@list=\toks31
\extratabsurround=\skip60
\backup@length=\skip61
\ar@cellbox=\box79
))
\c@theorem=\count333

(../../docs/counts.tex)
Class revtex4-2 Info: Unrecognized array package. Please update this document c
lass! (Proceeding with fingers crossed.) on input line 22.
Class revtex4-2 Info: cite was not loaded (OK!) on input line 22.
Class revtex4-2 Info: mcite was not loaded (OK!) on input line 22.
Class revtex4-2 Info: multicol was not loaded (OK!) on input line 22.
Package translations Info: No language package found. I am going to use `englis
h' as default language. on input line 22.

(/usr/local/texlive/2026/texmf-dist/tex/latex/graphics/color.sty
Package: color 2025/01/14 v1.3e Standard LaTeX Color (DPC)

(/usr/local/texlive/2026/texmf-dist/tex/latex/graphics-cfg/color.cfg
File: color.cfg 2016/01/02 v1.6 sample color configuration
)
Package color Info: Driver file: pdftex.def on input line 149.

(/usr/local/texlive/2026/texmf-dist/tex/latex/graphics/mathcolor.ltx))
(/usr/local/texlive/2026/texmf-dist/tex/latex/l3backend/l3backend-pdftex.def
File: l3backend-pdftex.def 2025-10-09 L3 backend support: PDF output (pdfTeX)
\l__color_backend_stack_int=\count334
)
(./paper_draft.aux)
\openout1 = `paper_draft.aux'.

LaTeX Font Info:    Checking defaults for OML/cmm/m/it on input line 22.
LaTeX Font Info:    ... okay on input line 22.
LaTeX Font Info:    Checking defaults for OMS/cmsy/m/n on input line 22.
LaTeX Font Info:    ... okay on input line 22.
LaTeX Font Info:    Checking defaults for OT1/cmr/m/n on input line 22.
LaTeX Font Info:    ... okay on input line 22.
LaTeX Font Info:    Checking defaults for T1/cmr/m/n on input line 22.
LaTeX Font Info:    ... okay on input line 22.
LaTeX Font Info:    Checking defaults for TS1/cmr/m/n on input line 22.
LaTeX Font Info:    ... okay on input line 22.
LaTeX Font Info:    Checking defaults for OMX/cmex/m/n on input line 22.
LaTeX Font Info:    ... okay on input line 22.
LaTeX Font Info:    Checking defaults for U/cmr/m/n on input line 22.
LaTeX Font Info:    ... okay on input line 22.
LaTeX Font Info:    Checking defaults for PD1/pdf/m/n on input line 22.
LaTeX Font Info:    ... okay on input line 22.
LaTeX Font Info:    Checking defaults for PU/pdf/m/n on input line 22.
LaTeX Font Info:    ... okay on input line 22.

(/usr/local/texlive/2026/texmf-dist/tex/context/base/mkii/supp-pdf.mkii
[Loading MPS to PDF converter (version 2006.09.02).]
\scratchcounter=\count335
\scratchdimen=\dimen183
\scratchbox=\box80
\nofMPsegments=\count336
\nofMParguments=\count337
\everyMPshowfont=\toks32
\MPscratchCnt=\count338
\MPscratchDim=\dimen184
\MPnumerator=\count339
\makeMPintoPDFobject=\count340
\everyMPtoPDFconversion=\toks33
) (/usr/local/texlive/2026/texmf-dist/tex/latex/epstopdf-pkg/epstopdf-base.sty
Package: epstopdf-base 2020-01-24 v2.11 Base part for package epstopdf
Package epstopdf-base Info: Redefining graphics rule for `.eps' on input line 4
85.

(/usr/local/texlive/2026/texmf-dist/tex/latex/latexconfig/epstopdf-sys.cfg
File: epstopdf-sys.cfg 2010/07/13 v1.3 Configuration of (r)epstopdf for TeX Liv
e
))
Package hyperref Info: Link coloring OFF on input line 22.

(./paper_draft.out) (./paper_draft.out)
\@outlinefile=\write4
\openout4 = `paper_draft.out'.


(/usr/local/texlive/2026/texmf-dist/tex/latex/translations/translations-basic-d
ictionary-english.trsl
File: translations-basic-dictionary-english.trsl (english translation file `tra
nslations-basic-dictionary')
)
Package translations Info: loading dictionary `translations-basic-dictionary' f
or `english'. on input line 22.
Class revtex4-2 Info: Taking \maketitle back from hyperref on input line 22.
\openout3 = `paper_draftNotes.bib'.

LaTeX Font Info:    Trying to load font information for U+msa on input line 36.


(/usr/local/texlive/2026/texmf-dist/tex/latex/amsfonts/umsa.fd
File: umsa.fd 2013/01/14 v3.01 AMS symbols A
)
LaTeX Font Info:    Trying to load font information for U+msb on input line 36.


(/usr/local/texlive/2026/texmf-dist/tex/latex/amsfonts/umsb.fd
File: umsb.fd 2013/01/14 v3.01 AMS symbols B
)
Underfull \hbox (badness 2617) in paragraph at lines 72--84
[]\OT1/cmr/m/n/10 Emergent grav-ity from fermionic-condensate sub-
 []


Underfull \hbox (badness 1400) in paragraph at lines 88--98
\OT1/cmr/m/n/10 by the Verge-les random-phase-approximation (RPA)
 []


Underfull \hbox (badness 7256) in paragraph at lines 99--107
\OT1/cmr/m/n/10 placed an ex-traor-di-nar-ily tight bound on $\OML/cmm/m/it/10 
c[]$\OT1/cmr/m/n/10 :
 []


Underfull \hbox (badness 6412) in paragraph at lines 99--107
\OT1/cmr/m/n/10 com-par-ing the gravitational-wave ar-rival time at
 []


Underfull \hbox (badness 1496) in paragraph at lines 99--107
\OT1/cmr/m/n/10 LIGO/Virgo against the gamma-ray-burst sig-nal at
 []


Package hyperref Warning: Suppressing empty link on input line 117.


Underfull \hbox (badness 10000) in paragraph at lines 136--142
 []\OT1/cmr/m/it/10 The leading-order $\OML/cmm/m/it/10 c[]$\OT1/cmr/m/it/10 .[
] \OT1/cmr/m/n/10 Equa-tion []
 []


Underfull \hbox (badness 10000) in paragraph at lines 136--142
\OT1/cmr/m/n/10 ships in \OT1/cmtt/m/n/10 GravitationalWaves.lean \OT1/cmr/m/n/
10 as
 []


Underfull \hbox (badness 10000) in paragraph at lines 136--142
[][]\OT1/cmtt/m/n/10 c_GW(chi, c) := c * Real.sqrt(chi)[]\OT1/cmr/m/n/10 , with

 []


Underfull \hbox (badness 7238) in paragraph at lines 136--142
\OT1/cmr/m/n/10 the pos-i-tiv-ity / mono-tonic-ity / an-chor lem-mas
 []


Underfull \hbox (badness 10000) in paragraph at lines 136--142
[][]\OT1/cmtt/m/n/10 c_GW_pos[]\OT1/cmr/m/n/10 , [][]\OT1/cmtt/m/n/10 c_GW_at_c
hi_one[]\OT1/cmr/m/n/10 , [][]\OT1/cmtt/m/n/10 c_GW_deviation[]\OT1/cmr/m/n/10 
,
 []


Underfull \hbox (badness 10000) in paragraph at lines 143--147
 []\OT1/cmr/m/it/10 The GW170817 correctness-push.[] \OT1/cmr/m/n/10 De-fine
 []


Underfull \hbox (badness 10000) in paragraph at lines 143--147
\OT1/cmr/m/n/10 ^^A\OML/cmm/m/it/10 c=c\OT1/cmr/m/n/10 (\OML/cmm/m/it/10 ^^_[]\
OT1/cmr/m/n/10 ) = [] \OMS/cmsy/m/n/10 ^^@ \OT1/cmr/m/n/10 1$ and the pred-i-ca
te
 []

[1{/usr/local/texlive/2026/texmf-var/fonts/map/pdftex/updmap/pdftex.map}]
Underfull \hbox (badness 10000) in paragraph at lines 156--161
[]\OT1/cmr/m/n/10 The proof is a $[]$/squaring round-trip via
 []


Underfull \hbox (badness 10000) in paragraph at lines 156--161
[][]\OT1/cmtt/m/n/10 Real.sqrt_le_sqrt []\OT1/cmr/m/n/10 and [][]\OT1/cmtt/m/n/
10 Real.sqrt_sq[]\OT1/cmr/m/n/10 , with
 []


Underfull \hbox (badness 10000) in paragraph at lines 162--166
 []\OT1/cmr/m/it/10 Natural-range fal-si-fi-ca-tion.[] \OT1/cmr/m/n/10 The nat-
u-ral range
 []


Underfull \hbox (badness 10000) in paragraph at lines 169--172
[][]\OT1/cmr/bx/n/10 Theorem 2 \OT1/cmr/m/n/10 (\OT1/cmtt/m/n/10 natural[]lower
[]violates[]ligo\OT1/cmr/m/n/10 )\OT1/cmr/bx/n/10 . []\OT1/cmr/m/it/10 At
 []


Underfull \hbox (badness 10000) in paragraph at lines 176--179
[][]\OT1/cmr/bx/n/10 Theorem 3 \OT1/cmr/m/n/10 (\OT1/cmtt/m/n/10 natural[]upper
[]violates[]ligo\OT1/cmr/m/n/10 )\OT1/cmr/bx/n/10 . []\OT1/cmr/m/it/10 At
 []


Underfull \hbox (badness 2495) in paragraph at lines 181--188
[]\OT1/cmr/m/n/10 The proofs use $[] \OMS/cmsy/m/n/10 ^^T [] \OT1/cmr/m/n/10 = 
1\OML/cmm/m/it/10 =\OT1/cmr/m/n/10 2$ and
 []


Underfull \hbox (badness 2343) in paragraph at lines 181--188
[] \OMS/cmsy/m/n/10 ^^U [] \OT1/cmr/m/n/10 = 2$, both via [][]\OT1/cmtt/m/n/10 
Real.sqrt_le_sqrt
 []


Underfull \hbox (badness 3417) in paragraph at lines 181--188
[]\OT1/cmr/m/n/10 and [][]\OT1/cmtt/m/n/10 Real.sqrt_sq[]\OT1/cmr/m/n/10 , clos
ed by [][]\OT1/cmtt/m/n/10 linarith[]\OT1/cmr/m/n/10 . These
 []


Underfull \hbox (badness 4739) in paragraph at lines 181--188
\OT1/cmr/m/n/10 are \OT1/cmr/m/it/10 de-cid-able \OT1/cmr/m/n/10 in-equal-i-tie
s at the level of Lean's
 []


Underfull \hbox (badness 10000) in paragraph at lines 181--188
\OT1/cmr/m/n/10 real-number type. The bun-dled corol-lary
 []


Underfull \hbox (badness 10000) in paragraph at lines 181--188
[][]\OT1/cmtt/m/n/10 vestigial_natural_range_violates_ligo []\OT1/cmr/m/n/10 as
-serts
 []

<figures/fig_c_GW_vs_ligo_constraint.png, id=70, 2409.0pt x 1606.0pt>
File: figures/fig_c_GW_vs_ligo_constraint.png Graphic file (type png)
<use figures/fig_c_GW_vs_ligo_constraint.png>
Package pdftex.def Info: figures/fig_c_GW_vs_ligo_constraint.png  used on input
 line 191.
(pdftex.def)             Requested size: 236.16165pt x 157.42369pt.

Overfull \hbox (192.61974pt too wide) detected at line 215
[]\OT1/cmr/m/n/10 (\OML/cmm/m/it/10 ^^_[]\OT1/cmr/m/n/10 ) \OMS/cmsy/m/n/10 ^^Q
 \OML/cmm/m/it/10 ^^_[] > \OT1/cmr/m/n/10 0 \OMS/cmsy/m/n/10 ^ []\OT1/cmr/m/n/1
0 (^^A\OML/cmm/m/it/10 c=c\OT1/cmr/m/n/10 (\OML/cmm/m/it/10 ^^_[]\OT1/cmr/m/n/1
0 )) \OMS/cmsy/m/n/10 ^ j\OT1/cmr/m/n/10 ^^A\OML/cmm/m/it/10 c=c\OT1/cmr/m/n/10
 (\OML/cmm/m/it/10 ^^_[]\OT1/cmr/m/n/10 )\OMS/cmsy/m/n/10 j \OML/cmm/m/it/10 < 
\OT1/cmr/m/n/10 1\OML/cmm/m/it/10 =\OT1/cmr/m/n/10 2\OML/cmm/m/it/10 ;
 []


Underfull \hbox (badness 1038) in paragraph at lines 215--233
\OT1/cmr/m/n/10 demanding pos-i-tiv-ity (P1), GW170817 com-pat-i-bil-ity
 []


Underfull \hbox (badness 1163) in paragraph at lines 215--233
\OT1/cmr/m/n/10 at $\OML/cmm/m/it/10 ^^_[] \OT1/cmr/m/n/10 = 1$ (\OT1/cmtt/m/n/
10 H[]VestigialModeIsGraviton[]at[]one\OT1/cmr/m/n/10 )
 []


Underfull \hbox (badness 10000) in paragraph at lines 215--233
\OT1/cmr/m/n/10 and \OT1/cmr/m/it/10 four \OT1/cmr/m/n/10 ex-plicit fal-si-fier
 the-o-rems prove non-
 []


Underfull \hbox (badness 10000) in paragraph at lines 215--233
\OT1/cmr/m/n/10 vacuity: [][]\OT1/cmtt/m/n/10 *_fails_at_natural_lower []\OT1/c
mr/m/n/10 (P2),
 []


Underfull \hbox (badness 3460) in paragraph at lines 215--233
[][]\OT1/cmtt/m/n/10 *_fails_at_natural_upper []\OT1/cmr/m/n/10 (P2), [][]\OT1/
cmtt/m/n/10 *_fails_at_zero
 []


Underfull \hbox (badness 1565) in paragraph at lines 215--233
\OT1/cmr/m/n/10 the load-bearing fal-si-fi-a-bil-ity claim. (The orig-i-nal
 []


Underfull \hbox (badness 1092) in paragraph at lines 234--246
\OT1/cmr/m/n/10 Volovik iden-ti-fi-ca-tion is not a \OT1/cmr/m/it/10 deriva-tio
n\OT1/cmr/m/n/10 : there is
 []


Underfull \hbox (badness 3679) in paragraph at lines 234--246
\OT1/cmr/m/n/10 no first-principles bound fix-ing the graviton-mode
 []


Underfull \hbox (badness 10000) in paragraph at lines 234--246
\OT1/cmr/m/n/10 o-rem \OT1/cmtt/m/n/10 natural[]range[]disjoint[]from[]ligo[]wi
ndow\OT1/cmr/m/n/10 :
 []


Underfull \hbox (badness 10000) in paragraph at lines 234--246
\OT1/cmr/m/n/10 for $\OML/cmm/m/it/10 ^^_[]$ \OT1/cmr/m/n/10 at ei-ther natural
-range end-point
 []


Underfull \hbox (badness 10000) in paragraph at lines 234--246
\OMS/cmsy/m/n/10 f\OT1/cmr/m/n/10 0\OML/cmm/m/it/10 :\OT1/cmr/m/n/10 1\OML/cmm/
m/it/10 ; \OT1/cmr/m/n/10 10\OMS/cmsy/m/n/10 g$\OT1/cmr/m/n/10 , no $\OML/cmm/m
/it/10 c$\OT1/cmr/m/n/10 -rescaling gives a GW170817-
 []


Underfull \hbox (badness 6412) in paragraph at lines 234--246
\OT1/cmr/m/n/10 compatible $^^A\OML/cmm/m/it/10 c=c$\OT1/cmr/m/n/10 . The frame
-independent form
 []


Overfull \hbox (44.42738pt too wide) in paragraph at lines 234--246
\OT1/cmtt/m/n/10 second[]sound[]graviton[]natural[]range[]universally[]falsifie
d
 []


Underfull \hbox (badness 4940) in paragraph at lines 234--246
\OT1/cmr/m/n/10 the nat-u-ral range and the GW170817-compatible
 []


Underfull \hbox (badness 1231) in paragraph at lines 251--256
 []\OT1/cmr/m/it/10 What this rules out.[] \OT1/cmr/m/n/10 The leading-order ve
stigial-
 []

[2 <./figures/fig_c_GW_vs_ligo_constraint.png>]
Underfull \hbox (badness 10000) in paragraph at lines 301--310
\OT1/cmr/m/n/10 (21 the-o-rems, zero \OT1/cmtt/m/n/10 sorry\OT1/cmr/m/n/10 , ze
ro new ax-ioms,
 []


Underfull \hbox (badness 10000) in paragraph at lines 301--310
\OT1/cmr/m/n/10 zero \OT1/cmtt/m/n/10 maxHeartbeats \OT1/cmr/m/n/10 over-rides)
 at the project's
 []


Underfull \hbox (badness 10000) in paragraph at lines 301--310
\OT1/cmr/m/n/10 pinned Math-lib4 com-mit; the Python layer is
 []


Underfull \hbox (badness 5533) in paragraph at lines 301--310
\OT1/cmtt/m/n/10 src/gravitational[]waves/ \OT1/cmr/m/n/10 with 49 \OT1/cmtt/m/
n/10 pytest \OT1/cmr/m/n/10 cases
 []


Underfull \hbox (badness 6775) in paragraph at lines 301--310
\OT1/cmr/m/n/10 cross-checking ev-ery nu-meric quoted in the ab-
 []


Underfull \hbox (badness 4205) in paragraph at lines 301--310
\OT1/cmr/m/n/10 stract and fig-ure cap-tion. The head-line fig-ure
 []


Overfull \hbox (37.92532pt too wide) in paragraph at lines 301--310
\OT1/cmr/m/n/10 (\OT1/cmtt/m/n/10 src/core/visualizations.py:fig[]c[]GW[]vs[]li
go[]constraint\OT1/cmr/m/n/10 )
 []


Underfull \hbox (badness 10000) in paragraph at lines 315--318
 []\OT1/cmr/m/n/9 G. E. Volovik, ``Fermionic Quar-tet and Ves-ti-
 []


Underfull \hbox (badness 1400) in paragraph at lines 315--318
 \OT1/cmr/m/n/9 gial Grav-ity,'' JETP Lett. \OT1/cmr/bx/n/9 119\OT1/cmr/m/n/9 ,
 330 (2024); DOI:
 []


Underfull \hbox (badness 2189) in paragraph at lines 329--331
 []\OT1/cmr/m/n/9 D. Di-akonov, ``To-wards lattice-regularized quan-tum
 []


Underfull \hbox (badness 10000) in paragraph at lines 343--345
 []\OT1/cmr/m/n/9 C. Wet-terich, JHEP \OT1/cmr/bx/n/9 06\OT1/cmr/m/n/9 , 069 (2
022); DOI:
 []


Underfull \hbox (badness 10000) in paragraph at lines 356--360
 []\OT1/cmr/m/n/9 J. G. Roehm, ``Lin-earized Ein-stein Equa-tions
 []


Underfull \hbox (badness 10000) in paragraph at lines 356--360
 \OT1/cmr/m/n/9 from Anderson--Higgs Tetrad Con-den-sa-tion'',
 []


Underfull \hbox (badness 10000) in paragraph at lines 356--360
 \OT1/cmr/m/it/9 SK--EFT-Hawking project, in prepa-ra-tion\OT1/cmr/m/n/9 , 2026

 []

No file paper_draft.bbl.
[3] (./paper_draft.aux)
 ***********
LaTeX2e <2025-11-01>
L3 programming layer <2026-01-19>
 ***********
Package rerunfilecheck Info: File `paper_draft.out' has not changed.
(rerunfilecheck)             Checksum: 7CF8144C2C3841298045FB3CEBA5C217;1147.
 ) 
Here is how much of TeX's memory you used:
 15859 strings out of 467525
 300301 string characters out of 5418982
 704695 words of memory out of 5000000
 44581 multiletter control sequences out of 15000+600000
 634769 words of font info for 68 fonts, out of 8000000 for 9000
 1141 hyphenation exceptions out of 8191
 75i,6n,79p,767b,1122s stack positions out of 10000i,1000n,20000p,200000b,200000s
</usr/local/texlive/2026/texmf-dist/fonts/type1/public/amsfonts/cm/cmbx10.pfb
></usr/local/texlive/2026/texmf-dist/fonts/type1/public/amsfonts/cm/cmbx12.pfb>
</usr/local/texlive/2026/texmf-dist/fonts/type1/public/amsfonts/cm/cmbx9.pfb></
usr/local/texlive/2026/texmf-dist/fonts/type1/public/amsfonts/cm/cmex10.pfb></u
sr/local/texlive/2026/texmf-dist/fonts/type1/public/amsfonts/cm/cmmi10.pfb></us
r/local/texlive/2026/texmf-dist/fonts/type1/public/amsfonts/cm/cmmi7.pfb></usr/
local/texlive/2026/texmf-dist/fonts/type1/public/amsfonts/cm/cmmi9.pfb></usr/lo
cal/texlive/2026/texmf-dist/fonts/type1/public/amsfonts/cm/cmr10.pfb></usr/loca
l/texlive/2026/texmf-dist/fonts/type1/public/amsfonts/cm/cmr6.pfb></usr/local/t
exlive/2026/texmf-dist/fonts/type1/public/amsfonts/cm/cmr7.pfb></usr/local/texl
ive/2026/texmf-dist/fonts/type1/public/amsfonts/cm/cmr9.pfb></usr/local/texlive
/2026/texmf-dist/fonts/type1/public/amsfonts/cm/cmsy10.pfb></usr/local/texlive/
2026/texmf-dist/fonts/type1/public/amsfonts/cm/cmsy6.pfb></usr/local/texlive/20
26/texmf-dist/fonts/type1/public/amsfonts/cm/cmsy7.pfb></usr/local/texlive/2026
/texmf-dist/fonts/type1/public/amsfonts/cm/cmsy9.pfb></usr/local/texlive/2026/t
exmf-dist/fonts/type1/public/amsfonts/cm/cmti10.pfb></usr/local/texlive/2026/te
xmf-dist/fonts/type1/public/amsfonts/cm/cmti9.pfb></usr/local/texlive/2026/texm
f-dist/fonts/type1/public/amsfonts/cm/cmtt10.pfb></usr/local/texlive/2026/texmf
-dist/fonts/type1/public/amsfonts/cm/cmtt9.pfb>
Output written on paper_draft.pdf (3 pages, 391183 bytes).
PDF statistics:
 199 PDF objects out of 1000 (max. 8388607)
 150 compressed objects within 2 object streams
 37 named destinations out of 1000 (max. 500000)
 54 words of extra memory for PDF output out of 10000 (max. 10000000)

