This is pdfTeX, Version 3.141592653-2.6-1.40.29 (TeX Live 2026) (preloaded format=pdflatex 2026.3.22)  28 APR 2026 20:04
entering extended mode
 restricted \write18 enabled.
 %&-line parsing enabled.
**paper_draft.tex
(./paper_draft.tex
LaTeX2e <2025-11-01>
L3 programming layer <2026-01-19>
(/usr/local/texlive/2026/texmf-dist/tex/latex/revtex/revtex4-2.cls
Document Class: revtex4-2 2022/06/05 4.2f (https://journals.aps.org/revtex/ for
 documentation)
 Copyright (c) 2019 American Physical Society.
 mailto:revtex@aps.org
 Licensed under the LPPL:
http://www.ctan.org/tex-archive/macros/latex/base/lppl.txt
 Arthur Ogawa <arthur_ogawa at sbcglobal dot net>
 Based on work by David Carlisle <david at dcarlisle.demon.co.uk>
 Version (4.2d--4.2f): Modified by Mark Doyle and Phelype Oleinik
 .
ltxutil[2022/06/05 4.2f utilities package (portions licensed from W. E. Baxter 
web at superscript.com)]
LaTeX Info: Redefining \@centercr on input line 356.
Class revtex4-2 Info: Repairing hyperref-unfriendly LaTeX definition of \mpfoot
note on input line 492.
Class revtex4-2 Info: Repairing broken LateX \@sect on input line 814.
\intertabularlinepenalty=\count275
\@tbpen=\count276
\@arstrutbox@hline=\box53
Class revtex4-2 Info: Repairing broken LaTeX \@xbitor on input line 1845.
Class revtex4-2 Info: Making \typeout \long on input line 2110.
ltxfront[2022/06/05 4.2f frontmatter package (AO,DPC,MD)]
\c@affil=\count277
\c@collab=\count278
\absbox=\box54
ltxgrid[2022/06/05 4.2f page grid package (portions licensed from W. E. Baxter 
web at superscript.com)]
\c@linecount=\count279
\output@latex=\toks17
\box@size@1=\box55
\box@size@2=\box56
\@protection@box=\box57
\@topmark@saved=\toks18
\footins@saved=\box58
\footins@recovered=\box59
\column@recovered=\box60
\pagesofar=\box61
\footsofar=\box62
\pagegrid@col=\count280
Class revtex4-2 Info: Overriding \@vspace, \@vspacer, \@no@pgbk, \@newline, and
 \\  on input line 5676.
\c@part=\count281
\c@section=\count282
\c@subsection=\count283
\c@subsubsection=\count284
\c@paragraph=\count285
\c@subparagraph=\count286
\abovecaptionskip=\skip49
\belowcaptionskip=\skip50
\c@figure=\count287
\fbox@1=\box63
\c@table=\count288
\fbox@2=\box64
\c@video=\count289
\fbox@4=\box65
\@bibdataout=\write3
\widetext@top=\box66
\widetext@bot=\box67
Class revtex4-2 Info: Selecting society aps on input line 7669.
(/usr/local/texlive/2026/texmf-dist/tex/latex/revtex/aps4-2.rtx
File: aps4-2 2022/06/05 4.2f (https://journals.aps.org/revtex/ for documentatio
n)
Class revtex4-2 Info: RevTeX society APS selected on input line 40.
)
Class revtex4-2 Info: Selecting journal prl on input line 7671.
Class revtex4-2 Info: APS journal PRL selected on input line 7672.


Class revtex4-2 Warning: No type size specified, using default 10.

(/usr/local/texlive/2026/texmf-dist/tex/latex/revtex/aps10pt4-2.rtx
File: aps10pt4-2 2022/06/05 4.2f (https://journals.aps.org/revtex/ for document
ation)
Class revtex4-2 Info: RevTeX pointsize 10pt selected on input line 39.
)
(/usr/local/texlive/2026/texmf-dist/tex/latex/textcase/textcase.sty
Package: textcase 2025/02/16 v1.05 Text only upper/lower case changing (DPC)
Package textcase Info: Defining Legacy names on input line 20.
)
(/usr/local/texlive/2026/texmf-dist/tex/latex/url/url.sty
\Urlmuskip=\muskip17
Package: url 2013/09/16  ver 3.4  Verb mode for urls, etc.
)
(/usr/local/texlive/2026/texmf-dist/tex/latex/natbib/natbib.sty
Package: natbib 2010/09/13 8.31b (PWD, AO)
\bibhang=\skip51
\bibsep=\skip52
LaTeX Info: Redefining \cite on input line 694.
\c@NAT@ctr=\count290
)
Class revtex4-2 Info: Repairing natbib's \BibitemShut on input line 7676.

(/usr/local/texlive/2026/texmf-dist/tex/latex/revtex/revsymb4-2.sty
Package: revsymb4-2 2022/06/05 4.2f (https://journals.aps.org/revtex/ for docum
entation)
LaTeX Info: Redefining \REV@mathfrak on input line 128.
))
(/usr/local/texlive/2026/texmf-dist/tex/latex/amsmath/amsmath.sty
Package: amsmath 2025/07/09 v2.17z AMS math features
\@mathmargin=\skip53

For additional information on amsmath, use the `?' option.
(/usr/local/texlive/2026/texmf-dist/tex/latex/amsmath/amstext.sty
Package: amstext 2024/11/17 v2.01 AMS text

(/usr/local/texlive/2026/texmf-dist/tex/latex/amsmath/amsgen.sty
File: amsgen.sty 1999/11/30 v2.0 generic functions
\@emptytoks=\toks19
\ex@=\dimen148
)
LaTeX Info: Redefining \text on input line 28.
)
(/usr/local/texlive/2026/texmf-dist/tex/latex/amsmath/amsbsy.sty
Package: amsbsy 1999/11/29 v1.2d Bold Symbols
\pmbraise@=\dimen149
)
(/usr/local/texlive/2026/texmf-dist/tex/latex/amsmath/amsopn.sty
Package: amsopn 2022/04/08 v2.04 operator names
)
\inf@bad=\count291
LaTeX Info: Redefining \frac on input line 233.
\uproot@=\count292
\leftroot@=\count293
LaTeX Info: Redefining \overline on input line 398.
LaTeX Info: Redefining \colon on input line 409.
\classnum@=\count294
\DOTSCASE@=\count295
LaTeX Info: Redefining \ldots on input line 495.
LaTeX Info: Redefining \dots on input line 498.
LaTeX Info: Redefining \cdots on input line 619.
\Mathstrutbox@=\box68
\strutbox@=\box69
LaTeX Info: Redefining \big on input line 721.
LaTeX Info: Redefining \Big on input line 722.
LaTeX Info: Redefining \bigg on input line 723.
LaTeX Info: Redefining \Bigg on input line 724.
\big@size=\dimen150
LaTeX Font Info:    Redeclaring font encoding OML on input line 742.
LaTeX Font Info:    Redeclaring font encoding OMS on input line 743.
\macc@depth=\count296
LaTeX Info: Redefining \bmod on input line 904.
LaTeX Info: Redefining \pmod on input line 909.
LaTeX Info: Redefining \smash on input line 939.
LaTeX Info: Redefining \relbar on input line 969.
LaTeX Info: Redefining \Relbar on input line 970.
\c@MaxMatrixCols=\count297
\dotsspace@=\muskip18
\c@parentequation=\count298
\dspbrk@lvl=\count299
\tag@help=\toks20
\row@=\count300
\column@=\count301
\maxfields@=\count302
\andhelp@=\toks21
\eqnshift@=\dimen151
\alignsep@=\dimen152
\tagshift@=\dimen153
\tagwidth@=\dimen154
\totwidth@=\dimen155
\lineht@=\dimen156
\@envbody=\toks22
\multlinegap=\skip54
\multlinetaggap=\skip55
\mathdisplay@stack=\toks23
LaTeX Info: Redefining \[ on input line 2950.
LaTeX Info: Redefining \] on input line 2951.
)
(/usr/local/texlive/2026/texmf-dist/tex/latex/amsfonts/amssymb.sty
Package: amssymb 2013/01/14 v3.01 AMS font symbols

(/usr/local/texlive/2026/texmf-dist/tex/latex/amsfonts/amsfonts.sty
Package: amsfonts 2013/01/14 v3.01 Basic AMSFonts support
\symAMSa=\mathgroup4
\symAMSb=\mathgroup5
LaTeX Font Info:    Redeclaring math symbol \hbar on input line 98.
LaTeX Font Info:    Overwriting math alphabet `\mathfrak' in version `bold'
(Font)                  U/euf/m/n --> U/euf/b/n on input line 106.
LaTeX Info: Redefining \frak on input line 111.
LaTeX Info: Redefining \Bbb on input line 113.
))
(/usr/local/texlive/2026/texmf-dist/tex/latex/graphics/graphicx.sty
Package: graphicx 2024/12/31 v1.2e Enhanced LaTeX Graphics (DPC,SPQR)

(/usr/local/texlive/2026/texmf-dist/tex/latex/graphics/keyval.sty
Package: keyval 2022/05/29 v1.15 key=value parser (DPC)
\KV@toks@=\toks24
)
(/usr/local/texlive/2026/texmf-dist/tex/latex/graphics/graphics.sty
Package: graphics 2024/08/06 v1.4g Standard LaTeX Graphics (DPC,SPQR)

(/usr/local/texlive/2026/texmf-dist/tex/latex/graphics/trig.sty
Package: trig 2023/12/02 v1.11 sin cos tan (DPC)
)
(/usr/local/texlive/2026/texmf-dist/tex/latex/graphics-cfg/graphics.cfg
File: graphics.cfg 2016/06/04 v1.11 sample graphics configuration
)
Package graphics Info: Driver file: pdftex.def on input line 106.

(/usr/local/texlive/2026/texmf-dist/tex/latex/graphics-def/pdftex.def
File: pdftex.def 2025/09/29 v1.2d Graphics/color driver for pdftex
))
\Gin@req@height=\dimen157
\Gin@req@width=\dimen158
)
(/usr/local/texlive/2026/texmf-dist/tex/latex/booktabs/booktabs.sty
Package: booktabs 2020/01/12 v1.61803398 Publication quality tables
\heavyrulewidth=\dimen159
\lightrulewidth=\dimen160
\cmidrulewidth=\dimen161
\belowrulesep=\dimen162
\belowbottomsep=\dimen163
\aboverulesep=\dimen164
\abovetopsep=\dimen165
\cmidrulesep=\dimen166
\cmidrulekern=\dimen167
\defaultaddspace=\dimen168
\@cmidla=\count303
\@cmidlb=\count304
\@aboverulesep=\dimen169
\@belowrulesep=\dimen170
\@thisruleclass=\count305
\@lastruleclass=\count306
\@thisrulewidth=\dimen171
)
(/usr/local/texlive/2026/texmf-dist/tex/latex/siunitx/siunitx.sty
Package: siunitx 2025-07-09 v3.4.14 A comprehensive (SI) units package
\l__siunitx_number_uncert_offset_int=\count307
\l__siunitx_number_exponent_fixed_int=\count308
\l__siunitx_number_min_decimal_int=\count309
\l__siunitx_number_min_integer_int=\count310
\l__siunitx_number_round_precision_int=\count311
\l__siunitx_number_lower_threshold_int=\count312
\l__siunitx_number_upper_threshold_int=\count313
\l__siunitx_number_group_first_int=\count314
\l__siunitx_number_group_size_int=\count315
\l__siunitx_number_group_minimum_int=\count316
\l__siunitx_angle_tmp_dim=\dimen172
\l__siunitx_angle_marker_box=\box70
\l__siunitx_angle_unit_box=\box71
\l__siunitx_compound_count_int=\count317

(/usr/local/texlive/2026/texmf-dist/tex/latex/translations/translations.sty
Package: translations 2022/02/05 v1.12 internationalization of LaTeX2e packages
 (CN)

(/usr/local/texlive/2026/texmf-dist/tex/latex/etoolbox/etoolbox.sty
Package: etoolbox 2025/10/02 v2.5m e-TeX tools for LaTeX (JAW)
\etb@tempcnta=\count318
)
(/usr/local/texlive/2026/texmf-dist/tex/generic/pdftexcmds/pdftexcmds.sty
Package: pdftexcmds 2020-06-27 v0.33 Utility functions of pdfTeX for LuaTeX (HO
)

(/usr/local/texlive/2026/texmf-dist/tex/generic/infwarerr/infwarerr.sty
Package: infwarerr 2019/12/03 v1.5 Providing info/warning/error messages (HO)
)
(/usr/local/texlive/2026/texmf-dist/tex/generic/iftex/iftex.sty
Package: iftex 2024/12/12 v1.0g TeX engine tests
)
(/usr/local/texlive/2026/texmf-dist/tex/generic/ltxcmds/ltxcmds.sty
Package: ltxcmds 2023-12-04 v1.26 LaTeX kernel commands for general use (HO)
)
Package pdftexcmds Info: \pdf@primitive is available.
Package pdftexcmds Info: \pdf@ifprimitive is available.
Package pdftexcmds Info: \pdfdraftmode found.
))
\l__siunitx_table_tmp_box=\box72
\l__siunitx_table_tmp_dim=\dimen173
\l__siunitx_table_column_width_dim=\dimen174
\l__siunitx_table_integer_box=\box73
\l__siunitx_table_decimal_box=\box74
\l__siunitx_table_uncert_box=\box75
\l__siunitx_table_before_box=\box76
\l__siunitx_table_after_box=\box77
\l__siunitx_table_before_dim=\dimen175
\l__siunitx_table_carry_dim=\dimen176
\l__siunitx_unit_tmp_int=\count319
\l__siunitx_unit_position_int=\count320
\l__siunitx_unit_total_int=\count321

(/usr/local/texlive/2026/texmf-dist/tex/latex/tools/array.sty
Package: array 2025/09/25 v2.6n Tabular extension package (FMi)
\col@sep=\dimen177
\ar@mcellbox=\box78
\extrarowheight=\dimen178
\NC@list=\toks25
\extratabsurround=\skip56
\backup@length=\skip57
\ar@cellbox=\box79
))
(/usr/local/texlive/2026/texmf-dist/tex/latex/hyperref/hyperref.sty
Package: hyperref 2026-01-29 v7.01p Hypertext links for LaTeX

(/usr/local/texlive/2026/texmf-dist/tex/latex/kvsetkeys/kvsetkeys.sty
Package: kvsetkeys 2022-10-05 v1.19 Key value parser (HO)
)
(/usr/local/texlive/2026/texmf-dist/tex/generic/kvdefinekeys/kvdefinekeys.sty
Package: kvdefinekeys 2019-12-19 v1.6 Define keys (HO)
)
(/usr/local/texlive/2026/texmf-dist/tex/generic/pdfescape/pdfescape.sty
Package: pdfescape 2019/12/09 v1.15 Implements pdfTeX's escape features (HO)
)
(/usr/local/texlive/2026/texmf-dist/tex/latex/hycolor/hycolor.sty
Package: hycolor 2020-01-27 v1.10 Color options for hyperref/bookmark (HO)
)
(/usr/local/texlive/2026/texmf-dist/tex/latex/hyperref/nameref.sty
Package: nameref 2026-01-29 v2.58 Cross-referencing by name of section

(/usr/local/texlive/2026/texmf-dist/tex/latex/refcount/refcount.sty
Package: refcount 2019/12/15 v3.6 Data extraction from label references (HO)
)
(/usr/local/texlive/2026/texmf-dist/tex/generic/gettitlestring/gettitlestring.s
ty
Package: gettitlestring 2019/12/15 v1.6 Cleanup title references (HO)
 (/usr/local/texlive/2026/texmf-dist/tex/latex/kvoptions/kvoptions.sty
Package: kvoptions 2022-06-15 v3.15 Key value format for package options (HO)
))

Package nameref Warning: The definition of \label has changed! 
(nameref)                Check your packages! 
(nameref)                Replacing it with the kernel definition on input line 
161.

\c@section@level=\count322
) (/usr/local/texlive/2026/texmf-dist/tex/generic/stringenc/stringenc.sty
Package: stringenc 2019/11/29 v1.12 Convert strings between diff. encodings (HO
)
)
\@linkdim=\dimen179
\Hy@linkcounter=\count323
\Hy@pagecounter=\count324

(/usr/local/texlive/2026/texmf-dist/tex/latex/hyperref/pd1enc.def
File: pd1enc.def 2026-01-29 v7.01p Hyperref: PDFDocEncoding definition (HO)
Now handling font encoding PD1 ...
... no UTF-8 mapping file for font encoding PD1
)
(/usr/local/texlive/2026/texmf-dist/tex/generic/intcalc/intcalc.sty
Package: intcalc 2019/12/15 v1.3 Expandable calculations with integers (HO)
)
\Hy@SavedSpaceFactor=\count325

(/usr/local/texlive/2026/texmf-dist/tex/latex/hyperref/puenc.def
File: puenc.def 2026-01-29 v7.01p Hyperref: PDF Unicode definition (HO)
Now handling font encoding PU ...
... no UTF-8 mapping file for font encoding PU
)
Package hyperref Info: Hyper figures OFF on input line 4201.
Package hyperref Info: Link nesting OFF on input line 4206.
Package hyperref Info: Hyper index ON on input line 4209.
Package hyperref Info: Plain pages OFF on input line 4216.
Package hyperref Info: Backreferencing OFF on input line 4221.
Package hyperref Info: Implicit mode ON; LaTeX internals redefined.
Package hyperref Info: Bookmarks ON on input line 4468.
LaTeX Info: Redefining \href on input line 4718.
\c@Hy@tempcnt=\count326
LaTeX Info: Redefining \url on input line 4807.
\XeTeXLinkMargin=\dimen180

(/usr/local/texlive/2026/texmf-dist/tex/generic/bitset/bitset.sty
Package: bitset 2019/12/09 v1.3 Handle bit-vector datatype (HO)

(/usr/local/texlive/2026/texmf-dist/tex/generic/bigintcalc/bigintcalc.sty
Package: bigintcalc 2019/12/15 v1.5 Expandable calculations on big integers (HO
)
))
\Fld@menulength=\count327
\Field@Width=\dimen181
\Fld@charsize=\dimen182
Package hyperref Info: Hyper figures OFF on input line 6084.
Package hyperref Info: Link nesting OFF on input line 6089.
Package hyperref Info: Hyper index ON on input line 6092.
Package hyperref Info: backreferencing OFF on input line 6099.
Package hyperref Info: Link coloring OFF on input line 6104.
Package hyperref Info: Link coloring with OCG OFF on input line 6109.
Package hyperref Info: PDF/A mode OFF on input line 6114.
\Hy@abspage=\count328
\c@Item=\count329
\c@Hfootnote=\count330
)
Package hyperref Info: Driver (autodetected): hpdftex.

(/usr/local/texlive/2026/texmf-dist/tex/latex/hyperref/hpdftex.def
File: hpdftex.def 2026-01-29 v7.01p Hyperref driver for pdfTeX
\Fld@listcount=\count331
\c@bookmark@seq@number=\count332

(/usr/local/texlive/2026/texmf-dist/tex/latex/rerunfilecheck/rerunfilecheck.sty
Package: rerunfilecheck 2025-06-21 v1.11 Rerun checks for auxiliary files (HO)

(/usr/local/texlive/2026/texmf-dist/tex/generic/uniquecounter/uniquecounter.sty
Package: uniquecounter 2019/12/15 v1.4 Provide unlimited unique counter (HO)
)
Package uniquecounter Info: New unique counter `rerunfilecheck' on input line 2
84.
)
\Hy@SectionHShift=\skip58
) (../../docs/counts.tex)
Class revtex4-2 Info: Unrecognized array package. Please update this document c
lass! (Proceeding with fingers crossed.) on input line 17.
Class revtex4-2 Info: cite was not loaded (OK!) on input line 17.
Class revtex4-2 Info: mcite was not loaded (OK!) on input line 17.
Class revtex4-2 Info: multicol was not loaded (OK!) on input line 17.
Package translations Info: No language package found. I am going to use `englis
h' as default language. on input line 17.

(/usr/local/texlive/2026/texmf-dist/tex/latex/graphics/color.sty
Package: color 2025/01/14 v1.3e Standard LaTeX Color (DPC)

(/usr/local/texlive/2026/texmf-dist/tex/latex/graphics-cfg/color.cfg
File: color.cfg 2016/01/02 v1.6 sample color configuration
)
Package color Info: Driver file: pdftex.def on input line 149.

(/usr/local/texlive/2026/texmf-dist/tex/latex/graphics/mathcolor.ltx))
(/usr/local/texlive/2026/texmf-dist/tex/latex/l3backend/l3backend-pdftex.def
File: l3backend-pdftex.def 2025-10-09 L3 backend support: PDF output (pdfTeX)
\l__color_backend_stack_int=\count333
)
(./paper_draft.aux)
\openout1 = `paper_draft.aux'.

LaTeX Font Info:    Checking defaults for OML/cmm/m/it on input line 17.
LaTeX Font Info:    ... okay on input line 17.
LaTeX Font Info:    Checking defaults for OMS/cmsy/m/n on input line 17.
LaTeX Font Info:    ... okay on input line 17.
LaTeX Font Info:    Checking defaults for OT1/cmr/m/n on input line 17.
LaTeX Font Info:    ... okay on input line 17.
LaTeX Font Info:    Checking defaults for T1/cmr/m/n on input line 17.
LaTeX Font Info:    ... okay on input line 17.
LaTeX Font Info:    Checking defaults for TS1/cmr/m/n on input line 17.
LaTeX Font Info:    ... okay on input line 17.
LaTeX Font Info:    Checking defaults for OMX/cmex/m/n on input line 17.
LaTeX Font Info:    ... okay on input line 17.
LaTeX Font Info:    Checking defaults for U/cmr/m/n on input line 17.
LaTeX Font Info:    ... okay on input line 17.
LaTeX Font Info:    Checking defaults for PD1/pdf/m/n on input line 17.
LaTeX Font Info:    ... okay on input line 17.
LaTeX Font Info:    Checking defaults for PU/pdf/m/n on input line 17.
LaTeX Font Info:    ... okay on input line 17.

(/usr/local/texlive/2026/texmf-dist/tex/context/base/mkii/supp-pdf.mkii
[Loading MPS to PDF converter (version 2006.09.02).]
\scratchcounter=\count334
\scratchdimen=\dimen183
\scratchbox=\box80
\nofMPsegments=\count335
\nofMParguments=\count336
\everyMPshowfont=\toks26
\MPscratchCnt=\count337
\MPscratchDim=\dimen184
\MPnumerator=\count338
\makeMPintoPDFobject=\count339
\everyMPtoPDFconversion=\toks27
) (/usr/local/texlive/2026/texmf-dist/tex/latex/epstopdf-pkg/epstopdf-base.sty
Package: epstopdf-base 2020-01-24 v2.11 Base part for package epstopdf
Package epstopdf-base Info: Redefining graphics rule for `.eps' on input line 4
85.

(/usr/local/texlive/2026/texmf-dist/tex/latex/latexconfig/epstopdf-sys.cfg
File: epstopdf-sys.cfg 2010/07/13 v1.3 Configuration of (r)epstopdf for TeX Liv
e
))
(/usr/local/texlive/2026/texmf-dist/tex/latex/translations/translations-basic-d
ictionary-english.trsl
File: translations-basic-dictionary-english.trsl (english translation file `tra
nslations-basic-dictionary')
)
Package translations Info: loading dictionary `translations-basic-dictionary' f
or `english'. on input line 17.
Package hyperref Info: Link coloring OFF on input line 17.
 (./paper_draft.out) (./paper_draft.out)
\@outlinefile=\write4
\openout4 = `paper_draft.out'.

Class revtex4-2 Info: Taking \maketitle back from hyperref on input line 17.
\openout3 = `paper_draftNotes.bib'.

LaTeX Font Info:    Trying to load font information for U+msa on input line 32.


(/usr/local/texlive/2026/texmf-dist/tex/latex/amsfonts/umsa.fd
File: umsa.fd 2013/01/14 v3.01 AMS symbols A
)
LaTeX Font Info:    Trying to load font information for U+msb on input line 32.


(/usr/local/texlive/2026/texmf-dist/tex/latex/amsfonts/umsb.fd
File: umsb.fd 2013/01/14 v3.01 AMS symbols B
)

! LaTeX Error: \mathsf allowed only in math mode.

See the LaTeX manual or LaTeX Companion for explanation.
Type  H <return>  for immediate help.
 ...                                              
                                                  
l.47 wall predicate \WallIntact
                               {} / \WallCracked{} over $\Zsixteen$,
You're in trouble here.  Try typing  <return>  to proceed.
If that doesn't work, type  X <return>  to quit.


! LaTeX Error: \mathsf allowed only in math mode.

See the LaTeX manual or LaTeX Companion for explanation.
Type  H <return>  for immediate help.
 ...                                              
                                                  
l.47 wall predicate \WallIntact{} / \WallCracked
                                                {} over $\Zsixteen$,
You're in trouble here.  Try typing  <return>  to proceed.
If that doesn't work, type  X <return>  to quit.


! LaTeX Error: \mathsf allowed only in math mode.

See the LaTeX manual or LaTeX Companion for explanation.
Type  H <return>  for immediate help.
 ...                                              
                                                  
l.50 ...ly\_with\_nu\_R}, the compound \EWBGViable
                                                  {}
You're in trouble here.  Try typing  <return>  to proceed.
If that doesn't work, type  X <return>  to quit.


Underfull \hbox (badness 3323) in paragraph at lines 45--65
 []\OT1/cmr/m/n/9 We ship \OT1/cmtt/m/n/9 EWBaryogenesisChiralityWall.lean\OT1/
cmr/m/n/9 : $16$ the-o-rems for-mal-iz-ing the sphaleron- 
 []


Underfull \hbox (badness 3396) in paragraph at lines 45--65
 \OT1/cmr/m/n/9 the com-pound EW-BGVi-able pred-i-cate, the load-bearing bi-con
-di-tional $\OMS/cmsy/m/n/9 :[][] $ 
 []


Underfull \hbox (badness 1789) in paragraph at lines 89--98
\OT1/cmr/m/n/10 de-pen-dently. The SM-no-$\OML/cmm/m/it/10 ^^W[]$ \OT1/cmr/m/n/
10 fermion con-tent car-
 []


Underfull \hbox (badness 1565) in paragraph at lines 89--98
\OT1/cmr/m/n/10 ries a $\U/msb/m/n/10 Z[]$ \OT1/cmr/m/n/10 anomaly of $13$ mod 
$16$ (= $\OMS/cmsy/m/n/10 ^^@\OT1/cmr/m/n/10 3$); can-
 []


Overfull \hbox (69.0948pt too wide) detected at line 106
[][][]\OMS/cmsy/m/n/10 :[][]\OT1/cmr/m/n/10 (\OML/cmm/m/it/10 a; p; c\OT1/cmr/m
/n/10 )   \OMS/cmsy/m/n/10 ,   [][][]\OT1/cmr/m/n/10 (\OML/cmm/m/it/10 a\OT1/cm
r/m/n/10 )  \OMS/cmsy/m/n/10 _  : []\OT1/cmr/m/n/10 (\OML/cmm/m/it/10 p; c\OT1/
cmr/m/n/10 )[]\OML/cmm/m/it/10 ;
 []


Package hyperref Warning: Suppressing empty link on input line 121.


Package hyperref Warning: Suppressing empty link on input line 123.


Package hyperref Warning: Suppressing empty link on input line 125.


! LaTeX Error: \mathsf allowed only in math mode.

See the LaTeX manual or LaTeX Companion for explanation.
Type  H <return>  for immediate help.
 ...                                              
                                                  
l.126 compound \EWBGViable
                          {} and the load-bearing biconditional
You're in trouble here.  Try typing  <return>  to proceed.
If that doesn't work, type  X <return>  to quit.


Package hyperref Warning: Suppressing empty link on input line 127.


Package hyperref Warning: Suppressing empty link on input line 130.


Package hyperref Warning: Suppressing empty link on input line 131.


Underfull \hbox (badness 1377) in paragraph at lines 120--133
\OT1/cmr/m/n/10 pling pred-i-cate. Sec-tion  for-mal-izes the chirality-
 []


Underfull \hbox (badness 2142) in paragraph at lines 120--133
\OT1/cmr/m/n/10 wall pred-i-cate and its sub-stan-tive cross-bridges to
 []

[1{/usr/local/texlive/2026/texmf-var/fonts/map/pdftex/updmap/pdftex.map}]
Underfull \hbox (badness 10000) in paragraph at lines 143--157
\OT1/cmr/m/n/10 the load-bearing struc-tural form em-bed-ded in
 []


Underfull \hbox (badness 4621) in paragraph at lines 143--157
\OT1/cmr/m/n/10 the Klinkhamer--Manton sphaleron rate $^^@[] \OMS/cmsy/m/n/10 ^
^X
 []


Underfull \hbox (badness 3769) in paragraph at lines 143--157
\OT1/cmr/m/n/10 The Lean the-o-rem \OT1/cmtt/m/n/10 sphaleronSuppression[]pos \
OT1/cmr/m/n/10 es-
 []


Underfull \hbox (badness 2653) in paragraph at lines 143--157
\OT1/cmr/m/n/10 tab-lishes $^^F(\OML/cmm/m/it/10 v; T\OT1/cmr/m/n/10 ) \OML/cmm
/m/it/10 > \OT1/cmr/m/n/10 0$ at any fi-nite $(\OML/cmm/m/it/10 v; T\OT1/cmr/m/
n/10 )$, and
 []


Underfull \hbox (badness 2409) in paragraph at lines 143--157
\OT1/cmr/m/n/10 used by \OT1/cmtt/m/n/10 EWPhaseTransition.IsBaryogenesisViable

 []


Underfull \hbox (badness 1448) in paragraph at lines 162--168
[]\OT1/cmr/m/n/10 The chi-ral-ity wall is a non-perturbative ob-struc-
 []


Underfull \hbox (badness 3907) in paragraph at lines 162--168
[]\OT1/cmr/m/n/10 ], an anomaly-matching con-straint for-mal-ized as
 []


Underfull \hbox (badness 10000) in paragraph at lines 173--176
\OT1/cmtt/m/n/10 wall[]intact[]xor[]cracked \OT1/cmr/m/n/10 and
 []


Underfull \hbox (badness 7133) in paragraph at lines 173--176
\OT1/cmtt/m/n/10 wall[]intact[]or[]cracked \OT1/cmr/m/n/10 es-tab-lish dis-join
t-ness and
 []


Underfull \hbox (badness 10000) in paragraph at lines 177--180
[]\OT1/cmr/m/n/10 The sub-stan-tive cross-bridges to
 []


Underfull \hbox (badness 1946) in paragraph at lines 177--180
\OT1/cmtt/m/n/10 Z16AnomalyComputation \OT1/cmr/m/n/10 iden-tify the wall pred-
i-cate
 []


Underfull \hbox (badness 10000) in paragraph at lines 181--186
 []\OT1/cmtt/m/n/10 sm[]no[]nu[]R[]wall[]intact \OT1/cmr/m/n/10 con-sumes
 []


Underfull \hbox (badness 2521) in paragraph at lines 181--186
 \OT1/cmtt/m/n/10 three[]gen[]anomalous \OT1/cmr/m/n/10 ($45 \OMS/cmsy/m/n/10 6
\OT1/cmr/m/n/10 = 0 \OMS/cmsy/m/n/10 2 \U/msb/m/n/10 Z[]$\OT1/cmr/m/n/10 ) di-
 []


Underfull \hbox (badness 2865) in paragraph at lines 181--186
 \OT1/cmr/m/n/10 rectly to pro-duce the wall-intact ver-dict for
 []


Underfull \hbox (badness 10000) in paragraph at lines 181--186
 \OT1/cmr/m/n/10 the SM-no-$\OML/cmm/m/it/10 ^^W[]$ \OT1/cmr/m/n/10 fermion con
-tent (3 gen-er-a-
 []


Underfull \hbox (badness 3343) in paragraph at lines 181--186
 \OT1/cmr/m/n/10 tions $\OMS/cmsy/m/n/10 ^^B$ \OT1/cmr/m/n/10 15 com-po-nents p
er gen-er-a-tion, per
 []


Overfull \hbox (5.53471pt too wide) in paragraph at lines 181--186
 \OT1/cmtt/m/n/10 SMFermionData.total[]components[]without[]nu[]R\OT1/cmr/m/n/1
0 ). 
 []


Underfull \hbox (badness 10000) in paragraph at lines 186--192
 []\OT1/cmtt/m/n/10 sm[]no[]nu[]R[]anomaly[]eq[]neg[]three \OT1/cmr/m/n/10 (sub
-stan-tive
 []


Underfull \hbox (badness 1527) in paragraph at lines 186--192
 \OT1/cmtt/m/n/10 three[]gen[]is[]neg3 \OT1/cmr/m/n/10 (Phase 5e) to iden-tify 
the
 []


! LaTeX Error: \mathsf allowed only in math mode.

See the LaTeX manual or LaTeX Companion for explanation.
Type  H <return>  for immediate help.
 ...                                              
                                                  
l.209 The compound \EWBGViable
                              {} predicate
You're in trouble here.  Try typing  <return>  to proceed.
If that doesn't work, type  X <return>  to quit.


Overfull \hbox (37.67838pt too wide) detected at line 214
[][][][][]\OT1/cmr/m/n/10 (\OML/cmm/m/it/10 a; p; c\OT1/cmr/m/n/10 )  \OMS/cmsy
/m/n/10 ^^Q  [][]\OT1/cmr/m/n/10 (\OML/cmm/m/it/10 a\OT1/cmr/m/n/10 ) \OMS/cmsy
/m/n/10 ^ []\OT1/cmr/m/n/10 (\OML/cmm/m/it/10 p; c\OT1/cmr/m/n/10 )
 []


Underfull \hbox (badness 10000) in paragraph at lines 221--226
 []\OT1/cmtt/m/n/10 ewbg[]forbidden[]if[]transition[]crossover\OT1/cmr/m/n/10 :

 []


Underfull \hbox (badness 10000) in paragraph at lines 221--226
 \OT1/cmr/m/n/10 a crossover tran-si-tion for-bids EWBG in-
 []


Underfull \hbox (badness 10000) in paragraph at lines 221--226
 \OT1/cmr/m/n/10 de-pen-dent of wall in-tegrity. Sub-stan-tive
 []


Underfull \hbox (badness 10000) in paragraph at lines 221--226
 \OT1/cmr/m/n/10 cross-bridge --- the proof body in-vokes
 []


Overfull \hbox (33.30775pt too wide) in paragraph at lines 221--226
 \OT1/cmtt/m/n/10 EWPhaseTransition.crossover[]excludes[]baryogenesis
 []


Underfull \hbox (badness 10000) in paragraph at lines 228--237
[]\OT1/cmr/m/n/10 The load-bearing correctness-push is
 []


Underfull \hbox (badness 10000) in paragraph at lines 228--237
\OT1/cmr/m/n/10 the bi-con-di-tional [], for-mal-ized as
 []


Underfull \hbox (badness 10000) in paragraph at lines 228--237
\OT1/cmtt/m/n/10 ewbg[]forbidden[]iff[]wall[]intact[]or[]not[]viable\OT1/cmr/m/
n/10 :
 []


Underfull \hbox (badness 1028) in paragraph at lines 242--251
\OT1/cmr/m/n/10 With the PDG ob-served $\OML/cmm/m/it/10 m[] \OT1/cmr/m/n/10 = 
125\OML/cmm/m/it/10 :\OT1/cmr/m/n/10 20$ GeV [[]],
 []


Underfull \hbox (badness 1014) in paragraph at lines 242--251
\OT1/cmr/m/n/10 the ex-plicit bound $1\OML/cmm/m/it/10 :\OT1/cmr/m/n/10 5 \OML/
cmm/m/it/10 < \OT1/cmr/m/n/10 125\OML/cmm/m/it/10 :\OT1/cmr/m/n/10 20\OML/cmm/m
/it/10 =\OT1/cmr/m/n/10 72\OML/cmm/m/it/10 :\OT1/cmr/m/n/10 4 \OMS/cmsy/m/n/10 
^^Y \OT1/cmr/m/n/10 1\OML/cmm/m/it/10 :\OT1/cmr/m/n/10 73$ via
 []

[2{/usr/local/texlive/2026/texmf-dist/fonts/enc/dvips/cm-super/cm-super-ts1.enc
}]

! LaTeX Error: \mathsf allowed only in math mode.

See the LaTeX manual or LaTeX Companion for explanation.
Type  H <return>  for immediate help.
 ...                                              
                                                  
l.265 \EWBGViable
                 {} unconditionally, regardless of transition order
You're in trouble here.  Try typing  <return>  to proceed.
If that doesn't work, type  X <return>  to quit.


Underfull \hbox (badness 10000) in paragraph at lines 264--268
 []\OT1/cmtt/m/n/10 sm[]no[]nu[]R[]ewbg[]blocked\OT1/cmr/m/n/10 : SM-no-$\OML/c
mm/m/it/10 ^^W[]$
 []


Underfull \hbox (badness 10000) in paragraph at lines 264--268
 \OT1/cmr/m/n/10 fails EW-BGVi-able un-con-di-tion-ally, re-
 []


Underfull \hbox (badness 10000) in paragraph at lines 264--268
 \OT1/cmr/m/n/10 gard-less of tran-si-tion or-der (con-se-quence
 []


Underfull \hbox (badness 10000) in paragraph at lines 264--268
 \OT1/cmr/m/n/10 of \OT1/cmtt/m/n/10 ewbg[]forbidden[]if[]wall[]intact \OT1/cmr
/m/n/10 and
 []


! LaTeX Error: \mathsf allowed only in math mode.

See the LaTeX manual or LaTeX Companion for explanation.
Type  H <return>  for immediate help.
 ...                                              
                                                  
l.269 SM with $3\nu_R$ has \EWBGViable
                                      {} iff the transition is
You're in trouble here.  Try typing  <return>  to proceed.
If that doesn't work, type  X <return>  to quit.


Underfull \hbox (badness 10000) in paragraph at lines 268--272
 []\OT1/cmtt/m/n/10 sm[]with[]3nu[]R[]ewbg[]iff[]first[]order[]strong\OT1/cmr/m
/n/10 :
 []


! LaTeX Error: \mathsf allowed only in math mode.

See the LaTeX manual or LaTeX Companion for explanation.
Type  H <return>  for immediate help.
 ...                                              
                                                  
l.273 ..., even SM with $3\nu_R$ fails \EWBGViable
                                                  {}.
You're in trouble here.  Try typing  <return>  to proceed.
If that doesn't work, type  X <return>  to quit.


! LaTeX Error: \mathsf allowed only in math mode.

See the LaTeX manual or LaTeX Companion for explanation.
Type  H <return>  for immediate help.
 ...                                              
                                                  
l.279 \EWBGViable
                 {} via independent failure modes. The two conjuncts are
You're in trouble here.  Try typing  <return>  to proceed.
If that doesn't work, type  X <return>  to quit.


Underfull \hbox (badness 10000) in paragraph at lines 276--284
[]\OT1/cmr/m/n/10 The correctness-push punch-line is
 []


Underfull \hbox (badness 3849) in paragraph at lines 276--284
\OT1/cmr/m/n/10 hy-poth-e-sis, both the SM-no-$\OML/cmm/m/it/10 ^^W[]$ \OT1/cmr
/m/n/10 and SM-with-$3\OML/cmm/m/it/10 ^^W[]$
 []


Underfull \hbox (badness 2261) in paragraph at lines 276--284
\OT1/cmr/m/n/10 branches fail EW-BGVi-able via in-de-pen-dent fail-ure
 []

<figures/fig_ewbg_allowed_region.png, id=110, 2409.0pt x 1124.2pt>
File: figures/fig_ewbg_allowed_region.png Graphic file (type png)
<use figures/fig_ewbg_allowed_region.png>
Package pdftex.def Info: figures/fig_ewbg_allowed_region.png  used on input lin
e 287.
(pdftex.def)             Requested size: 489.60342pt x 228.47264pt.

Underfull \hbox (badness 10000) in paragraph at lines 318--326
\OT1/cmr/m/n/10 plus three def-i-ni-tions (\OT1/cmtt/m/n/10 sphaleronSuppressio
n\OT1/cmr/m/n/10 ,
 []


Underfull \hbox (badness 3302) in paragraph at lines 318--326
\OT1/cmtt/m/n/10 SphaleronsDecoupled\OT1/cmr/m/n/10 , \OT1/cmtt/m/n/10 EWBGViab
le\OT1/cmr/m/n/10 ), two pred-i-cate
 []


Underfull \hbox (badness 10000) in paragraph at lines 318--326
\OT1/cmr/m/n/10 def-i-ni-tions (\OT1/cmtt/m/n/10 WallIntact\OT1/cmr/m/n/10 , \O
T1/cmtt/m/n/10 WallCracked\OT1/cmr/m/n/10 ), and one
 []


Overfull \hbox (30.94705pt too wide) in paragraph at lines 327--330
 []\OT1/cmr/m/n/10 Phase 5e \OT1/cmtt/m/n/10 Z16AnomalyComputation.three[]gen[]
anomalous
 []


Overfull \hbox (54.36578pt too wide) in paragraph at lines 330--332
 []\OT1/cmr/m/n/10 Phase 5p \OT1/cmtt/m/n/10 GaugingStep.gauging[]requires[]z16
[]cancellation\OT1/cmr/m/n/10 :
 []


Overfull \hbox (17.72504pt too wide) in paragraph at lines 334--336
 []\OT1/cmr/m/n/10 Phase 5z.3 \OT1/cmtt/m/n/10 EWPhaseTransition.crossover[]exc
ludes[]
 []


Underfull \hbox (badness 4341) in paragraph at lines 338--347
[]\OT1/cmr/m/n/10 A Python com-pan-ion \OT1/cmtt/m/n/10 src/ew[]baryogenesis/ \
OT1/cmr/m/n/10 (3
 []


Underfull \hbox (badness 3792) in paragraph at lines 338--347
\OT1/cmr/m/n/10 mod-ules, 23-test pytest suite, $100%$ pass) wraps
 []


Underfull \hbox (badness 10000) in paragraph at lines 338--347
\OT1/cmr/m/n/10 the canon-i-cal for-mu-las \OT1/cmtt/m/n/10 sphaleron[]suppress
ion\OT1/cmr/m/n/10 ,
 []


Underfull \hbox (badness 10000) in paragraph at lines 338--347
\OT1/cmtt/m/n/10 chirality[]wall[]blocks[]ewbg\OT1/cmr/m/n/10 , and \OT1/cmtt/m
/n/10 ewbg[]viable
 []


Underfull \hbox (badness 10000) in paragraph at lines 338--347
\OT1/cmr/m/n/10 (in \OT1/cmtt/m/n/10 src/core/formulas.py\OT1/cmr/m/n/10 ) plus
 the struc-tured
 []


Underfull \hbox (badness 2111) in paragraph at lines 338--347
\OT1/cmr/m/n/10 i-cate eval-u-a-tions agree across all SM bench-marks.
 []


Underfull \hbox (badness 7451) in paragraph at lines 338--347
\OT1/cmr/m/n/10 EWBG-related con-stants live in \OT1/cmtt/m/n/10 EWBG[]PARAMS \
OT1/cmr/m/n/10 in
 []


Underfull \hbox (badness 3492) in paragraph at lines 388--392
 \OT1/cmr/m/it/9 log-i-cal force\OT1/cmr/m/n/9 , Phys. Rev. D \OT1/cmr/bx/n/9 1
06\OT1/cmr/m/n/9 , 045013 (2022);
 []

[3]
Underfull \hbox (badness 1048) in paragraph at lines 394--398
 \OT1/cmr/m/n/9 (2020); arXiv:1910.14664; DOI: []10.1103/Phys-RevRe-
 []


Underfull \hbox (badness 1242) in paragraph at lines 400--404
 \OT1/cmr/m/n/9 posh-nikov, \OT1/cmr/m/it/9 Is there a hot elec-troweak phase t
ran-si-
 []


Underfull \hbox (badness 1320) in paragraph at lines 400--404
 \OT1/cmr/m/it/9 tion at $\OML/cmm/m/it/9 m[] \U/msa/m/n/9 & \OML/cmm/m/it/9 m[
]$\OT1/cmr/m/it/9 ?\OT1/cmr/m/n/9 , Phys. Rev. Lett. \OT1/cmr/bx/n/9 77\OT1/cmr
/m/n/9 , 2887
 []


Underfull \hbox (badness 3240) in paragraph at lines 400--404
 \OT1/cmr/m/n/9 (1996); arXiv:hep-ph/9605288; DOI: []10.1103/Phys-
 []


Underfull \hbox (badness 1490) in paragraph at lines 433--437
 \OT1/cmr/m/it/9 Run-ning neu-trino masses, mix-ings and CP phases:
 []

No file paper_draft.bbl.
[4 <./figures/fig_ewbg_allowed_region.png>] (./paper_draft.aux)
 ***********
LaTeX2e <2025-11-01>
L3 programming layer <2026-01-19>
 ***********
Package rerunfilecheck Info: File `paper_draft.out' has not changed.
(rerunfilecheck)             Checksum: 139FE7242F94FEEC957F449AC890BE4E;2275.
 ) 
Here is how much of TeX's memory you used:
 15757 strings out of 467525
 298271 string characters out of 5418982
 706352 words of memory out of 5000000
 44484 multiletter control sequences out of 15000+600000
 636606 words of font info for 74 fonts, out of 8000000 for 9000
 1141 hyphenation exceptions out of 8191
 75i,8n,80p,1021b,1171s stack positions out of 10000i,1000n,20000p,200000b,200000s
</usr/local/texlive/2026/texmf-dist/fonts/type1/public/amsfonts/cm/cmbx12.pfb
></usr/local/texlive/2026/texmf-dist/fonts/type1/public/amsfonts/cm/cmbx9.pfb><
/usr/local/texlive/2026/texmf-dist/fonts/type1/public/amsfonts/cm/cmex10.pfb></
usr/local/texlive/2026/texmf-dist/fonts/type1/public/amsfonts/cm/cmmi10.pfb></u
sr/local/texlive/2026/texmf-dist/fonts/type1/public/amsfonts/cm/cmmi6.pfb></usr
/local/texlive/2026/texmf-dist/fonts/type1/public/amsfonts/cm/cmmi7.pfb></usr/l
ocal/texlive/2026/texmf-dist/fonts/type1/public/amsfonts/cm/cmmi9.pfb></usr/loc
al/texlive/2026/texmf-dist/fonts/type1/public/amsfonts/cm/cmr10.pfb></usr/local
/texlive/2026/texmf-dist/fonts/type1/public/amsfonts/cm/cmr5.pfb></usr/local/te
xlive/2026/texmf-dist/fonts/type1/public/amsfonts/cm/cmr6.pfb></usr/local/texli
ve/2026/texmf-dist/fonts/type1/public/amsfonts/cm/cmr7.pfb></usr/local/texlive/
2026/texmf-dist/fonts/type1/public/amsfonts/cm/cmr8.pfb></usr/local/texlive/202
6/texmf-dist/fonts/type1/public/amsfonts/cm/cmr9.pfb></usr/local/texlive/2026/t
exmf-dist/fonts/type1/public/amsfonts/cm/cmss10.pfb></usr/local/texlive/2026/te
xmf-dist/fonts/type1/public/amsfonts/cm/cmss9.pfb></usr/local/texlive/2026/texm
f-dist/fonts/type1/public/amsfonts/cm/cmsy10.pfb></usr/local/texlive/2026/texmf
-dist/fonts/type1/public/amsfonts/cm/cmsy7.pfb></usr/local/texlive/2026/texmf-d
ist/fonts/type1/public/amsfonts/cm/cmsy9.pfb></usr/local/texlive/2026/texmf-dis
t/fonts/type1/public/amsfonts/cm/cmti10.pfb></usr/local/texlive/2026/texmf-dist
/fonts/type1/public/amsfonts/cm/cmti9.pfb></usr/local/texlive/2026/texmf-dist/f
onts/type1/public/amsfonts/cm/cmtt10.pfb></usr/local/texlive/2026/texmf-dist/fo
nts/type1/public/amsfonts/cm/cmtt9.pfb></usr/local/texlive/2026/texmf-dist/font
s/type1/public/amsfonts/symbols/msam10.pfb></usr/local/texlive/2026/texmf-dist/
fonts/type1/public/amsfonts/symbols/msbm10.pfb></usr/local/texlive/2026/texmf-d
ist/fonts/type1/public/cm-super/sfrm1000.pfb>
Output written on paper_draft.pdf (4 pages, 465338 bytes).
PDF statistics:
 250 PDF objects out of 1000 (max. 8388607)
 189 compressed objects within 2 object streams
 31 named destinations out of 1000 (max. 500000)
 86 words of extra memory for PDF output out of 10000 (max. 10000000)

