This is pdfTeX, Version 3.141592653-2.6-1.40.29 (TeX Live 2026) (preloaded format=pdflatex 2026.3.22)  14 APR 2026 23:01
entering extended mode
 restricted \write18 enabled.
 file:line:error style messages enabled.
 %&-line parsing enabled.
**/Users/johnroehm/Programming/PythonEnvironments/Physics/Fluid-Based-Physics-Research/SK_EFT_Hawking/papers/paper2_second_order/paper_draft.tex
(/Users/johnroehm/Programming/PythonEnvironments/Physics/Fluid-Based-Physics-Research/SK_EFT_Hawking/papers/paper2_second_order/paper_draft.tex
LaTeX2e <2025-11-01>
L3 programming layer <2026-01-19>
(/usr/local/texlive/2026/texmf-dist/tex/latex/revtex/revtex4-2.cls
Document Class: revtex4-2 2022/06/05 4.2f (https://journals.aps.org/revtex/ for documentation)
 Copyright (c) 2019 American Physical Society.
 mailto:revtex@aps.org
 Licensed under the LPPL:
http://www.ctan.org/tex-archive/macros/latex/base/lppl.txt
 Arthur Ogawa <arthur_ogawa at sbcglobal dot net>
 Based on work by David Carlisle <david at dcarlisle.demon.co.uk>
 Version (4.2d--4.2f): Modified by Mark Doyle and Phelype Oleinik
 .
ltxutil[2022/06/05 4.2f utilities package (portions licensed from W. E. Baxter web at superscript.com)]
LaTeX Info: Redefining \@centercr on input line 356.
Class revtex4-2 Info: Repairing hyperref-unfriendly LaTeX definition of \mpfootnote on input line 492.
Class revtex4-2 Info: Repairing broken LateX \@sect on input line 814.
\intertabularlinepenalty=\count275
\@tbpen=\count276
\@arstrutbox@hline=\box53
Class revtex4-2 Info: Repairing broken LaTeX \@xbitor on input line 1845.
Class revtex4-2 Info: Making \typeout \long on input line 2110.
ltxfront[2022/06/05 4.2f frontmatter package (AO,DPC,MD)]
\c@affil=\count277
\c@collab=\count278
\absbox=\box54
ltxgrid[2022/06/05 4.2f page grid package (portions licensed from W. E. Baxter web at superscript.com)]
\c@linecount=\count279
\output@latex=\toks17
\box@size@1=\box55
\box@size@2=\box56
\@protection@box=\box57
\@topmark@saved=\toks18
\footins@saved=\box58
\footins@recovered=\box59
\column@recovered=\box60
\pagesofar=\box61
\footsofar=\box62
\pagegrid@col=\count280
Class revtex4-2 Info: Overriding \@vspace, \@vspacer, \@no@pgbk, \@newline, and \\  on input line 5676.
\c@part=\count281
\c@section=\count282
\c@subsection=\count283
\c@subsubsection=\count284
\c@paragraph=\count285
\c@subparagraph=\count286
\abovecaptionskip=\skip49
\belowcaptionskip=\skip50
\c@figure=\count287
\fbox@1=\box63
\c@table=\count288
\fbox@2=\box64
\c@video=\count289
\fbox@4=\box65
\@bibdataout=\write3
\widetext@top=\box66
\widetext@bot=\box67
Class revtex4-2 Info: Selecting society aps on input line 7669.
(/usr/local/texlive/2026/texmf-dist/tex/latex/revtex/aps4-2.rtx
File: aps4-2 2022/06/05 4.2f (https://journals.aps.org/revtex/ for documentation)
Class revtex4-2 Info: RevTeX society APS selected on input line 40.
)
Class revtex4-2 Info: Selecting journal prd on input line 7671.
Class revtex4-2 Info: APS journal PRD selected on input line 7672.


Class revtex4-2 Warning: No type size specified, using default 10.

(/usr/local/texlive/2026/texmf-dist/tex/latex/revtex/aps10pt4-2.rtx
File: aps10pt4-2 2022/06/05 4.2f (https://journals.aps.org/revtex/ for documentation)
Class revtex4-2 Info: RevTeX pointsize 10pt selected on input line 39.
) (/usr/local/texlive/2026/texmf-dist/tex/latex/textcase/textcase.sty
Package: textcase 2025/02/16 v1.05 Text only upper/lower case changing (DPC)
Package textcase Info: Defining Legacy names on input line 20.
) (/usr/local/texlive/2026/texmf-dist/tex/latex/amsfonts/amssymb.sty
Package: amssymb 2013/01/14 v3.01 AMS font symbols
 (/usr/local/texlive/2026/texmf-dist/tex/latex/amsfonts/amsfonts.sty
Package: amsfonts 2013/01/14 v3.01 Basic AMSFonts support
\@emptytoks=\toks19
\symAMSa=\mathgroup4
\symAMSb=\mathgroup5
LaTeX Font Info:    Redeclaring math symbol \hbar on input line 98.
LaTeX Font Info:    Overwriting math alphabet `\mathfrak' in version `bold'
(Font)                  U/euf/m/n --> U/euf/b/n on input line 106.
)) (/usr/local/texlive/2026/texmf-dist/tex/latex/amsmath/amsmath.sty
Package: amsmath 2025/07/09 v2.17z AMS math features
\@mathmargin=\skip51

For additional information on amsmath, use the `?' option.
(/usr/local/texlive/2026/texmf-dist/tex/latex/amsmath/amstext.sty
Package: amstext 2024/11/17 v2.01 AMS text
 (/usr/local/texlive/2026/texmf-dist/tex/latex/amsmath/amsgen.sty
File: amsgen.sty 1999/11/30 v2.0 generic functions
\@emptytoks=\toks20
\ex@=\dimen148
)
LaTeX Info: Redefining \text on input line 28.
) (/usr/local/texlive/2026/texmf-dist/tex/latex/amsmath/amsbsy.sty
Package: amsbsy 1999/11/29 v1.2d Bold Symbols
\pmbraise@=\dimen149
) (/usr/local/texlive/2026/texmf-dist/tex/latex/amsmath/amsopn.sty
Package: amsopn 2022/04/08 v2.04 operator names
)
\inf@bad=\count290
LaTeX Info: Redefining \frac on input line 233.
\uproot@=\count291
\leftroot@=\count292
LaTeX Info: Redefining \overline on input line 398.
LaTeX Info: Redefining \colon on input line 409.
\classnum@=\count293
\DOTSCASE@=\count294
LaTeX Info: Redefining \ldots on input line 495.
LaTeX Info: Redefining \dots on input line 498.
LaTeX Info: Redefining \cdots on input line 619.
\Mathstrutbox@=\box68
\strutbox@=\box69
LaTeX Info: Redefining \big on input line 721.
LaTeX Info: Redefining \Big on input line 722.
LaTeX Info: Redefining \bigg on input line 723.
LaTeX Info: Redefining \Bigg on input line 724.
\big@size=\dimen150
LaTeX Font Info:    Redeclaring font encoding OML on input line 742.
LaTeX Font Info:    Redeclaring font encoding OMS on input line 743.
\macc@depth=\count295
LaTeX Info: Redefining \bmod on input line 904.
LaTeX Info: Redefining \pmod on input line 909.
LaTeX Info: Redefining \smash on input line 939.
LaTeX Info: Redefining \relbar on input line 969.
LaTeX Info: Redefining \Relbar on input line 970.
\c@MaxMatrixCols=\count296
\dotsspace@=\muskip17
\c@parentequation=\count297
\dspbrk@lvl=\count298
\tag@help=\toks21
\row@=\count299
\column@=\count300
\maxfields@=\count301
\andhelp@=\toks22
\eqnshift@=\dimen151
\alignsep@=\dimen152
\tagshift@=\dimen153
\tagwidth@=\dimen154
\totwidth@=\dimen155
\lineht@=\dimen156
\@envbody=\toks23
\multlinegap=\skip52
\multlinetaggap=\skip53
\mathdisplay@stack=\toks24
LaTeX Info: Redefining \[ on input line 2950.
LaTeX Info: Redefining \] on input line 2951.
) (/usr/local/texlive/2026/texmf-dist/tex/latex/url/url.sty
\Urlmuskip=\muskip18
Package: url 2013/09/16  ver 3.4  Verb mode for urls, etc.
) (/usr/local/texlive/2026/texmf-dist/tex/latex/natbib/natbib.sty
Package: natbib 2010/09/13 8.31b (PWD, AO)
\bibhang=\skip54
\bibsep=\skip55
LaTeX Info: Redefining \cite on input line 694.
\c@NAT@ctr=\count302
)
Class revtex4-2 Info: Repairing natbib's \BibitemShut on input line 7676.
 (/usr/local/texlive/2026/texmf-dist/tex/latex/revtex/revsymb4-2.sty
Package: revsymb4-2 2022/06/05 4.2f (https://journals.aps.org/revtex/ for documentation)
LaTeX Info: Redefining \frak on input line 104.
LaTeX Info: Redefining \Bbb on input line 120.
LaTeX Info: Redefining \REV@mathfrak on input line 128.
)) (/usr/local/texlive/2026/texmf-dist/tex/latex/graphics/graphicx.sty
Package: graphicx 2024/12/31 v1.2e Enhanced LaTeX Graphics (DPC,SPQR)
 (/usr/local/texlive/2026/texmf-dist/tex/latex/graphics/keyval.sty
Package: keyval 2022/05/29 v1.15 key=value parser (DPC)
\KV@toks@=\toks25
) (/usr/local/texlive/2026/texmf-dist/tex/latex/graphics/graphics.sty
Package: graphics 2024/08/06 v1.4g Standard LaTeX Graphics (DPC,SPQR)
 (/usr/local/texlive/2026/texmf-dist/tex/latex/graphics/trig.sty
Package: trig 2023/12/02 v1.11 sin cos tan (DPC)
) (/usr/local/texlive/2026/texmf-dist/tex/latex/graphics-cfg/graphics.cfg
File: graphics.cfg 2016/06/04 v1.11 sample graphics configuration
)
Package graphics Info: Driver file: pdftex.def on input line 106.
 (/usr/local/texlive/2026/texmf-dist/tex/latex/graphics-def/pdftex.def
File: pdftex.def 2025/09/29 v1.2d Graphics/color driver for pdftex
))
\Gin@req@height=\dimen157
\Gin@req@width=\dimen158
) (/usr/local/texlive/2026/texmf-dist/tex/latex/mathtools/mathtools.sty
Package: mathtools 2024/10/04 v1.31 mathematical typesetting tools
 (/usr/local/texlive/2026/texmf-dist/tex/latex/tools/calc.sty
Package: calc 2025/03/01 v4.3b Infix arithmetic (KKT,FJ)
\calc@Acount=\count303
\calc@Bcount=\count304
\calc@Adimen=\dimen159
\calc@Bdimen=\dimen160
\calc@Askip=\skip56
\calc@Bskip=\skip57
LaTeX Info: Redefining \setlength on input line 86.
LaTeX Info: Redefining \addtolength on input line 87.
\calc@Ccount=\count305
\calc@Cskip=\skip58
) (/usr/local/texlive/2026/texmf-dist/tex/latex/mathtools/mhsetup.sty
Package: mhsetup 2021/03/18 v1.4 programming setup (MH)
)
\g_MT_multlinerow_int=\count306
\l_MT_multwidth_dim=\dimen161
\origjot=\skip59
\l_MT_shortvdotswithinadjustabove_dim=\dimen162
\l_MT_shortvdotswithinadjustbelow_dim=\dimen163
\l_MT_above_intertext_sep=\dimen164
\l_MT_below_intertext_sep=\dimen165
\l_MT_above_shortintertext_sep=\dimen166
\l_MT_below_shortintertext_sep=\dimen167
\xmathstrut@box=\box70
\xmathstrut@dim=\dimen168
) (/usr/local/texlive/2026/texmf-dist/tex/latex/physics/physics.sty
Package: physics 
 (/usr/local/texlive/2026/texmf-dist/tex/latex/l3packages/xparse/xparse.sty (/usr/local/texlive/2026/texmf-dist/tex/latex/l3kernel/expl3.sty
Package: expl3 2026-01-19 L3 programming layer (loader) 
 (/usr/local/texlive/2026/texmf-dist/tex/latex/l3backend/l3backend-pdftex.def
File: l3backend-pdftex.def 2025-10-09 L3 backend support: PDF output (pdfTeX)
\l__color_backend_stack_int=\count307
))
Package: xparse 2025-10-09 L3 Experimental document command parser
)) (/usr/local/texlive/2026/texmf-dist/tex/latex/xcolor/xcolor.sty
Package: xcolor 2024/09/29 v3.02 LaTeX color extensions (UK)
 (/usr/local/texlive/2026/texmf-dist/tex/latex/graphics-cfg/color.cfg
File: color.cfg 2016/01/02 v1.6 sample color configuration
)
Package xcolor Info: Driver file: pdftex.def on input line 274.
 (/usr/local/texlive/2026/texmf-dist/tex/latex/graphics/mathcolor.ltx)
Package xcolor Info: Model `cmy' substituted by `cmy0' on input line 1349.
Package xcolor Info: Model `hsb' substituted by `rgb' on input line 1353.
Package xcolor Info: Model `RGB' extended on input line 1365.
Package xcolor Info: Model `HTML' substituted by `rgb' on input line 1367.
Package xcolor Info: Model `Hsb' substituted by `hsb' on input line 1368.
Package xcolor Info: Model `tHsb' substituted by `hsb' on input line 1369.
Package xcolor Info: Model `HSB' substituted by `hsb' on input line 1370.
Package xcolor Info: Model `Gray' substituted by `gray' on input line 1371.
Package xcolor Info: Model `wave' substituted by `hsb' on input line 1372.
) (/usr/local/texlive/2026/texmf-dist/tex/latex/comment/comment.sty
\CommentStream=\write4
 Excluding comment 'comment')
Class revtex4-2 Info: Unrecognized LaTeX tabular. Please update this document class! (Proceeding with fingers crossed.) on input line 22.
Class revtex4-2 Info: cite was not loaded (OK!) on input line 22.
Class revtex4-2 Info: mcite was not loaded (OK!) on input line 22.
Class revtex4-2 Info: multicol was not loaded (OK!) on input line 22.

No file paper_draft.aux.
\openout1 = `paper_draft.aux'.

LaTeX Font Info:    Checking defaults for OML/cmm/m/it on input line 22.
LaTeX Font Info:    ... okay on input line 22.
LaTeX Font Info:    Checking defaults for OMS/cmsy/m/n on input line 22.
LaTeX Font Info:    ... okay on input line 22.
LaTeX Font Info:    Checking defaults for OT1/cmr/m/n on input line 22.
LaTeX Font Info:    ... okay on input line 22.
LaTeX Font Info:    Checking defaults for T1/cmr/m/n on input line 22.
LaTeX Font Info:    ... okay on input line 22.
LaTeX Font Info:    Checking defaults for TS1/cmr/m/n on input line 22.
LaTeX Font Info:    ... okay on input line 22.
LaTeX Font Info:    Checking defaults for OMX/cmex/m/n on input line 22.
LaTeX Font Info:    ... okay on input line 22.
LaTeX Font Info:    Checking defaults for U/cmr/m/n on input line 22.
LaTeX Font Info:    ... okay on input line 22.
(/usr/local/texlive/2026/texmf-dist/tex/context/base/mkii/supp-pdf.mkii
[Loading MPS to PDF converter (version 2006.09.02).]
\scratchcounter=\count308
\scratchdimen=\dimen169
\scratchbox=\box71
\nofMPsegments=\count309
\nofMParguments=\count310
\everyMPshowfont=\toks26
\MPscratchCnt=\count311
\MPscratchDim=\dimen170
\MPnumerator=\count312
\makeMPintoPDFobject=\count313
\everyMPtoPDFconversion=\toks27
) (/usr/local/texlive/2026/texmf-dist/tex/latex/epstopdf-pkg/epstopdf-base.sty
Package: epstopdf-base 2020-01-24 v2.11 Base part for package epstopdf
Package epstopdf-base Info: Redefining graphics rule for `.eps' on input line 485.
 (/usr/local/texlive/2026/texmf-dist/tex/latex/latexconfig/epstopdf-sys.cfg
File: epstopdf-sys.cfg 2010/07/13 v1.3 Configuration of (r)epstopdf for TeX Live
))
\openout3 = `paper_draftNotes.bib'.

LaTeX Font Info:    Trying to load font information for U+msa on input line 33.
 (/usr/local/texlive/2026/texmf-dist/tex/latex/amsfonts/umsa.fd
File: umsa.fd 2013/01/14 v3.01 AMS symbols A
)
LaTeX Font Info:    Trying to load font information for U+msb on input line 33.
 (/usr/local/texlive/2026/texmf-dist/tex/latex/amsfonts/umsb.fd
File: umsb.fd 2013/01/14 v3.01 AMS symbols B
)

Package natbib Warning: Citation `PaperI' on page 1 undefined on input line 45.


Underfull \hbox (badness 1946) in paragraph at lines 52--53
 []\OT1/cmr/m/n/10 How does the pos-i-tiv-ity ax-iom con-strain the
 []


Underfull \hbox (badness 1590) in paragraph at lines 79--80
\OT1/cmr/m/n/10 Even-in-$\OML/cmm/m/it/10 !$ \OT1/cmr/m/n/10 (con-ser-va-tive) re-tarded terms are un-con-
 []

[1{/usr/local/texlive/2026/texmf-var/fonts/map/pdftex/updmap/pdftex.map}{/usr/local/texlive/2026/texmf-dist/fonts/enc/dvips/cm-super/cm-super-ts1.enc}]

LaTeX Warning: Reference `eq:counting_formula' on page 2 undefined on input line 110.


Underfull \hbox (badness 2884) in paragraph at lines 119--120
 \OT1/cmr/m/n/10 for all $\OML/cmm/m/it/10 N \OMS/cmsy/m/n/10 ^^U \OT1/cmr/m/n/10 1$, proved via bi-jec-tion with
 []


Underfull \hbox (badness 5217) in paragraph at lines 122--123
 []\OT1/cmtt/m/n/10 secondOrder[]count[]with[]parity\OT1/cmr/m/n/10 : Ver-i-fied by
 []


Underfull \hbox (badness 1005) in paragraph at lines 157--158
\OT1/cmr/m/n/10 am-ple $\OML/cmm/m/it/10 c \OT1/cmr/m/n/10 = (0\OML/cmm/m/it/10 ; [] ; \OT1/cmr/m/n/10 0\OML/cmm/m/it/10 ; \OT1/cmr/m/n/10 1\OML/cmm/m/it/10 ; \OT1/cmr/m/n/10 0)$). The same could hap-
 []


Underfull \hbox (badness 2261) in paragraph at lines 157--158
\OT1/cmr/m/n/10 pen here: if Aris-to-tle finds a coun-terex-am-ple to
 []

[2]

LaTeX Warning: Reference `eq:positivity_constraint' on page 3 undefined on input line 180.


LaTeX Warning: Reference `sec:kms' on page 3 undefined on input line 185.


Package natbib Warning: Citation `Crossley:2017' on page 3 undefined on input line 185.


Overfull \hbox (42.09476pt too wide) detected at line 199
[]\OML/cmm/m/it/10 K[]\OT1/cmr/m/n/10 (\OML/cmm/m/it/10 !; k\OT1/cmr/m/n/10 ) = [] [] = [] []  [] \OML/cmm/m/it/10 :
 []


Underfull \hbox (badness 1789) in paragraph at lines 199--201
\OT1/cmr/m/n/10 Even-in-$\OML/cmm/m/it/10 !$ \OT1/cmr/m/n/10 terms can-cel iden-ti-cally: a purely non-
 []


LaTeX Warning: Reference `eq:general_fdr' on page 3 undefined on input line 211.


LaTeX Warning: Reference `sec:kms' on page 3 undefined on input line 211.

[3]

LaTeX Warning: Reference `tab:corrections' on page 4 undefined on input line 269.


Overfull \hbox (105.97253pt too wide) in paragraph at lines 292--301
 []$[]$ 
 []

<figures/fig1_transonic.pdf, id=33, 527.08919pt x 565.15138pt>
File: figures/fig1_transonic.pdf Graphic file (type pdf)
<use figures/fig1_transonic.pdf>
Package pdftex.def Info: figures/fig1_transonic.pdf  used on input line 325.
(pdftex.def)             Requested size: 246.0pt x 263.76712pt.
<figures/fig2_correction_hierarchy.pdf, id=34, 565.15138pt x 376.52669pt>
File: figures/fig2_correction_hierarchy.pdf Graphic file (type pdf)
<use figures/fig2_correction_hierarchy.pdf>
Package pdftex.def Info: figures/fig2_correction_hierarchy.pdf  used on input line 332.
(pdftex.def)             Requested size: 246.0pt x 163.89694pt.
<figures/fig3_parameter_space.pdf, id=35, 527.08919pt x 414.58888pt>
File: figures/fig3_parameter_space.pdf Graphic file (type pdf)
<use figures/fig3_parameter_space.pdf>
Package pdftex.def Info: figures/fig3_parameter_space.pdf  used on input line 339.
(pdftex.def)             Requested size: 246.0pt x 193.49667pt.
<figures/fig4_cgl_fdr_pattern.pdf, id=36, 527.08919pt x 339.18718pt>
File: figures/fig4_cgl_fdr_pattern.pdf Graphic file (type pdf)
<use figures/fig4_cgl_fdr_pattern.pdf>
Package pdftex.def Info: figures/fig4_cgl_fdr_pattern.pdf  used on input line 346.
(pdftex.def)             Requested size: 246.0pt x 158.30525pt.
<figures/fig5_even_odd_kernel.pdf, id=37, 602.25pt x 489.74968pt>
File: figures/fig5_even_odd_kernel.pdf Graphic file (type pdf)
<use figures/fig5_even_odd_kernel.pdf>
Package pdftex.def Info: figures/fig5_even_odd_kernel.pdf  used on input line 353.
(pdftex.def)             Requested size: 246.0pt x 200.05136pt.
<figures/fig6_on_shell_vanishing.pdf, id=38, 489.74968pt x 301.125pt>
File: figures/fig6_on_shell_vanishing.pdf Graphic file (type pdf)
<use figures/fig6_on_shell_vanishing.pdf>
Package pdftex.def Info: figures/fig6_on_shell_vanishing.pdf  used on input line 360.
(pdftex.def)             Requested size: 246.0pt x 151.25594pt.
[4]

LaTeX Warning: A float is stuck (cannot be placed); try class option [floatfix] on input line 372.

[5 <./figures/fig1_transonic.pdf> <./figures/fig2_correction_hierarchy.pdf> <./figures/fig3_parameter_space.pdf>]

LaTeX Warning: A float is stuck (cannot be placed); try class option [floatfix] on input line 382.


/Users/johnroehm/Programming/PythonEnvironments/Physics/Fluid-Based-Physics-Research/SK_EFT_Hawking/papers/paper2_second_order/paper_draft.tex:383: LaTeX Error: Unicode character ✓ (U+2713)
               not set up for use with LaTeX.

See the LaTeX manual or LaTeX Companion for explanation.
Type  H <return>  for immediate help.
 ...                                              
                                                  
l.383 ...quires $\kappa > 0$). \textbf{✓ PROVED}
                                                   — One-liner div\_ne\_zero.
You may provide a definition with
\DeclareUnicodeCharacter 


/Users/johnroehm/Programming/PythonEnvironments/Physics/Fluid-Based-Physics-Research/SK_EFT_Hawking/papers/paper2_second_order/paper_draft.tex:384: LaTeX Error: Unicode character ✓ (U+2713)
               not set up for use with LaTeX.

See the LaTeX manual or LaTeX Companion for explanation.
Type  H <return>  for immediate help.
 ...                                              
                                                  
l.384 ...o distinguish cases). \textbf{✓ PROVED}
                                                   — Via div\_eq\_iff hk.ne'.
You may provide a definition with
\DeclareUnicodeCharacter 


/Users/johnroehm/Programming/PythonEnvironments/Physics/Fluid-Based-Physics-Research/SK_EFT_Hawking/papers/paper2_second_order/paper_draft.tex:385: LaTeX Error: Unicode character ✓ (U+2713)
               not set up for use with LaTeX.

See the LaTeX manual or LaTeX Companion for explanation.
Type  H <return>  for immediate help.
 ...                                              
                                                  
l.385 ...neq 0$ to avoid 0/0). \textbf{✓ PROVED}
                                                   — Forward direction eva...
You may provide a definition with
\DeclareUnicodeCharacter 


/Users/johnroehm/Programming/PythonEnvironments/Physics/Fluid-Based-Physics-Research/SK_EFT_Hawking/papers/paper2_second_order/paper_draft.tex:385: LaTeX Error: Unicode character ω (U+03C9)
               not set up for use with LaTeX.

See the LaTeX manual or LaTeX Companion for explanation.
Type  H <return>  for immediate help.
 ...                                              
                                                  
l.385 ...d direction evaluates at 4 specific (k,ω
                                                  ) pairs.
You may provide a definition with
\DeclareUnicodeCharacter 


Underfull \hbox (badness 2359) in paragraph at lines 385--386
 []\OT1/cmtt/m/n/10 dampingRate[]eq[]zero[]iff\OT1/cmr/m/n/10 : True bi-con-di-tional:
 []

[6 <./figures/fig4_cgl_fdr_pattern.pdf> <./figures/fig5_even_odd_kernel.pdf> <./figures/fig6_on_shell_vanishing.pdf>]
Underfull \hbox (badness 10000) in paragraph at lines 393--394
\OT1/cmr/m/n/10 proved the bi-con-di-tional: pos-i-tiv-ity un-der
 []


Underfull \hbox (badness 10000) in paragraph at lines 395--396
[]\OT1/cmr/bx/n/10 No-dissipation limit. \OT1/cmr/m/n/10 Tests
 []


Underfull \hbox (badness 10000) in paragraph at lines 395--396
\OT1/cmtt/m/n/10 no[]dissipation[]zero[]damping\OT1/cmr/m/n/10 ,
 []


Underfull \hbox (badness 10000) in paragraph at lines 395--396
\OT1/cmtt/m/n/10 turning[]point[]no[]shift\OT1/cmr/m/n/10 , and
 []


Underfull \hbox (badness 10000) in paragraph at lines 395--396
\OT1/cmtt/m/n/10 firstOrder[]correction[]zero[]iff[]no[]dissipation
 []


Underfull \hbox (badness 3758) in paragraph at lines 399--400
[]\OT1/cmr/bx/n/10 Key dis-cov-ery: \OT1/cmr/m/n/10 WKB anal-y-sis re-vealed that
 []


Underfull \hbox (badness 1831) in paragraph at lines 412--413
\OT1/cmr/m/n/10 arises from the Bo-goli-ubov quar-tic dis-per-sion, the
 []


Underfull \hbox (badness 2707) in paragraph at lines 423--424
 \OT1/cmr/m/n/10 CGL deriva-tion shows this FDR pairs noise
 []


LaTeX Warning: Reference `tab:corrections' on page 7 undefined on input line 425.


Underfull \hbox (badness 10000) in paragraph at lines 427--428
 []\OT1/cmr/bx/n/10 Boundary terms near hori-zon (RE-
 []


Underfull \hbox (badness 1132) in paragraph at lines 427--428
 \OT1/cmr/bx/n/10 SOLVED). \OT1/cmr/m/n/10 IBP with position-dependent $\OML/cmm/m/it/10 ^^M\OT1/cmr/m/n/10 (\OML/cmm/m/it/10 x\OT1/cmr/m/n/10 )$
 []


Underfull \hbox (badness 2103) in paragraph at lines 427--428
 \OT1/cmr/m/n/10 10[]$. The ex-tra mono-mial is al-ready cap-
 []


Underfull \hbox (badness 7030) in paragraph at lines 427--428
 \OT1/cmr/m/n/10 tured by the re-laxed frame-work (Aris-to-tle:
 []


Underfull \hbox (badness 1297) in paragraph at lines 429--430
 []\OT1/cmr/bx/n/10 KMS op-ti-mal-ity (RE-SOLVED). \OT1/cmr/m/n/10 The first-
 []

[7]

LaTeX Warning: Reference `LastBibItem' on page 8 undefined on input line 440.


Underfull \hbox (badness 2096) in paragraph at lines 448--449
 []\OT1/cmr/m/n/9 D. T. Son, \OT1/cmr/m/it/9 Low-Energy Quan-tum Ef-fec-tive Ac-tion
 []


Underfull \hbox (badness 1688) in paragraph at lines 454--455
 []\OT1/cmr/m/n/9 O. Coutant and R. Parentani, \OT1/cmr/m/it/9 Phys. Rev. D \OT1/cmr/bx/n/9 90\OT1/cmr/m/n/9 ,
 []

(./paper_draft.bbl)

Package natbib Warning: There were undefined citations.

[8] (./paper_draft.aux

Package natbib Warning: Citation(s) may have changed.
(natbib)                Rerun to get citations correct.

)
 ***********
LaTeX2e <2025-11-01>
L3 programming layer <2026-01-19>
 ***********


LaTeX Warning: There were undefined references.


LaTeX Warning: Label(s) may have changed. Rerun to get cross-references right.

 ) 
Here is how much of TeX's memory you used:
 6498 strings out of 467525
 94700 string characters out of 5418982
 545588 words of memory out of 5000000
 35348 multiletter control sequences out of 15000+600000
 634937 words of font info for 68 fonts, out of 8000000 for 9000
 1141 hyphenation exceptions out of 8191
 73i,12n,79p,1537b,338s stack positions out of 10000i,1000n,20000p,200000b,200000s
</usr/local/texlive/2026/texmf-dist/fonts/type1/public/amsfonts/cm/cmbx10.pfb></usr/local/texlive/2026/texmf-dist/fonts/type1/public/amsfonts/cm/cmbx12.pfb></usr/local/texlive/2026/texmf-dist/fonts/type1/public/amsfonts/cm/cmbx9.pfb></usr/local/texlive/2026/texmf-dist/fonts/type1/public/amsfonts/cm/cmex10.pfb></usr/local/texlive/2026/texmf-dist/fonts/type1/public/amsfonts/cmextra/cmex9.pfb></usr/local/texlive/2026/texmf-dist/fonts/type1/public/amsfonts/cm/cmmi10.pfb></usr/local/texlive/2026/texmf-dist/fonts/type1/public/amsfonts/cm/cmmi5.pfb></usr/local/texlive/2026/texmf-dist/fonts/type1/public/amsfonts/cm/cmmi6.pfb></usr/local/texlive/2026/texmf-dist/fonts/type1/public/amsfonts/cm/cmmi7.pfb></usr/local/texlive/2026/texmf-dist/fonts/type1/public/amsfonts/cm/cmmi9.pfb></usr/local/texlive/2026/texmf-dist/fonts/type1/public/amsfonts/cm/cmr10.pfb></usr/local/texlive/2026/texmf-dist/fonts/type1/public/amsfonts/cm/cmr5.pfb></usr/local/texlive/2026/texmf-dist/fonts/type1/public/amsfonts/cm/cmr6.pfb></usr/local/texlive/2026/texmf-dist/fonts/type1/public/amsfonts/cm/cmr7.pfb></usr/local/texlive/2026/texmf-dist/fonts/type1/public/amsfonts/cm/cmr9.pfb></usr/local/texlive/2026/texmf-dist/fonts/type1/public/amsfonts/cm/cmsy10.pfb></usr/local/texlive/2026/texmf-dist/fonts/type1/public/amsfonts/cm/cmsy6.pfb></usr/local/texlive/2026/texmf-dist/fonts/type1/public/amsfonts/cm/cmsy7.pfb></usr/local/texlive/2026/texmf-dist/fonts/type1/public/amsfonts/cm/cmsy9.pfb></usr/local/texlive/2026/texmf-dist/fonts/type1/public/amsfonts/cm/cmti10.pfb></usr/local/texlive/2026/texmf-dist/fonts/type1/public/amsfonts/cm/cmti9.pfb></usr/local/texlive/2026/texmf-dist/fonts/type1/public/amsfonts/cm/cmtt10.pfb></usr/local/texlive/2026/texmf-dist/fonts/type1/public/amsfonts/symbols/msbm10.pfb></usr/local/texlive/2026/texmf-dist/fonts/type1/public/cm-super/sfrm1000.pfb>
Output written on paper_draft.pdf (8 pages, 1076355 bytes).
PDF statistics:
 455 PDF objects out of 1000 (max. 8388607)
 277 compressed objects within 3 object streams
 0 named destinations out of 1000 (max. 500000)
 31 words of extra memory for PDF output out of 10000 (max. 10000000)

