This is pdfTeX, Version 3.141592653-2.6-1.40.29 (TeX Live 2026) (preloaded format=pdflatex 2026.3.22)  1 MAY 2026 10:22
entering extended mode
 restricted \write18 enabled.
 file:line:error style messages enabled.
 %&-line parsing enabled.
**/Users/johnroehm/Programming/PythonEnvironments/Physics/Fluid-Based-Physics-Research/SK_EFT_Hawking/papers/I2/paper_draft.tex
(/Users/johnroehm/Programming/PythonEnvironments/Physics/Fluid-Based-Physics-Research/SK_EFT_Hawking/papers/I2/paper_draft.tex
LaTeX2e <2025-11-01>
L3 programming layer <2026-01-19>
(/usr/local/texlive/2026/texmf-dist/tex/latex/base/article.cls
Document Class: article 2025/01/22 v1.4n Standard LaTeX document class
(/usr/local/texlive/2026/texmf-dist/tex/latex/base/size11.clo
File: size11.clo 2025/01/22 v1.4n Standard LaTeX file (size option)
)
\c@part=\count275
\c@section=\count276
\c@subsection=\count277
\c@subsubsection=\count278
\c@paragraph=\count279
\c@subparagraph=\count280
\c@figure=\count281
\c@table=\count282
\abovecaptionskip=\skip49
\belowcaptionskip=\skip50
\bibindent=\dimen148
) (/usr/local/texlive/2026/texmf-dist/tex/latex/base/inputenc.sty
Package: inputenc 2024/02/08 v1.3d Input encoding file
\inpenc@prehook=\toks17
\inpenc@posthook=\toks18
) (/usr/local/texlive/2026/texmf-dist/tex/latex/amsmath/amsmath.sty
Package: amsmath 2025/07/09 v2.17z AMS math features
\@mathmargin=\skip51

For additional information on amsmath, use the `?' option.
(/usr/local/texlive/2026/texmf-dist/tex/latex/amsmath/amstext.sty
Package: amstext 2024/11/17 v2.01 AMS text
 (/usr/local/texlive/2026/texmf-dist/tex/latex/amsmath/amsgen.sty
File: amsgen.sty 1999/11/30 v2.0 generic functions
\@emptytoks=\toks19
\ex@=\dimen149
)) (/usr/local/texlive/2026/texmf-dist/tex/latex/amsmath/amsbsy.sty
Package: amsbsy 1999/11/29 v1.2d Bold Symbols
\pmbraise@=\dimen150
) (/usr/local/texlive/2026/texmf-dist/tex/latex/amsmath/amsopn.sty
Package: amsopn 2022/04/08 v2.04 operator names
)
\inf@bad=\count283
LaTeX Info: Redefining \frac on input line 233.
\uproot@=\count284
\leftroot@=\count285
LaTeX Info: Redefining \overline on input line 398.
LaTeX Info: Redefining \colon on input line 409.
\classnum@=\count286
\DOTSCASE@=\count287
LaTeX Info: Redefining \ldots on input line 495.
LaTeX Info: Redefining \dots on input line 498.
LaTeX Info: Redefining \cdots on input line 619.
\Mathstrutbox@=\box53
\strutbox@=\box54
LaTeX Info: Redefining \big on input line 721.
LaTeX Info: Redefining \Big on input line 722.
LaTeX Info: Redefining \bigg on input line 723.
LaTeX Info: Redefining \Bigg on input line 724.
\big@size=\dimen151
LaTeX Font Info:    Redeclaring font encoding OML on input line 742.
LaTeX Font Info:    Redeclaring font encoding OMS on input line 743.
\macc@depth=\count288
LaTeX Info: Redefining \bmod on input line 904.
LaTeX Info: Redefining \pmod on input line 909.
LaTeX Info: Redefining \smash on input line 939.
LaTeX Info: Redefining \relbar on input line 969.
LaTeX Info: Redefining \Relbar on input line 970.
\c@MaxMatrixCols=\count289
\dotsspace@=\muskip17
\c@parentequation=\count290
\dspbrk@lvl=\count291
\tag@help=\toks20
\row@=\count292
\column@=\count293
\maxfields@=\count294
\andhelp@=\toks21
\eqnshift@=\dimen152
\alignsep@=\dimen153
\tagshift@=\dimen154
\tagwidth@=\dimen155
\totwidth@=\dimen156
\lineht@=\dimen157
\@envbody=\toks22
\multlinegap=\skip52
\multlinetaggap=\skip53
\mathdisplay@stack=\toks23
LaTeX Info: Redefining \[ on input line 2950.
LaTeX Info: Redefining \] on input line 2951.
) (/usr/local/texlive/2026/texmf-dist/tex/latex/amsfonts/amssymb.sty
Package: amssymb 2013/01/14 v3.01 AMS font symbols
 (/usr/local/texlive/2026/texmf-dist/tex/latex/amsfonts/amsfonts.sty
Package: amsfonts 2013/01/14 v3.01 Basic AMSFonts support
\symAMSa=\mathgroup4
\symAMSb=\mathgroup5
LaTeX Font Info:    Redeclaring math symbol \hbar on input line 98.
LaTeX Font Info:    Overwriting math alphabet `\mathfrak' in version `bold'
(Font)                  U/euf/m/n --> U/euf/b/n on input line 106.
)) (/usr/local/texlive/2026/texmf-dist/tex/latex/amscls/amsthm.sty
Package: amsthm 2020/05/29 v2.20.6
\thm@style=\toks24
\thm@bodyfont=\toks25
\thm@headfont=\toks26
\thm@notefont=\toks27
\thm@headpunct=\toks28
\thm@preskip=\skip54
\thm@postskip=\skip55
\thm@headsep=\skip56
\dth@everypar=\toks29
) (/usr/local/texlive/2026/texmf-dist/tex/latex/hyperref/hyperref.sty
Package: hyperref 2026-01-29 v7.01p Hypertext links for LaTeX
 (/usr/local/texlive/2026/texmf-dist/tex/generic/iftex/iftex.sty
Package: iftex 2024/12/12 v1.0g TeX engine tests
) (/usr/local/texlive/2026/texmf-dist/tex/latex/graphics/keyval.sty
Package: keyval 2022/05/29 v1.15 key=value parser (DPC)
\KV@toks@=\toks30
) (/usr/local/texlive/2026/texmf-dist/tex/latex/kvsetkeys/kvsetkeys.sty
Package: kvsetkeys 2022-10-05 v1.19 Key value parser (HO)
) (/usr/local/texlive/2026/texmf-dist/tex/generic/kvdefinekeys/kvdefinekeys.sty
Package: kvdefinekeys 2019-12-19 v1.6 Define keys (HO)
) (/usr/local/texlive/2026/texmf-dist/tex/generic/pdfescape/pdfescape.sty
Package: pdfescape 2019/12/09 v1.15 Implements pdfTeX's escape features (HO)
 (/usr/local/texlive/2026/texmf-dist/tex/generic/ltxcmds/ltxcmds.sty
Package: ltxcmds 2023-12-04 v1.26 LaTeX kernel commands for general use (HO)
) (/usr/local/texlive/2026/texmf-dist/tex/generic/pdftexcmds/pdftexcmds.sty
Package: pdftexcmds 2020-06-27 v0.33 Utility functions of pdfTeX for LuaTeX (HO)
 (/usr/local/texlive/2026/texmf-dist/tex/generic/infwarerr/infwarerr.sty
Package: infwarerr 2019/12/03 v1.5 Providing info/warning/error messages (HO)
)
Package pdftexcmds Info: \pdf@primitive is available.
Package pdftexcmds Info: \pdf@ifprimitive is available.
Package pdftexcmds Info: \pdfdraftmode found.
)) (/usr/local/texlive/2026/texmf-dist/tex/latex/hycolor/hycolor.sty
Package: hycolor 2020-01-27 v1.10 Color options for hyperref/bookmark (HO)
) (/usr/local/texlive/2026/texmf-dist/tex/latex/hyperref/nameref.sty
Package: nameref 2026-01-29 v2.58 Cross-referencing by name of section
 (/usr/local/texlive/2026/texmf-dist/tex/latex/refcount/refcount.sty
Package: refcount 2019/12/15 v3.6 Data extraction from label references (HO)
) (/usr/local/texlive/2026/texmf-dist/tex/generic/gettitlestring/gettitlestring.sty
Package: gettitlestring 2019/12/15 v1.6 Cleanup title references (HO)
 (/usr/local/texlive/2026/texmf-dist/tex/latex/kvoptions/kvoptions.sty
Package: kvoptions 2022-06-15 v3.15 Key value format for package options (HO)
))
\c@section@level=\count295
) (/usr/local/texlive/2026/texmf-dist/tex/latex/etoolbox/etoolbox.sty
Package: etoolbox 2025/10/02 v2.5m e-TeX tools for LaTeX (JAW)
\etb@tempcnta=\count296
) (/usr/local/texlive/2026/texmf-dist/tex/generic/stringenc/stringenc.sty
Package: stringenc 2019/11/29 v1.12 Convert strings between diff. encodings (HO)
)
\@linkdim=\dimen158
\Hy@linkcounter=\count297
\Hy@pagecounter=\count298
 (/usr/local/texlive/2026/texmf-dist/tex/latex/hyperref/pd1enc.def
File: pd1enc.def 2026-01-29 v7.01p Hyperref: PDFDocEncoding definition (HO)
Now handling font encoding PD1 ...
... no UTF-8 mapping file for font encoding PD1
) (/usr/local/texlive/2026/texmf-dist/tex/generic/intcalc/intcalc.sty
Package: intcalc 2019/12/15 v1.3 Expandable calculations with integers (HO)
)
\Hy@SavedSpaceFactor=\count299
 (/usr/local/texlive/2026/texmf-dist/tex/latex/hyperref/puenc.def
File: puenc.def 2026-01-29 v7.01p Hyperref: PDF Unicode definition (HO)
Now handling font encoding PU ...
... no UTF-8 mapping file for font encoding PU
)
Package hyperref Info: Hyper figures OFF on input line 4201.
Package hyperref Info: Link nesting OFF on input line 4206.
Package hyperref Info: Hyper index ON on input line 4209.
Package hyperref Info: Plain pages OFF on input line 4216.
Package hyperref Info: Backreferencing OFF on input line 4221.
Package hyperref Info: Implicit mode ON; LaTeX internals redefined.
Package hyperref Info: Bookmarks ON on input line 4468.
\c@Hy@tempcnt=\count300
 (/usr/local/texlive/2026/texmf-dist/tex/latex/url/url.sty
\Urlmuskip=\muskip18
Package: url 2013/09/16  ver 3.4  Verb mode for urls, etc.
)
LaTeX Info: Redefining \url on input line 4807.
\XeTeXLinkMargin=\dimen159
 (/usr/local/texlive/2026/texmf-dist/tex/generic/bitset/bitset.sty
Package: bitset 2019/12/09 v1.3 Handle bit-vector datatype (HO)
 (/usr/local/texlive/2026/texmf-dist/tex/generic/bigintcalc/bigintcalc.sty
Package: bigintcalc 2019/12/15 v1.5 Expandable calculations on big integers (HO)
))
\Fld@menulength=\count301
\Field@Width=\dimen160
\Fld@charsize=\dimen161
Package hyperref Info: Hyper figures OFF on input line 6084.
Package hyperref Info: Link nesting OFF on input line 6089.
Package hyperref Info: Hyper index ON on input line 6092.
Package hyperref Info: backreferencing OFF on input line 6099.
Package hyperref Info: Link coloring OFF on input line 6104.
Package hyperref Info: Link coloring with OCG OFF on input line 6109.
Package hyperref Info: PDF/A mode OFF on input line 6114.
\Hy@abspage=\count302
\c@Item=\count303
\c@Hfootnote=\count304
)
Package hyperref Info: Driver (autodetected): hpdftex.
 (/usr/local/texlive/2026/texmf-dist/tex/latex/hyperref/hpdftex.def
File: hpdftex.def 2026-01-29 v7.01p Hyperref driver for pdfTeX
\Fld@listcount=\count305
\c@bookmark@seq@number=\count306
 (/usr/local/texlive/2026/texmf-dist/tex/latex/rerunfilecheck/rerunfilecheck.sty
Package: rerunfilecheck 2025-06-21 v1.11 Rerun checks for auxiliary files (HO)
 (/usr/local/texlive/2026/texmf-dist/tex/generic/uniquecounter/uniquecounter.sty
Package: uniquecounter 2019/12/15 v1.4 Provide unlimited unique counter (HO)
)
Package uniquecounter Info: New unique counter `rerunfilecheck' on input line 284.
)
\Hy@SectionHShift=\skip57
) (/usr/local/texlive/2026/texmf-dist/tex/latex/graphics/graphicx.sty
Package: graphicx 2024/12/31 v1.2e Enhanced LaTeX Graphics (DPC,SPQR)
 (/usr/local/texlive/2026/texmf-dist/tex/latex/graphics/graphics.sty
Package: graphics 2024/08/06 v1.4g Standard LaTeX Graphics (DPC,SPQR)
 (/usr/local/texlive/2026/texmf-dist/tex/latex/graphics/trig.sty
Package: trig 2023/12/02 v1.11 sin cos tan (DPC)
) (/usr/local/texlive/2026/texmf-dist/tex/latex/graphics-cfg/graphics.cfg
File: graphics.cfg 2016/06/04 v1.11 sample graphics configuration
)
Package graphics Info: Driver file: pdftex.def on input line 106.
 (/usr/local/texlive/2026/texmf-dist/tex/latex/graphics-def/pdftex.def
File: pdftex.def 2025/09/29 v1.2d Graphics/color driver for pdftex
))
\Gin@req@height=\dimen162
\Gin@req@width=\dimen163
) (/usr/local/texlive/2026/texmf-dist/tex/latex/booktabs/booktabs.sty
Package: booktabs 2020/01/12 v1.61803398 Publication quality tables
\heavyrulewidth=\dimen164
\lightrulewidth=\dimen165
\cmidrulewidth=\dimen166
\belowrulesep=\dimen167
\belowbottomsep=\dimen168
\aboverulesep=\dimen169
\abovetopsep=\dimen170
\cmidrulesep=\dimen171
\cmidrulekern=\dimen172
\defaultaddspace=\dimen173
\@cmidla=\count307
\@cmidlb=\count308
\@aboverulesep=\dimen174
\@belowrulesep=\dimen175
\@thisruleclass=\count309
\@lastruleclass=\count310
\@thisrulewidth=\dimen176
) (/usr/local/texlive/2026/texmf-dist/tex/latex/listings/listings.sty
\lst@mode=\count311
\lst@gtempboxa=\box55
\lst@token=\toks31
\lst@length=\count312
\lst@currlwidth=\dimen177
\lst@column=\count313
\lst@pos=\count314
\lst@lostspace=\dimen178
\lst@width=\dimen179
\lst@newlines=\count315
\lst@lineno=\count316
\lst@maxwidth=\dimen180
 (/usr/local/texlive/2026/texmf-dist/tex/latex/listings/lstpatch.sty
File: lstpatch.sty 2025/11/14 1.11b (Carsten Heinz)
) (/usr/local/texlive/2026/texmf-dist/tex/latex/listings/lstmisc.sty
File: lstmisc.sty 2025/11/14 1.11b (Carsten Heinz)
\c@lstnumber=\count317
\lst@skipnumbers=\count318
\lst@framebox=\box56
) (/usr/local/texlive/2026/texmf-dist/tex/latex/listings/listings.cfg
File: listings.cfg 2025/11/14 1.11b listings configuration
))
Package: listings 2025/11/14 1.11b (Carsten Heinz)

==> First Aid for listings.sty no longer applied!
    Expected:
        2024/09/23 1.10c (Carsten Heinz)
    but found:
        2025/11/14 1.11b (Carsten Heinz)
    so I'm assuming it got fixed.
(/usr/local/texlive/2026/texmf-dist/tex/latex/tools/array.sty
Package: array 2025/09/25 v2.6n Tabular extension package (FMi)
\col@sep=\dimen181
\ar@mcellbox=\box57
\extrarowheight=\dimen182
\NC@list=\toks32
\extratabsurround=\skip58
\backup@length=\skip59
\ar@cellbox=\box58
) (/usr/local/texlive/2026/texmf-dist/tex/latex/geometry/geometry.sty
Package: geometry 2026/03/07 v6.0 Page Geometry
 (/usr/local/texlive/2026/texmf-dist/tex/generic/iftex/ifvtex.sty
Package: ifvtex 2019/10/25 v1.7 ifvtex legacy package. Use iftex instead.
)
\Gm@cnth=\count319
\Gm@cntv=\count320
\c@Gm@tempcnt=\count321
\Gm@bindingoffset=\dimen183
\Gm@wd@mp=\dimen184
\Gm@odd@mp=\dimen185
\Gm@even@mp=\dimen186
\Gm@layoutwidth=\dimen187
\Gm@layoutheight=\dimen188
\Gm@layouthoffset=\dimen189
\Gm@layoutvoffset=\dimen190
\Gm@dimlist=\toks33
) (../../docs/counts.tex) (/usr/local/texlive/2026/texmf-dist/tex/latex/l3backend/l3backend-pdftex.def
File: l3backend-pdftex.def 2025-10-09 L3 backend support: PDF output (pdfTeX)
\l__color_backend_stack_int=\count322
) (./paper_draft.aux)
\openout1 = `paper_draft.aux'.

LaTeX Font Info:    Checking defaults for OML/cmm/m/it on input line 32.
LaTeX Font Info:    ... okay on input line 32.
LaTeX Font Info:    Checking defaults for OMS/cmsy/m/n on input line 32.
LaTeX Font Info:    ... okay on input line 32.
LaTeX Font Info:    Checking defaults for OT1/cmr/m/n on input line 32.
LaTeX Font Info:    ... okay on input line 32.
LaTeX Font Info:    Checking defaults for T1/cmr/m/n on input line 32.
LaTeX Font Info:    ... okay on input line 32.
LaTeX Font Info:    Checking defaults for TS1/cmr/m/n on input line 32.
LaTeX Font Info:    ... okay on input line 32.
LaTeX Font Info:    Checking defaults for OMX/cmex/m/n on input line 32.
LaTeX Font Info:    ... okay on input line 32.
LaTeX Font Info:    Checking defaults for U/cmr/m/n on input line 32.
LaTeX Font Info:    ... okay on input line 32.
LaTeX Font Info:    Checking defaults for PD1/pdf/m/n on input line 32.
LaTeX Font Info:    ... okay on input line 32.
LaTeX Font Info:    Checking defaults for PU/pdf/m/n on input line 32.
LaTeX Font Info:    ... okay on input line 32.
Package hyperref Info: Link coloring OFF on input line 32.
 (./paper_draft.out) (./paper_draft.out)
\@outlinefile=\write3
\openout3 = `paper_draft.out'.

 (/usr/local/texlive/2026/texmf-dist/tex/context/base/mkii/supp-pdf.mkii
[Loading MPS to PDF converter (version 2006.09.02).]
\scratchcounter=\count323
\scratchdimen=\dimen191
\scratchbox=\box59
\nofMPsegments=\count324
\nofMParguments=\count325
\everyMPshowfont=\toks34
\MPscratchCnt=\count326
\MPscratchDim=\dimen192
\MPnumerator=\count327
\makeMPintoPDFobject=\count328
\everyMPtoPDFconversion=\toks35
) (/usr/local/texlive/2026/texmf-dist/tex/latex/epstopdf-pkg/epstopdf-base.sty
Package: epstopdf-base 2020-01-24 v2.11 Base part for package epstopdf
Package epstopdf-base Info: Redefining graphics rule for `.eps' on input line 485.
 (/usr/local/texlive/2026/texmf-dist/tex/latex/latexconfig/epstopdf-sys.cfg
File: epstopdf-sys.cfg 2010/07/13 v1.3 Configuration of (r)epstopdf for TeX Live
))
\c@lstlisting=\count329

*geometry* driver: auto-detecting
*geometry* detected driver: pdftex
*geometry* verbose mode - [ preamble ] result:
* driver: pdftex
* paper: <default>
* layout: <same size as paper>
* layoutoffset:(h,v)=(0.0pt,0.0pt)
* modes: 
* h-part:(L,W,R)=(72.26999pt, 469.75502pt, 72.26999pt)
* v-part:(T,H,B)=(72.26999pt, 650.43001pt, 72.26999pt)
* \paperwidth=614.295pt
* \paperheight=794.96999pt
* \textwidth=469.75502pt
* \textheight=650.43001pt
* \oddsidemargin=0.0pt
* \evensidemargin=0.0pt
* \topmargin=-37.0pt
* \headheight=12.0pt
* \headsep=25.0pt
* \topskip=11.0pt
* \footskip=30.0pt
* \marginparwidth=59.0pt
* \marginparsep=10.0pt
* \columnsep=10.0pt
* \skip\footins=10.0pt plus 4.0pt minus 2.0pt
* \hoffset=0.0pt
* \voffset=0.0pt
* \mag=1000
* \@twocolumnfalse
* \@twosidefalse
* \@mparswitchfalse
* \@reversemarginfalse
* (1in=72.27pt=25.4mm, 1cm=28.453pt)

LaTeX Font Info:    Trying to load font information for U+msa on input line 35.
(/usr/local/texlive/2026/texmf-dist/tex/latex/amsfonts/umsa.fd
File: umsa.fd 2013/01/14 v3.01 AMS symbols A
)
LaTeX Font Info:    Trying to load font information for U+msb on input line 35.
 (/usr/local/texlive/2026/texmf-dist/tex/latex/amsfonts/umsb.fd
File: umsb.fd 2013/01/14 v3.01 AMS symbols B
)
LaTeX Font Info:    Font shape `OT1/cmtt/bx/n' in size <10> not available
(Font)              Font shape `OT1/cmtt/m/n' tried instead on input line 49.
LaTeX Font Info:    Trying to load font information for U+euf on input line 56.
 (/usr/local/texlive/2026/texmf-dist/tex/latex/amsfonts/ueuf.fd
File: ueuf.fd 2013/01/14 v3.01 Euler Fraktur
) [1

{/usr/local/texlive/2026/texmf-var/fonts/map/pdftex/updmap/pdftex.map}]
LaTeX Font Info:    Font shape `OT1/cmtt/bx/n' in size <14.4> not available
(Font)              Font shape `OT1/cmtt/m/n' tried instead on input line 158.

Overfull \hbox (12.5587pt too wide) in paragraph at lines 161--169
\OT1/cmr/m/n/10.95 The \OT1/cmtt/m/n/10.95 VerifiedJackknife \OT1/cmr/m/n/10.95 mod-ule (\OT1/cmtt/m/n/10.95 lean/SKEFTHawking/VerifiedJackknife.lean\OT1/cmr/m/n/10.95 ) im-ple-ments seven
 []


Overfull \hbox (4.07645pt too wide) in paragraph at lines 161--169
\OT1/cmr/m/n/10.95 def-i-ni-tions and four the-o-rems cov-er-ing the jack-knife vari-ance es-ti-ma-tor (Efron [[]]) and the integrated-
 []

[2{/usr/local/texlive/2026/texmf-dist/fonts/enc/dvips/cm-super/cm-super-ts1.enc}]
LaTeX Font Info:    Font shape `OT1/cmtt/bx/n' in size <10.95> not available
(Font)              Font shape `OT1/cmtt/m/n' tried instead on input line 214.

Overfull \hbox (26.40492pt too wide) in paragraph at lines 219--233
\OT1/cmr/m/n/10.95 The li-brary in-cludes such a nu-mer-i-cal test for re-dun-dancy (\OT1/cmtt/m/n/10.95 tests/test[]verified[]statistics.py\OT1/cmr/m/n/10.95 ). 
 []

<figures/i2_fig4_jackknife_dependencies.png, id=182, 2409.0pt x 1606.0pt>
File: figures/i2_fig4_jackknife_dependencies.png Graphic file (type png)
<use figures/i2_fig4_jackknife_dependencies.png>
Package pdftex.def Info: figures/i2_fig4_jackknife_dependencies.png  used on input line 259.
(pdftex.def)             Requested size: 399.29463pt x 266.17934pt.

Underfull \hbox (badness 1742) in paragraph at lines 273--273
[]\OT1/cmr/m/n/10.95 Figure 1: []\OT1/cmtt/m/n/10.95 VerifiedJackknife \OT1/cmr/m/n/10.95 the-o-rem de-pen-dency graph. The four project the-o-rems
 []


Underfull \hbox (badness 1496) in paragraph at lines 273--273
\OT1/cmtt/m/n/10.95 intAutocorrTime[]ge[]half\OT1/cmr/m/n/10.95 ; am-ber) re-duce to a small set of el-e-men-tary Math-lib lem-mas
 []


LaTeX Warning: `h' float specifier changed to `ht'.

[3]

Package hyperref Warning: Token not allowed in a PDF string (Unicode):
(hyperref)                removing `math shift' on input line 301.


Package hyperref Warning: Token not allowed in a PDF string (Unicode):
(hyperref)                removing `\to' on input line 301.


Package hyperref Warning: Token not allowed in a PDF string (Unicode):
(hyperref)                removing `math shift' on input line 301.


Package hyperref Warning: Token not allowed in a PDF string (Unicode):
(hyperref)                removing `math shift' on input line 301.


Package hyperref Warning: Token not allowed in a PDF string (Unicode):
(hyperref)                removing `\to' on input line 301.


Package hyperref Warning: Token not allowed in a PDF string (Unicode):
(hyperref)                removing `math shift' on input line 301.


Package hyperref Warning: Token not allowed in a PDF string (Unicode):
(hyperref)                removing `math shift' on input line 301.


Package hyperref Warning: Token not allowed in a PDF string (Unicode):
(hyperref)                removing `\to' on input line 301.


Package hyperref Warning: Token not allowed in a PDF string (Unicode):
(hyperref)                removing `math shift' on input line 301.


Package hyperref Warning: Token not allowed in a PDF string (Unicode):
(hyperref)                removing `math shift' on input line 301.


Package hyperref Warning: Token not allowed in a PDF string (Unicode):
(hyperref)                removing `\to' on input line 301.


Package hyperref Warning: Token not allowed in a PDF string (Unicode):
(hyperref)                removing `math shift' on input line 301.


Package hyperref Warning: Token not allowed in a PDF string (Unicode):
(hyperref)                removing `math shift' on input line 301.


Package hyperref Warning: Token not allowed in a PDF string (Unicode):
(hyperref)                removing `\to' on input line 301.


Package hyperref Warning: Token not allowed in a PDF string (Unicode):
(hyperref)                removing `math shift' on input line 301.


Overfull \hbox (26.88622pt too wide) in paragraph at lines 304--318
\OT1/cmr/m/n/10.95 The four files of the cat-e-gor-i-cal core are \OT1/cmtt/m/n/10.95 KLinearCategory.lean \OT1/cmr/m/n/10.95 (23 dec-la-ra-tions), \OT1/cmtt/m/n/10.95 FusionCategory.lean
 []


Overfull \hbox (63.56866pt too wide) in paragraph at lines 304--318
\OT1/cmr/m/n/10.95 (20 dec-la-ra-tions in-clud-ing 14 the-o-rems), \OT1/cmtt/m/n/10.95 SphericalCategory.lean \OT1/cmr/m/n/10.95 (22 dec-la-ra-tions), and \OT1/cmtt/m/n/10.95 RibbonCategory.lean
 []

[4 <./figures/i2_fig4_jackknife_dependencies.png>]
<figures/i2_fig1_categorical_hierarchy.png, id=206, 2409.0pt x 1606.0pt>
File: figures/i2_fig1_categorical_hierarchy.png Graphic file (type png)
<use figures/i2_fig1_categorical_hierarchy.png>
Package pdftex.def Info: figures/i2_fig1_categorical_hierarchy.png  used on input line 321.
(pdftex.def)             Requested size: 352.31625pt x 234.86124pt.

Overfull \hbox (0.7263pt too wide) in paragraph at lines 350--352
[]\OT1/cmtt/m/n/10.95 class RibbonCategory extends BalancedCategory, PivotalCategory \OT1/cmr/m/n/10.95 --- a bal-anced piv-
 []


Overfull \hbox (5.16707pt too wide) in paragraph at lines 359--366
\OT1/cmtt/m/n/10.95 Math-Components \OT1/cmr/m/n/10.95 as of 2026-04-30), \OT1/cmtt/m/n/10.95 BalancedCategory\OT1/cmr/m/n/10.95 , \OT1/cmtt/m/n/10.95 RibbonCategory\OT1/cmr/m/n/10.95 , and \OT1/cmtt/m/n/10.95 ModularTensorData
 []

[5 <./figures/i2_fig1_categorical_hierarchy.png>]

Package hyperref Warning: Token not allowed in a PDF string (Unicode):
(hyperref)                removing `math shift' on input line 400.


Package hyperref Warning: Token not allowed in a PDF string (Unicode):
(hyperref)                removing `subscript' on input line 400.


Package hyperref Warning: Token not allowed in a PDF string (Unicode):
(hyperref)                removing `subscript' on input line 400.


Package hyperref Warning: Token not allowed in a PDF string (Unicode):
(hyperref)                removing `math shift' on input line 400.


Package hyperref Warning: Token not allowed in a PDF string (Unicode):
(hyperref)                removing `math shift' on input line 425.


Package hyperref Warning: Token not allowed in a PDF string (Unicode):
(hyperref)                removing `subscript' on input line 425.


Package hyperref Warning: Token not allowed in a PDF string (Unicode):
(hyperref)                removing `\setbox' on input line 425.


Package hyperref Warning: Token not allowed in a PDF string (Unicode):
(hyperref)                removing `\z@' on input line 425.


Package hyperref Warning: Token not allowed in a PDF string (Unicode):
(hyperref)                removing `\hbox' on input line 425.


Package hyperref Warning: Token not allowed in a PDF string (Unicode):
(hyperref)                removing `\mathsurround' on input line 425.


Package hyperref Warning: Token not allowed in a PDF string (Unicode):
(hyperref)                removing `\z@' on input line 425.


Package hyperref Warning: Token not allowed in a PDF string (Unicode):
(hyperref)                removing `math shift' on input line 425.


Package hyperref Warning: Token not allowed in a PDF string (Unicode):
(hyperref)                removing `\textstyle' on input line 425.


Package hyperref Warning: Token not allowed in a PDF string (Unicode):
(hyperref)                removing `math shift' on input line 425.


Package hyperref Warning: Token not allowed in a PDF string (Unicode):
(hyperref)                removing `\mathaccent' on input line 425.


Package hyperref Warning: Token not allowed in a PDF string (Unicode):
(hyperref)                removing `subscript' on input line 425.


Package hyperref Warning: Token not allowed in a PDF string (Unicode):
(hyperref)                removing `math shift' on input line 425.


Package hyperref Warning: Token not allowed in a PDF string (Unicode):
(hyperref)                removing `math shift' on input line 432.


Package hyperref Warning: Token not allowed in a PDF string (Unicode):
(hyperref)                removing `subscript' on input line 432.


Package hyperref Warning: Token not allowed in a PDF string (Unicode):
(hyperref)                removing `subscript' on input line 432.


Package hyperref Warning: Token not allowed in a PDF string (Unicode):
(hyperref)                removing `math shift' on input line 432.


Overfull \hbox (45.75081pt too wide) in paragraph at lines 445--463
\OML/cmm/m/it/10.95 F[]\OT1/cmr/m/n/10.95 )$ in the uni-ver-sal clo-sure. The project-internal ver-sion of this con-tent lives within \OT1/cmtt/m/n/10.95 QuantumGroupHopf.lean
 []

[6]
Overfull \hbox (26.36606pt too wide) in paragraph at lines 471--482
\OT1/cmr/m/n/10.95 are ab-stract; the li-brary needed \OT1/cmr/m/it/10.95 de-cid-able \OT1/cmr/m/n/10.95 arith-metic on these fields to sup-port \OT1/cmtt/m/n/10.95 decide \OT1/cmr/m/n/10.95 and \OT1/cmtt/m/n/10.95 native[]decide
 []


Package hyperref Warning: Token not allowed in a PDF string (Unicode):
(hyperref)                removing `math shift' on input line 483.


Package hyperref Warning: Token not allowed in a PDF string (Unicode):
(hyperref)                removing `\@ifnextchar' on input line 483.


Package hyperref Warning: Token not allowed in a PDF string (Unicode):
(hyperref)                removing `math shift' on input line 483.


Overfull \hbox (14.53749pt too wide) in paragraph at lines 485--497
\OT1/cmtt/m/n/10.95 QSqrt2.lean \OT1/cmr/m/n/10.95 (11 dec-la-ra-tions in-clud-ing 4 the-o-rems), \OT1/cmtt/m/n/10.95 QSqrt3.lean \OT1/cmr/m/n/10.95 (20 dec-la-ra-tions), and \OT1/cmtt/m/n/10.95 QSqrt5.lean
 []


Overfull \hbox (13.58093pt too wide) in paragraph at lines 485--497
\OT1/cmr/m/n/10.95 blocked equal-ity on $\U/msb/m/n/10.95 Q\OT1/cmr/m/n/10.95 ([])$-coefficient $\OML/cmm/m/it/10.95 S$\OT1/cmr/m/n/10.95 -matrix en-tries with-out open-ing Math-lib's ab-stract \OT1/cmtt/m/n/10.95 AdjoinRoot
 []

<figures/i2_fig3_mtc_instances.png, id=223, 2409.0pt x 1606.0pt>
File: figures/i2_fig3_mtc_instances.png Graphic file (type png)
<use figures/i2_fig3_mtc_instances.png>
Package pdftex.def Info: figures/i2_fig3_mtc_instances.png  used on input line 534.
(pdftex.def)             Requested size: 446.26582pt x 297.49744pt.

LaTeX Warning: `h' float specifier changed to `ht'.


Package hyperref Warning: Token not allowed in a PDF string (Unicode):
(hyperref)                removing `math shift' on input line 548.


Package hyperref Warning: Token not allowed in a PDF string (Unicode):
(hyperref)                removing `subscript' on input line 548.


Package hyperref Warning: Token not allowed in a PDF string (Unicode):
(hyperref)                removing `math shift' on input line 548.


Package hyperref Warning: Token not allowed in a PDF string (Unicode):
(hyperref)                removing `math shift' on input line 548.


Package hyperref Warning: Token not allowed in a PDF string (Unicode):
(hyperref)                removing `math shift' on input line 548.

[7]
Overfull \hbox (2.53174pt too wide) in paragraph at lines 565--573
[]\OT1/cmtt/m/n/10.95 SU2kMTC.lean \OT1/cmr/m/n/10.95 (17 dec-la-ra-tions) in-stan-ti-ates \OT1/cmtt/m/n/10.95 ModularTensorData \OT1/cmr/m/n/10.95 for each $\OML/cmm/m/it/10.95 k$\OT1/cmr/m/n/10.95 . \OT1/cmtt/m/n/10.95 SU2kSMatrix.lean
 []


Package hyperref Warning: Token not allowed in a PDF string (Unicode):
(hyperref)                removing `math shift' on input line 574.


Package hyperref Warning: Token not allowed in a PDF string (Unicode):
(hyperref)                removing `subscript' on input line 574.


Package hyperref Warning: Token not allowed in a PDF string (Unicode):
(hyperref)                removing `math shift' on input line 574.


Package hyperref Warning: Token not allowed in a PDF string (Unicode):
(hyperref)                removing `math shift' on input line 574.


Package hyperref Warning: Token not allowed in a PDF string (Unicode):
(hyperref)                removing `math shift' on input line 574.

[8 <./figures/i2_fig3_mtc_instances.png>]
LaTeX Font Info:    Trying to load font information for OMS+cmtt on input line 623.
LaTeX Font Info:    No file OMScmtt.fd. on input line 623.


LaTeX Font Warning: Font shape `OMS/cmtt/m/n' undefined
(Font)              using `OMS/cmsy/m/n' instead
(Font)              for symbol `textbraceleft' on input line 623.


Overfull \hbox (76.09962pt too wide) in paragraph at lines 621--629
\OT1/cmr/m/n/10.95 The li-brary is cur-rently ven-dored within the SK--EFT Hawk-ing project as \OT1/cmtt/m/n/10.95 lean/SKEFTHawking/\OMS/cmtt/m/n/10.95 f\OT1/cmtt/m/n/10.95 KLinearCategory,
 []


Overfull \hbox (67.64401pt too wide) in paragraph at lines 621--629
\OT1/cmtt/m/n/10.95 FusionCategory, ...\OMS/cmtt/m/n/10.95 g \OT1/cmr/m/n/10.95 and mir-rored in the open-source ex-trac-tion repos-i-tory \OT1/cmtt/m/n/10.95 NetRxn/lean-tensor-categories
 []

<figures/i2_fig2_module_dependencies.png, id=242, 2409.0pt x 1606.0pt>
File: figures/i2_fig2_module_dependencies.png Graphic file (type png)
<use figures/i2_fig2_module_dependencies.png>
Package pdftex.def Info: figures/i2_fig2_module_dependencies.png  used on input line 632.
(pdftex.def)             Requested size: 446.26582pt x 297.49744pt.

LaTeX Warning: `h' float specifier changed to `ht'.

[9]
Overfull \hbox (22.92178pt too wide) in paragraph at lines 680--684
\OT1/cmr/m/n/10.95 a decidable-arithmetic bridge to \OT1/cmtt/m/n/10.95 Mathlib.NumberTheory.QuadraticField.Basic\OT1/cmr/m/n/10.95 . Self-contained,
 []


Overfull \hbox (31.06264pt too wide) in paragraph at lines 684--687
[]\OT1/cmr/bx/n/10.95 PR-2: \OT1/cmtt/m/n/10.95 PivotalCategory\OT1/cmr/bx/n/10.95 , \OT1/cmtt/m/n/10.95 RibbonCategory\OT1/cmr/bx/n/10.95 . \OT1/cmr/m/n/10.95 New files un-der \OT1/cmtt/m/n/10.95 Mathlib.CategoryTheory.Monoidal\OT1/cmr/m/n/10.95 ;
 []


Overfull \hbox (89.97903pt too wide) in paragraph at lines 688--691
[]\OT1/cmr/bx/n/10.95 PR-3: \OT1/cmtt/m/n/10.95 QuasitriangularBialgebra\OT1/cmr/bx/n/10.95 , \OT1/cmtt/m/n/10.95 RibbonHopfAlgebra\OT1/cmr/bx/n/10.95 . \OT1/cmr/m/n/10.95 New file un-der \OT1/cmtt/m/n/10.95 Mathlib.RingTheory.HopfAlgebra\OT1/cmr/m/n/10.95 ;
 []

[10 <./figures/i2_fig2_module_dependencies.png>]
<figures/i2_fig5_mathlib_upstream_flow.png, id=268, 2409.0pt x 1606.0pt>
File: figures/i2_fig5_mathlib_upstream_flow.png Graphic file (type png)
<use figures/i2_fig5_mathlib_upstream_flow.png>
Package pdftex.def Info: figures/i2_fig5_mathlib_upstream_flow.png  used on input line 715.
(pdftex.def)             Requested size: 446.26582pt x 297.49744pt.

Underfull \hbox (badness 10000) in paragraph at lines 726--726
\OT1/cmr/m/n/10.95 bridge, PR-2 \OT1/cmtt/m/n/10.95 PivotalCategory + RibbonCategory\OT1/cmr/m/n/10.95 , PR-3 \OT1/cmtt/m/n/10.95 QuasitriangularBialgebra +
 []

[11 <./figures/i2_fig5_mathlib_upstream_flow.png>]
Overfull \hbox (4.2589pt too wide) in paragraph at lines 778--797
\OT1/cmr/m/n/10.95 quantum-computing roadmaps in the broader re-search com-mu-nity pur-su-ing Majorana-fermion-
 []


Overfull \hbox (17.30618pt too wide) in paragraph at lines 778--797
\OT1/cmr/m/n/10.95 ver-sal-ity the-o-rem it-self is not yet shipped as a sin-gle named the-o-rem in \OT1/cmtt/m/n/10.95 FibonacciBraiding.lean\OT1/cmr/m/n/10.95 ;
 []

[12]
Overfull \hbox (3.07056pt too wide) in paragraph at lines 830--849
\OT1/cmr/m/n/10.95 Mathlib's ex-ist-ing cat-e-gor-i-cal in-fras-truc-ture (\OT1/cmtt/m/n/10.95 MonoidalCategory\OT1/cmr/m/n/10.95 , \OT1/cmtt/m/n/10.95 BraidedCategory\OT1/cmr/m/n/10.95 , monoidal func-
 []


Overfull \hbox (3.6723pt too wide) in paragraph at lines 876--882
[]\OT1/cmr/bx/n/10.95 The Reshetikhin--Turaev partition-function-on-3-manifolds con-struc-tion. \OT1/cmr/m/n/10.95 The MTC
 []

[13] [14] (./paper_draft.aux)
 ***********
LaTeX2e <2025-11-01>
L3 programming layer <2026-01-19>
 ***********


LaTeX Font Warning: Some font shapes were not available, defaults substituted.

Package rerunfilecheck Info: File `paper_draft.out' has not changed.
(rerunfilecheck)             Checksum: 67A49BAD5B5CCB9D517D34F768463A73;6360.
 ) 
Here is how much of TeX's memory you used:
 11999 strings out of 467525
 181909 string characters out of 5418982
 606132 words of memory out of 5000000
 40691 multiletter control sequences out of 15000+600000
 643056 words of font info for 100 fonts, out of 8000000 for 9000
 1141 hyphenation exceptions out of 8191
 75i,9n,79p,1045b,551s stack positions out of 10000i,1000n,20000p,200000b,200000s
</usr/local/texlive/2026/texmf-dist/fonts/type1/public/amsfonts/cm/cmbx10.pfb></usr/local/texlive/2026/texmf-dist/fonts/type1/public/amsfonts/cm/cmbx12.pfb></usr/local/texlive/2026/texmf-dist/fonts/type1/public/amsfonts/cm/cmbx8.pfb></usr/local/texlive/2026/texmf-dist/fonts/type1/public/amsfonts/cm/cmbxti10.pfb></usr/local/texlive/2026/texmf-dist/fonts/type1/public/amsfonts/cm/cmex10.pfb></usr/local/texlive/2026/texmf-dist/fonts/type1/public/amsfonts/cm/cmmi10.pfb></usr/local/texlive/2026/texmf-dist/fonts/type1/public/amsfonts/cm/cmmi12.pfb></usr/local/texlive/2026/texmf-dist/fonts/type1/public/amsfonts/cm/cmmi6.pfb></usr/local/texlive/2026/texmf-dist/fonts/type1/public/amsfonts/cm/cmmi7.pfb></usr/local/texlive/2026/texmf-dist/fonts/type1/public/amsfonts/cm/cmmi8.pfb></usr/local/texlive/2026/texmf-dist/fonts/type1/public/amsfonts/cm/cmr10.pfb></usr/local/texlive/2026/texmf-dist/fonts/type1/public/amsfonts/cm/cmr12.pfb></usr/local/texlive/2026/texmf-dist/fonts/type1/public/amsfonts/cm/cmr17.pfb></usr/local/texlive/2026/texmf-dist/fonts/type1/public/amsfonts/cm/cmr6.pfb></usr/local/texlive/2026/texmf-dist/fonts/type1/public/amsfonts/cm/cmr7.pfb></usr/local/texlive/2026/texmf-dist/fonts/type1/public/amsfonts/cm/cmr8.pfb></usr/local/texlive/2026/texmf-dist/fonts/type1/public/amsfonts/cm/cmsy10.pfb></usr/local/texlive/2026/texmf-dist/fonts/type1/public/amsfonts/cm/cmsy6.pfb></usr/local/texlive/2026/texmf-dist/fonts/type1/public/amsfonts/cm/cmsy8.pfb></usr/local/texlive/2026/texmf-dist/fonts/type1/public/amsfonts/cm/cmti10.pfb></usr/local/texlive/2026/texmf-dist/fonts/type1/public/amsfonts/cm/cmtt10.pfb></usr/local/texlive/2026/texmf-dist/fonts/type1/public/amsfonts/cm/cmtt12.pfb></usr/local/texlive/2026/texmf-dist/fonts/type1/public/amsfonts/euler/eufm10.pfb></usr/local/texlive/2026/texmf-dist/fonts/type1/public/amsfonts/symbols/msam10.pfb></usr/local/texlive/2026/texmf-dist/fonts/type1/public/amsfonts/symbols/msbm10.pfb></usr/local/texlive/2026/texmf-dist/fonts/type1/public/cm-super/sfrm1095.pfb>
Output written on paper_draft.pdf (14 pages, 1197410 bytes).
PDF statistics:
 418 PDF objects out of 1000 (max. 8388607)
 329 compressed objects within 4 object streams
 68 named destinations out of 1000 (max. 500000)
 282 words of extra memory for PDF output out of 10000 (max. 10000000)

