This is pdfTeX, Version 3.141592653-2.6-1.40.29 (TeX Live 2026) (preloaded format=pdflatex 2026.3.22)  1 MAY 2026 13:23
entering extended mode
 restricted \write18 enabled.
 %&-line parsing enabled.
**paper_draft.tex
(./paper_draft.tex
LaTeX2e <2025-11-01>
L3 programming layer <2026-01-19>
(/usr/local/texlive/2026/texmf-dist/tex/latex/revtex/revtex4-2.cls
Document Class: revtex4-2 2022/06/05 4.2f (https://journals.aps.org/revtex/ for
 documentation)
 Copyright (c) 2019 American Physical Society.
 mailto:revtex@aps.org
 Licensed under the LPPL:
http://www.ctan.org/tex-archive/macros/latex/base/lppl.txt
 Arthur Ogawa <arthur_ogawa at sbcglobal dot net>
 Based on work by David Carlisle <david at dcarlisle.demon.co.uk>
 Version (4.2d--4.2f): Modified by Mark Doyle and Phelype Oleinik
 .
ltxutil[2022/06/05 4.2f utilities package (portions licensed from W. E. Baxter 
web at superscript.com)]
LaTeX Info: Redefining \@centercr on input line 356.
Class revtex4-2 Info: Repairing hyperref-unfriendly LaTeX definition of \mpfoot
note on input line 492.
Class revtex4-2 Info: Repairing broken LateX \@sect on input line 814.
\intertabularlinepenalty=\count275
\@tbpen=\count276
\@arstrutbox@hline=\box53
Class revtex4-2 Info: Repairing broken LaTeX \@xbitor on input line 1845.
Class revtex4-2 Info: Making \typeout \long on input line 2110.
ltxfront[2022/06/05 4.2f frontmatter package (AO,DPC,MD)]
\c@affil=\count277
\c@collab=\count278
\absbox=\box54
ltxgrid[2022/06/05 4.2f page grid package (portions licensed from W. E. Baxter 
web at superscript.com)]
\c@linecount=\count279
\output@latex=\toks17
\box@size@1=\box55
\box@size@2=\box56
\@protection@box=\box57
\@topmark@saved=\toks18
\footins@saved=\box58
\footins@recovered=\box59
\column@recovered=\box60
\pagesofar=\box61
\footsofar=\box62
\pagegrid@col=\count280
Class revtex4-2 Info: Overriding \@vspace, \@vspacer, \@no@pgbk, \@newline, and
 \\  on input line 5676.
\c@part=\count281
\c@section=\count282
\c@subsection=\count283
\c@subsubsection=\count284
\c@paragraph=\count285
\c@subparagraph=\count286
\abovecaptionskip=\skip49
\belowcaptionskip=\skip50
\c@figure=\count287
\fbox@1=\box63
\c@table=\count288
\fbox@2=\box64
\c@video=\count289
\fbox@4=\box65
\@bibdataout=\write3
\widetext@top=\box66
\widetext@bot=\box67
Class revtex4-2 Info: Selecting society aps on input line 7669.
(/usr/local/texlive/2026/texmf-dist/tex/latex/revtex/aps4-2.rtx
File: aps4-2 2022/06/05 4.2f (https://journals.aps.org/revtex/ for documentatio
n)
Class revtex4-2 Info: RevTeX society APS selected on input line 40.
)
Class revtex4-2 Info: Selecting journal prd on input line 7671.
Class revtex4-2 Info: APS journal PRD selected on input line 7672.


Class revtex4-2 Warning: No type size specified, using default 10.

(/usr/local/texlive/2026/texmf-dist/tex/latex/revtex/aps10pt4-2.rtx
File: aps10pt4-2 2022/06/05 4.2f (https://journals.aps.org/revtex/ for document
ation)
Class revtex4-2 Info: RevTeX pointsize 10pt selected on input line 39.
)
(/usr/local/texlive/2026/texmf-dist/tex/latex/textcase/textcase.sty
Package: textcase 2025/02/16 v1.05 Text only upper/lower case changing (DPC)
Package textcase Info: Defining Legacy names on input line 20.
)
(/usr/local/texlive/2026/texmf-dist/tex/latex/url/url.sty
\Urlmuskip=\muskip17
Package: url 2013/09/16  ver 3.4  Verb mode for urls, etc.
)
(/usr/local/texlive/2026/texmf-dist/tex/latex/natbib/natbib.sty
Package: natbib 2010/09/13 8.31b (PWD, AO)
\bibhang=\skip51
\bibsep=\skip52
LaTeX Info: Redefining \cite on input line 694.
\c@NAT@ctr=\count290
)
Class revtex4-2 Info: Repairing natbib's \BibitemShut on input line 7676.

(/usr/local/texlive/2026/texmf-dist/tex/latex/revtex/revsymb4-2.sty
Package: revsymb4-2 2022/06/05 4.2f (https://journals.aps.org/revtex/ for docum
entation)
LaTeX Info: Redefining \REV@mathfrak on input line 128.
))
(/usr/local/texlive/2026/texmf-dist/tex/latex/amsmath/amsmath.sty
Package: amsmath 2025/07/09 v2.17z AMS math features
\@mathmargin=\skip53

For additional information on amsmath, use the `?' option.
(/usr/local/texlive/2026/texmf-dist/tex/latex/amsmath/amstext.sty
Package: amstext 2024/11/17 v2.01 AMS text

(/usr/local/texlive/2026/texmf-dist/tex/latex/amsmath/amsgen.sty
File: amsgen.sty 1999/11/30 v2.0 generic functions
\@emptytoks=\toks19
\ex@=\dimen148
)
LaTeX Info: Redefining \text on input line 28.
)
(/usr/local/texlive/2026/texmf-dist/tex/latex/amsmath/amsbsy.sty
Package: amsbsy 1999/11/29 v1.2d Bold Symbols
\pmbraise@=\dimen149
)
(/usr/local/texlive/2026/texmf-dist/tex/latex/amsmath/amsopn.sty
Package: amsopn 2022/04/08 v2.04 operator names
)
\inf@bad=\count291
LaTeX Info: Redefining \frac on input line 233.
\uproot@=\count292
\leftroot@=\count293
LaTeX Info: Redefining \overline on input line 398.
LaTeX Info: Redefining \colon on input line 409.
\classnum@=\count294
\DOTSCASE@=\count295
LaTeX Info: Redefining \ldots on input line 495.
LaTeX Info: Redefining \dots on input line 498.
LaTeX Info: Redefining \cdots on input line 619.
\Mathstrutbox@=\box68
\strutbox@=\box69
LaTeX Info: Redefining \big on input line 721.
LaTeX Info: Redefining \Big on input line 722.
LaTeX Info: Redefining \bigg on input line 723.
LaTeX Info: Redefining \Bigg on input line 724.
\big@size=\dimen150
LaTeX Font Info:    Redeclaring font encoding OML on input line 742.
LaTeX Font Info:    Redeclaring font encoding OMS on input line 743.
\macc@depth=\count296
LaTeX Info: Redefining \bmod on input line 904.
LaTeX Info: Redefining \pmod on input line 909.
LaTeX Info: Redefining \smash on input line 939.
LaTeX Info: Redefining \relbar on input line 969.
LaTeX Info: Redefining \Relbar on input line 970.
\c@MaxMatrixCols=\count297
\dotsspace@=\muskip18
\c@parentequation=\count298
\dspbrk@lvl=\count299
\tag@help=\toks20
\row@=\count300
\column@=\count301
\maxfields@=\count302
\andhelp@=\toks21
\eqnshift@=\dimen151
\alignsep@=\dimen152
\tagshift@=\dimen153
\tagwidth@=\dimen154
\totwidth@=\dimen155
\lineht@=\dimen156
\@envbody=\toks22
\multlinegap=\skip54
\multlinetaggap=\skip55
\mathdisplay@stack=\toks23
LaTeX Info: Redefining \[ on input line 2950.
LaTeX Info: Redefining \] on input line 2951.
)
(/usr/local/texlive/2026/texmf-dist/tex/latex/amsfonts/amssymb.sty
Package: amssymb 2013/01/14 v3.01 AMS font symbols

(/usr/local/texlive/2026/texmf-dist/tex/latex/amsfonts/amsfonts.sty
Package: amsfonts 2013/01/14 v3.01 Basic AMSFonts support
\symAMSa=\mathgroup4
\symAMSb=\mathgroup5
LaTeX Font Info:    Redeclaring math symbol \hbar on input line 98.
LaTeX Font Info:    Overwriting math alphabet `\mathfrak' in version `bold'
(Font)                  U/euf/m/n --> U/euf/b/n on input line 106.
LaTeX Info: Redefining \frak on input line 111.
LaTeX Info: Redefining \Bbb on input line 113.
))
(/usr/local/texlive/2026/texmf-dist/tex/latex/graphics/graphicx.sty
Package: graphicx 2024/12/31 v1.2e Enhanced LaTeX Graphics (DPC,SPQR)

(/usr/local/texlive/2026/texmf-dist/tex/latex/graphics/keyval.sty
Package: keyval 2022/05/29 v1.15 key=value parser (DPC)
\KV@toks@=\toks24
)
(/usr/local/texlive/2026/texmf-dist/tex/latex/graphics/graphics.sty
Package: graphics 2024/08/06 v1.4g Standard LaTeX Graphics (DPC,SPQR)

(/usr/local/texlive/2026/texmf-dist/tex/latex/graphics/trig.sty
Package: trig 2023/12/02 v1.11 sin cos tan (DPC)
)
(/usr/local/texlive/2026/texmf-dist/tex/latex/graphics-cfg/graphics.cfg
File: graphics.cfg 2016/06/04 v1.11 sample graphics configuration
)
Package graphics Info: Driver file: pdftex.def on input line 106.

(/usr/local/texlive/2026/texmf-dist/tex/latex/graphics-def/pdftex.def
File: pdftex.def 2025/09/29 v1.2d Graphics/color driver for pdftex
))
\Gin@req@height=\dimen157
\Gin@req@width=\dimen158
)
(/usr/local/texlive/2026/texmf-dist/tex/latex/booktabs/booktabs.sty
Package: booktabs 2020/01/12 v1.61803398 Publication quality tables
\heavyrulewidth=\dimen159
\lightrulewidth=\dimen160
\cmidrulewidth=\dimen161
\belowrulesep=\dimen162
\belowbottomsep=\dimen163
\aboverulesep=\dimen164
\abovetopsep=\dimen165
\cmidrulesep=\dimen166
\cmidrulekern=\dimen167
\defaultaddspace=\dimen168
\@cmidla=\count303
\@cmidlb=\count304
\@aboverulesep=\dimen169
\@belowrulesep=\dimen170
\@thisruleclass=\count305
\@lastruleclass=\count306
\@thisrulewidth=\dimen171
)
(/usr/local/texlive/2026/texmf-dist/tex/latex/siunitx/siunitx.sty
Package: siunitx 2025-07-09 v3.4.14 A comprehensive (SI) units package
\l__siunitx_number_uncert_offset_int=\count307
\l__siunitx_number_exponent_fixed_int=\count308
\l__siunitx_number_min_decimal_int=\count309
\l__siunitx_number_min_integer_int=\count310
\l__siunitx_number_round_precision_int=\count311
\l__siunitx_number_lower_threshold_int=\count312
\l__siunitx_number_upper_threshold_int=\count313
\l__siunitx_number_group_first_int=\count314
\l__siunitx_number_group_size_int=\count315
\l__siunitx_number_group_minimum_int=\count316
\l__siunitx_angle_tmp_dim=\dimen172
\l__siunitx_angle_marker_box=\box70
\l__siunitx_angle_unit_box=\box71
\l__siunitx_compound_count_int=\count317

(/usr/local/texlive/2026/texmf-dist/tex/latex/translations/translations.sty
Package: translations 2022/02/05 v1.12 internationalization of LaTeX2e packages
 (CN)

(/usr/local/texlive/2026/texmf-dist/tex/latex/etoolbox/etoolbox.sty
Package: etoolbox 2025/10/02 v2.5m e-TeX tools for LaTeX (JAW)
\etb@tempcnta=\count318
)
(/usr/local/texlive/2026/texmf-dist/tex/generic/pdftexcmds/pdftexcmds.sty
Package: pdftexcmds 2020-06-27 v0.33 Utility functions of pdfTeX for LuaTeX (HO
)

(/usr/local/texlive/2026/texmf-dist/tex/generic/infwarerr/infwarerr.sty
Package: infwarerr 2019/12/03 v1.5 Providing info/warning/error messages (HO)
)
(/usr/local/texlive/2026/texmf-dist/tex/generic/iftex/iftex.sty
Package: iftex 2024/12/12 v1.0g TeX engine tests
)
(/usr/local/texlive/2026/texmf-dist/tex/generic/ltxcmds/ltxcmds.sty
Package: ltxcmds 2023-12-04 v1.26 LaTeX kernel commands for general use (HO)
)
Package pdftexcmds Info: \pdf@primitive is available.
Package pdftexcmds Info: \pdf@ifprimitive is available.
Package pdftexcmds Info: \pdfdraftmode found.
))
\l__siunitx_table_tmp_box=\box72
\l__siunitx_table_tmp_dim=\dimen173
\l__siunitx_table_column_width_dim=\dimen174
\l__siunitx_table_integer_box=\box73
\l__siunitx_table_decimal_box=\box74
\l__siunitx_table_uncert_box=\box75
\l__siunitx_table_before_box=\box76
\l__siunitx_table_after_box=\box77
\l__siunitx_table_before_dim=\dimen175
\l__siunitx_table_carry_dim=\dimen176
\l__siunitx_unit_tmp_int=\count319
\l__siunitx_unit_position_int=\count320
\l__siunitx_unit_total_int=\count321

(/usr/local/texlive/2026/texmf-dist/tex/latex/tools/array.sty
Package: array 2025/09/25 v2.6n Tabular extension package (FMi)
\col@sep=\dimen177
\ar@mcellbox=\box78
\extrarowheight=\dimen178
\NC@list=\toks25
\extratabsurround=\skip56
\backup@length=\skip57
\ar@cellbox=\box79
))
(/usr/local/texlive/2026/texmf-dist/tex/latex/hyperref/hyperref.sty
Package: hyperref 2026-01-29 v7.01p Hypertext links for LaTeX

(/usr/local/texlive/2026/texmf-dist/tex/latex/kvsetkeys/kvsetkeys.sty
Package: kvsetkeys 2022-10-05 v1.19 Key value parser (HO)
)
(/usr/local/texlive/2026/texmf-dist/tex/generic/kvdefinekeys/kvdefinekeys.sty
Package: kvdefinekeys 2019-12-19 v1.6 Define keys (HO)
)
(/usr/local/texlive/2026/texmf-dist/tex/generic/pdfescape/pdfescape.sty
Package: pdfescape 2019/12/09 v1.15 Implements pdfTeX's escape features (HO)
)
(/usr/local/texlive/2026/texmf-dist/tex/latex/hycolor/hycolor.sty
Package: hycolor 2020-01-27 v1.10 Color options for hyperref/bookmark (HO)
)
(/usr/local/texlive/2026/texmf-dist/tex/latex/hyperref/nameref.sty
Package: nameref 2026-01-29 v2.58 Cross-referencing by name of section

(/usr/local/texlive/2026/texmf-dist/tex/latex/refcount/refcount.sty
Package: refcount 2019/12/15 v3.6 Data extraction from label references (HO)
)
(/usr/local/texlive/2026/texmf-dist/tex/generic/gettitlestring/gettitlestring.s
ty
Package: gettitlestring 2019/12/15 v1.6 Cleanup title references (HO)
 (/usr/local/texlive/2026/texmf-dist/tex/latex/kvoptions/kvoptions.sty
Package: kvoptions 2022-06-15 v3.15 Key value format for package options (HO)
))

Package nameref Warning: The definition of \label has changed! 
(nameref)                Check your packages! 
(nameref)                Replacing it with the kernel definition on input line 
161.

\c@section@level=\count322
) (/usr/local/texlive/2026/texmf-dist/tex/generic/stringenc/stringenc.sty
Package: stringenc 2019/11/29 v1.12 Convert strings between diff. encodings (HO
)
)
\@linkdim=\dimen179
\Hy@linkcounter=\count323
\Hy@pagecounter=\count324

(/usr/local/texlive/2026/texmf-dist/tex/latex/hyperref/pd1enc.def
File: pd1enc.def 2026-01-29 v7.01p Hyperref: PDFDocEncoding definition (HO)
Now handling font encoding PD1 ...
... no UTF-8 mapping file for font encoding PD1
)
(/usr/local/texlive/2026/texmf-dist/tex/generic/intcalc/intcalc.sty
Package: intcalc 2019/12/15 v1.3 Expandable calculations with integers (HO)
)
\Hy@SavedSpaceFactor=\count325

(/usr/local/texlive/2026/texmf-dist/tex/latex/hyperref/puenc.def
File: puenc.def 2026-01-29 v7.01p Hyperref: PDF Unicode definition (HO)
Now handling font encoding PU ...
... no UTF-8 mapping file for font encoding PU
)
Package hyperref Info: Hyper figures OFF on input line 4201.
Package hyperref Info: Link nesting OFF on input line 4206.
Package hyperref Info: Hyper index ON on input line 4209.
Package hyperref Info: Plain pages OFF on input line 4216.
Package hyperref Info: Backreferencing OFF on input line 4221.
Package hyperref Info: Implicit mode ON; LaTeX internals redefined.
Package hyperref Info: Bookmarks ON on input line 4468.
LaTeX Info: Redefining \href on input line 4718.
\c@Hy@tempcnt=\count326
LaTeX Info: Redefining \url on input line 4807.
\XeTeXLinkMargin=\dimen180

(/usr/local/texlive/2026/texmf-dist/tex/generic/bitset/bitset.sty
Package: bitset 2019/12/09 v1.3 Handle bit-vector datatype (HO)

(/usr/local/texlive/2026/texmf-dist/tex/generic/bigintcalc/bigintcalc.sty
Package: bigintcalc 2019/12/15 v1.5 Expandable calculations on big integers (HO
)
))
\Fld@menulength=\count327
\Field@Width=\dimen181
\Fld@charsize=\dimen182
Package hyperref Info: Hyper figures OFF on input line 6084.
Package hyperref Info: Link nesting OFF on input line 6089.
Package hyperref Info: Hyper index ON on input line 6092.
Package hyperref Info: backreferencing OFF on input line 6099.
Package hyperref Info: Link coloring OFF on input line 6104.
Package hyperref Info: Link coloring with OCG OFF on input line 6109.
Package hyperref Info: PDF/A mode OFF on input line 6114.
\Hy@abspage=\count328
\c@Item=\count329
\c@Hfootnote=\count330
)
Package hyperref Info: Driver (autodetected): hpdftex.

(/usr/local/texlive/2026/texmf-dist/tex/latex/hyperref/hpdftex.def
File: hpdftex.def 2026-01-29 v7.01p Hyperref driver for pdfTeX
\Fld@listcount=\count331
\c@bookmark@seq@number=\count332

(/usr/local/texlive/2026/texmf-dist/tex/latex/rerunfilecheck/rerunfilecheck.sty
Package: rerunfilecheck 2025-06-21 v1.11 Rerun checks for auxiliary files (HO)

(/usr/local/texlive/2026/texmf-dist/tex/generic/uniquecounter/uniquecounter.sty
Package: uniquecounter 2019/12/15 v1.4 Provide unlimited unique counter (HO)
)
Package uniquecounter Info: New unique counter `rerunfilecheck' on input line 2
84.
)
\Hy@SectionHShift=\skip58
) (../../docs/counts.tex)
Class revtex4-2 Info: Unrecognized array package. Please update this document c
lass! (Proceeding with fingers crossed.) on input line 17.
Class revtex4-2 Info: cite was not loaded (OK!) on input line 17.
Class revtex4-2 Info: mcite was not loaded (OK!) on input line 17.
Class revtex4-2 Info: multicol was not loaded (OK!) on input line 17.
Package translations Info: No language package found. I am going to use `englis
h' as default language. on input line 17.

(/usr/local/texlive/2026/texmf-dist/tex/latex/graphics/color.sty
Package: color 2025/01/14 v1.3e Standard LaTeX Color (DPC)

(/usr/local/texlive/2026/texmf-dist/tex/latex/graphics-cfg/color.cfg
File: color.cfg 2016/01/02 v1.6 sample color configuration
)
Package color Info: Driver file: pdftex.def on input line 149.

(/usr/local/texlive/2026/texmf-dist/tex/latex/graphics/mathcolor.ltx))
(/usr/local/texlive/2026/texmf-dist/tex/latex/l3backend/l3backend-pdftex.def
File: l3backend-pdftex.def 2025-10-09 L3 backend support: PDF output (pdfTeX)
\l__color_backend_stack_int=\count333
)
(./paper_draft.aux)
\openout1 = `paper_draft.aux'.

LaTeX Font Info:    Checking defaults for OML/cmm/m/it on input line 17.
LaTeX Font Info:    ... okay on input line 17.
LaTeX Font Info:    Checking defaults for OMS/cmsy/m/n on input line 17.
LaTeX Font Info:    ... okay on input line 17.
LaTeX Font Info:    Checking defaults for OT1/cmr/m/n on input line 17.
LaTeX Font Info:    ... okay on input line 17.
LaTeX Font Info:    Checking defaults for T1/cmr/m/n on input line 17.
LaTeX Font Info:    ... okay on input line 17.
LaTeX Font Info:    Checking defaults for TS1/cmr/m/n on input line 17.
LaTeX Font Info:    ... okay on input line 17.
LaTeX Font Info:    Checking defaults for OMX/cmex/m/n on input line 17.
LaTeX Font Info:    ... okay on input line 17.
LaTeX Font Info:    Checking defaults for U/cmr/m/n on input line 17.
LaTeX Font Info:    ... okay on input line 17.
LaTeX Font Info:    Checking defaults for PD1/pdf/m/n on input line 17.
LaTeX Font Info:    ... okay on input line 17.
LaTeX Font Info:    Checking defaults for PU/pdf/m/n on input line 17.
LaTeX Font Info:    ... okay on input line 17.

(/usr/local/texlive/2026/texmf-dist/tex/context/base/mkii/supp-pdf.mkii
[Loading MPS to PDF converter (version 2006.09.02).]
\scratchcounter=\count334
\scratchdimen=\dimen183
\scratchbox=\box80
\nofMPsegments=\count335
\nofMParguments=\count336
\everyMPshowfont=\toks26
\MPscratchCnt=\count337
\MPscratchDim=\dimen184
\MPnumerator=\count338
\makeMPintoPDFobject=\count339
\everyMPtoPDFconversion=\toks27
) (/usr/local/texlive/2026/texmf-dist/tex/latex/epstopdf-pkg/epstopdf-base.sty
Package: epstopdf-base 2020-01-24 v2.11 Base part for package epstopdf
Package epstopdf-base Info: Redefining graphics rule for `.eps' on input line 4
85.

(/usr/local/texlive/2026/texmf-dist/tex/latex/latexconfig/epstopdf-sys.cfg
File: epstopdf-sys.cfg 2010/07/13 v1.3 Configuration of (r)epstopdf for TeX Liv
e
))
(/usr/local/texlive/2026/texmf-dist/tex/latex/translations/translations-basic-d
ictionary-english.trsl
File: translations-basic-dictionary-english.trsl (english translation file `tra
nslations-basic-dictionary')
)
Package translations Info: loading dictionary `translations-basic-dictionary' f
or `english'. on input line 17.
Package hyperref Info: Link coloring OFF on input line 17.
 (./paper_draft.out) (./paper_draft.out)
\@outlinefile=\write4
\openout4 = `paper_draft.out'.

Class revtex4-2 Info: Taking \maketitle back from hyperref on input line 17.
\openout3 = `paper_draftNotes.bib'.

LaTeX Font Info:    Trying to load font information for U+msa on input line 30.


(/usr/local/texlive/2026/texmf-dist/tex/latex/amsfonts/umsa.fd
File: umsa.fd 2013/01/14 v3.01 AMS symbols A
)
LaTeX Font Info:    Trying to load font information for U+msb on input line 30.


(/usr/local/texlive/2026/texmf-dist/tex/latex/amsfonts/umsb.fd
File: umsb.fd 2013/01/14 v3.01 AMS symbols B
)
Underfull \hbox (badness 1675) in paragraph at lines 103--110
[]\OT1/cmr/m/n/10 The Au-gust 17, 2017 binary-neutron-star merger
 []


Underfull \hbox (badness 3514) in paragraph at lines 111--120
\OT1/cmr/m/n/10 speed iden-ti-fi-ca-tion, place it head-to-head against
 []


Underfull \hbox (badness 10000) in paragraph at lines 135--145
[]\OT1/cmr/m/n/10 The vestigial-phase metric-channel sus-cep-ti-bil-
 []


Underfull \hbox (badness 1377) in paragraph at lines 135--145
\OT1/cmr/m/n/10 ity $\OML/cmm/m/it/10 ^^_[]$ \OT1/cmr/m/n/10 is the RPA bub-ble
 in-te-gral com-puted in
 []


Underfull \hbox (badness 5260) in paragraph at lines 135--145
\OT1/cmtt/m/n/10 VestigialSusceptibility.lean\OT1/cmr/m/n/10 , with closed form

 []

[1{/usr/local/texlive/2026/texmf-var/fonts/map/pdftex/updmap/pdftex.map}]

Package hyperref Warning: Token not allowed in a PDF string (Unicode):
(hyperref)                removing `math shift' on input line 146.


Package hyperref Warning: Token not allowed in a PDF string (Unicode):
(hyperref)                removing `subscript' on input line 146.


Package hyperref Warning: Token not allowed in a PDF string (Unicode):
(hyperref)                removing `math shift' on input line 146.


Underfull \hbox (badness 10000) in paragraph at lines 166--170
[]\OT1/cmr/m/n/10 In Lean ([][]\OT1/cmtt/m/n/10 GravitationalWaves.lean []\OT1/
cmr/m/n/10 Sec-
 []


Underfull \hbox (badness 10000) in paragraph at lines 166--170
\OT1/cmr/m/n/10 tions 1--2): [][]\OT1/cmtt/m/n/10 c_GW[]\OT1/cmr/m/n/10 , [][]\
OT1/cmtt/m/n/10 c_GW_at_chi_one[]\OT1/cmr/m/n/10 , [][]\OT1/cmtt/m/n/10 c_GW_po
s[]\OT1/cmr/m/n/10 ,
 []


Overfull \hbox (16.51149pt too wide) detected at line 183
[][][][]\OT1/cmr/m/n/10 (^^A\OML/cmm/m/it/10 c=c\OT1/cmr/m/n/10 (\OML/cmm/m/it/
10 ^^_[]\OT1/cmr/m/n/10 ))  \OMS/cmsy/m/n/10 ([])  \OML/cmm/m/it/10 ^^_[] \OMS/
cmsy/m/n/10 2 \OT1/cmr/m/n/10 [(1 \OMS/cmsy/m/n/10 ^^@ \OML/cmm/m/it/10 ^^\\OT1
/cmr/m/n/10 )[]\OML/cmm/m/it/10 ; \OT1/cmr/m/n/10 (1 + \OML/cmm/m/it/10 ^^\\OT1
/cmr/m/n/10 )[]]\OML/cmm/m/it/10 :
 []


Underfull \hbox (badness 3590) in paragraph at lines 183--186
\OT1/cmr/bx/n/10 Theorem A \OT1/cmr/m/n/10 ([][]\OT1/cmtt/m/n/10 c_GW_match_iff
_chi_close_to_one[]\OT1/cmr/m/n/10 ).
 []


Underfull \hbox (badness 10000) in paragraph at lines 187--193
[]\OT1/cmr/m/n/10 The proof is a $[]$/squaring round-trip via
 []


Underfull \hbox (badness 10000) in paragraph at lines 187--193
[][]\OT1/cmtt/m/n/10 Real.sqrt_le_sqrt []\OT1/cmr/m/n/10 and [][]\OT1/cmtt/m/n/
10 Real.sqrt_sq[]\OT1/cmr/m/n/10 , with a
 []


Underfull \hbox (badness 2941) in paragraph at lines 187--193
\OT1/cmr/m/n/10 nonlinear-arithmetic step closed by [][]\OT1/cmtt/m/n/10 nlinar
ith []\OT1/cmr/m/n/10 us-
 []


Underfull \hbox (badness 2495) in paragraph at lines 217--222
[]\OT1/cmr/m/n/10 The proofs use $[] \OMS/cmsy/m/n/10 ^^T [] \OT1/cmr/m/n/10 = 
1\OML/cmm/m/it/10 =\OT1/cmr/m/n/10 2$ and
 []


Underfull \hbox (badness 10000) in paragraph at lines 223--225
[]\OT1/cmr/bx/n/10 Bundled The-o-rem D
 []


Underfull \hbox (badness 2818) in paragraph at lines 223--225
\OT1/cmr/m/n/10 ([][]\OT1/cmtt/m/n/10 vestigial_natural_range_violates_ligo[]\O
T1/cmr/m/n/10 ). Both
 []


Overfull \hbox (109.83981pt too wide) in paragraph at lines 237--259
[]\OT1/cmr/m/n/10 Phase 5y H1 (\OT1/cmtt/m/n/10 Lit-Search/Phase-5y/Phase5y[]H1
[]second[]sound[]graviton.md\OT1/cmr/m/n/10 )
 []


Underfull \hbox (badness 2012) in paragraph at lines 237--259
\OT1/cmr/m/n/10 es-tab-lished that the Volovik second-sound gravi-ton
 []


Underfull \hbox (badness 2744) in paragraph at lines 237--259
\OT1/cmr/m/n/10 in terms of the second-sound DOF. The orig-i-nal
 []


Underfull \hbox (badness 1360) in paragraph at lines 237--259
\OT1/cmtt/m/n/10 second[]sound[]graviton[]not[]derived[]DOF \OT1/cmr/m/n/10 the
-o-rem (a
 []


Underfull \hbox (badness 1454) in paragraph at lines 237--259
\OT1/cmr/m/n/10 was re-tired dur-ing the 2026-04-25 post-Wave-2 au-
 []


Underfull \hbox (badness 1939) in paragraph at lines 237--259
\OT1/cmr/m/n/10 dit as an $\OMS/cmsy/m/n/10 9$\OT1/cmr/m/n/10 -absorption tau-t
ol-ogy | the ex-is-tence
 []


Underfull \hbox (badness 1117) in paragraph at lines 237--259
\OT1/cmr/m/n/10 of \OT1/cmr/m/it/10 one \OT1/cmr/m/n/10 con-sis-tent value does
 not en-code ``un-der-de-
 []


Underfull \hbox (badness 10000) in paragraph at lines 237--259
\OT1/cmr/m/n/10 rem [][]\OT1/cmtt/m/n/10 natural_range_disjoint_from_ligo_windo
w[]\OT1/cmr/m/n/10 :
 []


Underfull \hbox (badness 10000) in paragraph at lines 237--259
\OT1/cmr/m/n/10 for any $\OML/cmm/m/it/10 ^^_[]$ \OT1/cmr/m/n/10 at the natural
-range end-points
 []


Underfull \hbox (badness 10000) in paragraph at lines 237--259
\OMS/cmsy/m/n/10 f[]\OML/cmm/m/it/10 ; []\OMS/cmsy/m/n/10 g \OT1/cmr/m/n/10 =
 []


Underfull \hbox (badness 10000) in paragraph at lines 237--259
\OMS/cmsy/m/n/10 f\OT1/cmr/m/n/10 0\OML/cmm/m/it/10 :\OT1/cmr/m/n/10 1\OML/cmm/
m/it/10 ; \OT1/cmr/m/n/10 10\OMS/cmsy/m/n/10 g$\OT1/cmr/m/n/10 , there is \OT1/
cmr/m/it/10 no $\OML/cmm/m/it/10 c$\OT1/cmr/m/n/10 -value rescal-
 []


Underfull \hbox (badness 10000) in paragraph at lines 237--259
\OT1/cmr/m/n/10 ing that gives a GW170817-compatible
 []


Underfull \hbox (badness 10000) in paragraph at lines 237--259
\OT1/cmr/m/n/10 ^^A\OML/cmm/m/it/10 c=c$\OT1/cmr/m/n/10 . The frame-independent
 form
 []


Overfull \hbox (53.24739pt too wide) in paragraph at lines 237--259
[][]\OT1/cmtt/m/n/10 second_sound_graviton_natural_range_universally_falsified
 []


Underfull \hbox (badness 10000) in paragraph at lines 262--271
[]\OT1/cmr/m/n/10 The strength-en-ing pass also re-vised
 []


Underfull \hbox (badness 10000) in paragraph at lines 262--271
[][]\OT1/cmtt/m/n/10 H_VestigialModeIsGraviton[]\OT1/cmr/m/n/10 . The orig-i-na
l P3
 []


Underfull \hbox (badness 1259) in paragraph at lines 262--271
\OT1/cmr/m/n/10 con-junct ($\OMS/cmsy/m/n/10 8\OML/cmm/m/it/10 c > \OT1/cmr/m/n
/10 0\OML/cmm/m/it/10 ;  c[]\OT1/cmr/m/n/10 (\OML/cmm/m/it/10 ^^_[]; c\OT1/cmr/
m/n/10 ) \OML/cmm/m/it/10 > \OT1/cmr/m/n/10 0$) was re-dun-
 []


Underfull \hbox (badness 10000) in paragraph at lines 262--271
\OT1/cmr/m/n/10 project's preemptive-strengthening dis-ci-pline (see
 []


Underfull \hbox (badness 10000) in paragraph at lines 262--271
\OT1/cmtt/m/n/10 feedback[]post[]wave[]strengthening[]audit.md \OT1/cmr/m/n/10 
P2
 []


Underfull \hbox (badness 1946) in paragraph at lines 262--271
\OT1/cmr/m/n/10 bundle- re-dun-dancy rule) re-quires re-mov-ing re-dun-
 []

[2]
Overfull \hbox (204.84166pt too wide) detected at line 275
[]\OT1/cmr/m/n/10 (\OML/cmm/m/it/10 ^^_[]\OT1/cmr/m/n/10 )  \OMS/cmsy/m/n/10 ^^
Q  \OML/cmm/m/it/10 ^^_[] > \OT1/cmr/m/n/10 0  \OMS/cmsy/m/n/10 ^  []\OT1/cmr/m
/n/10 (^^A\OML/cmm/m/it/10 c=c\OT1/cmr/m/n/10 (\OML/cmm/m/it/10 ^^_[]\OT1/cmr/m
/n/10 ))  \OMS/cmsy/m/n/10 ^  j\OT1/cmr/m/n/10 ^^A\OML/cmm/m/it/10 c=c\OT1/cmr/
m/n/10 (\OML/cmm/m/it/10 ^^_[]\OT1/cmr/m/n/10 )\OMS/cmsy/m/n/10 j \OML/cmm/m/it
/10 < \OT1/cmr/m/n/10 1\OML/cmm/m/it/10 =\OT1/cmr/m/n/10 2\OML/cmm/m/it/10 :
 []


Underfull \hbox (badness 1028) in paragraph at lines 275--280
\OT1/cmr/m/n/10 com-pat-i-bil-ity, and P3' is the load-bearing sub-half-
 []


Underfull \hbox (badness 10000) in paragraph at lines 284--291
[]\OT1/cmr/bx/n/10 Falsifier the-o-rems \OT1/cmr/m/n/10 (four; the
 []


Underfull \hbox (badness 10000) in paragraph at lines 284--291
\OT1/cmr/m/n/10 fourth iso-lates P3' in-de-pen-dence).
 []


Overfull \hbox (5.9978pt too wide) in paragraph at lines 284--291
[][]\OT1/cmtt/m/n/10 H_VestigialModeIsGraviton_fails_at_natural_lower
 []


Overfull \hbox (50.58124pt too wide) in paragraph at lines 284--291
[]\OT1/cmr/m/n/10 (P2 fails), [][]\OT1/cmtt/m/n/10 H_VestigialModeIsGraviton_fa
ils_at_natural_upper
 []


Overfull \hbox (3.33165pt too wide) in paragraph at lines 284--291
[]\OT1/cmr/m/n/10 (P2 fails), [][]\OT1/cmtt/m/n/10 H_VestigialModeIsGraviton_fa
ils_at_zero
 []


Overfull \hbox (19.08151pt too wide) in paragraph at lines 284--291
[]\OT1/cmr/m/n/10 (P1 fails), [][]\OT1/cmtt/m/n/10 H_VestigialModeIsGraviton_fa
ils_at_quarter
 []


Underfull \hbox (badness 1648) in paragraph at lines 292--297
[]\OT1/cmr/m/n/10 The natural-range fal-si-fiers are non-trivial: they
 []


Underfull \hbox (badness 4556) in paragraph at lines 292--297
\OT1/cmr/m/n/10 (avoid-ing the [][]\OT1/cmtt/m/n/10 feedback_subagent_lean_qual
ity.md
 []


! LaTeX Error: Unicode character Γ (U+0393)
               not set up for use with LaTeX.

See the LaTeX manual or LaTeX Companion for explanation.
Type  H <return>  for immediate help.
 ...                                              
                                                  
l.299 ...ion from the SK--EFT Γ\textsubscript{H}}
                                                  
You may provide a definition with
\DeclareUnicodeCharacter 


Package hyperref Warning: Token not allowed in a PDF string (Unicode):
(hyperref)                removing `\mathsurround' on input line 299.


Package hyperref Warning: Token not allowed in a PDF string (Unicode):
(hyperref)                removing `\z@' on input line 299.


Package hyperref Warning: Token not allowed in a PDF string (Unicode):
(hyperref)                removing `subscript' on input line 299.


! LaTeX Error: Unicode character γ (U+03B3)
               not set up for use with LaTeX.

See the LaTeX manual or LaTeX Companion for explanation.
Type  H <return>  for immediate help.
 ...                                              
                                                  
l.312 \verb|dispersion_correction(γ
                                    , ω) = γ ω| as
You may provide a definition with
\DeclareUnicodeCharacter 


! LaTeX Error: Unicode character ω (U+03C9)
               not set up for use with LaTeX.

See the LaTeX manual or LaTeX Companion for explanation.
Type  H <return>  for immediate help.
 ...                                              
                                                  
l.312 \verb|dispersion_correction(γ, ω
                                        ) = γ ω| as
You may provide a definition with
\DeclareUnicodeCharacter 


! LaTeX Error: Unicode character γ (U+03B3)
               not set up for use with LaTeX.

See the LaTeX manual or LaTeX Companion for explanation.
Type  H <return>  for immediate help.
 ...                                              
                                                  
l.312 \verb|dispersion_correction(γ, ω) = γ
                                               ω| as
You may provide a definition with
\DeclareUnicodeCharacter 


! LaTeX Error: Unicode character ω (U+03C9)
               not set up for use with LaTeX.

See the LaTeX manual or LaTeX Companion for explanation.
Type  H <return>  for immediate help.
 ...                                              
                                                  
l.312 \verb|dispersion_correction(γ, ω) = γ ω
                                                 | as
You may provide a definition with
\DeclareUnicodeCharacter 


Underfull \hbox (badness 10000) in paragraph at lines 309--319
\OT1/cmr/m/n/10 with $\OML/cmm/m/it/10 ^^M$ \OT1/cmr/m/n/10 the di-men-sion-les
s co-ef-fi-cient $^^@[]\OML/cmm/m/it/10 =c[]$
 []


Underfull \hbox (badness 10000) in paragraph at lines 309--319
\OT1/cmr/m/n/10 at the probe fre-quency. We add the for-
 []


Underfull \hbox (badness 10000) in paragraph at lines 309--319
\OT1/cmr/m/n/10 mula [][]\OT1/cmtt/m/n/10 dispersion_correction(, ) =   []\OT1/
cmr/m/n/10 as
 []


Underfull \hbox (badness 10000) in paragraph at lines 309--319
[][]\OT1/cmtt/m/n/10 GravitationalWaves.dispersion_correction []\OT1/cmr/m/n/10
 with
 []

<figures/fig_c_GW_vs_ligo_constraint.png, id=135, 2409.0pt x 1606.0pt>
File: figures/fig_c_GW_vs_ligo_constraint.png Graphic file (type png)
<use figures/fig_c_GW_vs_ligo_constraint.png>
Package pdftex.def Info: figures/fig_c_GW_vs_ligo_constraint.png  used on input
 line 334.
(pdftex.def)             Requested size: 236.16165pt x 157.42369pt.
[3 <./figures/fig_c_GW_vs_ligo_constraint.png>]
! Undefined control sequence.
<recently read> \GNemerg 
                         
l.403 $\GNemerg
                = \alpha_{\rm ADW} \cdot 12\pi/(\Nf\,\Lambdauv^{2})$ at
The control sequence at the end of the top line
of your error message was never \def'ed. If you have
misspelled it (e.g., `\hobx'), type `I' and the correct
spelling (e.g., `I\hbox'). Otherwise just continue,
and I'll forget about whatever was undefined.

! Undefined control sequence.
l.403 ...emerg = \alpha_{\rm ADW} \cdot 12\pi/(\Nf
                                                  \,\Lambdauv^{2})$ at
The control sequence at the end of the top line
of your error message was never \def'ed. If you have
misspelled it (e.g., `\hobx'), type `I' and the correct
spelling (e.g., `I\hbox'). Otherwise just continue,
and I'll forget about whatever was undefined.

! Undefined control sequence.
l.403 ...pha_{\rm ADW} \cdot 12\pi/(\Nf\,\Lambdauv
                                                  ^{2})$ at
The control sequence at the end of the top line
of your error message was never \def'ed. If you have
misspelled it (e.g., `\hobx'), type `I' and the correct
spelling (e.g., `I\hbox'). Otherwise just continue,
and I'll forget about whatever was undefined.

! Undefined control sequence.
<recently read> \Lambdauv 
                          
l.404 $\Lambdauv
                 = \Mpl$ produces $\alpha_{\rm ADW}^{\star} \in [0.40,1.27]$
The control sequence at the end of the top line
of your error message was never \def'ed. If you have
misspelled it (e.g., `\hobx'), type `I' and the correct
spelling (e.g., `I\hbox'). Otherwise just continue,
and I'll forget about whatever was undefined.

! Undefined control sequence.
l.404 $\Lambdauv = \Mpl
                       $ produces $\alpha_{\rm ADW}^{\star} \in [0.40,1.27]$
The control sequence at the end of the top line
of your error message was never \def'ed. If you have
misspelled it (e.g., `\hobx'), type `I' and the correct
spelling (e.g., `I\hbox'). Otherwise just continue,
and I'll forget about whatever was undefined.

! Undefined control sequence.
<recently read> \Nf 
                    
l.405 for SM $\Nf
                 $, sitting comfortably inside the natural range $[0.1,10]$.
The control sequence at the end of the top line
of your error message was never \def'ed. If you have
misspelled it (e.g., `\hobx'), type `I' and the correct
spelling (e.g., `I\hbox'). Otherwise just continue,
and I'll forget about whatever was undefined.

! Undefined control sequence.
<recently read> \GNemerg 
                         
l.409 $\GNemerg
               $ depends on the Sakharov-Adler kernel computed at the
The control sequence at the end of the top line
of your error message was never \def'ed. If you have
misspelled it (e.g., `\hobx'), type `I' and the correct
spelling (e.g., `I\hbox'). Otherwise just continue,
and I'll forget about whatever was undefined.

! Undefined control sequence.
<recently read> \Mpl 
                     
l.410 ... level, where the relevant scale is $\Mpl
                                                  $;
The control sequence at the end of the top line
of your error message was never \def'ed. If you have
misspelled it (e.g., `\hobx'), type `I' and the correct
spelling (e.g., `I\hbox'). Otherwise just continue,
and I'll forget about whatever was undefined.


Underfull \hbox (badness 1377) in paragraph at lines 459--475
 \OT1/cmr/m/n/9 GBM, IN-TE-GRAL, Ice-Cube, As-troSat CZTI, IPN,
 []


Underfull \hbox (badness 2828) in paragraph at lines 459--475
 \OT1/cmr/m/n/9 GROWTH, JAG-WAR, Cal-tech-N-RAO, TTU-NRAO,
 []


Underfull \hbox (badness 10000) in paragraph at lines 476--479
 []\OT1/cmr/m/n/9 G. E. Volovik, ``Fermionic Quar-tet and Ves-ti-
 []


Underfull \hbox (badness 1400) in paragraph at lines 476--479
 \OT1/cmr/m/n/9 gial Grav-ity,'' JETP Lett. \OT1/cmr/bx/n/9 119\OT1/cmr/m/n/9 ,
 330 (2024); DOI:
 []

[4]
Underfull \hbox (badness 1184) in paragraph at lines 505--508
 []\OT1/cmr/m/n/9 J. G. Roehm, ``Lin-earized Ein-stein Equa-tions from
 []

No file paper_draft.bbl.
[5] (./paper_draft.aux)
 ***********
LaTeX2e <2025-11-01>
L3 programming layer <2026-01-19>
 ***********
Package rerunfilecheck Info: File `paper_draft.out' has not changed.
(rerunfilecheck)             Checksum: 177A17A9689279656569EBB0C39D969B;4157.
 ) 
Here is how much of TeX's memory you used:
 15776 strings out of 467525
 298573 string characters out of 5418982
 705844 words of memory out of 5000000
 44492 multiletter control sequences out of 15000+600000
 635380 words of font info for 70 fonts, out of 8000000 for 9000
 1141 hyphenation exceptions out of 8191
 75i,6n,80p,965b,1191s stack positions out of 10000i,1000n,20000p,200000b,200000s
</usr/local/texlive/2026/texmf-dist/fonts/type1/public/amsfonts/cm/cmbx10.pfb
></usr/local/texlive/2026/texmf-dist/fonts/type1/public/amsfonts/cm/cmbx12.pfb>
</usr/local/texlive/2026/texmf-dist/fonts/type1/public/amsfonts/cm/cmbx6.pfb></
usr/local/texlive/2026/texmf-dist/fonts/type1/public/amsfonts/cm/cmbx9.pfb></us
r/local/texlive/2026/texmf-dist/fonts/type1/public/amsfonts/cm/cmex10.pfb></usr
/local/texlive/2026/texmf-dist/fonts/type1/public/amsfonts/cm/cmmi10.pfb></usr/
local/texlive/2026/texmf-dist/fonts/type1/public/amsfonts/cm/cmmi6.pfb></usr/lo
cal/texlive/2026/texmf-dist/fonts/type1/public/amsfonts/cm/cmmi7.pfb></usr/loca
l/texlive/2026/texmf-dist/fonts/type1/public/amsfonts/cm/cmmi9.pfb></usr/local/
texlive/2026/texmf-dist/fonts/type1/public/amsfonts/cm/cmr10.pfb></usr/local/te
xlive/2026/texmf-dist/fonts/type1/public/amsfonts/cm/cmr6.pfb></usr/local/texli
ve/2026/texmf-dist/fonts/type1/public/amsfonts/cm/cmr7.pfb></usr/local/texlive/
2026/texmf-dist/fonts/type1/public/amsfonts/cm/cmr8.pfb></usr/local/texlive/202
6/texmf-dist/fonts/type1/public/amsfonts/cm/cmr9.pfb></usr/local/texlive/2026/t
exmf-dist/fonts/type1/public/amsfonts/cm/cmsy10.pfb></usr/local/texlive/2026/te
xmf-dist/fonts/type1/public/amsfonts/cm/cmsy6.pfb></usr/local/texlive/2026/texm
f-dist/fonts/type1/public/amsfonts/cm/cmsy7.pfb></usr/local/texlive/2026/texmf-
dist/fonts/type1/public/amsfonts/cm/cmsy9.pfb></usr/local/texlive/2026/texmf-di
st/fonts/type1/public/amsfonts/cm/cmti10.pfb></usr/local/texlive/2026/texmf-dis
t/fonts/type1/public/amsfonts/cm/cmti9.pfb></usr/local/texlive/2026/texmf-dist/
fonts/type1/public/amsfonts/cm/cmtt10.pfb></usr/local/texlive/2026/texmf-dist/f
onts/type1/public/amsfonts/cm/cmtt9.pfb>
Output written on paper_draft.pdf (5 pages, 427137 bytes).
PDF statistics:
 274 PDF objects out of 1000 (max. 8388607)
 217 compressed objects within 3 object streams
 45 named destinations out of 1000 (max. 500000)
 158 words of extra memory for PDF output out of 10000 (max. 10000000)

