This is pdfTeX, Version 3.141592653-2.6-1.40.29 (TeX Live 2026) (preloaded format=pdflatex 2026.3.22)  25 APR 2026 16:25
entering extended mode
 restricted \write18 enabled.
 %&-line parsing enabled.
**paper_draft.tex
(./paper_draft.tex
LaTeX2e <2025-11-01>
L3 programming layer <2026-01-19>
(/usr/local/texlive/2026/texmf-dist/tex/latex/revtex/revtex4-2.cls
Document Class: revtex4-2 2022/06/05 4.2f (https://journals.aps.org/revtex/ for
 documentation)
 Copyright (c) 2019 American Physical Society.
 mailto:revtex@aps.org
 Licensed under the LPPL:
http://www.ctan.org/tex-archive/macros/latex/base/lppl.txt
 Arthur Ogawa <arthur_ogawa at sbcglobal dot net>
 Based on work by David Carlisle <david at dcarlisle.demon.co.uk>
 Version (4.2d--4.2f): Modified by Mark Doyle and Phelype Oleinik
 .
ltxutil[2022/06/05 4.2f utilities package (portions licensed from W. E. Baxter 
web at superscript.com)]
LaTeX Info: Redefining \@centercr on input line 356.
Class revtex4-2 Info: Repairing hyperref-unfriendly LaTeX definition of \mpfoot
note on input line 492.
Class revtex4-2 Info: Repairing broken LateX \@sect on input line 814.
\intertabularlinepenalty=\count275
\@tbpen=\count276
\@arstrutbox@hline=\box53
Class revtex4-2 Info: Repairing broken LaTeX \@xbitor on input line 1845.
Class revtex4-2 Info: Making \typeout \long on input line 2110.
ltxfront[2022/06/05 4.2f frontmatter package (AO,DPC,MD)]
\c@affil=\count277
\c@collab=\count278
\absbox=\box54
ltxgrid[2022/06/05 4.2f page grid package (portions licensed from W. E. Baxter 
web at superscript.com)]
\c@linecount=\count279
\output@latex=\toks17
\box@size@1=\box55
\box@size@2=\box56
\@protection@box=\box57
\@topmark@saved=\toks18
\footins@saved=\box58
\footins@recovered=\box59
\column@recovered=\box60
\pagesofar=\box61
\footsofar=\box62
\pagegrid@col=\count280
Class revtex4-2 Info: Overriding \@vspace, \@vspacer, \@no@pgbk, \@newline, and
 \\  on input line 5676.
\c@part=\count281
\c@section=\count282
\c@subsection=\count283
\c@subsubsection=\count284
\c@paragraph=\count285
\c@subparagraph=\count286
\abovecaptionskip=\skip49
\belowcaptionskip=\skip50
\c@figure=\count287
\fbox@1=\box63
\c@table=\count288
\fbox@2=\box64
\c@video=\count289
\fbox@4=\box65
\@bibdataout=\write3
\widetext@top=\box66
\widetext@bot=\box67
Class revtex4-2 Info: Selecting society aps on input line 7669.
(/usr/local/texlive/2026/texmf-dist/tex/latex/revtex/aps4-2.rtx
File: aps4-2 2022/06/05 4.2f (https://journals.aps.org/revtex/ for documentatio
n)
Class revtex4-2 Info: RevTeX society APS selected on input line 40.
)
Class revtex4-2 Info: Selecting journal prd on input line 7671.
Class revtex4-2 Info: APS journal PRD selected on input line 7672.


Class revtex4-2 Warning: No type size specified, using default 10.

(/usr/local/texlive/2026/texmf-dist/tex/latex/revtex/aps10pt4-2.rtx
File: aps10pt4-2 2022/06/05 4.2f (https://journals.aps.org/revtex/ for document
ation)
Class revtex4-2 Info: RevTeX pointsize 10pt selected on input line 39.
)
(/usr/local/texlive/2026/texmf-dist/tex/latex/textcase/textcase.sty
Package: textcase 2025/02/16 v1.05 Text only upper/lower case changing (DPC)
Package textcase Info: Defining Legacy names on input line 20.
)
(/usr/local/texlive/2026/texmf-dist/tex/latex/url/url.sty
\Urlmuskip=\muskip17
Package: url 2013/09/16  ver 3.4  Verb mode for urls, etc.
)
(/usr/local/texlive/2026/texmf-dist/tex/latex/natbib/natbib.sty
Package: natbib 2010/09/13 8.31b (PWD, AO)
\bibhang=\skip51
\bibsep=\skip52
LaTeX Info: Redefining \cite on input line 694.
\c@NAT@ctr=\count290
)
Class revtex4-2 Info: Repairing natbib's \BibitemShut on input line 7676.

(/usr/local/texlive/2026/texmf-dist/tex/latex/revtex/revsymb4-2.sty
Package: revsymb4-2 2022/06/05 4.2f (https://journals.aps.org/revtex/ for docum
entation)
LaTeX Info: Redefining \REV@mathfrak on input line 128.
))
(/usr/local/texlive/2026/texmf-dist/tex/latex/amsmath/amsmath.sty
Package: amsmath 2025/07/09 v2.17z AMS math features
\@mathmargin=\skip53

For additional information on amsmath, use the `?' option.
(/usr/local/texlive/2026/texmf-dist/tex/latex/amsmath/amstext.sty
Package: amstext 2024/11/17 v2.01 AMS text

(/usr/local/texlive/2026/texmf-dist/tex/latex/amsmath/amsgen.sty
File: amsgen.sty 1999/11/30 v2.0 generic functions
\@emptytoks=\toks19
\ex@=\dimen148
)
LaTeX Info: Redefining \text on input line 28.
)
(/usr/local/texlive/2026/texmf-dist/tex/latex/amsmath/amsbsy.sty
Package: amsbsy 1999/11/29 v1.2d Bold Symbols
\pmbraise@=\dimen149
)
(/usr/local/texlive/2026/texmf-dist/tex/latex/amsmath/amsopn.sty
Package: amsopn 2022/04/08 v2.04 operator names
)
\inf@bad=\count291
LaTeX Info: Redefining \frac on input line 233.
\uproot@=\count292
\leftroot@=\count293
LaTeX Info: Redefining \overline on input line 398.
LaTeX Info: Redefining \colon on input line 409.
\classnum@=\count294
\DOTSCASE@=\count295
LaTeX Info: Redefining \ldots on input line 495.
LaTeX Info: Redefining \dots on input line 498.
LaTeX Info: Redefining \cdots on input line 619.
\Mathstrutbox@=\box68
\strutbox@=\box69
LaTeX Info: Redefining \big on input line 721.
LaTeX Info: Redefining \Big on input line 722.
LaTeX Info: Redefining \bigg on input line 723.
LaTeX Info: Redefining \Bigg on input line 724.
\big@size=\dimen150
LaTeX Font Info:    Redeclaring font encoding OML on input line 742.
LaTeX Font Info:    Redeclaring font encoding OMS on input line 743.
\macc@depth=\count296
LaTeX Info: Redefining \bmod on input line 904.
LaTeX Info: Redefining \pmod on input line 909.
LaTeX Info: Redefining \smash on input line 939.
LaTeX Info: Redefining \relbar on input line 969.
LaTeX Info: Redefining \Relbar on input line 970.
\c@MaxMatrixCols=\count297
\dotsspace@=\muskip18
\c@parentequation=\count298
\dspbrk@lvl=\count299
\tag@help=\toks20
\row@=\count300
\column@=\count301
\maxfields@=\count302
\andhelp@=\toks21
\eqnshift@=\dimen151
\alignsep@=\dimen152
\tagshift@=\dimen153
\tagwidth@=\dimen154
\totwidth@=\dimen155
\lineht@=\dimen156
\@envbody=\toks22
\multlinegap=\skip54
\multlinetaggap=\skip55
\mathdisplay@stack=\toks23
LaTeX Info: Redefining \[ on input line 2950.
LaTeX Info: Redefining \] on input line 2951.
)
(/usr/local/texlive/2026/texmf-dist/tex/latex/amsfonts/amssymb.sty
Package: amssymb 2013/01/14 v3.01 AMS font symbols

(/usr/local/texlive/2026/texmf-dist/tex/latex/amsfonts/amsfonts.sty
Package: amsfonts 2013/01/14 v3.01 Basic AMSFonts support
\symAMSa=\mathgroup4
\symAMSb=\mathgroup5
LaTeX Font Info:    Redeclaring math symbol \hbar on input line 98.
LaTeX Font Info:    Overwriting math alphabet `\mathfrak' in version `bold'
(Font)                  U/euf/m/n --> U/euf/b/n on input line 106.
LaTeX Info: Redefining \frak on input line 111.
LaTeX Info: Redefining \Bbb on input line 113.
))
(/usr/local/texlive/2026/texmf-dist/tex/latex/graphics/graphicx.sty
Package: graphicx 2024/12/31 v1.2e Enhanced LaTeX Graphics (DPC,SPQR)

(/usr/local/texlive/2026/texmf-dist/tex/latex/graphics/keyval.sty
Package: keyval 2022/05/29 v1.15 key=value parser (DPC)
\KV@toks@=\toks24
)
(/usr/local/texlive/2026/texmf-dist/tex/latex/graphics/graphics.sty
Package: graphics 2024/08/06 v1.4g Standard LaTeX Graphics (DPC,SPQR)

(/usr/local/texlive/2026/texmf-dist/tex/latex/graphics/trig.sty
Package: trig 2023/12/02 v1.11 sin cos tan (DPC)
)
(/usr/local/texlive/2026/texmf-dist/tex/latex/graphics-cfg/graphics.cfg
File: graphics.cfg 2016/06/04 v1.11 sample graphics configuration
)
Package graphics Info: Driver file: pdftex.def on input line 106.

(/usr/local/texlive/2026/texmf-dist/tex/latex/graphics-def/pdftex.def
File: pdftex.def 2025/09/29 v1.2d Graphics/color driver for pdftex
))
\Gin@req@height=\dimen157
\Gin@req@width=\dimen158
)
(/usr/local/texlive/2026/texmf-dist/tex/latex/booktabs/booktabs.sty
Package: booktabs 2020/01/12 v1.61803398 Publication quality tables
\heavyrulewidth=\dimen159
\lightrulewidth=\dimen160
\cmidrulewidth=\dimen161
\belowrulesep=\dimen162
\belowbottomsep=\dimen163
\aboverulesep=\dimen164
\abovetopsep=\dimen165
\cmidrulesep=\dimen166
\cmidrulekern=\dimen167
\defaultaddspace=\dimen168
\@cmidla=\count303
\@cmidlb=\count304
\@aboverulesep=\dimen169
\@belowrulesep=\dimen170
\@thisruleclass=\count305
\@lastruleclass=\count306
\@thisrulewidth=\dimen171
)
(/usr/local/texlive/2026/texmf-dist/tex/latex/siunitx/siunitx.sty
Package: siunitx 2025-07-09 v3.4.14 A comprehensive (SI) units package
\l__siunitx_number_uncert_offset_int=\count307
\l__siunitx_number_exponent_fixed_int=\count308
\l__siunitx_number_min_decimal_int=\count309
\l__siunitx_number_min_integer_int=\count310
\l__siunitx_number_round_precision_int=\count311
\l__siunitx_number_lower_threshold_int=\count312
\l__siunitx_number_upper_threshold_int=\count313
\l__siunitx_number_group_first_int=\count314
\l__siunitx_number_group_size_int=\count315
\l__siunitx_number_group_minimum_int=\count316
\l__siunitx_angle_tmp_dim=\dimen172
\l__siunitx_angle_marker_box=\box70
\l__siunitx_angle_unit_box=\box71
\l__siunitx_compound_count_int=\count317

(/usr/local/texlive/2026/texmf-dist/tex/latex/translations/translations.sty
Package: translations 2022/02/05 v1.12 internationalization of LaTeX2e packages
 (CN)

(/usr/local/texlive/2026/texmf-dist/tex/latex/etoolbox/etoolbox.sty
Package: etoolbox 2025/10/02 v2.5m e-TeX tools for LaTeX (JAW)
\etb@tempcnta=\count318
)
(/usr/local/texlive/2026/texmf-dist/tex/generic/pdftexcmds/pdftexcmds.sty
Package: pdftexcmds 2020-06-27 v0.33 Utility functions of pdfTeX for LuaTeX (HO
)

(/usr/local/texlive/2026/texmf-dist/tex/generic/infwarerr/infwarerr.sty
Package: infwarerr 2019/12/03 v1.5 Providing info/warning/error messages (HO)
)
(/usr/local/texlive/2026/texmf-dist/tex/generic/iftex/iftex.sty
Package: iftex 2024/12/12 v1.0g TeX engine tests
)
(/usr/local/texlive/2026/texmf-dist/tex/generic/ltxcmds/ltxcmds.sty
Package: ltxcmds 2023-12-04 v1.26 LaTeX kernel commands for general use (HO)
)
Package pdftexcmds Info: \pdf@primitive is available.
Package pdftexcmds Info: \pdf@ifprimitive is available.
Package pdftexcmds Info: \pdfdraftmode found.
))
\l__siunitx_table_tmp_box=\box72
\l__siunitx_table_tmp_dim=\dimen173
\l__siunitx_table_column_width_dim=\dimen174
\l__siunitx_table_integer_box=\box73
\l__siunitx_table_decimal_box=\box74
\l__siunitx_table_uncert_box=\box75
\l__siunitx_table_before_box=\box76
\l__siunitx_table_after_box=\box77
\l__siunitx_table_before_dim=\dimen175
\l__siunitx_table_carry_dim=\dimen176
\l__siunitx_unit_tmp_int=\count319
\l__siunitx_unit_position_int=\count320
\l__siunitx_unit_total_int=\count321

(/usr/local/texlive/2026/texmf-dist/tex/latex/tools/array.sty
Package: array 2025/09/25 v2.6n Tabular extension package (FMi)
\col@sep=\dimen177
\ar@mcellbox=\box78
\extrarowheight=\dimen178
\NC@list=\toks25
\extratabsurround=\skip56
\backup@length=\skip57
\ar@cellbox=\box79
))
(/usr/local/texlive/2026/texmf-dist/tex/latex/hyperref/hyperref.sty
Package: hyperref 2026-01-29 v7.01p Hypertext links for LaTeX

(/usr/local/texlive/2026/texmf-dist/tex/latex/kvsetkeys/kvsetkeys.sty
Package: kvsetkeys 2022-10-05 v1.19 Key value parser (HO)
)
(/usr/local/texlive/2026/texmf-dist/tex/generic/kvdefinekeys/kvdefinekeys.sty
Package: kvdefinekeys 2019-12-19 v1.6 Define keys (HO)
)
(/usr/local/texlive/2026/texmf-dist/tex/generic/pdfescape/pdfescape.sty
Package: pdfescape 2019/12/09 v1.15 Implements pdfTeX's escape features (HO)
)
(/usr/local/texlive/2026/texmf-dist/tex/latex/hycolor/hycolor.sty
Package: hycolor 2020-01-27 v1.10 Color options for hyperref/bookmark (HO)
)
(/usr/local/texlive/2026/texmf-dist/tex/latex/hyperref/nameref.sty
Package: nameref 2026-01-29 v2.58 Cross-referencing by name of section

(/usr/local/texlive/2026/texmf-dist/tex/latex/refcount/refcount.sty
Package: refcount 2019/12/15 v3.6 Data extraction from label references (HO)
)
(/usr/local/texlive/2026/texmf-dist/tex/generic/gettitlestring/gettitlestring.s
ty
Package: gettitlestring 2019/12/15 v1.6 Cleanup title references (HO)
 (/usr/local/texlive/2026/texmf-dist/tex/latex/kvoptions/kvoptions.sty
Package: kvoptions 2022-06-15 v3.15 Key value format for package options (HO)
))

Package nameref Warning: The definition of \label has changed! 
(nameref)                Check your packages! 
(nameref)                Replacing it with the kernel definition on input line 
161.

\c@section@level=\count322
) (/usr/local/texlive/2026/texmf-dist/tex/generic/stringenc/stringenc.sty
Package: stringenc 2019/11/29 v1.12 Convert strings between diff. encodings (HO
)
)
\@linkdim=\dimen179
\Hy@linkcounter=\count323
\Hy@pagecounter=\count324

(/usr/local/texlive/2026/texmf-dist/tex/latex/hyperref/pd1enc.def
File: pd1enc.def 2026-01-29 v7.01p Hyperref: PDFDocEncoding definition (HO)
Now handling font encoding PD1 ...
... no UTF-8 mapping file for font encoding PD1
)
(/usr/local/texlive/2026/texmf-dist/tex/generic/intcalc/intcalc.sty
Package: intcalc 2019/12/15 v1.3 Expandable calculations with integers (HO)
)
\Hy@SavedSpaceFactor=\count325

(/usr/local/texlive/2026/texmf-dist/tex/latex/hyperref/puenc.def
File: puenc.def 2026-01-29 v7.01p Hyperref: PDF Unicode definition (HO)
Now handling font encoding PU ...
... no UTF-8 mapping file for font encoding PU
)
Package hyperref Info: Hyper figures OFF on input line 4201.
Package hyperref Info: Link nesting OFF on input line 4206.
Package hyperref Info: Hyper index ON on input line 4209.
Package hyperref Info: Plain pages OFF on input line 4216.
Package hyperref Info: Backreferencing OFF on input line 4221.
Package hyperref Info: Implicit mode ON; LaTeX internals redefined.
Package hyperref Info: Bookmarks ON on input line 4468.
LaTeX Info: Redefining \href on input line 4718.
\c@Hy@tempcnt=\count326
LaTeX Info: Redefining \url on input line 4807.
\XeTeXLinkMargin=\dimen180

(/usr/local/texlive/2026/texmf-dist/tex/generic/bitset/bitset.sty
Package: bitset 2019/12/09 v1.3 Handle bit-vector datatype (HO)

(/usr/local/texlive/2026/texmf-dist/tex/generic/bigintcalc/bigintcalc.sty
Package: bigintcalc 2019/12/15 v1.5 Expandable calculations on big integers (HO
)
))
\Fld@menulength=\count327
\Field@Width=\dimen181
\Fld@charsize=\dimen182
Package hyperref Info: Hyper figures OFF on input line 6084.
Package hyperref Info: Link nesting OFF on input line 6089.
Package hyperref Info: Hyper index ON on input line 6092.
Package hyperref Info: backreferencing OFF on input line 6099.
Package hyperref Info: Link coloring OFF on input line 6104.
Package hyperref Info: Link coloring with OCG OFF on input line 6109.
Package hyperref Info: PDF/A mode OFF on input line 6114.
\Hy@abspage=\count328
\c@Item=\count329
\c@Hfootnote=\count330
)
Package hyperref Info: Driver (autodetected): hpdftex.

(/usr/local/texlive/2026/texmf-dist/tex/latex/hyperref/hpdftex.def
File: hpdftex.def 2026-01-29 v7.01p Hyperref driver for pdfTeX
\Fld@listcount=\count331
\c@bookmark@seq@number=\count332

(/usr/local/texlive/2026/texmf-dist/tex/latex/rerunfilecheck/rerunfilecheck.sty
Package: rerunfilecheck 2025-06-21 v1.11 Rerun checks for auxiliary files (HO)

(/usr/local/texlive/2026/texmf-dist/tex/generic/uniquecounter/uniquecounter.sty
Package: uniquecounter 2019/12/15 v1.4 Provide unlimited unique counter (HO)
)
Package uniquecounter Info: New unique counter `rerunfilecheck' on input line 2
84.
)
\Hy@SectionHShift=\skip58
) (../../docs/counts.tex)
Class revtex4-2 Info: Unrecognized array package. Please update this document c
lass! (Proceeding with fingers crossed.) on input line 22.
Class revtex4-2 Info: cite was not loaded (OK!) on input line 22.
Class revtex4-2 Info: mcite was not loaded (OK!) on input line 22.
Class revtex4-2 Info: multicol was not loaded (OK!) on input line 22.
Package translations Info: No language package found. I am going to use `englis
h' as default language. on input line 22.

(/usr/local/texlive/2026/texmf-dist/tex/latex/graphics/color.sty
Package: color 2025/01/14 v1.3e Standard LaTeX Color (DPC)

(/usr/local/texlive/2026/texmf-dist/tex/latex/graphics-cfg/color.cfg
File: color.cfg 2016/01/02 v1.6 sample color configuration
)
Package color Info: Driver file: pdftex.def on input line 149.

(/usr/local/texlive/2026/texmf-dist/tex/latex/graphics/mathcolor.ltx))
(/usr/local/texlive/2026/texmf-dist/tex/latex/l3backend/l3backend-pdftex.def
File: l3backend-pdftex.def 2025-10-09 L3 backend support: PDF output (pdfTeX)
\l__color_backend_stack_int=\count333
)
No file paper_draft.aux.
\openout1 = `paper_draft.aux'.

LaTeX Font Info:    Checking defaults for OML/cmm/m/it on input line 22.
LaTeX Font Info:    ... okay on input line 22.
LaTeX Font Info:    Checking defaults for OMS/cmsy/m/n on input line 22.
LaTeX Font Info:    ... okay on input line 22.
LaTeX Font Info:    Checking defaults for OT1/cmr/m/n on input line 22.
LaTeX Font Info:    ... okay on input line 22.
LaTeX Font Info:    Checking defaults for T1/cmr/m/n on input line 22.
LaTeX Font Info:    ... okay on input line 22.
LaTeX Font Info:    Checking defaults for TS1/cmr/m/n on input line 22.
LaTeX Font Info:    ... okay on input line 22.
LaTeX Font Info:    Checking defaults for OMX/cmex/m/n on input line 22.
LaTeX Font Info:    ... okay on input line 22.
LaTeX Font Info:    Checking defaults for U/cmr/m/n on input line 22.
LaTeX Font Info:    ... okay on input line 22.
LaTeX Font Info:    Checking defaults for PD1/pdf/m/n on input line 22.
LaTeX Font Info:    ... okay on input line 22.
LaTeX Font Info:    Checking defaults for PU/pdf/m/n on input line 22.
LaTeX Font Info:    ... okay on input line 22.
(/usr/local/texlive/2026/texmf-dist/tex/context/base/mkii/supp-pdf.mkii
[Loading MPS to PDF converter (version 2006.09.02).]
\scratchcounter=\count334
\scratchdimen=\dimen183
\scratchbox=\box80
\nofMPsegments=\count335
\nofMParguments=\count336
\everyMPshowfont=\toks26
\MPscratchCnt=\count337
\MPscratchDim=\dimen184
\MPnumerator=\count338
\makeMPintoPDFobject=\count339
\everyMPtoPDFconversion=\toks27
) (/usr/local/texlive/2026/texmf-dist/tex/latex/epstopdf-pkg/epstopdf-base.sty
Package: epstopdf-base 2020-01-24 v2.11 Base part for package epstopdf
Package epstopdf-base Info: Redefining graphics rule for `.eps' on input line 4
85.

(/usr/local/texlive/2026/texmf-dist/tex/latex/latexconfig/epstopdf-sys.cfg
File: epstopdf-sys.cfg 2010/07/13 v1.3 Configuration of (r)epstopdf for TeX Liv
e
))
(/usr/local/texlive/2026/texmf-dist/tex/latex/translations/translations-basic-d
ictionary-english.trsl
File: translations-basic-dictionary-english.trsl (english translation file `tra
nslations-basic-dictionary')
)
Package translations Info: loading dictionary `translations-basic-dictionary' f
or `english'. on input line 22.
Package hyperref Info: Link coloring OFF on input line 22.
\@outlinefile=\write4
\openout4 = `paper_draft.out'.

Class revtex4-2 Info: Taking \maketitle back from hyperref on input line 22.
\openout3 = `paper_draftNotes.bib'.

LaTeX Font Info:    Trying to load font information for U+msa on input line 38.


(/usr/local/texlive/2026/texmf-dist/tex/latex/amsfonts/umsa.fd
File: umsa.fd 2013/01/14 v3.01 AMS symbols A
)
LaTeX Font Info:    Trying to load font information for U+msb on input line 38.


(/usr/local/texlive/2026/texmf-dist/tex/latex/amsfonts/umsb.fd
File: umsb.fd 2013/01/14 v3.01 AMS symbols B
)

Package natbib Warning: Citation `Vergeles2025' on page 1 undefined on input li
ne 62.


Package natbib Warning: Citation `VladimirovDiakonov2012' on page 1 undefined o
n input line 64.


Package natbib Warning: Citation `Adler1982' on page 1 undefined on input line 
66.


Package hyperref Warning: Token not allowed in a PDF string (Unicode):
(hyperref)                removing `\\' on input line 81.


Package hyperref Warning: Token not allowed in a PDF string (Unicode):
(hyperref)                removing `math shift' on input line 81.


Package hyperref Warning: Token not allowed in a PDF string (Unicode):
(hyperref)                removing `\alpha' on input line 81.


Package hyperref Warning: Token not allowed in a PDF string (Unicode):
(hyperref)                removing `subscript' on input line 81.


Package hyperref Warning: Token not allowed in a PDF string (Unicode):
(hyperref)                removing `math shift' on input line 81.


Package natbib Warning: Citation `Akama1978' on page 1 undefined on input line 
88.


Package natbib Warning: Citation `Diakonov2011' on page 1 undefined on input li
ne 88.


Package natbib Warning: Citation `HebeckerWetterich2003' on page 1 undefined on
 input line 88.


Package natbib Warning: Citation `Wetterich2022' on page 1 undefined on input l
ine 88.


Package natbib Warning: Citation `VladimirovDiakonov2012' on page 1 undefined o
n input line 88.


Package natbib Warning: Citation `Volovik2022Counting' on page 1 undefined on i
nput line 94.


Underfull \hbox (badness 3758) in paragraph at lines 96--105
[]\OT1/cmr/m/n/10 The Phase 5 pro-gram of the SK--EFT Hawk-
 []


Underfull \hbox (badness 2189) in paragraph at lines 96--105
\OT1/cmr/m/n/10 ing project for-mal-ized the ADW crit-i-cal cou-pling,
 []


Underfull \hbox (badness 10000) in paragraph at lines 96--105
\OT1/cmr/m/n/10 NG-mode count-ing, and gauge-theoretic sub-
 []


Underfull \hbox (badness 10000) in paragraph at lines 96--105
\OT1/cmr/m/n/10 structures (\OT1/cmtt/m/n/10 ADWMechanism.lean\OT1/cmr/m/n/10 ,
 \OT1/cmtt/m/n/10 KerrSchild.lean\OT1/cmr/m/n/10 ,
 []


Underfull \hbox (badness 2343) in paragraph at lines 96--105
\OT1/cmtt/m/n/10 FermionBag4D.lean\OT1/cmr/m/n/10 ). The next quan-ti-ta-tive s
tep
 []


Underfull \hbox (badness 1454) in paragraph at lines 96--105
\OT1/cmr/m/n/10 is to up-grade these struc-tural re-sults to \OT1/cmr/m/it/10 l
in-earized
 []


Underfull \hbox (badness 1005) in paragraph at lines 96--105
\OT1/cmr/m/n/10 mi-cro-scopic co-ef-fi-cient. This pa-per for-mal-izes that
 []


Underfull \hbox (badness 1038) in paragraph at lines 106--108
[]\OT1/cmr/m/n/10 We work en-tirely in momentum-space de Don-der
 []


Package natbib Warning: Citation `Carroll2004' on page 1 undefined on input lin
e 113.


Package natbib Warning: Citation `MTW1973' on page 1 undefined on input line 11
3.


Package natbib Warning: Citation `Sakharov1968' on page 1 undefined on input li
ne 128.


Package natbib Warning: Citation `Adler1982' on page 1 undefined on input line 
128.


Underfull \hbox (badness 1596) in paragraph at lines 125--132
\OT1/cmr/m/n/10 where the pref-ac-tor $12\OML/cmm/m/it/10 ^^Y=\OT1/cmr/m/n/10 (
\OML/cmm/m/it/10 N[] \OT1/cmr/m/n/10 ^^C[])$ is the stan-dard
 []


Package natbib Warning: Citation `Vergeles2025' on page 1 undefined on input li
ne 137.


Package natbib Warning: Citation `Volovik2022Counting' on page 1 undefined on i
nput line 138.


Package natbib Warning: Citation `Visser2002' on page 1 undefined on input line
 142.

[1{/usr/local/texlive/2026/texmf-var/fonts/map/pdftex/updmap/pdftex.map}]
Underfull \hbox (badness 2799) in paragraph at lines 148--161
\OT1/cmr/m/n/10 Diakonov mean field), and deep-gap re-duc-tion to
 []


LaTeX Warning: Reference `sec:linearized-tensor' on page 2 undefined on input l
ine 163.


LaTeX Warning: Reference `sec:sakharov-adler' on page 2 undefined on input line
 164.


LaTeX Warning: Reference `sec:adw-emerg' on page 2 undefined on input line 166.



LaTeX Warning: Reference `sec:correctness-push' on page 2 undefined on input li
ne 168.


LaTeX Warning: Reference `sec:vergeles-structure' on page 2 undefined on input 
line 170.


LaTeX Warning: Reference `sec:open-computation' on page 2 undefined on input li
ne 172.


Underfull \hbox (badness 4454) in paragraph at lines 194--201
\OMS/cmsy/m/n/10 ^^@\OML/cmm/m/it/10 h$ \OT1/cmr/m/n/10 (Lean the-o-rem \OT1/cm
tt/m/n/10 trace[]reverse[]negates[]trace\OT1/cmr/m/n/10 ).
 []


LaTeX Warning: Reference `eq:gone-deDonder' on page 2 undefined on input line 2
05.


Package natbib Warning: Citation `Carroll2004' on page 2 undefined on input lin
e 205.


Package natbib Warning: Citation `MTW1973' on page 2 undefined on input line 20
5.


Package natbib Warning: Citation `Sakharov1968' on page 2 undefined on input li
ne 244.


Package natbib Warning: Citation `Adler1982' on page 2 undefined on input line 
244.


Package natbib Warning: Citation `Visser2002' on page 2 undefined on input line
 244.


Underfull \hbox (badness 4872) in paragraph at lines 242--245
[]\OT1/cmr/m/n/10 The Sakharov--Adler one-loop in-duced Einstein--
 []


Package natbib Warning: Citation `Visser2002' on page 2 undefined on input line
 251.


Underfull \hbox (badness 5607) in paragraph at lines 248--255
\OT1/cmr/m/n/10 This is the canon-i-cal ref-er-ence nor-mal-iza-tion in
 []


Underfull \hbox (badness 10000) in paragraph at lines 257--259
 []\OT1/cmr/m/it/10 Tie-in to the ADW critical-coupling the-o-
 []


Underfull \hbox (badness 6016) in paragraph at lines 257--259
\OT1/cmr/m/it/10 rem.[] \OT1/cmr/m/n/10 The ADW crit-i-cal cou-pling, for-mal-i
zed in
 []


LaTeX Warning: Reference `eq:Gsakharov' on page 2 undefined on input line 263.


LaTeX Warning: Reference `eq:Gcrit' on page 2 undefined on input line 263.


Underfull \hbox (badness 10000) in paragraph at lines 269--273
\OT1/cmr/m/n/10 This al-ge-braic iden-tity is the Lean the-o-rem
 []


Underfull \hbox (badness 10000) in paragraph at lines 269--273
\OT1/cmtt/m/n/10 G[]N[]sakharov[]eq[]ratio[]critical[]coupling\OT1/cmr/m/n/10 ,
 and
 []


Underfull \hbox (badness 2726) in paragraph at lines 275--279
 []\OT1/cmr/m/it/10 Properties.[] $\OML/cmm/m/it/10 G[]$ \OT1/cmr/m/n/10 is pos
-i-tive for $^^C[]\OML/cmm/m/it/10 ; N[] > \OT1/cmr/m/n/10 0$
 []


Underfull \hbox (badness 1997) in paragraph at lines 275--279
\OT1/cmr/m/n/10 (Lean: \OT1/cmtt/m/n/10 G[]N[]sakharov[]pos\OT1/cmr/m/n/10 ) an
d sat-is-fies the closed
 []


Underfull \hbox (badness 7168) in paragraph at lines 275--279
\OT1/cmr/m/n/10 in-verse re-la-tion $\OML/cmm/m/it/10 G[] \OMS/cmsy/m/n/10 ^^A 
\OML/cmm/m/it/10 N[] \OT1/cmr/m/n/10 ^^C[] = 12\OML/cmm/m/it/10 ^^Y$ \OT1/cmr/m
/n/10 (Lean:
 []

[2]

Package hyperref Warning: Token not allowed in a PDF string (Unicode):
(hyperref)                removing `math shift' on input line 281.


Package hyperref Warning: Token not allowed in a PDF string (Unicode):
(hyperref)                removing `subscript' on input line 281.


Package hyperref Warning: Token not allowed in a PDF string (Unicode):
(hyperref)                removing `math shift' on input line 281.


Package hyperref Warning: Token not allowed in a PDF string (Unicode):
(hyperref)                removing `math shift' on input line 281.


Package hyperref Warning: Token not allowed in a PDF string (Unicode):
(hyperref)                removing `\alpha' on input line 281.


Package hyperref Warning: Token not allowed in a PDF string (Unicode):
(hyperref)                removing `subscript' on input line 281.


Package hyperref Warning: Token not allowed in a PDF string (Unicode):
(hyperref)                removing `math shift' on input line 281.


LaTeX Warning: Reference `eq:GNemerg-def' on page 3 undefined on input line 285
.


LaTeX Warning: Reference `sec:vergeles-structure' on page 3 undefined on input 
line 287.


LaTeX Warning: Reference `sec:vergeles-structure' on page 3 undefined on input 
line 306.


Underfull \hbox (badness 2310) in paragraph at lines 304--311
 []\OT1/cmr/m/it/10 Vanishing.[] $\OML/cmm/m/it/10 G[] \OT1/cmr/m/n/10 = 0$ iff
 $\OML/cmm/m/it/10 [] \OT1/cmr/m/n/10 = 0$ when
 []


Package natbib Warning: Citation `Tiesinga2021CODATA' on page 3 undefined on in
put line 318.


LaTeX Warning: Reference `eq:match-locus' on page 3 undefined on input line 334
.


Underfull \hbox (badness 10000) in paragraph at lines 338--342
\OT1/cmr/m/n/10 a clean one-line al-ge-braic re-la-tion (Lean:
 []


Underfull \hbox (badness 1881) in paragraph at lines 338--342
\OT1/cmtt/m/n/10 G[]N[]emerg[]match[]at[]planck[]anchor\OT1/cmr/m/n/10 ). For S
tan-dard
 []


LaTeX Warning: Reference `sec:vergeles-structure' on page 3 undefined on input 
line 351.


LaTeX Warning: Reference `fig:GN-emerg-scan' on page 3 undefined on input line 
356.

<figures/fig_G_N_emerg_parameter_scan.png, id=56, 2409.0pt x 1606.0pt>
File: figures/fig_G_N_emerg_parameter_scan.png Graphic file (type png)
<use figures/fig_G_N_emerg_parameter_scan.png>
Package pdftex.def Info: figures/fig_G_N_emerg_parameter_scan.png  used on inpu
t line 363.
(pdftex.def)             Requested size: 246.0pt x 163.99117pt.

Package natbib Warning: Citation `Tiesinga2021CODATA' on page 3 undefined on in
put line 376.


Package natbib Warning: Citation `Tiesinga2021CODATA' on page 3 undefined on in
put line 376.


Package hyperref Warning: Token not allowed in a PDF string (Unicode):
(hyperref)                removing `math shift' on input line 380.


Package hyperref Warning: Token not allowed in a PDF string (Unicode):
(hyperref)                removing `\alpha' on input line 380.


Package hyperref Warning: Token not allowed in a PDF string (Unicode):
(hyperref)                removing `subscript' on input line 380.


Package hyperref Warning: Token not allowed in a PDF string (Unicode):
(hyperref)                removing `math shift' on input line 380.


Package natbib Warning: Citation `Diakonov2011' on page 3 undefined on input li
ne 385.


Package natbib Warning: Citation `VladimirovDiakonov2012' on page 3 undefined o
n input line 385.


Package natbib Warning: Citation `HebeckerWetterich2003' on page 3 undefined on
 input line 385.


Package natbib Warning: Citation `Wetterich2022' on page 3 undefined on input l
ine 385.


Package natbib Warning: Citation `Vergeles2025' on page 3 undefined on input li
ne 385.


Package natbib Warning: Citation `Volovik2022Counting' on page 3 undefined on i
nput line 385.


Package natbib Warning: Citation `Volovik2024Vestigial' on page 3 undefined on 
input line 385.


Package natbib Warning: Citation `Sakharov1968' on page 3 undefined on input li
ne 385.


Package natbib Warning: Citation `Adler1982' on page 3 undefined on input line 
385.


Package natbib Warning: Citation `Visser2002' on page 3 undefined on input line
 385.


Package natbib Warning: Citation `Vergeles2025' on page 3 undefined on input li
ne 392.


Underfull \hbox (badness 10000) in paragraph at lines 391--395
 []\OT1/cmr/m/it/10 P1. Verge-les pos-i-tiv-ity.[] \OT1/cmr/m/n/10 Osterwalder-
-Schrader
 []


Underfull \hbox (badness 1635) in paragraph at lines 391--395
\OT1/cmr/m/n/10 im-plies a positive-definite spec-tral mea-sure for the
 []


Package natbib Warning: Citation `VladimirovDiakonov2012' on page 3 undefined o
n input line 405.

[3{/usr/local/texlive/2026/texmf-dist/fonts/enc/dvips/cm-super/cm-super-ts1.enc
} <./figures/fig_G_N_emerg_parameter_scan.png>]
Underfull \hbox (badness 10000) in paragraph at lines 409--412
\OT1/cmr/m/n/10 Lean en-cod-ing: \OT1/cmtt/m/n/10 H[]CriticalLimitCollapse \OT1
/cmr/m/n/10 via
 []


Underfull \hbox (badness 10000) in paragraph at lines 409--412
\OT1/cmtt/m/n/10 Filter.Tendsto $\OML/cmm/m/it/10 []$ \OT1/cmtt/m/n/10 (nhdsWi
thin 1 (Set.Ioi
 []


Package natbib Warning: Citation `Adler1982' on page 4 undefined on input line 
417.


Package natbib Warning: Citation `Visser2002' on page 4 undefined on input line
 417.


Underfull \hbox (badness 10000) in paragraph at lines 421--424
\OT1/cmr/m/n/10 Lean en-cod-ing: \OT1/cmtt/m/n/10 H[]DeepGapReducesToAdler \OT1
/cmr/m/n/10 via
 []


Underfull \hbox (badness 3118) in paragraph at lines 438--443
 []\OT1/cmr/m/it/10 Theorem (lin-ear ansatz sat-is-fies all three).[] \OT1/cmr/
m/n/10 The
 []


Underfull \hbox (badness 1748) in paragraph at lines 438--443
\OT1/cmr/m/n/10 lin-ear ansatz $\OML/cmm/m/it/10 []$ \OT1/cmr/m/n/10 sat-is-fi
es P1--P3 si-mul-ta-ne-ously.
 []


Underfull \hbox (badness 10000) in paragraph at lines 438--443
\OT1/cmr/m/n/10 Lean: \OT1/cmtt/m/n/10 alphaADW[]linear[]satisfies[]all[]three\
OT1/cmr/m/n/10 ,
 []


Underfull \hbox (badness 10000) in paragraph at lines 438--443
\OT1/cmr/m/n/10 with \OT1/cmtt/m/n/10 alphaADW[]linear[]positivity\OT1/cmr/m/n/
10 ,
 []


Underfull \hbox (badness 10000) in paragraph at lines 438--443
\OT1/cmtt/m/n/10 alphaADW[]linear[]critical[]collapse\OT1/cmr/m/n/10 , and
 []


LaTeX Warning: Reference `eq:planck-anchor' on page 4 undefined on input line 4
51.


Package natbib Warning: Citation `Volovik2024Vestigial' on page 4 undefined on 
input line 460.


Package natbib Warning: Citation `Volovik2022Counting' on page 4 undefined on i
nput line 481.


Package natbib Warning: Citation `Adler1982' on page 4 undefined on input line 
483.


LaTeX Warning: Reference `LastBibItem' on page 4 undefined on input line 529.

[4]
No file paper_draft.bbl.

Package natbib Warning: There were undefined citations.

[5] (./paper_draft.aux

Package natbib Warning: Citation(s) may have changed.
(natbib)                Rerun to get citations correct.

)
 ***********
LaTeX2e <2025-11-01>
L3 programming layer <2026-01-19>
 ***********


LaTeX Warning: There were undefined references.


LaTeX Warning: Label(s) may have changed. Rerun to get cross-references right.


Package rerunfilecheck Warning: File `paper_draft.out' has changed.
(rerunfilecheck)                Rerun to get outlines right
(rerunfilecheck)                or use package `bookmark'.

Package rerunfilecheck Info: Checksums for `paper_draft.out':
(rerunfilecheck)             Before: <no file>
(rerunfilecheck)             After:  3FE3D3D6A4738F0F729B92CA87F42B84;2864.
 ) 
Here is how much of TeX's memory you used:
 15782 strings out of 467525
 298477 string characters out of 5418982
 713697 words of memory out of 5000000
 44472 multiletter control sequences out of 15000+600000
 637894 words of font info for 80 fonts, out of 8000000 for 9000
 1141 hyphenation exceptions out of 8191
 75i,6n,80p,950b,1159s stack positions out of 10000i,1000n,20000p,200000b,200000s
</usr/local/texlive/2026/texmf-dist/fonts/type1/public/amsfonts/cm/cmbx10.pfb
></usr/local/texlive/2026/texmf-dist/fonts/type1/public/amsfonts/cm/cmbx12.pfb>
</usr/local/texlive/2026/texmf-dist/fonts/type1/public/amsfonts/cm/cmbx9.pfb></
usr/local/texlive/2026/texmf-dist/fonts/type1/public/amsfonts/cm/cmex10.pfb></u
sr/local/texlive/2026/texmf-dist/fonts/type1/public/amsfonts/cm/cmmi10.pfb></us
r/local/texlive/2026/texmf-dist/fonts/type1/public/amsfonts/cm/cmmi12.pfb></usr
/local/texlive/2026/texmf-dist/fonts/type1/public/amsfonts/cm/cmmi6.pfb></usr/l
ocal/texlive/2026/texmf-dist/fonts/type1/public/amsfonts/cm/cmmi7.pfb></usr/loc
al/texlive/2026/texmf-dist/fonts/type1/public/amsfonts/cm/cmmi9.pfb></usr/local
/texlive/2026/texmf-dist/fonts/type1/public/amsfonts/cm/cmr10.pfb></usr/local/t
exlive/2026/texmf-dist/fonts/type1/public/amsfonts/cm/cmr5.pfb></usr/local/texl
ive/2026/texmf-dist/fonts/type1/public/amsfonts/cm/cmr6.pfb></usr/local/texlive
/2026/texmf-dist/fonts/type1/public/amsfonts/cm/cmr7.pfb></usr/local/texlive/20
26/texmf-dist/fonts/type1/public/amsfonts/cm/cmr8.pfb></usr/local/texlive/2026/
texmf-dist/fonts/type1/public/amsfonts/cm/cmr9.pfb></usr/local/texlive/2026/tex
mf-dist/fonts/type1/public/amsfonts/cm/cmsy10.pfb></usr/local/texlive/2026/texm
f-dist/fonts/type1/public/amsfonts/cm/cmsy6.pfb></usr/local/texlive/2026/texmf-
dist/fonts/type1/public/amsfonts/cm/cmsy7.pfb></usr/local/texlive/2026/texmf-di
st/fonts/type1/public/amsfonts/cm/cmsy9.pfb></usr/local/texlive/2026/texmf-dist
/fonts/type1/public/amsfonts/cm/cmti10.pfb></usr/local/texlive/2026/texmf-dist/
fonts/type1/public/amsfonts/cm/cmti9.pfb></usr/local/texlive/2026/texmf-dist/fo
nts/type1/public/amsfonts/cm/cmtt10.pfb></usr/local/texlive/2026/texmf-dist/fon
ts/type1/public/amsfonts/cm/cmtt9.pfb></usr/local/texlive/2026/texmf-dist/fonts
/type1/public/amsfonts/symbols/msbm10.pfb></usr/local/texlive/2026/texmf-dist/f
onts/type1/public/cm-super/sfrm1000.pfb>
Output written on paper_draft.pdf (5 pages, 475792 bytes).
PDF statistics:
 239 PDF objects out of 1000 (max. 8388607)
 178 compressed objects within 2 object streams
 72 named destinations out of 1000 (max. 500000)
 6 words of extra memory for PDF output out of 10000 (max. 10000000)

