19:26:11 ============================================================
19:26:11   Vestigial MC Production Run (vectorized + multiprocessing)
19:26:11   Lattice sizes: [4, 6, 8]
19:26:11   Sweeps: 1000 thermalize + 2000 measure
19:26:11   Couplings: 20 points
19:26:11   Cores: 10
19:26:11   Seed: 42
19:26:11   Started: 2026-03-29T19:26:11.688214
19:26:11 ============================================================
19:26:11 
[1/3] 4D Binder cumulant crossing analysis...
19:26:11   Dispatching 60 jobs across 10 cores...
19:26:14   Completed 60 jobs in 2.7s
19:26:14   L=4: mean acceptance=0.933
19:26:14   L=6: mean acceptance=0.933
19:26:14   L=8: mean acceptance=0.933
19:26:14   Tetrad crossing: None
19:26:14   Metric crossing: None
19:26:14   Vestigial window: None
19:26:14   Vestigial detected: False
19:26:14 
[2/3] Finite-size scaling analysis...
19:26:14   Dispatching 60 FSS jobs across 10 cores...
19:27:52   Completed 60 FSS jobs in 98.5s
19:27:52   L=4: 20 points, mean acc=0.907
19:27:52   L=6: 20 points, mean acc=0.907
19:27:52   L=8: 20 points, mean acc=0.907
19:27:52   L=4: tetrad peak at G/Gc=2.50, metric peak at G/Gc=2.39
19:27:52   L=6: tetrad peak at G/Gc=2.50, metric peak at G/Gc=2.50
19:27:52   L=8: tetrad peak at G/Gc=1.87, metric peak at G/Gc=2.50
19:27:52   Split transition: True
19:27:52 
[3/3] Sign reweighting check...
19:27:58   G/Gc=0.5, L=4: <sign>=0.0000 ± 0.0000
19:27:58   G/Gc=0.5, L=6: <sign>=0.0000 ± 0.0000
19:27:58   G/Gc=1.0, L=4: <sign>=0.0000 ± 0.0000
19:27:58   G/Gc=1.0, L=6: <sign>=0.0000 ± 0.0000
19:27:58   G/Gc=1.5, L=4: <sign>=0.0000 ± 0.0000
19:27:58   G/Gc=1.5, L=6: <sign>=0.0000 ± 0.0000
19:27:58   G/Gc=2.0, L=4: <sign>=0.0000 ± 0.0000
19:27:58   G/Gc=2.0, L=6: <sign>=0.0000 ± 0.0000
19:27:58 
============================================================
19:27:58   RESULTS SUMMARY
19:27:58 ============================================================
19:27:58   Vestigial detected (Binder): False
19:27:58   Split transition (FSS):      True
19:27:58   Sign problem absent:         False
19:27:58   Total runtime:               106.7s (0.03h)
19:27:58   Results saved to:            docs/vestigial_mc_results/vestigial_mc_20260329T192611.json
19:27:58 ============================================================
