Resuming from docs/vestigial_mc_results/vestigial_mc_20260329T192611.json (prior sizes: [4, 6, 8])
13:55:49 ============================================================
13:55:49   Vestigial MC Production Run (vectorized + multiprocessing)
13:55:49   Requested lattice sizes: [4, 6, 8, 10, 12, 14, 16]
13:55:49   Resuming from prior run with sizes: [4, 6, 8]
13:55:49   New Binder sizes to compute: [10, 12, 14, 16]
13:55:49   New FSS sizes to compute: [10, 12, 14, 16]
13:55:49   Sweeps: 1000 thermalize + 2000 measure
13:55:49   Couplings: 20 points
13:55:49   Cores: 10
13:55:49   Seed: 42
13:55:49   Started: 2026-03-30T13:55:49.365341
13:55:49 ============================================================
13:55:49 
[1/3] 4D Binder cumulant crossing analysis...
13:55:49   Dispatching 80 new jobs across 10 cores...
13:56:30   Completed 80 new jobs in 41.6s
13:56:30   L=4: reused from prior (20 points)
13:56:30   L=6: reused from prior (20 points)
13:56:30   L=8: reused from prior (20 points)
13:56:30   L=10: mean acceptance=0.933
13:56:30   L=12: mean acceptance=0.933
13:56:30   L=14: mean acceptance=0.933
13:56:30   L=16: mean acceptance=0.933
13:56:30   Tetrad crossing: None
13:56:30   Metric crossing: None
13:56:30   Vestigial window: None
13:56:30   Vestigial detected: False
13:56:30 
[2/3] Finite-size scaling analysis...
13:56:30   Dispatching 80 new FSS jobs across 10 cores...
14:35:29   Completed 80 new FSS jobs in 2338.8s
14:35:29   Prior file lacks raw_results — FSS data must be recomputed.
14:35:29   (New runs will store raw_results for future incremental use.)
14:35:29   Dispatching 140 FSS jobs (full recompute)...
15:28:01   L=4: 20 points, mean acc=0.907
15:28:01   L=6: 20 points, mean acc=0.907
15:28:01   L=8: 20 points, mean acc=0.907
15:28:01   L=10: 20 points, mean acc=0.907
15:28:01   L=12: 20 points, mean acc=0.907
15:28:01   L=14: 20 points, mean acc=0.907
15:28:01   L=16: 20 points, mean acc=0.907
15:28:01   L=4: tetrad peak at G/Gc=2.50, metric peak at G/Gc=2.39
15:28:01   L=6: tetrad peak at G/Gc=2.50, metric peak at G/Gc=2.50
15:28:01   L=8: tetrad peak at G/Gc=1.87, metric peak at G/Gc=2.50
15:28:01   L=10: tetrad peak at G/Gc=2.39, metric peak at G/Gc=2.50
15:28:01   L=12: tetrad peak at G/Gc=2.50, metric peak at G/Gc=2.50
15:28:01   L=14: tetrad peak at G/Gc=2.39, metric peak at G/Gc=2.50
15:28:01   L=16: tetrad peak at G/Gc=2.50, metric peak at G/Gc=2.50
15:28:01   Split transition: False
15:28:01 
[3/3] Sign reweighting check...
15:28:01   Reusing 8 sign checks from prior run
15:28:46   G/Gc=0.5, L=8: <sign>=0.0000 ± 0.0000
15:28:46   G/Gc=0.5, L=10: <sign>=0.0000 ± 0.0000
15:28:46   G/Gc=1.0, L=8: <sign>=0.0000 ± 0.0000
15:28:46   G/Gc=1.0, L=10: <sign>=0.0000 ± 0.0000
15:28:46   G/Gc=1.5, L=8: <sign>=0.0000 ± 0.0000
15:28:46   G/Gc=1.5, L=10: <sign>=0.0000 ± 0.0000
15:28:46   G/Gc=2.0, L=8: <sign>=0.0000 ± 0.0000
15:28:46   G/Gc=2.0, L=10: <sign>=0.0000 ± 0.0000
15:28:46 
============================================================
15:28:46   RESULTS SUMMARY
15:28:46 ============================================================
15:28:46   Vestigial detected (Binder): False
15:28:46   Split transition (FSS):      False
15:28:46   Sign problem absent:         False
15:28:46   Total runtime:               5576.7s (1.55h)
15:28:46   Results saved to:            docs/vestigial_mc_results/vestigial_mc_20260330T135549.json
15:28:46 ============================================================
