18:25:11 ============================================================
18:25:11   Vestigial MC Production Run (vectorized + multiprocessing)
18:25:11   Requested lattice sizes: [4, 5, 6, 8, 10, 12]
18:25:11   Sweeps: 2500 thermalize + 5000 measure
18:25:11   Couplings: 40 points
18:25:11   Cores: 14
18:25:11   Seed: 137
18:25:11   n_skip (decorrelation): {4: 5, 5: 5, 6: 5, 8: 5, 10: 5, 12: 7}
18:25:11   Started: 2026-03-31T18:25:11.181796
18:25:11 ============================================================
18:25:11 
[1/3] 4D Binder cumulant crossing analysis...
18:25:11   Dispatching 240 new jobs across 14 cores (model=adw)...
18:39:00   Completed 240 new jobs in 829.3s
18:39:00   L=4: mean acceptance=0.311
18:39:00   L=5: mean acceptance=0.311
18:39:00   L=6: mean acceptance=0.311
18:39:00   L=8: mean acceptance=0.311
18:39:00   L=10: mean acceptance=0.311
18:39:00   L=12: mean acceptance=0.311
18:39:00   L=4-5: tetrad crossing=None, metric crossing=None
18:39:00   L=5-6: tetrad crossing=None, metric crossing=None
18:39:00   L=6-8: tetrad crossing=None, metric crossing=None
18:39:00   L=8-10: tetrad crossing=None, metric crossing=None
18:39:00   L=10-12: tetrad crossing=None, metric crossing=None
18:39:00   Tetrad crossings found: 0
18:39:00   Metric crossings found: 0
18:39:00   Vestigial window: None
18:39:00   Vestigial detected: False
18:39:00 
[2/3] Finite-size scaling analysis...
18:39:00   Dispatching 240 FSS jobs across 14 cores (model=adw)...
18:52:57   Completed 240 FSS jobs in 836.9s
18:52:57   L=4: 40 points, mean acc=0.299
18:52:57   L=5: 40 points, mean acc=0.299
18:52:57   L=6: 40 points, mean acc=0.299
18:52:57   L=8: 40 points, mean acc=0.299
18:52:57   L=10: 40 points, mean acc=0.299
18:52:57   L=12: 40 points, mean acc=0.299
18:52:57   L=4: tetrad peak at G/Gc=7.28, metric peak at G/Gc=9.79
18:52:57   L=5: tetrad peak at G/Gc=7.28, metric peak at G/Gc=11.05
18:52:57   L=6: tetrad peak at G/Gc=7.28, metric peak at G/Gc=9.79
18:52:57   L=8: tetrad peak at G/Gc=7.28, metric peak at G/Gc=11.05
18:52:57   L=10: tetrad peak at G/Gc=8.54, metric peak at G/Gc=9.79
18:52:57   L=12: tetrad peak at G/Gc=7.28, metric peak at G/Gc=11.05
18:52:57   Split transition: True
18:52:57 
[3/3] Sign reweighting check...
18:53:04   G/Gc=1.0, L=4: <sign>=0.0000 ± 0.0000
18:53:04   G/Gc=1.0, L=5: <sign>=0.0000 ± 0.0000
18:53:04   G/Gc=5.0, L=4: <sign>=0.0000 ± 0.0000
18:53:04   G/Gc=5.0, L=5: <sign>=0.0000 ± 0.0000
18:53:04   G/Gc=10.0, L=4: <sign>=0.0000 ± 0.0000
18:53:04   G/Gc=10.0, L=5: <sign>=0.0000 ± 0.0000
18:53:04   G/Gc=15.0, L=4: <sign>=0.0000 ± 0.0000
18:53:04   G/Gc=15.0, L=5: <sign>=0.0000 ± 0.0000
18:53:04   G/Gc=20.0, L=4: <sign>=0.0000 ± 0.0000
18:53:04   G/Gc=20.0, L=5: <sign>=0.0000 ± 0.0000
18:53:04   G/Gc=30.0, L=4: <sign>=0.0000 ± 0.0000
18:53:04   G/Gc=30.0, L=5: <sign>=0.0000 ± 0.0000
18:53:04   G/Gc=50.0, L=4: <sign>=0.0000 ± 0.0000
18:53:04   G/Gc=50.0, L=5: <sign>=0.0000 ± 0.0000
18:53:04 
============================================================
18:53:04   RESULTS SUMMARY
18:53:04 ============================================================
18:53:04   Vestigial detected (Binder): False
18:53:04   Split transition (FSS):      True
18:53:04   Sign problem absent:         False
18:53:04   Total runtime:               1673.3s (0.46h)
18:53:04   Results saved to:            docs/vestigial_mc_results/vestigial_mc_adw_20260331T182511.json
18:53:04 ============================================================
