20:19:20 ============================================================
20:19:20   Vestigial MC Production Run (vectorized + multiprocessing)
20:19:20   Requested lattice sizes: [4, 5, 6, 7, 8, 9, 10, 11, 12]
20:19:20   Sweeps: 2500 thermalize + 5000 measure
20:19:20   Couplings: 40 points
20:19:20   Cores: 14
20:19:20   Seed: 137
20:19:20   n_skip (decorrelation): {4: 5, 5: 5, 6: 5, 7: 5, 8: 5, 9: 5, 10: 5, 11: 6, 12: 7}
20:19:20   Started: 2026-03-31T20:19:20.781496
20:19:20 ============================================================
20:19:20 
[1/3] 4D Binder cumulant crossing analysis...
20:19:20   Dispatching 360 new jobs across 14 cores (model=njl)...
21:15:45   Completed 360 new jobs in 3384.5s
21:15:45   L=4: mean acceptance=0.472
21:15:45   L=5: mean acceptance=0.352
21:15:45   L=6: mean acceptance=0.472
21:15:45   L=7: mean acceptance=0.383
21:15:45   L=8: mean acceptance=0.472
21:15:45   L=9: mean acceptance=0.403
21:15:45   L=10: mean acceptance=0.472
21:15:45   L=11: mean acceptance=0.414
21:15:45   L=12: mean acceptance=0.472
21:15:45   L=4-5: tetrad crossing=13.09479975129076, metric crossing=8.411352850648928
21:15:45   L=5-6: tetrad crossing=5.028725855125168, metric crossing=4.918243059206021
21:15:45   L=6-7: tetrad crossing=8.258398215400153, metric crossing=7.082072499970307
21:15:45   L=7-8: tetrad crossing=5.014797216511158, metric crossing=5.002212162919975
21:15:45   L=8-9: tetrad crossing=7.0100737564706455, metric crossing=6.327101722050222
21:15:45   L=9-10: tetrad crossing=5.010773814883448, metric crossing=5.002112643175547
21:15:45   L=10-11: tetrad crossing=6.410237336927327, metric crossing=6.1006726254001045
21:15:45   L=11-12: tetrad crossing=5.024187671286915, metric crossing=5.019193587852921
21:15:45   Tetrad crossings found: 8
21:15:45   Metric crossings found: 8
21:15:45   Vestigial window: None
21:15:45   Vestigial detected: False
21:15:45 
[2/3] Finite-size scaling analysis...
21:15:45   Dispatching 360 FSS jobs across 14 cores (model=njl)...
21:39:52   Completed 360 FSS jobs in 1447.5s
21:39:52   L=4: 40 points, mean acc=0.511
21:39:52   L=5: 40 points, mean acc=0.403
21:39:52   L=6: 40 points, mean acc=0.510
21:39:52   L=7: 40 points, mean acc=0.430
21:39:52   L=8: 40 points, mean acc=0.510
21:39:52   L=9: 40 points, mean acc=0.446
21:39:52   L=10: 40 points, mean acc=0.508
21:39:52   L=11: 40 points, mean acc=0.458
21:39:52   L=12: 40 points, mean acc=0.510
21:39:52   L=4: tetrad peak at G/Gc=6.03, metric peak at G/Gc=6.03
21:39:52   L=5: tetrad peak at G/Gc=18.59, metric peak at G/Gc=18.59
21:39:52   L=6: tetrad peak at G/Gc=6.03, metric peak at G/Gc=6.03
21:39:52   L=7: tetrad peak at G/Gc=44.97, metric peak at G/Gc=18.59
21:39:52   L=8: tetrad peak at G/Gc=6.03, metric peak at G/Gc=6.03
21:39:52   L=9: tetrad peak at G/Gc=8.54, metric peak at G/Gc=8.54
21:39:52   L=10: tetrad peak at G/Gc=16.08, metric peak at G/Gc=16.08
21:39:52   L=11: tetrad peak at G/Gc=7.28, metric peak at G/Gc=7.28
21:39:52   L=12: tetrad peak at G/Gc=6.03, metric peak at G/Gc=6.03
21:39:52   Split transition: False
21:39:52 
[3/3] Sign reweighting check...
21:39:59   G/Gc=1.0, L=4: <sign>=0.0000 ± 0.0000
21:39:59   G/Gc=1.0, L=5: <sign>=0.0000 ± 0.0000
21:39:59   G/Gc=5.0, L=4: <sign>=0.0000 ± 0.0000
21:39:59   G/Gc=5.0, L=5: <sign>=0.0000 ± 0.0000
21:39:59   G/Gc=10.0, L=4: <sign>=0.0000 ± 0.0000
21:39:59   G/Gc=10.0, L=5: <sign>=0.0000 ± 0.0000
21:39:59   G/Gc=15.0, L=4: <sign>=0.0000 ± 0.0000
21:39:59   G/Gc=15.0, L=5: <sign>=0.0000 ± 0.0000
21:39:59   G/Gc=20.0, L=4: <sign>=0.0000 ± 0.0000
21:39:59   G/Gc=20.0, L=5: <sign>=0.0000 ± 0.0000
21:39:59   G/Gc=30.0, L=4: <sign>=0.0000 ± 0.0000
21:39:59   G/Gc=30.0, L=5: <sign>=0.0000 ± 0.0000
21:39:59   G/Gc=50.0, L=4: <sign>=0.0000 ± 0.0000
21:39:59   G/Gc=50.0, L=5: <sign>=0.0000 ± 0.0000
21:39:59 
============================================================
21:39:59   RESULTS SUMMARY
21:39:59 ============================================================
21:39:59   Vestigial detected (Binder): False
21:39:59   Split transition (FSS):      False
21:39:59   Sign problem absent:         False
21:39:59   Total runtime:               4839.0s (1.34h)
21:39:59   Results saved to:            docs/vestigial_mc_results/vestigial_mc_njl_20260331T201920.json
21:39:59 ============================================================
