19:13:44 ============================================================
19:13:44   Vestigial MC Production Run (vectorized + multiprocessing)
19:13:44   Requested lattice sizes: [4, 5, 6, 7, 8, 9, 10, 11, 12, 13, 14, 15, 16, 17, 18, 19, 20]
19:13:44   Sweeps: 5000 thermalize + 10000 measure
19:13:44   Couplings: 40 points
19:13:44   Cores: 14
19:13:44   Seed: 137
19:13:44   n_skip (decorrelation): {4: 5, 5: 5, 6: 5, 7: 5, 8: 5, 9: 5, 10: 5, 11: 6, 12: 7, 13: 8, 14: 9, 15: 11, 16: 12, 17: 14, 18: 16, 19: 18, 20: 20}
19:13:44   Started: 2026-03-31T19:13:44.817938
19:13:44 ============================================================
19:13:44 
[1/3] 4D Binder cumulant crossing analysis...
19:13:44   Dispatching 680 new jobs across 14 cores (model=njl)...
Process SpawnPoolWorker-8:
Traceback (most recent call last):
  File "/Users/johnroehm/.local/share/uv/python/cpython-3.14.3-macos-aarch64-none/lib/python3.14/multiprocessing/pool.py", line 131, in worker
    put((job, i, result))
    ~~~^^^^^^^^^^^^^^^^^^
  File "/Users/johnroehm/.local/share/uv/python/cpython-3.14.3-macos-aarch64-none/lib/python3.14/multiprocessing/queues.py", line 397, in put
    self._writer.send_bytes(obj)
    ~~~~~~~~~~~~~~~~~~~~~~~^^^^^
  File "/Users/johnroehm/.local/share/uv/python/cpython-3.14.3-macos-aarch64-none/lib/python3.14/multiprocessing/connection.py", line 206, in send_bytes
    self._send_bytes(m[offset:offset + size])
    ~~~~~~~~~~~~~~~~^^^^^^^^^^^^^^^^^^^^^^^^^
  File "/Users/johnroehm/.local/share/uv/python/cpython-3.14.3-macos-aarch64-none/lib/python3.14/multiprocessing/connection.py", line 444, in _send_bytes
    self._send(header + buf)
    ~~~~~~~~~~^^^^^^^^^^^^^^
  File "/Users/johnroehm/.local/share/uv/python/cpython-3.14.3-macos-aarch64-none/lib/python3.14/multiprocessing/connection.py", line 400, in _send
    n = write(self._handle, buf)
BrokenPipeError: [Errno 32] Broken pipe

During handling of the above exception, another exception occurred:

Traceback (most recent call last):
  File "/Users/johnroehm/.local/share/uv/python/cpython-3.14.3-macos-aarch64-none/lib/python3.14/multiprocessing/process.py", line 320, in _bootstrap
    self.run()
    ~~~~~~~~^^
  File "/Users/johnroehm/.local/share/uv/python/cpython-3.14.3-macos-aarch64-none/lib/python3.14/multiprocessing/process.py", line 108, in run
    self._target(*self._args, **self._kwargs)
    ~~~~~~~~~~~~^^^^^^^^^^^^^^^^^^^^^^^^^^^^^
  File "/Users/johnroehm/.local/share/uv/python/cpython-3.14.3-macos-aarch64-none/lib/python3.14/multiprocessing/pool.py", line 136, in worker
    put((job, i, (False, wrapped)))
    ~~~^^^^^^^^^^^^^^^^^^^^^^^^^^^^
  File "/Users/johnroehm/.local/share/uv/python/cpython-3.14.3-macos-aarch64-none/lib/python3.14/multiprocessing/queues.py", line 397, in put
    self._writer.send_bytes(obj)
    ~~~~~~~~~~~~~~~~~~~~~~~^^^^^
  File "/Users/johnroehm/.local/share/uv/python/cpython-3.14.3-macos-aarch64-none/lib/python3.14/multiprocessing/connection.py", line 206, in send_bytes
    self._send_bytes(m[offset:offset + size])
    ~~~~~~~~~~~~~~~~^^^^^^^^^^^^^^^^^^^^^^^^^
  File "/Users/johnroehm/.local/share/uv/python/cpython-3.14.3-macos-aarch64-none/lib/python3.14/multiprocessing/connection.py", line 444, in _send_bytes
    self._send(header + buf)
    ~~~~~~~~~~^^^^^^^^^^^^^^
  File "/Users/johnroehm/.local/share/uv/python/cpython-3.14.3-macos-aarch64-none/lib/python3.14/multiprocessing/connection.py", line 400, in _send
    n = write(self._handle, buf)
BrokenPipeError: [Errno 32] Broken pipe
Process SpawnPoolWorker-9:
Traceback (most recent call last):
  File "/Users/johnroehm/.local/share/uv/python/cpython-3.14.3-macos-aarch64-none/lib/python3.14/multiprocessing/pool.py", line 131, in worker
    put((job, i, result))
    ~~~^^^^^^^^^^^^^^^^^^
  File "/Users/johnroehm/.local/share/uv/python/cpython-3.14.3-macos-aarch64-none/lib/python3.14/multiprocessing/queues.py", line 397, in put
    self._writer.send_bytes(obj)
    ~~~~~~~~~~~~~~~~~~~~~~~^^^^^
  File "/Users/johnroehm/.local/share/uv/python/cpython-3.14.3-macos-aarch64-none/lib/python3.14/multiprocessing/connection.py", line 206, in send_bytes
    self._send_bytes(m[offset:offset + size])
    ~~~~~~~~~~~~~~~~^^^^^^^^^^^^^^^^^^^^^^^^^
  File "/Users/johnroehm/.local/share/uv/python/cpython-3.14.3-macos-aarch64-none/lib/python3.14/multiprocessing/connection.py", line 444, in _send_bytes
    self._send(header + buf)
    ~~~~~~~~~~^^^^^^^^^^^^^^
  File "/Users/johnroehm/.local/share/uv/python/cpython-3.14.3-macos-aarch64-none/lib/python3.14/multiprocessing/connection.py", line 400, in _send
    n = write(self._handle, buf)
BrokenPipeError: [Errno 32] Broken pipe

During handling of the above exception, another exception occurred:

Traceback (most recent call last):
  File "/Users/johnroehm/.local/share/uv/python/cpython-3.14.3-macos-aarch64-none/lib/python3.14/multiprocessing/process.py", line 320, in _bootstrap
    self.run()
    ~~~~~~~~^^
  File "/Users/johnroehm/.local/share/uv/python/cpython-3.14.3-macos-aarch64-none/lib/python3.14/multiprocessing/process.py", line 108, in run
    self._target(*self._args, **self._kwargs)
    ~~~~~~~~~~~~^^^^^^^^^^^^^^^^^^^^^^^^^^^^^
  File "/Users/johnroehm/.local/share/uv/python/cpython-3.14.3-macos-aarch64-none/lib/python3.14/multiprocessing/pool.py", line 136, in worker
    put((job, i, (False, wrapped)))
    ~~~^^^^^^^^^^^^^^^^^^^^^^^^^^^^
  File "/Users/johnroehm/.local/share/uv/python/cpython-3.14.3-macos-aarch64-none/lib/python3.14/multiprocessing/queues.py", line 397, in put
    self._writer.send_bytes(obj)
    ~~~~~~~~~~~~~~~~~~~~~~~^^^^^
  File "/Users/johnroehm/.local/share/uv/python/cpython-3.14.3-macos-aarch64-none/lib/python3.14/multiprocessing/connection.py", line 206, in send_bytes
    self._send_bytes(m[offset:offset + size])
    ~~~~~~~~~~~~~~~~^^^^^^^^^^^^^^^^^^^^^^^^^
  File "/Users/johnroehm/.local/share/uv/python/cpython-3.14.3-macos-aarch64-none/lib/python3.14/multiprocessing/connection.py", line 444, in _send_bytes
    self._send(header + buf)
    ~~~~~~~~~~^^^^^^^^^^^^^^
  File "/Users/johnroehm/.local/share/uv/python/cpython-3.14.3-macos-aarch64-none/lib/python3.14/multiprocessing/connection.py", line 400, in _send
    n = write(self._handle, buf)
BrokenPipeError: [Errno 32] Broken pipe
Process SpawnPoolWorker-13:
Traceback (most recent call last):
  File "/Users/johnroehm/.local/share/uv/python/cpython-3.14.3-macos-aarch64-none/lib/python3.14/multiprocessing/pool.py", line 131, in worker
    put((job, i, result))
    ~~~^^^^^^^^^^^^^^^^^^
  File "/Users/johnroehm/.local/share/uv/python/cpython-3.14.3-macos-aarch64-none/lib/python3.14/multiprocessing/queues.py", line 397, in put
    self._writer.send_bytes(obj)
    ~~~~~~~~~~~~~~~~~~~~~~~^^^^^
  File "/Users/johnroehm/.local/share/uv/python/cpython-3.14.3-macos-aarch64-none/lib/python3.14/multiprocessing/connection.py", line 206, in send_bytes
    self._send_bytes(m[offset:offset + size])
    ~~~~~~~~~~~~~~~~^^^^^^^^^^^^^^^^^^^^^^^^^
  File "/Users/johnroehm/.local/share/uv/python/cpython-3.14.3-macos-aarch64-none/lib/python3.14/multiprocessing/connection.py", line 444, in _send_bytes
    self._send(header + buf)
    ~~~~~~~~~~^^^^^^^^^^^^^^
  File "/Users/johnroehm/.local/share/uv/python/cpython-3.14.3-macos-aarch64-none/lib/python3.14/multiprocessing/connection.py", line 400, in _send
    n = write(self._handle, buf)
BrokenPipeError: [Errno 32] Broken pipe

During handling of the above exception, another exception occurred:

Traceback (most recent call last):
  File "/Users/johnroehm/.local/share/uv/python/cpython-3.14.3-macos-aarch64-none/lib/python3.14/multiprocessing/process.py", line 320, in _bootstrap
    self.run()
    ~~~~~~~~^^
  File "/Users/johnroehm/.local/share/uv/python/cpython-3.14.3-macos-aarch64-none/lib/python3.14/multiprocessing/process.py", line 108, in run
    self._target(*self._args, **self._kwargs)
    ~~~~~~~~~~~~^^^^^^^^^^^^^^^^^^^^^^^^^^^^^
  File "/Users/johnroehm/.local/share/uv/python/cpython-3.14.3-macos-aarch64-none/lib/python3.14/multiprocessing/pool.py", line 136, in worker
    put((job, i, (False, wrapped)))
    ~~~^^^^^^^^^^^^^^^^^^^^^^^^^^^^
  File "/Users/johnroehm/.local/share/uv/python/cpython-3.14.3-macos-aarch64-none/lib/python3.14/multiprocessing/queues.py", line 397, in put
    self._writer.send_bytes(obj)
    ~~~~~~~~~~~~~~~~~~~~~~~^^^^^
  File "/Users/johnroehm/.local/share/uv/python/cpython-3.14.3-macos-aarch64-none/lib/python3.14/multiprocessing/connection.py", line 206, in send_bytes
    self._send_bytes(m[offset:offset + size])
    ~~~~~~~~~~~~~~~~^^^^^^^^^^^^^^^^^^^^^^^^^
  File "/Users/johnroehm/.local/share/uv/python/cpython-3.14.3-macos-aarch64-none/lib/python3.14/multiprocessing/connection.py", line 444, in _send_bytes
    self._send(header + buf)
    ~~~~~~~~~~^^^^^^^^^^^^^^
  File "/Users/johnroehm/.local/share/uv/python/cpython-3.14.3-macos-aarch64-none/lib/python3.14/multiprocessing/connection.py", line 400, in _send
    n = write(self._handle, buf)
BrokenPipeError: [Errno 32] Broken pipe
Process SpawnPoolWorker-14:
Traceback (most recent call last):
  File "/Users/johnroehm/.local/share/uv/python/cpython-3.14.3-macos-aarch64-none/lib/python3.14/multiprocessing/pool.py", line 131, in worker
    put((job, i, result))
    ~~~^^^^^^^^^^^^^^^^^^
  File "/Users/johnroehm/.local/share/uv/python/cpython-3.14.3-macos-aarch64-none/lib/python3.14/multiprocessing/queues.py", line 397, in put
    self._writer.send_bytes(obj)
    ~~~~~~~~~~~~~~~~~~~~~~~^^^^^
  File "/Users/johnroehm/.local/share/uv/python/cpython-3.14.3-macos-aarch64-none/lib/python3.14/multiprocessing/connection.py", line 206, in send_bytes
    self._send_bytes(m[offset:offset + size])
    ~~~~~~~~~~~~~~~~^^^^^^^^^^^^^^^^^^^^^^^^^
  File "/Users/johnroehm/.local/share/uv/python/cpython-3.14.3-macos-aarch64-none/lib/python3.14/multiprocessing/connection.py", line 444, in _send_bytes
    self._send(header + buf)
    ~~~~~~~~~~^^^^^^^^^^^^^^
  File "/Users/johnroehm/.local/share/uv/python/cpython-3.14.3-macos-aarch64-none/lib/python3.14/multiprocessing/connection.py", line 400, in _send
    n = write(self._handle, buf)
BrokenPipeError: [Errno 32] Broken pipe

During handling of the above exception, another exception occurred:

Traceback (most recent call last):
  File "/Users/johnroehm/.local/share/uv/python/cpython-3.14.3-macos-aarch64-none/lib/python3.14/multiprocessing/process.py", line 320, in _bootstrap
    self.run()
    ~~~~~~~~^^
  File "/Users/johnroehm/.local/share/uv/python/cpython-3.14.3-macos-aarch64-none/lib/python3.14/multiprocessing/process.py", line 108, in run
    self._target(*self._args, **self._kwargs)
    ~~~~~~~~~~~~^^^^^^^^^^^^^^^^^^^^^^^^^^^^^
  File "/Users/johnroehm/.local/share/uv/python/cpython-3.14.3-macos-aarch64-none/lib/python3.14/multiprocessing/pool.py", line 136, in worker
    put((job, i, (False, wrapped)))
    ~~~^^^^^^^^^^^^^^^^^^^^^^^^^^^^
  File "/Users/johnroehm/.local/share/uv/python/cpython-3.14.3-macos-aarch64-none/lib/python3.14/multiprocessing/queues.py", line 397, in put
    self._writer.send_bytes(obj)
    ~~~~~~~~~~~~~~~~~~~~~~~^^^^^
  File "/Users/johnroehm/.local/share/uv/python/cpython-3.14.3-macos-aarch64-none/lib/python3.14/multiprocessing/connection.py", line 206, in send_bytes
    self._send_bytes(m[offset:offset + size])
    ~~~~~~~~~~~~~~~~^^^^^^^^^^^^^^^^^^^^^^^^^
  File "/Users/johnroehm/.local/share/uv/python/cpython-3.14.3-macos-aarch64-none/lib/python3.14/multiprocessing/connection.py", line 444, in _send_bytes
    self._send(header + buf)
    ~~~~~~~~~~^^^^^^^^^^^^^^
  File "/Users/johnroehm/.local/share/uv/python/cpython-3.14.3-macos-aarch64-none/lib/python3.14/multiprocessing/connection.py", line 400, in _send
    n = write(self._handle, buf)
BrokenPipeError: [Errno 32] Broken pipe
/Users/johnroehm/.local/share/uv/python/cpython-3.14.3-macos-aarch64-none/lib/python3.14/multiprocessing/resource_tracker.py:396: UserWarning: resource_tracker: There appear to be 6 leaked semaphore objects to clean up at shutdown: {'/mp-0egkptx1', '/mp-2azk4yig', '/mp-pt_l8m47', '/mp-kw6z0_4n', '/mp-5k2v70nu', '/mp-b2gty1vo'}
  warnings.warn(
