19:21:03 ============================================================
19:21:03   Vestigial MC Production Run (vectorized + multiprocessing)
19:21:03   Lattice sizes: [4]
19:21:03   Sweeps: 100 thermalize + 200 measure
19:21:03   Couplings: 10 points
19:21:03   Cores: 4
19:21:03   Seed: 42
19:21:03   Started: 2026-03-29T19:21:03.756423
19:21:03 ============================================================
19:21:03 
[1/3] 4D Binder cumulant crossing analysis...
19:21:03   Dispatching 10 jobs across 4 cores...
19:21:04   Completed 10 jobs in 0.3s
19:21:04   L=4: mean acceptance=0.933
19:21:04   Tetrad crossing: None
19:21:04   Metric crossing: None
19:21:04   Vestigial window: None
19:21:04   Vestigial detected: False
19:21:04 
[2/3] Finite-size scaling analysis...
19:21:04   Dispatching 10 FSS jobs across 4 cores...
19:21:05   Completed 10 FSS jobs in 1.0s
19:21:05   L=4: 10 points, mean acc=0.913
19:21:05   L=4: tetrad peak at G/Gc=2.28, metric peak at G/Gc=2.50
19:21:05   Split transition: False
19:21:05 
[3/3] Sign reweighting check...
19:21:05   G/Gc=0.5, L=4: <sign>=0.0000 ± 0.0000
19:21:05   G/Gc=1.0, L=4: <sign>=0.0000 ± 0.0000
19:21:05   G/Gc=1.5, L=4: <sign>=0.0000 ± 0.0000
19:21:05   G/Gc=2.0, L=4: <sign>=0.0000 ± 0.0000
19:21:05 
============================================================
19:21:05   RESULTS SUMMARY
19:21:05 ============================================================
19:21:05   Vestigial detected (Binder): False
19:21:05   Split transition (FSS):      False
19:21:05   Sign problem absent:         False
19:21:05   Total runtime:               1.7s (0.00h)
19:21:05   Results saved to:            docs/vestigial_mc_results/vestigial_mc_20260329T192103.json
19:21:05 ============================================================
