11:40:48 ============================================================
11:40:48   Vestigial MC Production Run (vectorized + multiprocessing)
11:40:48   Requested lattice sizes: [4, 5, 6, 7, 8, 10, 12, 14, 16]
11:40:48   Sweeps: 2500 thermalize + 5000 measure
11:40:48   Couplings: 40 points
11:40:48   Cores: 14
11:40:48   Seed: 137
11:40:48   n_skip (decorrelation): {4: 5, 5: 5, 6: 5, 7: 5, 8: 5, 10: 5, 12: 7, 14: 9, 16: 12}
11:40:48   Started: 2026-03-31T11:40:48.573218
11:40:48 ============================================================
11:40:48 
[1/3] 4D Binder cumulant crossing analysis...
11:40:48   Dispatching 360 new jobs across 14 cores...
13:17:21   Completed 360 new jobs in 5792.7s
13:17:21   L=4: mean acceptance=0.311
13:17:21   L=5: mean acceptance=0.311
13:17:21   L=6: mean acceptance=0.311
13:17:21   L=7: mean acceptance=0.311
13:17:21   L=8: mean acceptance=0.311
13:17:21   L=10: mean acceptance=0.311
13:17:21   L=12: mean acceptance=0.311
13:17:21   L=14: mean acceptance=0.311
13:17:21   L=16: mean acceptance=0.311
13:17:21   L=4-5: tetrad crossing=None, metric crossing=None
13:17:21   L=5-6: tetrad crossing=None, metric crossing=None
13:17:21   L=6-7: tetrad crossing=None, metric crossing=None
13:17:21   L=7-8: tetrad crossing=None, metric crossing=None
13:17:21   L=8-10: tetrad crossing=None, metric crossing=None
13:17:21   L=10-12: tetrad crossing=None, metric crossing=None
13:17:21   L=12-14: tetrad crossing=None, metric crossing=None
13:17:21   L=14-16: tetrad crossing=None, metric crossing=None
13:17:21   Tetrad crossings found: 0
13:17:21   Metric crossings found: 0
13:17:21   Vestigial window: None
13:17:21   Vestigial detected: False
13:17:21 
[2/3] Finite-size scaling analysis...
13:17:21   Dispatching 360 FSS jobs across 14 cores...
14:52:05   Completed 360 FSS jobs in 5684.2s
14:52:05   L=4: 40 points, mean acc=0.299
14:52:05   L=5: 40 points, mean acc=0.299
14:52:05   L=6: 40 points, mean acc=0.299
14:52:05   L=7: 40 points, mean acc=0.299
14:52:05   L=8: 40 points, mean acc=0.299
14:52:05   L=10: 40 points, mean acc=0.299
14:52:05   L=12: 40 points, mean acc=0.299
14:52:05   L=14: 40 points, mean acc=0.299
14:52:05   L=16: 40 points, mean acc=0.299
14:52:05   L=4: tetrad peak at G/Gc=2.26, metric peak at G/Gc=6.03
14:52:05   L=5: tetrad peak at G/Gc=4.77, metric peak at G/Gc=7.28
14:52:05   L=6: tetrad peak at G/Gc=2.26, metric peak at G/Gc=7.28
14:52:05   L=7: tetrad peak at G/Gc=2.26, metric peak at G/Gc=7.28
14:52:05   L=8: tetrad peak at G/Gc=3.51, metric peak at G/Gc=7.28
14:52:05   L=10: tetrad peak at G/Gc=4.77, metric peak at G/Gc=6.03
14:52:05   L=12: tetrad peak at G/Gc=4.77, metric peak at G/Gc=7.28
14:52:05   L=14: tetrad peak at G/Gc=3.51, metric peak at G/Gc=6.03
14:52:05   L=16: tetrad peak at G/Gc=2.26, metric peak at G/Gc=6.03
14:52:05   Split transition: True
14:52:05 
[3/3] Sign reweighting check...
14:52:12   G/Gc=1.0, L=4: <sign>=0.0000 ± 0.0000
14:52:12   G/Gc=1.0, L=5: <sign>=0.0000 ± 0.0000
14:52:12   G/Gc=5.0, L=4: <sign>=0.0000 ± 0.0000
14:52:12   G/Gc=5.0, L=5: <sign>=0.0000 ± 0.0000
14:52:12   G/Gc=10.0, L=4: <sign>=0.0000 ± 0.0000
14:52:12   G/Gc=10.0, L=5: <sign>=0.0000 ± 0.0000
14:52:12   G/Gc=15.0, L=4: <sign>=0.0000 ± 0.0000
14:52:12   G/Gc=15.0, L=5: <sign>=0.0000 ± 0.0000
14:52:12   G/Gc=20.0, L=4: <sign>=0.0000 ± 0.0000
14:52:12   G/Gc=20.0, L=5: <sign>=0.0000 ± 0.0000
14:52:12   G/Gc=30.0, L=4: <sign>=0.0000 ± 0.0000
14:52:12   G/Gc=30.0, L=5: <sign>=0.0000 ± 0.0000
14:52:12   G/Gc=50.0, L=4: <sign>=0.0000 ± 0.0000
14:52:12   G/Gc=50.0, L=5: <sign>=0.0000 ± 0.0000
14:52:12 
============================================================
14:52:12   RESULTS SUMMARY
14:52:12 ============================================================
14:52:12   Vestigial detected (Binder): False
14:52:12   Split transition (FSS):      True
14:52:12   Sign problem absent:         False
14:52:12   Total runtime:               11484.2s (3.19h)
14:52:12   Results saved to:            docs/vestigial_mc_results/vestigial_mc_20260331T114048.json
14:52:12 ============================================================
