17:48:30 ============================================================
17:48:30   Vestigial MC Production Run (vectorized + multiprocessing)
17:48:30   Requested lattice sizes: [4]
17:48:30   Sweeps: 100 thermalize + 200 measure
17:48:30   Couplings: 10 points
17:48:30   Cores: 2
17:48:30   Seed: 42
17:48:30   n_skip (decorrelation): {4: 5}
17:48:30   Started: 2026-03-31T17:48:30.564150
17:48:30 ============================================================
17:48:30 
[1/3] 4D Binder cumulant crossing analysis...
17:48:30   Dispatching 10 new jobs across 2 cores (model=njl)...
17:48:31   Completed 10 new jobs in 0.6s
17:48:31   L=4: mean acceptance=0.550
17:48:31   Tetrad crossings found: 0
17:48:31   Metric crossings found: 0
17:48:31   Vestigial window: None
17:48:31   Vestigial detected: False
17:48:31 
[2/3] Finite-size scaling analysis...
17:48:31   Dispatching 10 FSS jobs across 2 cores (model=njl)...
17:48:31   Completed 10 FSS jobs in 0.6s
17:48:31   L=4: 10 points, mean acc=0.522
17:48:31   L=4: tetrad peak at G/Gc=6.44, metric peak at G/Gc=6.44
17:48:31   Split transition: False
17:48:31 
[3/3] Sign reweighting check...
17:48:32   G/Gc=1.0, L=4: <sign>=0.0000 ± 0.0000
17:48:32   G/Gc=5.0, L=4: <sign>=0.0000 ± 0.0000
17:48:32   G/Gc=10.0, L=4: <sign>=0.0000 ± 0.0000
17:48:32   G/Gc=15.0, L=4: <sign>=0.0000 ± 0.0000
17:48:32   G/Gc=20.0, L=4: <sign>=0.0000 ± 0.0000
17:48:32   G/Gc=30.0, L=4: <sign>=0.0000 ± 0.0000
17:48:32   G/Gc=50.0, L=4: <sign>=0.0000 ± 0.0000
17:48:32 
============================================================
17:48:32   RESULTS SUMMARY
17:48:32 ============================================================
17:48:32   Vestigial detected (Binder): False
17:48:32   Split transition (FSS):      False
17:48:32   Sign problem absent:         False
17:48:32   Total runtime:               2.0s (0.00h)
17:48:32   Results saved to:            docs/vestigial_mc_results/vestigial_mc_njl_20260331T174830.json
17:48:32 ============================================================
