This is pdfTeX, Version 3.141592653-2.6-1.40.29 (TeX Live 2026) (preloaded format=pdflatex 2026.3.22)  26 APR 2026 22:21
entering extended mode
 restricted \write18 enabled.
 %&-line parsing enabled.
**paper_draft.tex
(./paper_draft.tex
LaTeX2e <2025-11-01>
L3 programming layer <2026-01-19>
(/usr/local/texlive/2026/texmf-dist/tex/latex/revtex/revtex4-2.cls
Document Class: revtex4-2 2022/06/05 4.2f (https://journals.aps.org/revtex/ for
 documentation)
 Copyright (c) 2019 American Physical Society.
 mailto:revtex@aps.org
 Licensed under the LPPL:
http://www.ctan.org/tex-archive/macros/latex/base/lppl.txt
 Arthur Ogawa <arthur_ogawa at sbcglobal dot net>
 Based on work by David Carlisle <david at dcarlisle.demon.co.uk>
 Version (4.2d--4.2f): Modified by Mark Doyle and Phelype Oleinik
 .
ltxutil[2022/06/05 4.2f utilities package (portions licensed from W. E. Baxter 
web at superscript.com)]
LaTeX Info: Redefining \@centercr on input line 356.
Class revtex4-2 Info: Repairing hyperref-unfriendly LaTeX definition of \mpfoot
note on input line 492.
Class revtex4-2 Info: Repairing broken LateX \@sect on input line 814.
\intertabularlinepenalty=\count275
\@tbpen=\count276
\@arstrutbox@hline=\box53
Class revtex4-2 Info: Repairing broken LaTeX \@xbitor on input line 1845.
Class revtex4-2 Info: Making \typeout \long on input line 2110.
ltxfront[2022/06/05 4.2f frontmatter package (AO,DPC,MD)]
\c@affil=\count277
\c@collab=\count278
\absbox=\box54
ltxgrid[2022/06/05 4.2f page grid package (portions licensed from W. E. Baxter 
web at superscript.com)]
\c@linecount=\count279
\output@latex=\toks17
\box@size@1=\box55
\box@size@2=\box56
\@protection@box=\box57
\@topmark@saved=\toks18
\footins@saved=\box58
\footins@recovered=\box59
\column@recovered=\box60
\pagesofar=\box61
\footsofar=\box62
\pagegrid@col=\count280
Class revtex4-2 Info: Overriding \@vspace, \@vspacer, \@no@pgbk, \@newline, and
 \\  on input line 5676.
\c@part=\count281
\c@section=\count282
\c@subsection=\count283
\c@subsubsection=\count284
\c@paragraph=\count285
\c@subparagraph=\count286
\abovecaptionskip=\skip49
\belowcaptionskip=\skip50
\c@figure=\count287
\fbox@1=\box63
\c@table=\count288
\fbox@2=\box64
\c@video=\count289
\fbox@4=\box65
\@bibdataout=\write3
\widetext@top=\box66
\widetext@bot=\box67

Class revtex4-2 Warning: No Society specified, using default society aps.

(/usr/local/texlive/2026/texmf-dist/tex/latex/revtex/aps4-2.rtx
File: aps4-2 2022/06/05 4.2f (https://journals.aps.org/revtex/ for documentatio
n)
Class revtex4-2 Info: RevTeX society APS selected on input line 40.
)

Class revtex4-2 Warning: No journal specified, using default pra.

Class revtex4-2 Info: APS journal PRA selected on input line 7672.

Class revtex4-2 Warning: No type size specified, using default 10.

(/usr/local/texlive/2026/texmf-dist/tex/latex/revtex/aps10pt4-2.rtx
File: aps10pt4-2 2022/06/05 4.2f (https://journals.aps.org/revtex/ for document
ation)
Class revtex4-2 Info: RevTeX pointsize 10pt selected on input line 39.
)
(/usr/local/texlive/2026/texmf-dist/tex/latex/textcase/textcase.sty
Package: textcase 2025/02/16 v1.05 Text only upper/lower case changing (DPC)
Package textcase Info: Defining Legacy names on input line 20.
)
(/usr/local/texlive/2026/texmf-dist/tex/latex/url/url.sty
\Urlmuskip=\muskip17
Package: url 2013/09/16  ver 3.4  Verb mode for urls, etc.
)
(/usr/local/texlive/2026/texmf-dist/tex/latex/natbib/natbib.sty
Package: natbib 2010/09/13 8.31b (PWD, AO)
\bibhang=\skip51
\bibsep=\skip52
LaTeX Info: Redefining \cite on input line 694.
\c@NAT@ctr=\count290
)
Class revtex4-2 Info: Repairing natbib's \BibitemShut on input line 7676.

(/usr/local/texlive/2026/texmf-dist/tex/latex/revtex/revsymb4-2.sty
Package: revsymb4-2 2022/06/05 4.2f (https://journals.aps.org/revtex/ for docum
entation)
LaTeX Info: Redefining \REV@mathfrak on input line 128.
))
(/usr/local/texlive/2026/texmf-dist/tex/latex/amsmath/amsmath.sty
Package: amsmath 2025/07/09 v2.17z AMS math features
\@mathmargin=\skip53

For additional information on amsmath, use the `?' option.
(/usr/local/texlive/2026/texmf-dist/tex/latex/amsmath/amstext.sty
Package: amstext 2024/11/17 v2.01 AMS text

(/usr/local/texlive/2026/texmf-dist/tex/latex/amsmath/amsgen.sty
File: amsgen.sty 1999/11/30 v2.0 generic functions
\@emptytoks=\toks19
\ex@=\dimen148
)
LaTeX Info: Redefining \text on input line 28.
)
(/usr/local/texlive/2026/texmf-dist/tex/latex/amsmath/amsbsy.sty
Package: amsbsy 1999/11/29 v1.2d Bold Symbols
\pmbraise@=\dimen149
)
(/usr/local/texlive/2026/texmf-dist/tex/latex/amsmath/amsopn.sty
Package: amsopn 2022/04/08 v2.04 operator names
)
\inf@bad=\count291
LaTeX Info: Redefining \frac on input line 233.
\uproot@=\count292
\leftroot@=\count293
LaTeX Info: Redefining \overline on input line 398.
LaTeX Info: Redefining \colon on input line 409.
\classnum@=\count294
\DOTSCASE@=\count295
LaTeX Info: Redefining \ldots on input line 495.
LaTeX Info: Redefining \dots on input line 498.
LaTeX Info: Redefining \cdots on input line 619.
\Mathstrutbox@=\box68
\strutbox@=\box69
LaTeX Info: Redefining \big on input line 721.
LaTeX Info: Redefining \Big on input line 722.
LaTeX Info: Redefining \bigg on input line 723.
LaTeX Info: Redefining \Bigg on input line 724.
\big@size=\dimen150
LaTeX Font Info:    Redeclaring font encoding OML on input line 742.
LaTeX Font Info:    Redeclaring font encoding OMS on input line 743.
\macc@depth=\count296
LaTeX Info: Redefining \bmod on input line 904.
LaTeX Info: Redefining \pmod on input line 909.
LaTeX Info: Redefining \smash on input line 939.
LaTeX Info: Redefining \relbar on input line 969.
LaTeX Info: Redefining \Relbar on input line 970.
\c@MaxMatrixCols=\count297
\dotsspace@=\muskip18
\c@parentequation=\count298
\dspbrk@lvl=\count299
\tag@help=\toks20
\row@=\count300
\column@=\count301
\maxfields@=\count302
\andhelp@=\toks21
\eqnshift@=\dimen151
\alignsep@=\dimen152
\tagshift@=\dimen153
\tagwidth@=\dimen154
\totwidth@=\dimen155
\lineht@=\dimen156
\@envbody=\toks22
\multlinegap=\skip54
\multlinetaggap=\skip55
\mathdisplay@stack=\toks23
LaTeX Info: Redefining \[ on input line 2950.
LaTeX Info: Redefining \] on input line 2951.
)
(/usr/local/texlive/2026/texmf-dist/tex/latex/amsfonts/amssymb.sty
Package: amssymb 2013/01/14 v3.01 AMS font symbols

(/usr/local/texlive/2026/texmf-dist/tex/latex/amsfonts/amsfonts.sty
Package: amsfonts 2013/01/14 v3.01 Basic AMSFonts support
\symAMSa=\mathgroup4
\symAMSb=\mathgroup5
LaTeX Font Info:    Redeclaring math symbol \hbar on input line 98.
LaTeX Font Info:    Overwriting math alphabet `\mathfrak' in version `bold'
(Font)                  U/euf/m/n --> U/euf/b/n on input line 106.
LaTeX Info: Redefining \frak on input line 111.
LaTeX Info: Redefining \Bbb on input line 113.
))
(/usr/local/texlive/2026/texmf-dist/tex/latex/graphics/graphicx.sty
Package: graphicx 2024/12/31 v1.2e Enhanced LaTeX Graphics (DPC,SPQR)

(/usr/local/texlive/2026/texmf-dist/tex/latex/graphics/keyval.sty
Package: keyval 2022/05/29 v1.15 key=value parser (DPC)
\KV@toks@=\toks24
)
(/usr/local/texlive/2026/texmf-dist/tex/latex/graphics/graphics.sty
Package: graphics 2024/08/06 v1.4g Standard LaTeX Graphics (DPC,SPQR)

(/usr/local/texlive/2026/texmf-dist/tex/latex/graphics/trig.sty
Package: trig 2023/12/02 v1.11 sin cos tan (DPC)
)
(/usr/local/texlive/2026/texmf-dist/tex/latex/graphics-cfg/graphics.cfg
File: graphics.cfg 2016/06/04 v1.11 sample graphics configuration
)
Package graphics Info: Driver file: pdftex.def on input line 106.

(/usr/local/texlive/2026/texmf-dist/tex/latex/graphics-def/pdftex.def
File: pdftex.def 2025/09/29 v1.2d Graphics/color driver for pdftex
))
\Gin@req@height=\dimen157
\Gin@req@width=\dimen158
)
(/usr/local/texlive/2026/texmf-dist/tex/latex/booktabs/booktabs.sty
Package: booktabs 2020/01/12 v1.61803398 Publication quality tables
\heavyrulewidth=\dimen159
\lightrulewidth=\dimen160
\cmidrulewidth=\dimen161
\belowrulesep=\dimen162
\belowbottomsep=\dimen163
\aboverulesep=\dimen164
\abovetopsep=\dimen165
\cmidrulesep=\dimen166
\cmidrulekern=\dimen167
\defaultaddspace=\dimen168
\@cmidla=\count303
\@cmidlb=\count304
\@aboverulesep=\dimen169
\@belowrulesep=\dimen170
\@thisruleclass=\count305
\@lastruleclass=\count306
\@thisrulewidth=\dimen171
)
(/usr/local/texlive/2026/texmf-dist/tex/latex/xcolor/xcolor.sty
Package: xcolor 2024/09/29 v3.02 LaTeX color extensions (UK)

(/usr/local/texlive/2026/texmf-dist/tex/latex/graphics-cfg/color.cfg
File: color.cfg 2016/01/02 v1.6 sample color configuration
)
Package xcolor Info: Driver file: pdftex.def on input line 274.

(/usr/local/texlive/2026/texmf-dist/tex/latex/graphics/mathcolor.ltx)
Package xcolor Info: Model `cmy' substituted by `cmy0' on input line 1349.
Package xcolor Info: Model `hsb' substituted by `rgb' on input line 1353.
Package xcolor Info: Model `RGB' extended on input line 1365.
Package xcolor Info: Model `HTML' substituted by `rgb' on input line 1367.
Package xcolor Info: Model `Hsb' substituted by `hsb' on input line 1368.
Package xcolor Info: Model `tHsb' substituted by `hsb' on input line 1369.
Package xcolor Info: Model `HSB' substituted by `hsb' on input line 1370.
Package xcolor Info: Model `Gray' substituted by `gray' on input line 1371.
Package xcolor Info: Model `wave' substituted by `hsb' on input line 1372.
)
(/usr/local/texlive/2026/texmf-dist/tex/latex/hyperref/hyperref.sty
Package: hyperref 2026-01-29 v7.01p Hypertext links for LaTeX

(/usr/local/texlive/2026/texmf-dist/tex/generic/iftex/iftex.sty
Package: iftex 2024/12/12 v1.0g TeX engine tests
)
(/usr/local/texlive/2026/texmf-dist/tex/latex/kvsetkeys/kvsetkeys.sty
Package: kvsetkeys 2022-10-05 v1.19 Key value parser (HO)
)
(/usr/local/texlive/2026/texmf-dist/tex/generic/kvdefinekeys/kvdefinekeys.sty
Package: kvdefinekeys 2019-12-19 v1.6 Define keys (HO)
)
(/usr/local/texlive/2026/texmf-dist/tex/generic/pdfescape/pdfescape.sty
Package: pdfescape 2019/12/09 v1.15 Implements pdfTeX's escape features (HO)

(/usr/local/texlive/2026/texmf-dist/tex/generic/ltxcmds/ltxcmds.sty
Package: ltxcmds 2023-12-04 v1.26 LaTeX kernel commands for general use (HO)
)
(/usr/local/texlive/2026/texmf-dist/tex/generic/pdftexcmds/pdftexcmds.sty
Package: pdftexcmds 2020-06-27 v0.33 Utility functions of pdfTeX for LuaTeX (HO
)

(/usr/local/texlive/2026/texmf-dist/tex/generic/infwarerr/infwarerr.sty
Package: infwarerr 2019/12/03 v1.5 Providing info/warning/error messages (HO)
)
Package pdftexcmds Info: \pdf@primitive is available.
Package pdftexcmds Info: \pdf@ifprimitive is available.
Package pdftexcmds Info: \pdfdraftmode found.
))
(/usr/local/texlive/2026/texmf-dist/tex/latex/hycolor/hycolor.sty
Package: hycolor 2020-01-27 v1.10 Color options for hyperref/bookmark (HO)
)
(/usr/local/texlive/2026/texmf-dist/tex/latex/hyperref/nameref.sty
Package: nameref 2026-01-29 v2.58 Cross-referencing by name of section

(/usr/local/texlive/2026/texmf-dist/tex/latex/refcount/refcount.sty
Package: refcount 2019/12/15 v3.6 Data extraction from label references (HO)
)
(/usr/local/texlive/2026/texmf-dist/tex/generic/gettitlestring/gettitlestring.s
ty
Package: gettitlestring 2019/12/15 v1.6 Cleanup title references (HO)
 (/usr/local/texlive/2026/texmf-dist/tex/latex/kvoptions/kvoptions.sty
Package: kvoptions 2022-06-15 v3.15 Key value format for package options (HO)
))

Package nameref Warning: The definition of \label has changed! 
(nameref)                Check your packages! 
(nameref)                Replacing it with the kernel definition on input line 
161.

\c@section@level=\count307
) (/usr/local/texlive/2026/texmf-dist/tex/latex/etoolbox/etoolbox.sty
Package: etoolbox 2025/10/02 v2.5m e-TeX tools for LaTeX (JAW)
\etb@tempcnta=\count308
)
(/usr/local/texlive/2026/texmf-dist/tex/generic/stringenc/stringenc.sty
Package: stringenc 2019/11/29 v1.12 Convert strings between diff. encodings (HO
)
)
\@linkdim=\dimen172
\Hy@linkcounter=\count309
\Hy@pagecounter=\count310

(/usr/local/texlive/2026/texmf-dist/tex/latex/hyperref/pd1enc.def
File: pd1enc.def 2026-01-29 v7.01p Hyperref: PDFDocEncoding definition (HO)
Now handling font encoding PD1 ...
... no UTF-8 mapping file for font encoding PD1
)
(/usr/local/texlive/2026/texmf-dist/tex/generic/intcalc/intcalc.sty
Package: intcalc 2019/12/15 v1.3 Expandable calculations with integers (HO)
)
\Hy@SavedSpaceFactor=\count311

(/usr/local/texlive/2026/texmf-dist/tex/latex/hyperref/puenc.def
File: puenc.def 2026-01-29 v7.01p Hyperref: PDF Unicode definition (HO)
Now handling font encoding PU ...
... no UTF-8 mapping file for font encoding PU
)
Package hyperref Info: Hyper figures OFF on input line 4201.
Package hyperref Info: Link nesting OFF on input line 4206.
Package hyperref Info: Hyper index ON on input line 4209.
Package hyperref Info: Plain pages OFF on input line 4216.
Package hyperref Info: Backreferencing OFF on input line 4221.
Package hyperref Info: Implicit mode ON; LaTeX internals redefined.
Package hyperref Info: Bookmarks ON on input line 4468.
LaTeX Info: Redefining \href on input line 4718.
\c@Hy@tempcnt=\count312
LaTeX Info: Redefining \url on input line 4807.
\XeTeXLinkMargin=\dimen173

(/usr/local/texlive/2026/texmf-dist/tex/generic/bitset/bitset.sty
Package: bitset 2019/12/09 v1.3 Handle bit-vector datatype (HO)

(/usr/local/texlive/2026/texmf-dist/tex/generic/bigintcalc/bigintcalc.sty
Package: bigintcalc 2019/12/15 v1.5 Expandable calculations on big integers (HO
)
))
\Fld@menulength=\count313
\Field@Width=\dimen174
\Fld@charsize=\dimen175
Package hyperref Info: Hyper figures OFF on input line 6084.
Package hyperref Info: Link nesting OFF on input line 6089.
Package hyperref Info: Hyper index ON on input line 6092.
Package hyperref Info: backreferencing OFF on input line 6099.
Package hyperref Info: Link coloring OFF on input line 6104.
Package hyperref Info: Link coloring with OCG OFF on input line 6109.
Package hyperref Info: PDF/A mode OFF on input line 6114.
\Hy@abspage=\count314
\c@Item=\count315
\c@Hfootnote=\count316
)
Package hyperref Info: Driver (autodetected): hpdftex.

(/usr/local/texlive/2026/texmf-dist/tex/latex/hyperref/hpdftex.def
File: hpdftex.def 2026-01-29 v7.01p Hyperref driver for pdfTeX
\Fld@listcount=\count317
\c@bookmark@seq@number=\count318

(/usr/local/texlive/2026/texmf-dist/tex/latex/rerunfilecheck/rerunfilecheck.sty
Package: rerunfilecheck 2025-06-21 v1.11 Rerun checks for auxiliary files (HO)

(/usr/local/texlive/2026/texmf-dist/tex/generic/uniquecounter/uniquecounter.sty
Package: uniquecounter 2019/12/15 v1.4 Provide unlimited unique counter (HO)
)
Package uniquecounter Info: New unique counter `rerunfilecheck' on input line 2
84.
)
\Hy@SectionHShift=\skip56
) (../../docs/counts.tex)
Class revtex4-2 Info: Unrecognized LaTeX tabular. Please update this document c
lass! (Proceeding with fingers crossed.) on input line 16.
Class revtex4-2 Info: cite was not loaded (OK!) on input line 16.
Class revtex4-2 Info: mcite was not loaded (OK!) on input line 16.
Class revtex4-2 Info: multicol was not loaded (OK!) on input line 16.

(/usr/local/texlive/2026/texmf-dist/tex/latex/l3backend/l3backend-pdftex.def
File: l3backend-pdftex.def 2025-10-09 L3 backend support: PDF output (pdfTeX)
\l__color_backend_stack_int=\count319
)
No file paper_draft.aux.
\openout1 = `paper_draft.aux'.

LaTeX Font Info:    Checking defaults for OML/cmm/m/it on input line 16.
LaTeX Font Info:    ... okay on input line 16.
LaTeX Font Info:    Checking defaults for OMS/cmsy/m/n on input line 16.
LaTeX Font Info:    ... okay on input line 16.
LaTeX Font Info:    Checking defaults for OT1/cmr/m/n on input line 16.
LaTeX Font Info:    ... okay on input line 16.
LaTeX Font Info:    Checking defaults for T1/cmr/m/n on input line 16.
LaTeX Font Info:    ... okay on input line 16.
LaTeX Font Info:    Checking defaults for TS1/cmr/m/n on input line 16.
LaTeX Font Info:    ... okay on input line 16.
LaTeX Font Info:    Checking defaults for OMX/cmex/m/n on input line 16.
LaTeX Font Info:    ... okay on input line 16.
LaTeX Font Info:    Checking defaults for U/cmr/m/n on input line 16.
LaTeX Font Info:    ... okay on input line 16.
LaTeX Font Info:    Checking defaults for PD1/pdf/m/n on input line 16.
LaTeX Font Info:    ... okay on input line 16.
LaTeX Font Info:    Checking defaults for PU/pdf/m/n on input line 16.
LaTeX Font Info:    ... okay on input line 16.
(/usr/local/texlive/2026/texmf-dist/tex/context/base/mkii/supp-pdf.mkii
[Loading MPS to PDF converter (version 2006.09.02).]
\scratchcounter=\count320
\scratchdimen=\dimen176
\scratchbox=\box70
\nofMPsegments=\count321
\nofMParguments=\count322
\everyMPshowfont=\toks25
\MPscratchCnt=\count323
\MPscratchDim=\dimen177
\MPnumerator=\count324
\makeMPintoPDFobject=\count325
\everyMPtoPDFconversion=\toks26
) (/usr/local/texlive/2026/texmf-dist/tex/latex/epstopdf-pkg/epstopdf-base.sty
Package: epstopdf-base 2020-01-24 v2.11 Base part for package epstopdf
Package epstopdf-base Info: Redefining graphics rule for `.eps' on input line 4
85.

(/usr/local/texlive/2026/texmf-dist/tex/latex/latexconfig/epstopdf-sys.cfg
File: epstopdf-sys.cfg 2010/07/13 v1.3 Configuration of (r)epstopdf for TeX Liv
e
))
Package hyperref Info: Link coloring OFF on input line 16.
\@outlinefile=\write4
\openout4 = `paper_draft.out'.

Class revtex4-2 Info: Taking \maketitle back from hyperref on input line 16.
\openout3 = `paper_draftNotes.bib'.

LaTeX Font Info:    Trying to load font information for U+msa on input line 32.


(/usr/local/texlive/2026/texmf-dist/tex/latex/amsfonts/umsa.fd
File: umsa.fd 2013/01/14 v3.01 AMS symbols A
)
LaTeX Font Info:    Trying to load font information for U+msb on input line 32.


(/usr/local/texlive/2026/texmf-dist/tex/latex/amsfonts/umsb.fd
File: umsb.fd 2013/01/14 v3.01 AMS symbols B
)
Underfull \hbox (badness 4556) in paragraph at lines 27--59
 [][][][]\OT1/cmr/m/n/9 We for-mal-ize the Hayden--Preskill (2007, arXiv:0708.4
025) information-recovery pro-to- 
 []


Underfull \hbox (badness 3386) in paragraph at lines 27--59
 \OT1/cmr/m/n/9 col on the modular-tensor-category hori-zon sub-strate es-tab-l
ished in Phase 6a Wave 3 
 []


Underfull \hbox (badness 2443) in paragraph at lines 27--59
 \OT1/cmr/m/n/9 ([][]\OT1/cmtt/m/n/9 BHEntropyMicroscopic.lean[]\OT1/cmr/m/n/9 
). Two struc-tural ob-serv-ables ship on top of the ex-ist-ing 
 []


Underfull \hbox (badness 1558) in paragraph at lines 27--59
 \OT1/cmr/m/n/9 Fi-bonacci sub-strate is the con-crete wit-ness ($\OML/cmm/m/it
/9 d[] \OT1/cmr/m/n/9 = [] \OML/cmm/m/it/9 ' \OMS/cmsy/m/n/9 ^^Y \OT1/cmr/m/n/9
 0\OML/cmm/m/it/9 :\OT1/cmr/m/n/9 481 \OML/cmm/m/it/9 < [] \OT1/cmr/m/n/9 2$), 
with the 
 []


Underfull \hbox (badness 10000) in paragraph at lines 66--75
[]\OT1/cmr/m/n/10 The Phase 6a Wave 3 mod-ule
 []


Underfull \hbox (badness 2828) in paragraph at lines 66--75
[]\OT1/cmr/m/n/10 struc-ture as the ab-stract MTC-categorical hori-zon
 []


Underfull \hbox (badness 1755) in paragraph at lines 66--75
\OT1/cmr/m/n/10 bound-ary con-di-tion for emer-gent grav-ity: a fi-nite
 []


Underfull \hbox (badness 1102) in paragraph at lines 92--98
\OT1/cmr/m/n/10 augmenting the W3 sub-strate with a sin-gle \OT1/cmr/m/it/10 en
-cod-
 []


Underfull \hbox (badness 1533) in paragraph at lines 92--98
\OT1/cmr/m/n/10 en-coded log-i-cal qubit. The MTC-categorical data
 []


Underfull \hbox (badness 1270) in paragraph at lines 92--98
\OT1/cmr/m/n/10 ($\OML/cmm/m/it/10 S$\OT1/cmr/m/n/10 , $\OML/cmm/m/it/10 T$ \OT
1/cmr/m/n/10 mod-u-lar ma-tri-ces; $\OML/cmm/m/it/10 F$\OT1/cmr/m/n/10 , $\OML/
cmm/m/it/10 R$ \OT1/cmr/m/n/10 braided data) are
 []


Underfull \hbox (badness 1762) in paragraph at lines 92--98
\OT1/cmr/m/n/10 live in the W3 [][]\OT1/cmtt/m/n/10 fibonacciHorizonBC []\OT1/c
mr/m/n/10 and the W4
 []

[1{/usr/local/texlive/2026/texmf-var/fonts/map/pdftex/updmap/pdftex.map}{/usr/l
ocal/texlive/2026/texmf-dist/fonts/enc/dvips/cm-super/cm-super-ts1.enc}]
Underfull \hbox (badness 1635) in paragraph at lines 155--167
\OT1/cmr/m/n/10 where $\OML/cmm/m/it/10 B$ \OT1/cmr/m/n/10 is the boundary-radi
ation en-tropy. The
 []


Underfull \hbox (badness 2538) in paragraph at lines 155--167
\OT1/cmr/m/n/10 sub-stan-tive con-tent is the Page-time-like thresh-old
 []


Underfull \hbox (badness 1701) in paragraph at lines 155--167
\OML/cmm/m/it/10 B \OMS/cmsy/m/n/10 ^^U [] \OML/cmm/m/it/10 d[]$ \OT1/cmr/m/n/1
0 as the nec-es-sary en-tropy for re-
 []


Underfull \hbox (badness 6380) in paragraph at lines 155--167
\OT1/cmr/m/n/10 cov-ery on the MTC sub-strate. The the-o-rem
 []


Underfull \hbox (badness 5077) in paragraph at lines 155--167
[][]\OT1/cmtt/m/n/10 recovery_at_scrambling_bound []\OT1/cmr/m/n/10 proves re-c
ov-ery is
 []

<figures/fig_code_distance_vs_fusion_spectrum.png, id=34, 2609.75pt x 1124.2pt>

File: figures/fig_code_distance_vs_fusion_spectrum.png Graphic file (type png)
<use figures/fig_code_distance_vs_fusion_spectrum.png>
Package pdftex.def Info: figures/fig_code_distance_vs_fusion_spectrum.png  used
 on input line 173.
(pdftex.def)             Requested size: 469.19907pt x 202.10712pt.

Underfull \hbox (badness 10000) in paragraph at lines 193--202
[]\OT1/cmr/m/n/10 The Fi-bonacci sub-strate is the con-
 []


Underfull \hbox (badness 10000) in paragraph at lines 193--202
\OT1/cmr/m/n/10 crete wit-ness. The Phase 6a W3 the-o-rem
 []


Underfull \hbox (badness 10000) in paragraph at lines 193--202
[][]\OT1/cmtt/m/n/10 fibonacci_horizon_areaLawKappa_pos []\OT1/cmr/m/n/10 (whic
h
 []


Underfull \hbox (badness 2990) in paragraph at lines 193--202
\OT1/cmr/m/n/10 es-tab-lishes $0 \OML/cmm/m/it/10 < [] '$ \OT1/cmr/m/n/10 via $
[] \OML/cmm/m/it/10 > \OT1/cmr/m/n/10 1$) is reused
 []


Underfull \hbox (badness 10000) in paragraph at lines 193--202
\OT1/cmr/m/n/10 di-rectly via the W4 correctness-push to ship
 []


Underfull \hbox (badness 10000) in paragraph at lines 193--202
[][]\OT1/cmtt/m/n/10 fibonacci_HPCode_scramblingTimeBound_pos[]\OT1/cmr/m/n/10 
.
 []


Underfull \hbox (badness 10000) in paragraph at lines 193--202
\OT1/cmr/m/n/10 The W4-specific quan-ti-ta-tive bound
 []


Underfull \hbox (badness 2837) in paragraph at lines 193--202
[][]\OT1/cmtt/m/n/10 fibonacci_HPCode_codeDistance_lt_log_two []\OT1/cmr/m/n/10
 proves
 []


Underfull \hbox (badness 10000) in paragraph at lines 203--207
[]\OT1/cmr/m/n/10 The trivial-abelian fal-si-fier
 []


Underfull \hbox (badness 10000) in paragraph at lines 203--207
[][]\OT1/cmtt/m/n/10 trivialAbelian_violates_admissibility []\OT1/cmr/m/n/10 di
s-poses
 []


Underfull \hbox (badness 10000) in paragraph at lines 211--219
[]\OT1/cmr/m/n/10 The sub-stan-tive cross-bridge
 []


Underfull \hbox (badness 10000) in paragraph at lines 211--219
[][]\OT1/cmtt/m/n/10 horizon_BC_implies_HP_admissible []\OT1/cmr/m/n/10 takes a

 []


Underfull \hbox (badness 10000) in paragraph at lines 211--219
\OT1/cmr/m/n/10 hy-poth-e-sis in-stance of the W3 tracked-Prop
 []


Underfull \hbox (badness 4686) in paragraph at lines 211--219
[][]\OT1/cmtt/m/n/10 H_HorizonBoundaryCondition H S_horizon []\OT1/cmr/m/n/10 a
nd re-
 []


Underfull \hbox (badness 4156) in paragraph at lines 225--228
 \OT1/cmr/m/n/10 ax-ioms (ver-i-fied [][]\OT1/cmtt/m/n/10 propext[]\OT1/cmr/m/n
/10 , [][]\OT1/cmtt/m/n/10 Classical.choice[]\OT1/cmr/m/n/10 ,
 []


Underfull \hbox (badness 10000) in paragraph at lines 228--231
 []\OT1/cmr/m/n/10 Python mir-ror [][]\OT1/cmtt/m/n/10 src/qec_holography/ []\O
T1/cmr/m/n/10 with
 []


Underfull \hbox (badness 6316) in paragraph at lines 228--231
 [][]\OT1/cmtt/m/n/10 MTCSpectrum []\OT1/cmr/m/n/10 dat-a-class + [][]\OT1/cmtt
/m/n/10 code_distance []\OT1/cmr/m/n/10 +
 []


Underfull \hbox (badness 10000) in paragraph at lines 232--234
 []\OT1/cmr/m/n/10 the nu-mer-i-cal fig-ure
 []


Underfull \hbox (badness 3168) in paragraph at lines 232--234
 [][]\OT1/cmtt/m/n/10 fig_code_distance_vs_fusion_spectrum []\OT1/cmr/m/n/10 sp
an-
 []


Underfull \hbox (badness 10000) in paragraph at lines 234--236
 []\OT1/cmr/m/n/10 a sub-stan-tive cross-bridge to W3
 []


Underfull \hbox (badness 10000) in paragraph at lines 234--236
 [][]\OT1/cmtt/m/n/10 BHEntropyMicroscopic []\OT1/cmr/m/n/10 in-vok-ing
 []


Underfull \hbox (badness 7832) in paragraph at lines 239--245
 []\OT1/cmr/m/it/10 Discipline met-ric.[] \OT1/cmr/m/n/10 First-pass cost: $1$ 
retroac-
 []


Underfull \hbox (badness 10000) in paragraph at lines 239--245
\OT1/cmr/m/n/10 tive the-o-rem ($[]$
 []


Underfull \hbox (badness 10000) in paragraph at lines 239--245
\OT1/cmr/m/n/10 iden-tity wrap-per, re-placed with the sub-stan-tive
 []


Underfull \hbox (badness 10000) in paragraph at lines 247--251
 []\OT1/cmr/m/it/10 Phase 6c sta-tus post-W4.[] \OT1/cmr/m/n/10 Track A Wave 1
 []


Underfull \hbox (badness 7256) in paragraph at lines 247--251
\OT1/cmr/m/n/10 (\OT1/cmtt/m/n/10 StrongCPTopologicalDE\OT1/cmr/m/n/10 ) and Tr
ack B Wave 3
 []


LaTeX Warning: Reference `LastBibItem' on page 2 undefined on input line 252.

[2]
Underfull \hbox (badness 1509) in paragraph at lines 276--279
 []\OT1/cmr/m/n/9 A. Yu. Ki-taev, \OT1/cmr/m/it/9 Fault-tolerant quan-tum com-p
u-ta-tion
 []


Overfull \hbox (28.58072pt too wide) in paragraph at lines 286--288
 []\OT1/cmr/m/it/9 Lean mod-ule [][]\OT1/cmtt/m/n/9 lean/SKEFTHawking/BHEntropy
Microscopic.lean
 []


Underfull \hbox (badness 1466) in paragraph at lines 290--292
 []\OT1/cmr/m/it/9 Lean mod-ule [][]\OT1/cmtt/m/n/9 lean/SKEFTHawking/Fibonacci
MTC.lean
 []


Overfull \hbox (1.41331pt too wide) in paragraph at lines 294--296
 []\OT1/cmr/m/it/9 Phase 6c Roadmap [][]\OT1/cmtt/m/n/9 docs/roadmaps/Phase6c_R
oadmap.md
 []

No file paper_draft.bbl.
[3 <./figures/fig_code_distance_vs_fusion_spectrum.png>] (./paper_draft.aux

Package natbib Warning: Citation(s) may have changed.
(natbib)                Rerun to get citations correct.

)
 ***********
LaTeX2e <2025-11-01>
L3 programming layer <2026-01-19>
 ***********


LaTeX Warning: There were undefined references.


LaTeX Warning: Label(s) may have changed. Rerun to get cross-references right.


Package rerunfilecheck Warning: File `paper_draft.out' has changed.
(rerunfilecheck)                Rerun to get outlines right
(rerunfilecheck)                or use package `bookmark'.

Package rerunfilecheck Info: Checksums for `paper_draft.out':
(rerunfilecheck)             Before: <no file>
(rerunfilecheck)             After:  59376F7E0DFA543CF08B53021CC31F30;2714.
 ) 
Here is how much of TeX's memory you used:
 12197 strings out of 467525
 181073 string characters out of 5418982
 637814 words of memory out of 5000000
 40946 multiletter control sequences out of 15000+600000
 635945 words of font info for 73 fonts, out of 8000000 for 9000
 1141 hyphenation exceptions out of 8191
 75i,9n,79p,1035b,579s stack positions out of 10000i,1000n,20000p,200000b,200000s
</usr/local/texlive/2026/texmf-dist/fonts/type1/public/amsfonts/cm/cmbx10.pfb
></usr/local/texlive/2026/texmf-dist/fonts/type1/public/amsfonts/cm/cmbx12.pfb>
</usr/local/texlive/2026/texmf-dist/fonts/type1/public/amsfonts/cm/cmbx9.pfb></
usr/local/texlive/2026/texmf-dist/fonts/type1/public/amsfonts/cm/cmex10.pfb></u
sr/local/texlive/2026/texmf-dist/fonts/type1/public/amsfonts/cmextra/cmex9.pfb>
</usr/local/texlive/2026/texmf-dist/fonts/type1/public/amsfonts/cm/cmmi10.pfb><
/usr/local/texlive/2026/texmf-dist/fonts/type1/public/amsfonts/cm/cmmi6.pfb></u
sr/local/texlive/2026/texmf-dist/fonts/type1/public/amsfonts/cm/cmmi7.pfb></usr
/local/texlive/2026/texmf-dist/fonts/type1/public/amsfonts/cm/cmmi9.pfb></usr/l
ocal/texlive/2026/texmf-dist/fonts/type1/public/amsfonts/cm/cmr10.pfb></usr/loc
al/texlive/2026/texmf-dist/fonts/type1/public/amsfonts/cm/cmr6.pfb></usr/local/
texlive/2026/texmf-dist/fonts/type1/public/amsfonts/cm/cmr7.pfb></usr/local/tex
live/2026/texmf-dist/fonts/type1/public/amsfonts/cm/cmr9.pfb></usr/local/texliv
e/2026/texmf-dist/fonts/type1/public/amsfonts/cm/cmsy10.pfb></usr/local/texlive
/2026/texmf-dist/fonts/type1/public/amsfonts/cm/cmsy9.pfb></usr/local/texlive/2
026/texmf-dist/fonts/type1/public/amsfonts/cm/cmti10.pfb></usr/local/texlive/20
26/texmf-dist/fonts/type1/public/amsfonts/cm/cmti9.pfb></usr/local/texlive/2026
/texmf-dist/fonts/type1/public/amsfonts/cm/cmtt10.pfb></usr/local/texlive/2026/
texmf-dist/fonts/type1/public/amsfonts/cm/cmtt9.pfb></usr/local/texlive/2026/te
xmf-dist/fonts/type1/public/cm-super/sfrm0900.pfb></usr/local/texlive/2026/texm
f-dist/fonts/type1/public/cm-super/sfrm1000.pfb>
Output written on paper_draft.pdf (3 pages, 393137 bytes).
PDF statistics:
 161 PDF objects out of 1000 (max. 8388607)
 110 compressed objects within 2 object streams
 29 named destinations out of 1000 (max. 500000)
 6 words of extra memory for PDF output out of 10000 (max. 10000000)

