\BOOKMARK [1][-]{section.1}{\376\377\000I\000n\000t\000r\000o\000d\000u\000c\000t\000i\000o\000n}{}% 1
\BOOKMARK [1][-]{section.2}{\376\377\000B\000a\000c\000k\000g\000r\000o\000u\000n\000d\000:\000\040\000M\000o\000d\000u\000l\000a\000r\000\040\000T\000e\000n\000s\000o\000r\000\040\000C\000a\000t\000e\000g\000o\000r\000i\000e\000s}{}% 2
\BOOKMARK [1][-]{section.3}{\376\377\000L\000e\000a\000n\000\040\0004\000\040\000F\000o\000r\000m\000a\000l\000i\000z\000a\000t\000i\000o\000n\000\040\000A\000r\000c\000h\000i\000t\000e\000c\000t\000u\000r\000e}{}% 3
\BOOKMARK [1][-]{section.4}{\376\377\000D\000e\000c\000i\000d\000a\000b\000l\000e\000\040\000N\000u\000m\000b\000e\000r\000\040\000F\000i\000e\000l\000d\000s\000\040\000f\000o\000r\000\040\000A\000l\000g\000e\000b\000r\000a\000i\000c\000\040\000V\000e\000r\000i\000f\000i\000c\000a\000t\000i\000o\000n}{}% 4
\BOOKMARK [1][-]{section.5}{\376\377\000V\000e\000r\000i\000f\000i\000e\000d\000\040\000M\000T\000C\000\040\000I\000n\000s\000t\000a\000n\000c\000e\000s}{}% 5
\BOOKMARK [2][-]{subsection.5.1}{\376\377\000I\000s\000i\000n\000g\000\040\000M\000T\000C\000\040\000\050\000S\000U\000\050\0002\000\051\0002\000\051}{section.5}% 6
\BOOKMARK [2][-]{subsection.5.2}{\376\377\000F\000i\000b\000o\000n\000a\000c\000c\000i\000\040\000M\000T\000C}{section.5}% 7
\BOOKMARK [2][-]{subsection.5.3}{\376\377\000S\000U\000\050\0002\000\051\000k\000\040\000a\000t\000\040\000H\000i\000g\000h\000e\000r\000\040\000L\000e\000v\000e\000l\000s}{section.5}% 8
\BOOKMARK [1][-]{section.6}{\376\377\000K\000n\000o\000t\000\040\000I\000n\000v\000a\000r\000i\000a\000n\000t\000s\000\040\000f\000r\000o\000m\000\040\000C\000a\000t\000e\000g\000o\000r\000i\000c\000a\000l\000\040\000D\000a\000t\000a}{}% 9
\BOOKMARK [1][-]{section.7}{\376\377\000T\000Q\000F\000T\000\040\000P\000a\000r\000t\000i\000t\000i\000o\000n\000\040\000F\000u\000n\000c\000t\000i\000o\000n\000s}{}% 10
\BOOKMARK [1][-]{section.8}{\376\377\000S\000U\000\050\0003\000\051\000k\000\040\000F\000u\000s\000i\000o\000n\000\040\000C\000a\000t\000e\000g\000o\000r\000i\000e\000s}{}% 11
\BOOKMARK [1][-]{section.9}{\376\377\000M\000\374\000g\000e\000r\000\040\000C\000e\000n\000t\000e\000r\000,\000\040\000F\000P\000d\000i\000m\000,\000\040\000a\000n\000d\000\040\000D\000r\000i\000n\000f\000e\000l\000d\000-\000C\000e\000n\000t\000e\000r\000\040\000D\000i\000m\000e\000n\000s\000i\000o\000n\000\040\000F\000o\000r\000m\000u\000l\000a}{}% 12
\BOOKMARK [2][-]{subsection.9.1}{\376\377\000M\000\374\000g\000e\000r\000\040\000c\000e\000n\000t\000e\000r\000\040\000a\000s\000\040\000a\000\040\000s\000y\000m\000m\000e\000t\000r\000i\000c\000\040\000m\000o\000n\000o\000i\000d\000a\000l\000\040\000f\000u\000l\000l\000\040\000s\000u\000b\000c\000a\000t\000e\000g\000o\000r\000y}{section.9}% 13
\BOOKMARK [2][-]{subsection.9.2}{\376\377\000D\000i\000r\000e\000c\000t\000i\000o\000n\000\040\0001\000\040\000o\000f\000\040\000t\000h\000e\000\040\000M\000\374\000g\000e\000r\000\040\000e\000q\000u\000i\000v\000a\000l\000e\000n\000c\000e\000\040\000\050\000d\000e\000t\000\040\000S\000\040\000=\0000\000\040\000Z\0002\000\040\000=\000\040\000V\000e\000c\000\051}{section.9}% 14
\BOOKMARK [2][-]{subsection.9.3}{\376\377\000F\000r\000o\000b\000e\000n\000i\000u\000s\000-\000P\000e\000r\000r\000o\000n\000\040\000d\000i\000m\000e\000n\000s\000i\000o\000n\000s\000\040\000v\000i\000a\000\040\000e\000i\000g\000e\000n\000v\000e\000c\000t\000o\000r\000\040\000c\000e\000r\000t\000i\000f\000i\000c\000a\000t\000e\000s}{section.9}% 15
\BOOKMARK [2][-]{subsection.9.4}{\376\377\000D\000r\000i\000n\000f\000e\000l\000d\000-\000c\000e\000n\000t\000e\000r\000\040\000d\000i\000m\000e\000n\000s\000i\000o\000n\000\040\000f\000o\000r\000m\000u\000l\000a\000\040\000D\0002\000\050\000Z\000\050\000C\000\051\000\051\000\040\000=\000\040\000D\0002\000\050\000C\000\051\0002}{section.9}% 16
\BOOKMARK [1][-]{section.10}{\376\377\000T\000e\000m\000p\000e\000r\000l\000e\000y\000-\000L\000i\000e\000b\000\040\000A\000l\000g\000e\000b\000r\000a\000\040\000a\000n\000d\000\040\000J\000o\000n\000e\000s\000-\000W\000e\000n\000z\000l\000\040\000I\000d\000e\000m\000p\000o\000t\000e\000n\000t\000s}{}% 17
\BOOKMARK [2][-]{subsection.10.1}{\376\377\000S\000u\000r\000g\000e\000r\000y\000\040\000p\000r\000e\000s\000e\000n\000t\000a\000t\000i\000o\000n\000s\000\040\000a\000n\000d\000\040\000t\000h\000e\000\040\000W\000R\000T\000\040\000i\000n\000v\000a\000r\000i\000a\000n\000t}{section.10}% 18
\BOOKMARK [2][-]{subsection.10.2}{\376\377\000K\000i\000r\000b\000y\000\040\000m\000o\000v\000e\000s}{section.10}% 19
\BOOKMARK [2][-]{subsection.10.3}{\376\377\000A\000n\000y\000o\000n\000i\000c\000\040\000b\000r\000a\000i\000d\000i\000n\000g\000\040\000g\000a\000t\000e\000s\000\040\000f\000r\000o\000m\000\040\000v\000e\000r\000i\000f\000i\000e\000d\000\040\000M\000T\000C\000\040\000d\000a\000t\000a}{section.10}% 20
\BOOKMARK [2][-]{subsection.10.4}{\376\377\000T\000h\000e\000\040\000n\000u\000m\000b\000e\000r\000\040\000f\000i\000e\000l\000d\000\040\000K\000\040\000=\000\040\000Q\000\050\0005\000,\000\040\000\051}{section.10}% 21
\BOOKMARK [2][-]{subsection.10.5}{\376\377\000Q\000u\000t\000r\000i\000t\000\040\000b\000r\000a\000i\000d\000i\000n\000g\000\040\000a\000n\000d\000\040\000S\000U\000\050\0003\000\051\000\040\000u\000n\000i\000v\000e\000r\000s\000a\000l\000i\000t\000y}{section.10}% 22
\BOOKMARK [2][-]{subsection.10.6}{\376\377\000S\000e\000l\000f\000-\000c\000o\000n\000t\000a\000i\000n\000e\000d\000\040\000u\000n\000i\000v\000e\000r\000s\000a\000l\000i\000t\000y\000\040\000p\000r\000o\000o\000f\000\040\000v\000i\000a\000\040\000L\000i\000e\000\040\000a\000l\000g\000e\000b\000r\000a\000\040\000s\000p\000a\000n\000n\000i\000n\000g}{section.10}% 23
\BOOKMARK [1][-]{section.11}{\376\377\000D\000i\000s\000c\000u\000s\000s\000i\000o\000n}{}% 24
\BOOKMARK [1][-]{section.12}{\376\377\000R\000e\000l\000a\000t\000e\000d\000\040\000W\000o\000r\000k}{}% 25
\BOOKMARK [1][-]{section.13}{\376\377\000C\000o\000n\000c\000l\000u\000s\000i\000o\000n}{}% 26
